2020-12-01 14:28:31.118711	9586	started experiment AL1_20_12_1
2020-12-01 14:28:31.119172	9587	closing door 0
2020-12-01 14:28:31.379690	9588	door 0 closed
2020-12-01 14:28:31.380403	9589	closing door 1
2020-12-01 14:28:31.821152	9590	door 1 closed
2020-12-01 14:28:31.821926	9591	closing door 2
2020-12-01 14:28:31.997869	9592	door 2 closed
2020-12-01 14:28:31.998541	9593	closing door 3
2020-12-01 14:28:32.196929	9594	door 3 closed
2020-12-01 14:28:36.958805	9595	feeder 1 reached (224)
2020-12-01 14:28:36.959447	9596	closing door 1
2020-12-01 14:28:37.053144	9597	door 1 closed
2020-12-01 14:28:37.053754	9598	opening door 2
2020-12-01 14:28:37.756155	9599	door 2 opened
2020-12-01 14:28:37.756830	9600	closing door 0
2020-12-01 14:28:38.355105	9601	door 0 closed
2020-12-01 14:28:38.355875	9602	opening door 3
2020-12-01 14:28:39.120523	9603	door 3 opened
2020-12-01 14:28:55.710726	9604	feeder 2 reached (217)
2020-12-01 14:28:55.711428	9605	closing door 3
2020-12-01 14:28:56.392755	9606	door 3 closed
2020-12-01 14:28:56.393457	9607	opening door 0
2020-12-01 14:28:57.097923	9608	door 0 opened
2020-12-01 14:28:57.098607	9609	closing door 2
2020-12-01 14:28:58.218354	9610	door 2 closed
2020-12-01 14:28:58.219014	9611	opening door 1
2020-12-01 14:28:58.947628	9612	door 1 opened
2020-12-01 14:29:40.447183	9613	feeder 1 reached (225)
2020-12-01 14:29:40.447911	9614	closing door 1
2020-12-01 14:29:41.028675	9615	door 1 closed
2020-12-01 14:29:41.029388	9616	opening door 2
2020-12-01 14:29:41.741912	9617	door 2 opened
2020-12-01 14:29:41.742623	9618	closing door 0
2020-12-01 14:29:42.890150	9619	door 0 closed
2020-12-01 14:29:42.890819	9620	opening door 3
2020-12-01 14:29:43.649340	9621	door 3 opened
2020-12-01 14:29:56.012885	9622	feeder 2 reached (218)
2020-12-01 14:29:56.013598	9623	closing door 3
2020-12-01 14:29:56.696446	9624	door 3 closed
2020-12-01 14:29:56.697115	9625	opening door 0
2020-12-01 14:29:57.422948	9626	door 0 opened
2020-12-01 14:29:57.423608	9627	closing door 2
2020-12-01 14:29:58.446191	9628	door 2 closed
2020-12-01 14:29:58.446864	9629	opening door 1
2020-12-01 14:29:59.167243	9630	door 1 opened
2020-12-01 14:30:26.756555	9631	feeder 1 reached (226)
2020-12-01 14:30:26.757221	9632	closing door 1
2020-12-01 14:30:27.348725	9633	door 1 closed
2020-12-01 14:30:27.349620	9634	opening door 2
2020-12-01 14:30:28.039178	9635	door 2 opened
2020-12-01 14:30:28.039907	9636	closing door 0
2020-12-01 14:30:29.165077	9637	door 0 closed
2020-12-01 14:30:29.165687	9638	opening door 3
2020-12-01 14:30:29.909489	9639	door 3 opened
2020-12-01 14:30:54.051713	9640	feeder 2 reached (219)
2020-12-01 14:30:54.052398	9641	closing door 3
2020-12-01 14:30:54.757589	9642	door 3 closed
2020-12-01 14:30:54.758307	9643	opening door 0
2020-12-01 14:30:55.502524	9644	door 0 opened
2020-12-01 14:30:55.503452	9645	closing door 2
2020-12-01 14:30:56.599658	9646	door 2 closed
2020-12-01 14:30:56.600492	9647	opening door 1
2020-12-01 14:30:57.317776	9648	door 1 opened
2020-12-01 14:31:12.364566	9649	feeder 1 reached (227)
2020-12-01 14:31:12.364939	9650	closing door 1
2020-12-01 14:31:12.957742	9651	door 1 closed
2020-12-01 14:31:12.958192	9652	opening door 2
2020-12-01 14:31:13.654637	9653	door 2 opened
2020-12-01 14:31:13.655288	9654	closing door 0
2020-12-01 14:31:14.619074	9655	door 0 closed
2020-12-01 14:31:14.619688	9656	opening door 3
2020-12-01 14:31:15.349894	9657	door 3 opened
2020-12-01 14:31:56.861748	9658	feeder 2 reached (220)
2020-12-01 14:31:56.862416	9659	closing door 3
2020-12-01 14:31:57.554310	9660	door 3 closed
2020-12-01 14:31:57.554786	9661	opening door 0
2020-12-01 14:31:58.272341	9662	door 0 opened
2020-12-01 14:31:58.273127	9663	closing door 2
2020-12-01 14:31:59.279875	9664	door 2 closed
2020-12-01 14:31:59.280665	9665	opening door 1
2020-12-01 14:32:00.007883	9666	door 1 opened
2020-12-01 14:32:38.406010	9667	feeder 1 reached (228)
2020-12-01 14:32:38.406683	9668	closing door 1
2020-12-01 14:32:39.027259	9669	door 1 closed
2020-12-01 14:32:39.027974	9670	opening door 2
2020-12-01 14:32:39.730356	9671	door 2 opened
2020-12-01 14:32:39.731081	9672	closing door 0
2020-12-01 14:32:40.654245	9673	door 0 closed
2020-12-01 14:32:40.654718	9674	opening door 3
2020-12-01 14:32:41.373311	9675	door 3 opened
2020-12-01 14:33:08.437107	9676	feeder 2 reached (221)
2020-12-01 14:33:08.437964	9677	closing door 3
2020-12-01 14:33:09.135481	9678	door 3 closed
2020-12-01 14:33:09.136407	9679	opening door 0
2020-12-01 14:33:09.869916	9680	door 0 opened
2020-12-01 14:33:09.870619	9681	closing door 2
2020-12-01 14:33:10.979481	9682	door 2 closed
2020-12-01 14:33:10.980201	9683	opening door 1
2020-12-01 14:33:11.696777	9684	door 1 opened
2020-12-01 14:33:41.473567	9685	feeder 1 reached (229)
2020-12-01 14:33:41.474223	9686	closing door 1
2020-12-01 14:33:42.065150	9687	door 1 closed
2020-12-01 14:33:42.065721	9688	opening door 2
2020-12-01 14:33:42.754798	9689	door 2 opened
2020-12-01 14:33:42.755443	9690	closing door 0
2020-12-01 14:33:43.740627	9691	door 0 closed
2020-12-01 14:33:43.741332	9692	opening door 3
2020-12-01 14:33:44.484885	9693	door 3 opened
2020-12-01 14:34:03.360144	9694	feeder 2 reached (222)
2020-12-01 14:34:03.360531	9695	closing door 3
2020-12-01 14:34:04.051899	9696	door 3 closed
2020-12-01 14:34:04.052971	9697	opening door 0
2020-12-01 14:34:04.781176	9698	door 0 opened
2020-12-01 14:34:04.781850	9699	closing door 2
2020-12-01 14:34:05.849138	9700	door 2 closed
2020-12-01 14:34:05.849520	9701	opening door 1
2020-12-01 14:34:06.555860	9702	door 1 opened
2020-12-01 14:34:16.704824	9703	feeder 1 reached (230)
2020-12-01 14:34:16.705414	9704	closing door 1
2020-12-01 14:34:17.300659	9705	door 1 closed
2020-12-01 14:34:17.301393	9706	opening door 2
2020-12-01 14:34:18.020324	9707	door 2 opened
2020-12-01 14:34:18.021145	9708	closing door 0
2020-12-01 14:34:18.956973	9709	door 0 closed
2020-12-01 14:34:18.957762	9710	opening door 3
2020-12-01 14:34:19.700547	9711	door 3 opened
2020-12-01 14:35:14.423936	9712	feeder 2 reached (223)
2020-12-01 14:35:14.424642	9713	closing door 3
2020-12-01 14:35:15.125480	9714	door 3 closed
2020-12-01 14:35:15.126073	9715	opening door 0
2020-12-01 14:35:15.885957	9716	door 0 opened
2020-12-01 14:35:15.886963	9717	closing door 2
2020-12-01 14:35:16.703553	9718	door 2 closed
2020-12-01 14:35:16.704240	9719	opening door 1
2020-12-01 14:35:17.421395	9720	door 1 opened
2020-12-01 14:35:45.410536	9721	feeder 1 reached (231)
2020-12-01 14:35:45.411319	9722	closing door 1
2020-12-01 14:35:46.014287	9723	door 1 closed
2020-12-01 14:35:46.015013	9724	opening door 2
2020-12-01 14:35:46.758941	9725	door 2 opened
2020-12-01 14:35:46.759605	9726	closing door 0
2020-12-01 14:35:47.857546	9727	door 0 closed
2020-12-01 14:35:47.858248	9728	opening door 3
2020-12-01 14:35:48.607299	9729	door 3 opened
2020-12-01 14:36:37.823040	9730	feeder 2 reached (224)
2020-12-01 14:36:37.823775	9731	closing door 3
2020-12-01 14:36:38.521709	9732	door 3 closed
2020-12-01 14:36:38.522356	9733	opening door 0
2020-12-01 14:36:39.246211	9734	door 0 opened
2020-12-01 14:36:39.246813	9735	closing door 2
2020-12-01 14:36:40.290144	9736	door 2 closed
2020-12-01 14:36:40.291319	9737	opening door 1
2020-12-01 14:36:41.009881	9738	door 1 opened
2020-12-01 14:36:51.811446	9739	feeder 1 reached (232)
2020-12-01 14:36:51.812054	9740	closing door 1
2020-12-01 14:36:52.404017	9741	door 1 closed
2020-12-01 14:36:52.404997	9742	opening door 2
2020-12-01 14:36:53.113221	9743	door 2 opened
2020-12-01 14:36:53.113916	9744	closing door 0
2020-12-01 14:36:54.201494	9745	door 0 closed
2020-12-01 14:36:54.202173	9746	opening door 3
2020-12-01 14:36:54.945201	9747	door 3 opened
2020-12-01 14:38:20.242978	9748	feeder 2 reached (225)
2020-12-01 14:38:20.244038	9749	closing door 3
2020-12-01 14:38:20.948391	9750	door 3 closed
2020-12-01 14:38:20.948825	9751	opening door 0
2020-12-01 14:38:21.700329	9752	door 0 opened
2020-12-01 14:38:21.700885	9753	closing door 2
2020-12-01 14:38:22.660471	9754	door 2 closed
2020-12-01 14:38:22.661139	9755	opening door 1
2020-12-01 14:38:23.371388	9756	door 1 opened
2020-12-01 14:38:36.598687	9757	feeder 1 reached (233)
2020-12-01 14:38:36.599169	9758	closing door 1
2020-12-01 14:38:37.201139	9759	door 1 closed
2020-12-01 14:38:37.201816	9760	opening door 2
2020-12-01 14:38:37.910770	9761	door 2 opened
2020-12-01 14:38:37.911533	9762	closing door 0
2020-12-01 14:38:39.054080	9763	door 0 closed
2020-12-01 14:38:39.054620	9764	opening door 3
2020-12-01 14:38:39.800966	9765	door 3 opened
2020-12-01 14:39:04.921409	9766	feeder 2 reached (226)
2020-12-01 14:39:04.922054	9767	closing door 3
2020-12-01 14:39:05.615483	9768	door 3 closed
2020-12-01 14:39:05.616111	9769	opening door 0
2020-12-01 14:39:06.360129	9770	door 0 opened
2020-12-01 14:39:06.360810	9771	closing door 2
2020-12-01 14:39:07.320065	9772	door 2 closed
2020-12-01 14:39:07.320789	9773	opening door 1
2020-12-01 14:39:08.048102	9774	door 1 opened
2020-12-01 14:39:49.195158	9775	feeder 1 reached (234)
2020-12-01 14:39:49.195874	9776	closing door 1
2020-12-01 14:39:49.796981	9777	door 1 closed
2020-12-01 14:39:49.797642	9778	opening door 2
2020-12-01 14:39:50.541739	9779	door 2 opened
2020-12-01 14:39:50.542043	9780	closing door 0
2020-12-01 14:39:51.556526	9781	door 0 closed
2020-12-01 14:39:51.557087	9782	opening door 3
2020-12-01 14:39:52.311141	9783	door 3 opened
2020-12-01 14:40:13.625009	9784	feeder 2 reached (227)
2020-12-01 14:40:13.625631	9785	closing door 3
2020-12-01 14:40:14.328887	9786	door 3 closed
2020-12-01 14:40:14.329587	9787	opening door 0
2020-12-01 14:40:15.058191	9788	door 0 opened
2020-12-01 14:40:15.058884	9789	closing door 2
2020-12-01 14:40:16.134640	9790	door 2 closed
2020-12-01 14:40:16.135088	9791	opening door 1
2020-12-01 14:40:16.857241	9792	door 1 opened
2020-12-01 14:40:36.047697	9793	feeder 1 reached (235)
2020-12-01 14:40:36.048446	9794	closing door 1
2020-12-01 14:40:36.639382	9795	door 1 closed
2020-12-01 14:40:36.640068	9796	opening door 2
2020-12-01 14:40:37.344016	9797	door 2 opened
2020-12-01 14:40:37.344737	9798	closing door 0
2020-12-01 14:40:38.250574	9799	door 0 closed
2020-12-01 14:40:38.251273	9800	opening door 3
2020-12-01 14:40:38.999157	9801	door 3 opened
2020-12-01 14:40:49.000418	9802	feeder 2 reached (228)
2020-12-01 14:40:49.001017	9803	closing door 3
2020-12-01 14:40:49.699044	9804	door 3 closed
2020-12-01 14:40:49.699682	9805	opening door 0
2020-12-01 14:40:50.437474	9806	door 0 opened
2020-12-01 14:40:50.438185	9807	closing door 2
2020-12-01 14:40:51.362193	9808	door 2 closed
2020-12-01 14:40:51.362887	9809	opening door 1
2020-12-01 14:40:52.102355	9810	door 1 opened
2020-12-01 14:41:14.907340	9811	feeder 1 reached (236)
2020-12-01 14:41:14.907963	9812	closing door 1
2020-12-01 14:41:15.502984	9813	door 1 closed
2020-12-01 14:41:15.503683	9814	opening door 2
2020-12-01 14:41:16.211851	9815	door 2 opened
2020-12-01 14:41:16.212661	9816	closing door 0
2020-12-01 14:41:17.152583	9817	door 0 closed
2020-12-01 14:41:17.153475	9818	opening door 3
2020-12-01 14:41:17.910865	9819	door 3 opened
2020-12-01 14:41:30.712785	9820	feeder 2 reached (229)
2020-12-01 14:41:30.713515	9821	closing door 3
2020-12-01 14:41:31.417245	9822	door 3 closed
2020-12-01 14:41:31.417911	9823	opening door 0
2020-12-01 14:41:32.153042	9824	door 0 opened
2020-12-01 14:41:32.153836	9825	closing door 2
2020-12-01 14:41:33.138788	9826	door 2 closed
2020-12-01 14:41:33.139522	9827	opening door 1
2020-12-01 14:41:33.851513	9828	door 1 opened
2020-12-01 14:41:51.192016	9829	feeder 1 reached (237)
2020-12-01 14:41:51.192693	9830	closing door 1
2020-12-01 14:41:51.788301	9831	door 1 closed
2020-12-01 14:41:51.788947	9832	opening door 2
2020-12-01 14:41:52.531040	9833	door 2 opened
2020-12-01 14:41:52.531700	9834	closing door 0
2020-12-01 14:41:53.617222	9835	door 0 closed
2020-12-01 14:41:53.617731	9836	opening door 3
2020-12-01 14:41:54.356013	9837	door 3 opened
2020-12-01 14:42:19.682748	9838	feeder 2 reached (230)
2020-12-01 14:42:19.683368	9839	closing door 3
2020-12-01 14:42:20.381548	9840	door 3 closed
2020-12-01 14:42:20.382163	9841	opening door 0
2020-12-01 14:42:21.108286	9842	door 0 opened
2020-12-01 14:42:21.108940	9843	closing door 2
2020-12-01 14:42:22.320998	9844	door 2 closed
2020-12-01 14:42:22.321778	9845	opening door 1
2020-12-01 14:42:23.032600	9846	door 1 opened
2020-12-01 14:42:36.149266	9847	feeder 1 reached (238)
2020-12-01 14:42:36.149869	9848	closing door 1
2020-12-01 14:42:36.745872	9849	door 1 closed
2020-12-01 14:42:36.746489	9850	opening door 2
2020-12-01 14:42:37.453764	9851	door 2 opened
2020-12-01 14:42:37.454511	9852	closing door 0
2020-12-01 14:42:38.264092	9853	door 0 closed
2020-12-01 14:42:38.264849	9854	opening door 3
2020-12-01 14:42:38.998476	9855	door 3 opened
2020-12-01 14:42:56.730241	9856	feeder 2 reached (231)
2020-12-01 14:42:56.730907	9857	closing door 3
2020-12-01 14:42:57.431437	9858	door 3 closed
2020-12-01 14:42:57.432122	9859	opening door 0
2020-12-01 14:42:58.157195	9860	door 0 opened
2020-12-01 14:42:58.157803	9861	closing door 2
2020-12-01 14:42:59.163053	9862	door 2 closed
2020-12-01 14:42:59.163901	9863	opening door 1
2020-12-01 14:42:59.879463	9864	door 1 opened
2020-12-01 14:43:08.430200	9865	feeder 1 reached (239)
2020-12-01 14:43:08.430872	9866	closing door 1
2020-12-01 14:43:09.023464	9867	door 1 closed
2020-12-01 14:43:09.024082	9868	opening door 2
2020-12-01 14:43:09.764360	9869	door 2 opened
2020-12-01 14:43:09.765055	9870	closing door 0
2020-12-01 14:43:10.622482	9871	door 0 closed
2020-12-01 14:43:10.622946	9872	opening door 3
2020-12-01 14:43:11.363460	9873	door 3 opened
2020-12-01 14:43:28.764570	9874	feeder 2 reached (232)
2020-12-01 14:43:28.765206	9875	closing door 3
2020-12-01 14:43:29.461280	9876	door 3 closed
2020-12-01 14:43:29.462149	9877	opening door 0
2020-12-01 14:43:30.188770	9878	door 0 opened
2020-12-01 14:43:30.189451	9879	closing door 2
2020-12-01 14:43:31.105430	9880	door 2 closed
2020-12-01 14:43:31.105959	9881	opening door 1
2020-12-01 14:43:31.820005	9882	door 1 opened
2020-12-01 14:43:43.833851	9883	feeder 1 reached (240)
2020-12-01 14:43:43.834263	9884	closing door 1
2020-12-01 14:43:44.432200	9885	door 1 closed
2020-12-01 14:43:44.432909	9886	opening door 2
2020-12-01 14:43:45.136938	9887	door 2 opened
2020-12-01 14:43:45.137626	9888	closing door 0
2020-12-01 14:43:46.250617	9889	door 0 closed
2020-12-01 14:43:46.251270	9890	opening door 3
2020-12-01 14:43:47.005380	9891	door 3 opened
2020-12-01 14:44:00.713508	9892	feeder 2 reached (233)
2020-12-01 14:44:00.714472	9893	closing door 3
2020-12-01 14:44:01.413004	9894	door 3 closed
2020-12-01 14:44:01.413706	9895	opening door 0
2020-12-01 14:44:02.133365	9896	door 0 opened
2020-12-01 14:44:02.133872	9897	closing door 2
2020-12-01 14:44:03.047261	9898	door 2 closed
2020-12-01 14:44:03.047769	9899	opening door 1
2020-12-01 14:44:03.779506	9900	door 1 opened
2020-12-01 14:44:26.843407	9901	feeder 1 reached (241)
2020-12-01 14:44:26.843986	9902	closing door 1
2020-12-01 14:44:27.448149	9903	door 1 closed
2020-12-01 14:44:27.448985	9904	opening door 2
2020-12-01 14:44:28.184354	9905	door 2 opened
2020-12-01 14:44:28.184888	9906	closing door 0
2020-12-01 14:44:29.253306	9907	door 0 closed
2020-12-01 14:44:29.254119	9908	opening door 3
2020-12-01 14:44:30.016539	9909	door 3 opened
2020-12-01 14:45:13.131003	9910	feeder 2 reached (234)
2020-12-01 14:45:13.131675	9911	closing door 3
2020-12-01 14:45:13.834075	9912	door 3 closed
2020-12-01 14:45:13.834974	9913	opening door 0
2020-12-01 14:45:14.561093	9914	door 0 opened
2020-12-01 14:45:14.561800	9915	closing door 2
2020-12-01 14:45:15.358452	9916	door 2 closed
2020-12-01 14:45:15.359140	9917	opening door 1
2020-12-01 14:45:16.087544	9918	door 1 opened
2020-12-01 14:45:26.198884	9919	feeder 1 reached (242)
2020-12-01 14:45:26.199866	9920	closing door 1
2020-12-01 14:45:26.798244	9921	door 1 closed
2020-12-01 14:45:26.798817	9922	opening door 2
2020-12-01 14:45:27.504519	9923	door 2 opened
2020-12-01 14:45:27.505286	9924	closing door 0
2020-12-01 14:45:28.675400	9925	door 0 closed
2020-12-01 14:45:28.676144	9926	opening door 3
2020-12-01 14:45:29.420105	9927	door 3 opened
2020-12-01 14:45:40.448125	9928	feeder 2 reached (235)
2020-12-01 14:45:40.448767	9929	closing door 3
2020-12-01 14:45:41.143064	9930	door 3 closed
2020-12-01 14:45:41.143797	9931	opening door 0
2020-12-01 14:45:41.890057	9932	door 0 opened
2020-12-01 14:45:41.890709	9933	closing door 2
2020-12-01 14:45:42.986285	9934	door 2 closed
2020-12-01 14:45:42.987030	9935	opening door 1
2020-12-01 14:45:43.726643	9936	door 1 opened
2020-12-01 14:45:54.019197	9937	feeder 1 reached (243)
2020-12-01 14:45:54.019965	9938	closing door 1
2020-12-01 14:45:54.615414	9939	door 1 closed
2020-12-01 14:45:54.615919	9940	opening door 2
2020-12-01 14:45:55.312568	9941	door 2 opened
2020-12-01 14:45:55.313277	9942	closing door 0
2020-12-01 14:45:56.512628	9943	door 0 closed
2020-12-01 14:45:56.513296	9944	opening door 3
2020-12-01 14:45:57.293150	9945	door 3 opened
2020-12-01 14:46:34.575451	9946	feeder 2 reached (236)
2020-12-01 14:46:34.576261	9947	closing door 3
2020-12-01 14:46:35.274494	9948	door 3 closed
2020-12-01 14:46:35.275144	9949	opening door 0
2020-12-01 14:46:35.994908	9950	door 0 opened
2020-12-01 14:46:35.996092	9951	closing door 2
2020-12-01 14:46:37.077156	9952	door 2 closed
2020-12-01 14:46:37.077983	9953	opening door 1
2020-12-01 14:46:37.806625	9954	door 1 opened
2020-12-01 14:46:45.127561	9955	feeder 1 reached (244)
2020-12-01 14:46:45.128461	9956	closing door 1
2020-12-01 14:46:45.727091	9957	door 1 closed
2020-12-01 14:46:45.727709	9958	opening door 2
2020-12-01 14:46:46.435136	9959	door 2 opened
2020-12-01 14:46:46.435700	9960	closing door 0
2020-12-01 14:46:47.294522	9961	door 0 closed
2020-12-01 14:46:47.295192	9962	opening door 3
2020-12-01 14:46:48.040980	9963	door 3 opened
2020-12-01 14:47:30.973183	9964	feeder 2 reached (237)
2020-12-01 14:47:30.973653	9965	closing door 3
2020-12-01 14:47:31.673015	9966	door 3 closed
2020-12-01 14:47:31.673585	9967	opening door 0
2020-12-01 14:47:32.399282	9968	door 0 opened
2020-12-01 14:47:32.399921	9969	closing door 2
2020-12-01 14:47:33.606396	9970	door 2 closed
2020-12-01 14:47:33.607042	9971	opening door 1
2020-12-01 14:47:34.300323	9972	door 1 opened
2020-12-01 14:48:01.200374	9973	feeder 1 reached (245)
2020-12-01 14:48:01.200860	9974	closing door 1
2020-12-01 14:48:01.797641	9975	door 1 closed
2020-12-01 14:48:01.798394	9976	opening door 2
2020-12-01 14:48:02.517882	9977	door 2 opened
2020-12-01 14:48:02.518492	9978	closing door 0
2020-12-01 14:48:03.481961	9979	door 0 closed
2020-12-01 14:48:03.482675	9980	opening door 3
2020-12-01 14:48:04.228202	9981	door 3 opened
2020-12-01 14:48:15.744531	9982	feeder 2 reached (238)
2020-12-01 14:48:15.745047	9983	closing door 3
2020-12-01 14:48:16.439066	9984	door 3 closed
2020-12-01 14:48:16.439782	9985	opening door 0
2020-12-01 14:48:17.167052	9986	door 0 opened
2020-12-01 14:48:17.167638	9987	closing door 2
2020-12-01 14:48:17.981795	9988	door 2 closed
2020-12-01 14:48:17.982186	9989	opening door 1
2020-12-01 14:48:18.704534	9990	door 1 opened
2020-12-01 14:48:35.662715	9991	feeder 1 reached (246)
2020-12-01 14:48:35.663427	9992	closing door 1
2020-12-01 14:48:36.262945	9993	door 1 closed
2020-12-01 14:48:36.263564	9994	opening door 2
2020-12-01 14:48:36.966093	9995	door 2 opened
2020-12-01 14:48:36.967001	9996	closing door 0
2020-12-01 14:48:37.918561	9997	door 0 closed
2020-12-01 14:48:37.919177	9998	opening door 3
2020-12-01 14:48:38.672544	9999	door 3 opened
2020-12-01 14:48:57.926525	10000	feeder 2 reached (239)
2020-12-01 14:48:57.927208	10001	closing door 3
2020-12-01 14:48:58.624984	10002	door 3 closed
2020-12-01 14:48:58.625443	10003	opening door 0
2020-12-01 14:48:59.383194	10004	door 0 opened
2020-12-01 14:48:59.383889	10005	closing door 2
2020-12-01 14:49:00.423313	10006	door 2 closed
2020-12-01 14:49:00.424014	10007	opening door 1
2020-12-01 14:49:01.152643	10008	door 1 opened
2020-12-01 14:49:18.480044	10009	feeder 1 reached (247)
2020-12-01 14:49:18.480432	10010	closing door 1
2020-12-01 14:49:19.073973	10011	door 1 closed
2020-12-01 14:49:19.074335	10012	opening door 2
2020-12-01 14:49:19.777112	10013	door 2 opened
2020-12-01 14:49:19.777479	10014	closing door 0
2020-12-01 14:49:20.894099	10015	door 0 closed
2020-12-01 14:49:20.894783	10016	opening door 3
2020-12-01 14:49:21.625632	10017	door 3 opened
2020-12-01 14:49:47.260521	10018	feeder 2 reached (240)
2020-12-01 14:49:47.260852	10019	closing door 3
2020-12-01 14:49:47.958772	10020	door 3 closed
2020-12-01 14:49:47.959080	10021	opening door 0
2020-12-01 14:49:48.683162	10022	door 0 opened
2020-12-01 14:49:48.683500	10023	closing door 2
2020-12-01 14:49:49.595070	10024	door 2 closed
2020-12-01 14:49:49.595362	10025	opening door 1
2020-12-01 14:49:50.298348	10026	door 1 opened
2020-12-01 14:50:01.861446	10027	feeder 1 reached (248)
2020-12-01 14:50:01.861722	10028	closing door 1
2020-12-01 14:50:02.448579	10029	door 1 closed
2020-12-01 14:50:02.448863	10030	opening door 2
2020-12-01 14:50:03.143254	10031	door 2 opened
2020-12-01 14:50:03.143706	10032	closing door 0
2020-12-01 14:50:04.333843	10033	door 0 closed
2020-12-01 14:50:04.334300	10034	opening door 3
2020-12-01 14:50:05.098186	10035	door 3 opened
2020-12-01 14:50:30.269457	10036	feeder 2 reached (241)
2020-12-01 14:50:30.269785	10037	closing door 3
2020-12-01 14:50:30.970975	10038	door 3 closed
2020-12-01 14:50:30.971268	10039	opening door 0
2020-12-01 14:50:31.716701	10040	door 0 opened
2020-12-01 14:50:31.717000	10041	closing door 2
2020-12-01 14:50:32.594686	10042	door 2 closed
2020-12-01 14:50:32.594993	10043	opening door 1
2020-12-01 14:50:33.318101	10044	door 1 opened
2020-12-01 14:50:43.095993	10045	feeder 1 reached (249)
2020-12-01 14:50:43.096330	10046	closing door 1
2020-12-01 14:50:43.686692	10047	door 1 closed
2020-12-01 14:50:43.687105	10048	opening door 2
2020-12-01 14:50:44.391959	10049	door 2 opened
2020-12-01 14:50:44.392249	10050	closing door 0
2020-12-01 14:50:45.307304	10051	door 0 closed
2020-12-01 14:50:45.307677	10052	opening door 3
2020-12-01 14:50:46.057063	10053	door 3 opened
2020-12-01 14:52:08.392292	10054	feeder 2 reached (242)
2020-12-01 14:52:08.392630	10055	closing door 3
2020-12-01 14:52:09.085915	10056	door 3 closed
2020-12-01 14:52:09.086230	10057	opening door 0
2020-12-01 14:52:09.809668	10058	door 0 opened
2020-12-01 14:52:09.809991	10059	closing door 2
2020-12-01 14:52:10.881305	10060	door 2 closed
2020-12-01 14:52:10.882391	10061	opening door 1
2020-12-01 14:52:11.592207	10062	door 1 opened
2020-12-01 14:52:20.448217	10063	feeder 1 reached (250)
2020-12-01 14:52:20.448500	10064	closing door 1
2020-12-01 14:52:21.036897	10065	door 1 closed
2020-12-01 14:52:21.037171	10066	opening door 2
2020-12-01 14:52:21.781379	10067	door 2 opened
2020-12-01 14:52:21.781853	10068	closing door 0
2020-12-01 14:52:22.788756	10069	door 0 closed
2020-12-01 14:52:22.789091	10070	opening door 3
2020-12-01 14:52:23.543102	10071	door 3 opened
2020-12-01 14:52:42.071628	10072	feeder 2 reached (243)
2020-12-01 14:52:42.072369	10073	closing door 3
2020-12-01 14:52:42.770997	10074	door 3 closed
2020-12-01 14:52:42.771586	10075	opening door 0
2020-12-01 14:52:43.498842	10076	door 0 opened
2020-12-01 14:52:43.499529	10077	closing door 2
2020-12-01 14:52:44.478325	10078	door 2 closed
2020-12-01 14:52:44.479058	10079	opening door 1
2020-12-01 14:52:45.187295	10080	door 1 opened
2020-12-01 14:52:56.461440	10081	feeder 1 reached (251)
2020-12-01 14:52:56.462126	10082	closing door 1
2020-12-01 14:52:57.063639	10083	door 1 closed
2020-12-01 14:52:57.064407	10084	opening door 2
2020-12-01 14:52:57.788830	10085	door 2 opened
2020-12-01 14:52:57.789570	10086	closing door 0
2020-12-01 14:52:58.827368	10087	door 0 closed
2020-12-01 14:52:58.828133	10088	opening door 3
2020-12-01 14:52:59.587207	10089	door 3 opened
2020-12-01 14:53:23.560884	10090	feeder 2 reached (244)
2020-12-01 14:53:23.561331	10091	closing door 3
2020-12-01 14:53:24.257707	10092	door 3 closed
2020-12-01 14:53:24.258020	10093	opening door 0
2020-12-01 14:53:24.982136	10094	door 0 opened
2020-12-01 14:53:24.982436	10095	closing door 2
2020-12-01 14:53:25.847463	10096	door 2 closed
2020-12-01 14:53:25.847782	10097	opening door 1
2020-12-01 14:53:26.557970	10098	door 1 opened
2020-12-01 14:55:11.279904	10099	feeder 1 reached (252)
2020-12-01 14:55:11.280188	10100	closing door 1
2020-12-01 14:55:11.872413	10101	door 1 closed
2020-12-01 14:55:11.872720	10102	opening door 2
2020-12-01 14:55:12.570265	10103	door 2 opened
2020-12-01 14:55:12.570699	10104	closing door 0
2020-12-01 14:55:13.595493	10105	door 0 closed
2020-12-01 14:55:13.595887	10106	opening door 3
2020-12-01 14:55:14.331005	10107	door 3 opened
2020-12-01 14:56:24.252305	10108	feeder 2 reached (245)
2020-12-01 14:56:24.252615	10109	closing door 3
2020-12-01 14:56:24.951802	10110	door 3 closed
2020-12-01 14:56:24.952254	10111	opening door 0
2020-12-01 14:56:25.673607	10112	door 0 opened
2020-12-01 14:56:25.673922	10113	closing door 2
2020-12-01 14:56:26.482395	10114	door 2 closed
2020-12-01 14:56:26.482772	10115	opening door 1
2020-12-01 14:56:27.223505	10116	door 1 opened
2020-12-01 14:56:39.466270	10117	feeder 1 reached (253)
2020-12-01 14:56:39.466606	10118	closing door 1
2020-12-01 14:56:40.061037	10119	door 1 closed
2020-12-01 14:56:40.061317	10120	opening door 2
2020-12-01 14:56:40.777475	10121	door 2 opened
2020-12-01 14:56:40.777823	10122	closing door 0
2020-12-01 14:56:41.665234	10123	door 0 closed
2020-12-01 14:56:41.665552	10124	opening door 3
2020-12-01 14:56:42.414926	10125	door 3 opened
2020-12-01 14:56:52.741203	10126	feeder 2 reached (246)
2020-12-01 14:56:52.741495	10127	closing door 3
2020-12-01 14:56:53.431197	10128	door 3 closed
2020-12-01 14:56:53.431738	10129	opening door 0
2020-12-01 14:56:54.158936	10130	door 0 opened
2020-12-01 14:56:54.159258	10131	closing door 2
2020-12-01 14:56:55.152251	10132	door 2 closed
2020-12-01 14:56:55.152677	10133	opening door 1
2020-12-01 14:56:55.862513	10134	door 1 opened
2020-12-01 14:57:19.369879	10135	feeder 1 reached (254)
2020-12-01 14:57:19.370411	10136	closing door 1
2020-12-01 14:57:19.972682	10137	door 1 closed
2020-12-01 14:57:19.972986	10138	opening door 2
2020-12-01 14:57:20.662268	10139	door 2 opened
2020-12-01 14:57:20.662709	10140	closing door 0
2020-12-01 14:57:21.780386	10141	door 0 closed
2020-12-01 14:57:21.780693	10142	opening door 3
2020-12-01 14:57:22.537027	10143	door 3 opened
2020-12-01 14:57:25.920684	10144	feeder 2 reached (247)
2020-12-01 14:57:25.920995	10145	closing door 3
2020-12-01 14:57:26.621308	10146	door 3 closed
2020-12-01 14:57:26.621909	10147	opening door 0
2020-12-01 14:57:27.353281	10148	door 0 opened
2020-12-01 14:57:27.353822	10149	closing door 2
2020-12-01 14:57:28.340086	10150	door 2 closed
2020-12-01 14:57:28.340383	10151	opening door 1
2020-12-01 14:57:29.061299	10152	door 1 opened
2020-12-01 14:57:38.514508	10153	feeder 1 reached (255)
2020-12-01 14:57:38.514790	10154	closing door 1
2020-12-01 14:57:39.096033	10155	door 1 closed
2020-12-01 14:57:39.096421	10156	opening door 2
2020-12-01 14:57:39.781221	10157	door 2 opened
2020-12-01 14:57:39.781669	10158	closing door 0
2020-12-01 14:57:40.638702	10159	door 0 closed
2020-12-01 14:57:40.639139	10160	opening door 3
2020-12-01 14:57:41.394447	10161	door 3 opened
2020-12-01 14:57:54.992517	10162	feeder 2 reached (248)
2020-12-01 14:57:54.992830	10163	closing door 3
2020-12-01 14:57:55.692265	10164	door 3 closed
2020-12-01 14:57:55.692556	10165	opening door 0
2020-12-01 14:57:56.432516	10166	door 0 opened
2020-12-01 14:57:56.432945	10167	closing door 2
2020-12-01 14:57:57.415312	10168	door 2 closed
2020-12-01 14:57:57.415720	10169	opening door 1
2020-12-01 14:57:58.128916	10170	door 1 opened
2020-12-01 14:58:17.054207	10171	feeder 1 reached (256)
2020-12-01 14:58:17.054651	10172	closing door 1
2020-12-01 14:58:17.649339	10173	door 1 closed
2020-12-01 14:58:17.650300	10174	opening door 2
2020-12-01 14:58:18.365529	10175	door 2 opened
2020-12-01 14:58:18.365947	10176	closing door 0
2020-12-01 14:58:19.565055	10177	door 0 closed
2020-12-01 14:58:19.565367	10178	opening door 3
2020-12-01 14:58:20.310216	10179	door 3 opened
2020-12-01 14:58:41.245468	10180	feeder 2 reached (249)
2020-12-01 14:58:41.245749	10181	closing door 3
2020-12-01 14:58:41.941057	10182	door 3 closed
2020-12-01 14:58:41.941453	10183	opening door 0
2020-12-01 14:58:42.658714	10184	door 0 opened
2020-12-01 14:58:42.659010	10185	closing door 2
2020-12-01 14:58:43.726680	10186	door 2 closed
2020-12-01 14:58:43.726977	10187	opening door 1
2020-12-01 14:58:44.437208	10188	door 1 opened
2020-12-01 14:58:55.216988	10189	feeder 1 reached (257)
2020-12-01 14:58:55.217435	10190	closing door 1
2020-12-01 14:58:55.821443	10191	door 1 closed
2020-12-01 14:58:55.821956	10192	opening door 2
2020-12-01 14:58:56.542236	10193	door 2 opened
2020-12-01 14:58:56.542540	10194	closing door 0
2020-12-01 14:58:57.666793	10195	door 0 closed
2020-12-01 14:58:57.667321	10196	opening door 3
2020-12-01 14:58:58.439539	10197	door 3 opened
2020-12-01 14:59:13.488448	10198	feeder 2 reached (250)
2020-12-01 14:59:13.489006	10199	closing door 3
2020-12-01 14:59:14.184945	10200	door 3 closed
2020-12-01 14:59:14.185418	10201	opening door 0
2020-12-01 14:59:14.911349	10202	door 0 opened
2020-12-01 14:59:14.911704	10203	closing door 2
2020-12-01 14:59:16.067479	10204	door 2 closed
2020-12-01 14:59:16.067805	10205	opening door 1
2020-12-01 14:59:16.787299	10206	door 1 opened
2020-12-01 14:59:30.031962	10207	feeder 1 reached (258)
2020-12-01 14:59:30.032284	10208	closing door 1
2020-12-01 14:59:30.624702	10209	door 1 closed
2020-12-01 14:59:30.625100	10210	opening door 2
2020-12-01 14:59:31.327522	10211	door 2 opened
2020-12-01 14:59:31.327826	10212	closing door 0
2020-12-01 14:59:32.468149	10213	door 0 closed
2020-12-01 14:59:32.468970	10214	opening door 3
2020-12-01 14:59:33.217695	10215	door 3 opened
2020-12-01 14:59:42.952420	10216	feeder 2 reached (251)
2020-12-01 14:59:42.952846	10217	closing door 3
2020-12-01 14:59:43.652923	10218	door 3 closed
2020-12-01 14:59:43.653495	10219	opening door 0
2020-12-01 14:59:44.410058	10220	door 0 opened
2020-12-01 14:59:44.410353	10221	closing door 2
2020-12-01 14:59:45.569447	10222	door 2 closed
2020-12-01 14:59:45.569973	10223	opening door 1
2020-12-01 14:59:46.281749	10224	door 1 opened
2020-12-01 15:00:06.591022	10225	feeder 1 reached (259)
2020-12-01 15:00:06.591340	10226	closing door 1
2020-12-01 15:00:07.187661	10227	door 1 closed
2020-12-01 15:00:07.188171	10228	opening door 2
2020-12-01 15:00:07.876869	10229	door 2 opened
2020-12-01 15:00:07.877260	10230	closing door 0
2020-12-01 15:00:08.955041	10231	door 0 closed
2020-12-01 15:00:08.955575	10232	opening door 3
2020-12-01 15:00:09.702590	10233	door 3 opened
2020-12-01 15:00:26.307678	10234	feeder 2 reached (252)
2020-12-01 15:00:26.308063	10235	closing door 3
2020-12-01 15:00:27.011096	10236	door 3 closed
2020-12-01 15:00:27.011492	10237	opening door 0
2020-12-01 15:00:27.762402	10238	door 0 opened
2020-12-01 15:00:27.762718	10239	closing door 2
2020-12-01 15:00:28.575559	10240	door 2 closed
2020-12-01 15:00:28.575993	10241	opening door 1
2020-12-01 15:00:29.300049	10242	door 1 opened
2020-12-01 15:00:54.210276	10243	feeder 1 reached (260)
2020-12-01 15:00:54.210669	10244	closing door 1
2020-12-01 15:00:54.803796	10245	door 1 closed
2020-12-01 15:00:54.804233	10246	opening door 2
2020-12-01 15:00:55.505272	10247	door 2 opened
2020-12-01 15:00:55.505557	10248	closing door 0
2020-12-01 15:00:56.411547	10249	door 0 closed
2020-12-01 15:00:56.411934	10250	opening door 3
2020-12-01 15:00:57.154232	10251	door 3 opened
2020-12-01 15:02:54.197182	10252	feeder 2 reached (253)
2020-12-01 15:02:54.197529	10253	closing door 3
2020-12-01 15:02:54.885003	10254	door 3 closed
2020-12-01 15:02:54.885467	10255	opening door 0
2020-12-01 15:02:55.610729	10256	door 0 opened
2020-12-01 15:02:55.611038	10257	closing door 2
2020-12-01 15:02:56.426263	10258	door 2 closed
2020-12-01 15:02:56.426557	10259	opening door 1
2020-12-01 15:02:57.160320	10260	door 1 opened
2020-12-01 15:03:24.693254	10261	feeder 1 reached (261)
2020-12-01 15:03:24.693632	10262	closing door 1
2020-12-01 15:03:25.276179	10263	door 1 closed
2020-12-01 15:03:25.276553	10264	opening door 2
2020-12-01 15:03:25.988455	10265	door 2 opened
2020-12-01 15:03:25.989253	10266	closing door 0
2020-12-01 15:03:26.779267	10267	door 0 closed
2020-12-01 15:03:26.779567	10268	opening door 3
2020-12-01 15:03:27.541935	10269	door 3 opened
2020-12-01 15:03:33.982651	10270	feeder 2 reached (254)
2020-12-01 15:03:33.983105	10271	closing door 3
2020-12-01 15:03:34.681519	10272	door 3 closed
2020-12-01 15:03:34.681832	10273	opening door 0
2020-12-01 15:03:35.408490	10274	door 0 opened
2020-12-01 15:03:35.409121	10275	closing door 2
2020-12-01 15:03:36.585801	10276	door 2 closed
2020-12-01 15:03:36.586346	10277	opening door 1
2020-12-01 15:03:37.313222	10278	door 1 opened
2020-12-01 15:03:51.554573	10279	feeder 1 reached (262)
2020-12-01 15:03:51.555145	10280	closing door 1
2020-12-01 15:03:52.151046	10281	door 1 closed
2020-12-01 15:03:52.151378	10282	opening door 2
2020-12-01 15:03:52.854946	10283	door 2 opened
2020-12-01 15:03:52.855796	10284	closing door 0
2020-12-01 15:03:53.797219	10285	door 0 closed
2020-12-01 15:03:53.797951	10286	opening door 3
2020-12-01 15:03:54.539950	10287	door 3 opened
2020-12-01 15:03:58.839149	10288	feeder 2 reached (255)
2020-12-01 15:03:58.839847	10289	closing door 3
2020-12-01 15:03:59.538335	10290	door 3 closed
2020-12-01 15:03:59.539001	10291	opening door 0
2020-12-01 15:04:00.263292	10292	door 0 opened
2020-12-01 15:04:00.264080	10293	closing door 2
2020-12-01 15:04:01.171237	10294	door 2 closed
2020-12-01 15:04:01.172013	10295	opening door 1
2020-12-01 15:04:01.876719	10296	door 1 opened
2020-12-01 15:04:25.748622	10297	feeder 1 reached (263)
2020-12-01 15:04:25.749289	10298	closing door 1
2020-12-01 15:04:26.332276	10299	door 1 closed
2020-12-01 15:04:26.333678	10300	opening door 2
2020-12-01 15:04:27.020706	10301	door 2 opened
2020-12-01 15:04:27.021389	10302	closing door 0
2020-12-01 15:04:27.862050	10303	door 0 closed
2020-12-01 15:04:27.862652	10304	opening door 3
2020-12-01 15:04:28.610287	10305	door 3 opened
2020-12-01 15:05:13.347709	10306	feeder 2 reached (256)
2020-12-01 15:05:13.348362	10307	closing door 3
2020-12-01 15:05:14.046670	10308	door 3 closed
2020-12-01 15:05:14.047519	10309	opening door 0
2020-12-01 15:05:14.774686	10310	door 0 opened
2020-12-01 15:05:14.775427	10311	closing door 2
2020-12-01 15:05:15.697825	10312	door 2 closed
2020-12-01 15:05:15.698786	10313	opening door 1
2020-12-01 15:05:16.430270	10314	door 1 opened
2020-12-01 15:05:32.383321	10315	feeder 1 reached (264)
2020-12-01 15:05:32.384007	10316	closing door 1
2020-12-01 15:05:32.980716	10317	door 1 closed
2020-12-01 15:05:32.981397	10318	opening door 2
2020-12-01 15:05:33.687724	10319	door 2 opened
2020-12-01 15:05:33.688456	10320	closing door 0
2020-12-01 15:05:34.557639	10321	door 0 closed
2020-12-01 15:05:34.558113	10322	opening door 3
2020-12-01 15:05:35.323487	10323	door 3 opened
2020-12-01 15:05:58.928359	10324	feeder 2 reached (257)
2020-12-01 15:05:58.929128	10325	closing door 3
2020-12-01 15:05:59.627397	10326	door 3 closed
2020-12-01 15:05:59.628119	10327	opening door 0
2020-12-01 15:06:00.354934	10328	door 0 opened
2020-12-01 15:06:00.355635	10329	closing door 2
2020-12-01 15:06:01.183940	10330	door 2 closed
2020-12-01 15:06:01.184844	10331	opening door 1
2020-12-01 15:06:01.912044	10332	door 1 opened
2020-12-01 15:06:09.815896	10333	feeder 1 reached (265)
2020-12-01 15:06:09.816324	10334	closing door 1
2020-12-01 15:06:10.417259	10335	door 1 closed
2020-12-01 15:06:10.417952	10336	opening door 2
2020-12-01 15:06:11.117304	10337	door 2 opened
2020-12-01 15:06:11.117601	10338	closing door 0
2020-12-01 15:06:12.248769	10339	door 0 closed
2020-12-01 15:06:12.249360	10340	opening door 3
2020-12-01 15:06:13.004917	10341	door 3 opened
2020-12-01 15:06:39.737683	10342	feeder 2 reached (258)
2020-12-01 15:06:39.738674	10343	closing door 3
2020-12-01 15:06:40.434253	10344	door 3 closed
2020-12-01 15:06:40.435008	10345	opening door 0
2020-12-01 15:06:41.174077	10346	door 0 opened
2020-12-01 15:06:41.174716	10347	closing door 2
2020-12-01 15:06:42.135222	10348	door 2 closed
2020-12-01 15:06:42.135986	10349	opening door 1
2020-12-01 15:06:42.845981	10350	door 1 opened
2020-12-01 15:06:50.033480	10351	feeder 1 reached (266)
2020-12-01 15:06:50.034110	10352	closing door 1
2020-12-01 15:06:50.630038	10353	door 1 closed
2020-12-01 15:06:50.630711	10354	opening door 2
2020-12-01 15:06:51.330456	10355	door 2 opened
2020-12-01 15:06:51.331069	10356	closing door 0
2020-12-01 15:06:52.384335	10357	door 0 closed
2020-12-01 15:06:52.385066	10358	opening door 3
2020-12-01 15:06:53.152718	10359	door 3 opened
2020-12-01 15:07:01.543471	10360	feeder 2 reached (259)
2020-12-01 15:07:01.544006	10361	closing door 3
2020-12-01 15:07:02.251485	10362	door 3 closed
2020-12-01 15:07:02.252259	10363	opening door 0
2020-12-01 15:07:02.996502	10364	door 0 opened
2020-12-01 15:07:02.997253	10365	closing door 2
2020-12-01 15:07:03.859640	10366	door 2 closed
2020-12-01 15:07:03.860401	10367	opening door 1
2020-12-01 15:07:04.595232	10368	door 1 opened
2020-12-01 15:07:14.942326	10369	feeder 1 reached (267)
2020-12-01 15:07:14.942947	10370	closing door 1
2020-12-01 15:07:15.536639	10371	door 1 closed
2020-12-01 15:07:15.536985	10372	opening door 2
2020-12-01 15:07:16.262183	10373	door 2 opened
2020-12-01 15:07:16.262927	10374	closing door 0
2020-12-01 15:07:17.360822	10375	door 0 closed
2020-12-01 15:07:17.361870	10376	opening door 3
2020-12-01 15:07:18.106726	10377	door 3 opened
2020-12-01 15:07:31.350473	10378	feeder 2 reached (260)
2020-12-01 15:07:31.351197	10379	closing door 3
2020-12-01 15:07:32.048394	10380	door 3 closed
2020-12-01 15:07:32.049547	10381	opening door 0
2020-12-01 15:07:32.769479	10382	door 0 opened
2020-12-01 15:07:32.770171	10383	closing door 2
2020-12-01 15:07:33.745518	10384	door 2 closed
2020-12-01 15:07:33.746205	10385	opening door 1
2020-12-01 15:07:34.469521	10386	door 1 opened
2020-12-01 15:07:42.800059	10387	feeder 1 reached (268)
2020-12-01 15:07:42.800793	10388	closing door 1
2020-12-01 15:07:43.404981	10389	door 1 closed
2020-12-01 15:07:43.405664	10390	opening door 2
2020-12-01 15:07:44.123064	10391	door 2 opened
2020-12-01 15:07:44.123592	10392	closing door 0
2020-12-01 15:07:45.206398	10393	door 0 closed
2020-12-01 15:07:45.207083	10394	opening door 3
2020-12-01 15:07:45.959746	10395	door 3 opened
2020-12-01 15:08:03.218093	10396	feeder 2 reached (261)
2020-12-01 15:08:03.218748	10397	closing door 3
2020-12-01 15:08:03.922319	10398	door 3 closed
2020-12-01 15:08:03.923070	10399	opening door 0
2020-12-01 15:08:04.658251	10400	door 0 opened
2020-12-01 15:08:04.658892	10401	closing door 2
2020-12-01 15:08:05.705701	10402	door 2 closed
2020-12-01 15:08:05.706402	10403	opening door 1
2020-12-01 15:08:06.418493	10404	door 1 opened
2020-12-01 15:08:14.277400	10405	feeder 1 reached (269)
2020-12-01 15:08:14.278064	10406	closing door 1
2020-12-01 15:08:14.857918	10407	door 1 closed
2020-12-01 15:08:14.858548	10408	opening door 2
2020-12-01 15:08:15.564026	10409	door 2 opened
2020-12-01 15:08:15.564499	10410	closing door 0
2020-12-01 15:08:16.770969	10411	door 0 closed
2020-12-01 15:08:16.771633	10412	opening door 3
2020-12-01 15:08:17.500781	10413	door 3 opened
2020-12-01 15:08:55.702111	10414	feeder 2 reached (262)
2020-12-01 15:08:55.702413	10415	closing door 3
2020-12-01 15:08:56.403763	10416	door 3 closed
2020-12-01 15:08:56.404080	10417	opening door 0
2020-12-01 15:08:57.150761	10418	door 0 opened
2020-12-01 15:08:57.151074	10419	closing door 2
2020-12-01 15:08:58.116057	10420	door 2 closed
2020-12-01 15:08:58.116375	10421	opening door 1
2020-12-01 15:08:58.836630	10422	door 1 opened
2020-12-01 15:09:09.268344	10423	feeder 1 reached (270)
2020-12-01 15:09:09.268627	10424	closing door 1
2020-12-01 15:09:09.870104	10425	door 1 closed
2020-12-01 15:09:09.870384	10426	opening door 2
2020-12-01 15:09:10.612040	10427	door 2 opened
2020-12-01 15:09:10.612347	10428	closing door 0
2020-12-01 15:09:11.658483	10429	door 0 closed
2020-12-01 15:09:11.658792	10430	opening door 3
2020-12-01 15:09:12.406765	10431	door 3 opened
2020-12-01 15:09:24.438119	10432	feeder 2 reached (263)
2020-12-01 15:09:24.438591	10433	closing door 3
2020-12-01 15:09:25.136295	10434	door 3 closed
2020-12-01 15:09:25.136578	10435	opening door 0
2020-12-01 15:09:25.855783	10436	door 0 opened
2020-12-01 15:09:25.856118	10437	closing door 2
2020-12-01 15:09:26.770788	10438	door 2 closed
2020-12-01 15:09:26.771184	10439	opening door 1
2020-12-01 15:09:27.462337	10440	door 1 opened
2020-12-01 15:09:35.384482	10441	feeder 1 reached (271)
2020-12-01 15:09:35.384777	10442	closing door 1
2020-12-01 15:09:35.979448	10443	door 1 closed
2020-12-01 15:09:35.979928	10444	opening door 2
2020-12-01 15:09:36.711000	10445	door 2 opened
2020-12-01 15:09:36.711523	10446	closing door 0
2020-12-01 15:09:37.868426	10447	door 0 closed
2020-12-01 15:09:37.868724	10448	opening door 3
2020-12-01 15:09:38.613833	10449	door 3 opened
2020-12-01 15:09:53.650922	10450	feeder 2 reached (264)
2020-12-01 15:09:53.651203	10451	closing door 3
2020-12-01 15:09:54.349092	10452	door 3 closed
2020-12-01 15:09:54.349673	10453	opening door 0
2020-12-01 15:09:55.071634	10454	door 0 opened
2020-12-01 15:09:55.072147	10455	closing door 2
2020-12-01 15:09:55.871262	10456	door 2 closed
2020-12-01 15:09:55.871547	10457	opening door 1
2020-12-01 15:09:56.609102	10458	door 1 opened
2020-12-01 15:10:12.298973	10459	feeder 1 reached (272)
2020-12-01 15:10:12.299312	10460	closing door 1
2020-12-01 15:10:12.892053	10461	door 1 closed
2020-12-01 15:10:12.892480	10462	opening door 2
2020-12-01 15:10:13.593546	10463	door 2 opened
2020-12-01 15:10:13.593962	10464	closing door 0
2020-12-01 15:10:14.744667	10465	door 0 closed
2020-12-01 15:10:14.744994	10466	opening door 3
2020-12-01 15:10:15.490005	10467	door 3 opened
2020-12-01 15:10:34.663346	10468	feeder 2 reached (265)
2020-12-01 15:10:34.663647	10469	closing door 3
2020-12-01 15:10:35.363556	10470	door 3 closed
2020-12-01 15:10:35.364013	10471	opening door 0
2020-12-01 15:10:36.126475	10472	door 0 opened
2020-12-01 15:10:36.126790	10473	closing door 2
2020-12-01 15:10:37.246131	10474	door 2 closed
2020-12-01 15:10:37.246691	10475	opening door 1
2020-12-01 15:10:37.959470	10476	door 1 opened
2020-12-01 15:10:45.161917	10477	feeder 1 reached (273)
2020-12-01 15:10:45.162209	10478	closing door 1
2020-12-01 15:10:45.756470	10479	door 1 closed
2020-12-01 15:10:45.757082	10480	opening door 2
2020-12-01 15:10:46.498440	10481	door 2 opened
2020-12-01 15:10:46.498833	10482	closing door 0
2020-12-01 15:10:47.492346	10483	door 0 closed
2020-12-01 15:10:47.492851	10484	opening door 3
2020-12-01 15:10:48.253007	10485	door 3 opened
2020-12-01 15:11:04.136413	10486	feeder 2 reached (266)
2020-12-01 15:11:04.136849	10487	closing door 3
2020-12-01 15:11:04.833015	10488	door 3 closed
2020-12-01 15:11:04.833365	10489	opening door 0
2020-12-01 15:11:05.549344	10490	door 0 opened
2020-12-01 15:11:05.549638	10491	closing door 2
2020-12-01 15:11:06.726539	10492	door 2 closed
2020-12-01 15:11:06.726924	10493	opening door 1
2020-12-01 15:11:07.446203	10494	door 1 opened
2020-12-01 15:11:23.970618	10495	feeder 1 reached (274)
2020-12-01 15:11:23.971031	10496	closing door 1
2020-12-01 15:11:24.568718	10497	door 1 closed
2020-12-01 15:11:24.569147	10498	opening door 2
2020-12-01 15:11:25.279627	10499	door 2 opened
2020-12-01 15:11:25.279936	10500	closing door 0
2020-12-01 15:11:26.398612	10501	door 0 closed
2020-12-01 15:11:26.399009	10502	opening door 3
2020-12-01 15:11:27.160552	10503	door 3 opened
2020-12-01 15:12:15.190905	10504	feeder 2 reached (267)
2020-12-01 15:12:15.191245	10505	closing door 3
2020-12-01 15:12:15.887091	10506	door 3 closed
2020-12-01 15:12:15.887934	10507	opening door 0
2020-12-01 15:12:16.610717	10508	door 0 opened
2020-12-01 15:12:16.611014	10509	closing door 2
2020-12-01 15:12:17.609214	10510	door 2 closed
2020-12-01 15:12:17.609590	10511	opening door 1
2020-12-01 15:12:18.343165	10512	door 1 opened
2020-12-01 15:12:26.090882	10513	feeder 1 reached (275)
2020-12-01 15:12:26.091258	10514	closing door 1
2020-12-01 15:12:26.684859	10515	door 1 closed
2020-12-01 15:12:26.685317	10516	opening door 2
2020-12-01 15:12:27.388497	10517	door 2 opened
2020-12-01 15:12:27.388817	10518	closing door 0
2020-12-01 15:12:28.278464	10519	door 0 closed
2020-12-01 15:12:28.278773	10520	opening door 3
2020-12-01 15:12:29.043507	10521	door 3 opened
2020-12-01 15:12:37.301891	10522	feeder 2 reached (268)
2020-12-01 15:12:37.302168	10523	closing door 3
2020-12-01 15:12:38.004918	10524	door 3 closed
2020-12-01 15:12:38.005584	10525	opening door 0
2020-12-01 15:12:38.754943	10526	door 0 opened
2020-12-01 15:12:38.755323	10527	closing door 2
2020-12-01 15:12:39.721320	10528	door 2 closed
2020-12-01 15:12:39.722042	10529	opening door 1
2020-12-01 15:12:40.448807	10530	door 1 opened
2020-12-01 15:12:47.480879	10531	feeder 1 reached (276)
2020-12-01 15:12:47.481581	10532	closing door 1
2020-12-01 15:12:48.078799	10533	door 1 closed
2020-12-01 15:12:48.079488	10534	closing door 2
2020-12-01 15:12:48.168433	10535	door 2 closed
2020-12-01 15:12:48.169253	10536	closing door 0
2020-12-01 15:12:49.165553	10537	door 0 closed
2020-12-01 15:12:49.166224	10538	closing door 3
2020-12-01 15:12:49.345648	10539	door 3 closed
2020-12-01 15:12:49.346267	10540	ended experiment AL1_20_12_1
