2020-12-04 15:46:48.276091	13892	started experiment AL1_20_12_4_Open
2020-12-04 15:46:48.276490	13893	closing door 0
2020-12-04 15:46:48.758263	13894	door 0 closed
2020-12-04 15:46:48.758722	13895	closing door 1
2020-12-04 15:46:49.148031	13896	door 1 closed
2020-12-04 15:46:49.148346	13897	closing door 2
2020-12-04 15:46:49.307997	13898	door 2 closed
2020-12-04 15:46:49.310091	13899	closing door 3
2020-12-04 15:46:49.496577	13900	door 3 closed
2020-12-04 15:47:03.737196	13901	feeder 1 reached (127)
2020-12-04 15:47:03.737594	13902	closing door 1
2020-12-04 15:47:03.818379	13903	door 1 closed
2020-12-04 15:47:03.818773	13904	opening door 2
2020-12-04 15:47:04.529700	13905	door 2 opened
2020-12-04 15:47:04.530086	13906	closing door 0
2020-12-04 15:47:05.131112	13907	door 0 closed
2020-12-04 15:47:05.131499	13908	opening door 3
2020-12-04 15:47:05.887592	13909	door 3 opened
2020-12-04 15:48:18.326612	13910	feeder 2 reached (125)
2020-12-04 15:48:18.327011	13911	closing door 3
2020-12-04 15:48:19.022420	13912	door 3 closed
2020-12-04 15:48:19.022847	13913	opening door 0
2020-12-04 15:48:19.743512	13914	door 0 opened
2020-12-04 15:48:19.743984	13915	closing door 2
2020-12-04 15:48:20.697336	13916	door 2 closed
2020-12-04 15:48:20.697775	13917	opening door 1
2020-12-04 15:48:21.423909	13918	door 1 opened
2020-12-04 15:48:36.319170	13919	feeder 1 reached (128)
2020-12-04 15:48:36.319581	13920	closing door 1
2020-12-04 15:48:36.913539	13921	door 1 closed
2020-12-04 15:48:36.913938	13922	opening door 2
2020-12-04 15:48:37.607373	13923	door 2 opened
2020-12-04 15:48:37.607734	13924	closing door 0
2020-12-04 15:48:38.729689	13925	door 0 closed
2020-12-04 15:48:38.730079	13926	opening door 3
2020-12-04 15:48:39.462053	13927	door 3 opened
2020-12-04 15:48:56.767553	13928	feeder 2 reached (126)
2020-12-04 15:48:56.767974	13929	closing door 3
2020-12-04 15:48:57.464147	13930	door 3 closed
2020-12-04 15:48:57.464565	13931	opening door 0
2020-12-04 15:48:58.170311	13932	door 0 opened
2020-12-04 15:48:58.170729	13933	closing door 2
2020-12-04 15:48:59.214474	13934	door 2 closed
2020-12-04 15:48:59.214814	13935	opening door 1
2020-12-04 15:48:59.914810	13936	door 1 opened
2020-12-04 15:49:05.894535	13937	feeder 1 reached (129)
2020-12-04 15:49:05.895100	13938	closing door 1
2020-12-04 15:49:06.487155	13939	door 1 closed
2020-12-04 15:49:06.487508	13940	opening door 2
2020-12-04 15:49:07.183024	13941	door 2 opened
2020-12-04 15:49:07.183437	13942	closing door 0
2020-12-04 15:49:08.238769	13943	door 0 closed
2020-12-04 15:49:08.239165	13944	opening door 3
2020-12-04 15:49:09.005534	13945	door 3 opened
2020-12-04 15:49:26.680291	13946	feeder 2 reached (127)
2020-12-04 15:49:26.681027	13947	closing door 3
2020-12-04 15:49:27.384680	13948	door 3 closed
2020-12-04 15:49:27.385336	13949	opening door 0
2020-12-04 15:49:28.111053	13950	door 0 opened
2020-12-04 15:49:28.112045	13951	closing door 2
2020-12-04 15:49:29.099704	13952	door 2 closed
2020-12-04 15:49:29.100721	13953	opening door 1
2020-12-04 15:49:29.804918	13954	door 1 opened
2020-12-04 15:49:48.880209	13955	feeder 1 reached (130)
2020-12-04 15:49:48.880565	13956	closing door 1
2020-12-04 15:49:49.473597	13957	door 1 closed
2020-12-04 15:49:49.473942	13958	opening door 2
2020-12-04 15:49:50.168503	13959	door 2 opened
2020-12-04 15:49:50.168887	13960	closing door 0
2020-12-04 15:49:51.247317	13961	door 0 closed
2020-12-04 15:49:51.248053	13962	opening door 3
2020-12-04 15:49:52.010845	13963	door 3 opened
2020-12-04 15:49:58.752920	13964	feeder 2 reached (128)
2020-12-04 15:49:58.753301	13965	closing door 3
2020-12-04 15:49:59.451778	13966	door 3 closed
2020-12-04 15:49:59.452379	13967	opening door 0
2020-12-04 15:50:00.178606	13968	door 0 opened
2020-12-04 15:50:00.179017	13969	closing door 2
2020-12-04 15:50:01.056254	13970	door 2 closed
2020-12-04 15:50:01.056659	13971	opening door 1
2020-12-04 15:50:01.783889	13972	door 1 opened
2020-12-04 15:50:19.347757	13973	feeder 1 reached (131)
2020-12-04 15:50:19.348166	13974	closing door 1
2020-12-04 15:50:19.941028	13975	door 1 closed
2020-12-04 15:50:19.941387	13976	opening door 2
2020-12-04 15:50:20.675005	13977	door 2 opened
2020-12-04 15:50:20.675445	13978	closing door 0
2020-12-04 15:50:21.549981	13979	door 0 closed
2020-12-04 15:50:21.550346	13980	opening door 3
2020-12-04 15:50:22.312934	13981	door 3 opened
2020-12-04 15:50:53.515533	13982	feeder 2 reached (129)
2020-12-04 15:50:53.516027	13983	closing door 3
2020-12-04 15:50:54.216637	13984	door 3 closed
2020-12-04 15:50:54.217071	13985	opening door 0
2020-12-04 15:50:54.944246	13986	door 0 opened
2020-12-04 15:50:54.945169	13987	closing door 2
2020-12-04 15:50:55.927190	13988	door 2 closed
2020-12-04 15:50:55.927569	13989	opening door 1
2020-12-04 15:50:56.658988	13990	door 1 opened
2020-12-04 15:51:10.310675	13991	feeder 1 reached (132)
2020-12-04 15:51:10.311205	13992	closing door 1
2020-12-04 15:51:10.902419	13993	door 1 closed
2020-12-04 15:51:10.902832	13994	opening door 2
2020-12-04 15:51:11.609838	13995	door 2 opened
2020-12-04 15:51:11.610327	13996	closing door 0
2020-12-04 15:51:12.744540	13997	door 0 closed
2020-12-04 15:51:12.744987	13998	opening door 3
2020-12-04 15:51:13.497760	13999	door 3 opened
2020-12-04 15:51:25.260738	14000	feeder 2 reached (130)
2020-12-04 15:51:25.261298	14001	closing door 3
2020-12-04 15:51:25.975460	14002	door 3 closed
2020-12-04 15:51:25.975925	14003	opening door 0
2020-12-04 15:51:26.733074	14004	door 0 opened
2020-12-04 15:51:26.733538	14005	closing door 2
2020-12-04 15:51:27.883063	14006	door 2 closed
2020-12-04 15:51:27.883508	14007	opening door 1
2020-12-04 15:51:28.601962	14008	door 1 opened
2020-12-04 15:51:37.334780	14009	feeder 1 reached (133)
2020-12-04 15:51:37.335206	14010	closing door 1
2020-12-04 15:51:37.928252	14011	door 1 closed
2020-12-04 15:51:37.928618	14012	opening door 2
2020-12-04 15:51:38.623716	14013	door 2 opened
2020-12-04 15:51:38.624105	14014	closing door 0
2020-12-04 15:51:39.779073	14015	door 0 closed
2020-12-04 15:51:39.779514	14016	opening door 3
2020-12-04 15:51:40.534841	14017	door 3 opened
2020-12-04 15:52:03.151132	14018	feeder 2 reached (131)
2020-12-04 15:52:03.151515	14019	closing door 3
2020-12-04 15:52:03.847247	14020	door 3 closed
2020-12-04 15:52:03.847658	14021	opening door 0
2020-12-04 15:52:04.607622	14022	door 0 opened
2020-12-04 15:52:04.608038	14023	closing door 2
2020-12-04 15:52:05.582109	14024	door 2 closed
2020-12-04 15:52:05.582620	14025	opening door 1
2020-12-04 15:52:06.293427	14026	door 1 opened
2020-12-04 15:52:16.597416	14027	feeder 1 reached (134)
2020-12-04 15:52:16.597843	14028	closing door 1
2020-12-04 15:52:17.189362	14029	door 1 closed
2020-12-04 15:52:17.189779	14030	opening door 2
2020-12-04 15:52:17.915382	14031	door 2 opened
2020-12-04 15:52:17.915807	14032	closing door 0
2020-12-04 15:52:19.126144	14033	door 0 closed
2020-12-04 15:52:19.126569	14034	opening door 3
2020-12-04 15:52:19.878945	14035	door 3 opened
2020-12-04 15:52:34.106423	14036	feeder 2 reached (132)
2020-12-04 15:52:34.106847	14037	closing door 3
2020-12-04 15:52:34.807369	14038	door 3 closed
2020-12-04 15:52:34.807857	14039	opening door 0
2020-12-04 15:52:35.544413	14040	door 0 opened
2020-12-04 15:52:35.548810	14041	closing door 2
2020-12-04 15:52:36.730870	14042	door 2 closed
2020-12-04 15:52:36.731295	14043	opening door 1
2020-12-04 15:52:37.445500	14044	door 1 opened
2020-12-04 15:52:41.756379	14045	feeder 1 reached (135)
2020-12-04 15:52:41.756761	14046	closing door 1
2020-12-04 15:52:42.349815	14047	door 1 closed
2020-12-04 15:52:42.350257	14048	opening door 2
2020-12-04 15:52:43.073158	14049	door 2 opened
2020-12-04 15:52:43.073518	14050	closing door 0
2020-12-04 15:52:44.079870	14051	door 0 closed
2020-12-04 15:52:44.080284	14052	opening door 3
2020-12-04 15:52:44.817569	14053	door 3 opened
2020-12-04 15:53:07.189543	14054	feeder 2 reached (133)
2020-12-04 15:53:07.190156	14055	closing door 3
2020-12-04 15:53:07.896383	14056	door 3 closed
2020-12-04 15:53:07.896926	14057	opening door 0
2020-12-04 15:53:08.639679	14058	door 0 opened
2020-12-04 15:53:08.640134	14059	closing door 2
2020-12-04 15:53:09.465944	14060	door 2 closed
2020-12-04 15:53:09.466458	14061	opening door 1
2020-12-04 15:53:10.167090	14062	door 1 opened
2020-12-04 15:54:20.100825	14063	feeder 1 reached (136)
2020-12-04 15:54:20.101234	14064	closing door 1
2020-12-04 15:54:20.693808	14065	door 1 closed
2020-12-04 15:54:20.694260	14066	opening door 2
2020-12-04 15:54:21.421129	14067	door 2 opened
2020-12-04 15:54:21.421519	14068	closing door 0
2020-12-04 15:54:22.372068	14069	door 0 closed
2020-12-04 15:54:22.372399	14070	opening door 3
2020-12-04 15:54:23.120546	14071	door 3 opened
2020-12-04 15:54:31.041783	14072	feeder 2 reached (134)
2020-12-04 15:54:31.042193	14073	closing door 3
2020-12-04 15:54:31.739988	14074	door 3 closed
2020-12-04 15:54:31.740376	14075	opening door 0
2020-12-04 15:54:32.499759	14076	door 0 opened
2020-12-04 15:54:32.500161	14077	closing door 2
2020-12-04 15:54:33.454392	14078	door 2 closed
2020-12-04 15:54:33.454796	14079	opening door 1
2020-12-04 15:54:34.197673	14080	door 1 opened
2020-12-04 15:54:46.905395	14081	feeder 1 reached (137)
2020-12-04 15:54:46.905960	14082	closing door 1
2020-12-04 15:54:47.497128	14083	door 1 closed
2020-12-04 15:54:47.497606	14084	opening door 2
2020-12-04 15:54:48.222072	14085	door 2 opened
2020-12-04 15:54:48.222557	14086	closing door 0
2020-12-04 15:54:49.422868	14087	door 0 closed
2020-12-04 15:54:49.423298	14088	opening door 3
2020-12-04 15:54:50.200405	14089	door 3 opened
2020-12-04 15:54:59.578154	14090	feeder 2 reached (135)
2020-12-04 15:54:59.578542	14091	closing door 3
2020-12-04 15:55:00.279297	14092	door 3 closed
2020-12-04 15:55:00.279706	14093	opening door 0
2020-12-04 15:55:00.996997	14094	door 0 opened
2020-12-04 15:55:00.997434	14095	closing door 2
2020-12-04 15:55:02.107218	14096	door 2 closed
2020-12-04 15:55:02.107592	14097	opening door 1
2020-12-04 15:55:02.822537	14098	door 1 opened
2020-12-04 15:55:09.727446	14099	feeder 1 reached (138)
2020-12-04 15:55:09.727898	14100	closing door 1
2020-12-04 15:55:10.320624	14101	door 1 closed
2020-12-04 15:55:10.321032	14102	opening door 2
2020-12-04 15:55:11.011894	14103	door 2 opened
2020-12-04 15:55:11.012352	14104	closing door 0
2020-12-04 15:55:11.944041	14105	door 0 closed
2020-12-04 15:55:11.944453	14106	opening door 3
2020-12-04 15:55:12.714274	14107	door 3 opened
2020-12-04 15:55:30.001821	14108	feeder 2 reached (136)
2020-12-04 15:55:30.002220	14109	closing door 3
2020-12-04 15:55:30.700553	14110	door 3 closed
2020-12-04 15:55:30.700926	14111	opening door 0
2020-12-04 15:55:31.458551	14112	door 0 opened
2020-12-04 15:55:31.458940	14113	closing door 2
2020-12-04 15:55:32.424820	14114	door 2 closed
2020-12-04 15:55:32.427708	14115	opening door 1
2020-12-04 15:55:33.140335	14116	door 1 opened
2020-12-04 15:55:38.532549	14117	feeder 1 reached (139)
2020-12-04 15:55:38.532958	14118	closing door 1
2020-12-04 15:55:39.124637	14119	door 1 closed
2020-12-04 15:55:39.125034	14120	opening door 2
2020-12-04 15:55:39.814786	14121	door 2 opened
2020-12-04 15:55:39.815186	14122	closing door 0
2020-12-04 15:55:41.043583	14123	door 0 closed
2020-12-04 15:55:41.044013	14124	opening door 3
2020-12-04 15:55:41.788675	14125	door 3 opened
2020-12-04 15:55:49.241288	14126	feeder 2 reached (137)
2020-12-04 15:55:49.241685	14127	closing door 3
2020-12-04 15:55:49.939224	14128	door 3 closed
2020-12-04 15:55:49.939578	14129	opening door 0
2020-12-04 15:55:50.663674	14130	door 0 opened
2020-12-04 15:55:50.664082	14131	closing door 2
2020-12-04 15:55:51.697040	14132	door 2 closed
2020-12-04 15:55:51.697433	14133	opening door 1
2020-12-04 15:55:52.403498	14134	door 1 opened
2020-12-04 15:55:59.001948	14135	feeder 1 reached (140)
2020-12-04 15:55:59.002444	14136	closing door 1
2020-12-04 15:55:59.593426	14137	door 1 closed
2020-12-04 15:55:59.593995	14138	opening door 2
2020-12-04 15:56:00.288511	14139	door 2 opened
2020-12-04 15:56:00.288893	14140	closing door 0
2020-12-04 15:56:01.107141	14141	door 0 closed
2020-12-04 15:56:01.107528	14142	opening door 3
2020-12-04 15:56:01.856816	14143	door 3 opened
2020-12-04 15:56:21.204240	14144	feeder 2 reached (138)
2020-12-04 15:56:21.204654	14145	closing door 3
2020-12-04 15:56:21.906512	14146	door 3 closed
2020-12-04 15:56:21.906961	14147	opening door 0
2020-12-04 15:56:22.635062	14148	door 0 opened
2020-12-04 15:56:22.635520	14149	closing door 2
2020-12-04 15:56:23.612832	14150	door 2 closed
2020-12-04 15:56:23.613212	14151	opening door 1
2020-12-04 15:56:24.325255	14152	door 1 opened
2020-12-04 15:56:28.951560	14153	feeder 1 reached (141)
2020-12-04 15:56:28.951941	14154	closing door 1
2020-12-04 15:56:29.546957	14155	door 1 closed
2020-12-04 15:56:29.547339	14156	opening door 2
2020-12-04 15:56:30.246413	14157	door 2 opened
2020-12-04 15:56:30.246832	14158	closing door 0
2020-12-04 15:56:31.435577	14159	door 0 closed
2020-12-04 15:56:31.436068	14160	opening door 3
2020-12-04 15:56:32.179245	14161	door 3 opened
2020-12-04 15:56:47.418221	14162	feeder 2 reached (139)
2020-12-04 15:56:47.419364	14163	closing door 3
2020-12-04 15:56:48.124022	14164	door 3 closed
2020-12-04 15:56:48.124445	14165	opening door 0
2020-12-04 15:56:48.886584	14166	door 0 opened
2020-12-04 15:56:48.887047	14167	closing door 2
2020-12-04 15:56:49.829210	14168	door 2 closed
2020-12-04 15:56:49.829660	14169	opening door 1
2020-12-04 15:56:50.558359	14170	door 1 opened
2020-12-04 15:56:55.157736	14171	feeder 1 reached (142)
2020-12-04 15:56:55.158223	14172	closing door 1
2020-12-04 15:56:55.754133	14173	door 1 closed
2020-12-04 15:56:55.754573	14174	opening door 2
2020-12-04 15:56:56.450565	14175	door 2 opened
2020-12-04 15:56:56.450891	14176	closing door 0
2020-12-04 15:56:57.627852	14177	door 0 closed
2020-12-04 15:56:57.628224	14178	opening door 3
2020-12-04 15:56:58.378120	14179	door 3 opened
2020-12-04 15:57:23.053982	14180	feeder 2 reached (140)
2020-12-04 15:57:23.054422	14181	closing door 3
2020-12-04 15:57:23.758919	14182	door 3 closed
2020-12-04 15:57:23.759312	14183	opening door 0
2020-12-04 15:57:24.501475	14184	door 0 opened
2020-12-04 15:57:24.501886	14185	closing door 2
2020-12-04 15:57:25.486926	14186	door 2 closed
2020-12-04 15:57:25.487269	14187	opening door 1
2020-12-04 15:57:26.218692	14188	door 1 opened
2020-12-04 15:57:30.378423	14189	feeder 1 reached (143)
2020-12-04 15:57:30.378784	14190	closing door 1
2020-12-04 15:57:30.971576	14191	door 1 closed
2020-12-04 15:57:30.972053	14192	opening door 2
2020-12-04 15:57:31.663029	14193	door 2 opened
2020-12-04 15:57:31.663501	14194	closing door 0
2020-12-04 15:57:32.851717	14195	door 0 closed
2020-12-04 15:57:32.852170	14196	opening door 3
2020-12-04 15:57:33.604905	14197	door 3 opened
2020-12-04 15:57:42.287771	14198	feeder 2 reached (141)
2020-12-04 15:57:42.288243	14199	closing door 3
2020-12-04 15:57:42.984646	14200	door 3 closed
2020-12-04 15:57:42.985064	14201	opening door 0
2020-12-04 15:57:43.707138	14202	door 0 opened
2020-12-04 15:57:43.707574	14203	closing door 2
2020-12-04 15:57:44.736366	14204	door 2 closed
2020-12-04 15:57:44.736752	14205	opening door 1
2020-12-04 15:57:45.451847	14206	door 1 opened
2020-12-04 15:57:49.291539	14207	feeder 1 reached (144)
2020-12-04 15:57:49.292015	14208	closing door 1
2020-12-04 15:57:49.889404	14209	door 1 closed
2020-12-04 15:57:49.889824	14210	opening door 2
2020-12-04 15:57:50.620355	14211	door 2 opened
2020-12-04 15:57:50.620915	14212	closing door 0
2020-12-04 15:57:51.712409	14213	door 0 closed
2020-12-04 15:57:51.712796	14214	opening door 3
2020-12-04 15:57:52.463051	14215	door 3 opened
2020-12-04 15:58:34.554846	14216	feeder 2 reached (142)
2020-12-04 15:58:34.555294	14217	closing door 3
2020-12-04 15:58:35.259504	14218	door 3 closed
2020-12-04 15:58:35.259951	14219	opening door 0
2020-12-04 15:58:36.016453	14220	door 0 opened
2020-12-04 15:58:36.016810	14221	closing door 2
2020-12-04 15:58:37.161795	14222	door 2 closed
2020-12-04 15:58:37.162267	14223	opening door 1
2020-12-04 15:58:37.873656	14224	door 1 opened
2020-12-04 15:58:46.348750	14225	feeder 1 reached (145)
2020-12-04 15:58:46.349397	14226	closing door 1
2020-12-04 15:58:46.941808	14227	door 1 closed
2020-12-04 15:58:46.942201	14228	opening door 2
2020-12-04 15:58:47.635679	14229	door 2 opened
2020-12-04 15:58:47.636206	14230	closing door 0
2020-12-04 15:58:48.655518	14231	door 0 closed
2020-12-04 15:58:48.655931	14232	opening door 3
2020-12-04 15:58:49.404173	14233	door 3 opened
2020-12-04 15:58:59.634759	14234	feeder 2 reached (143)
2020-12-04 15:58:59.635149	14235	closing door 3
2020-12-04 15:59:00.333962	14236	door 3 closed
2020-12-04 15:59:00.334374	14237	opening door 0
2020-12-04 15:59:01.060259	14238	door 0 opened
2020-12-04 15:59:01.060634	14239	closing door 2
2020-12-04 15:59:02.138858	14240	door 2 closed
2020-12-04 15:59:02.139240	14241	opening door 1
2020-12-04 15:59:02.845965	14242	door 1 opened
2020-12-04 15:59:07.914688	14243	feeder 1 reached (146)
2020-12-04 15:59:07.915082	14244	closing door 1
2020-12-04 15:59:08.505704	14245	door 1 closed
2020-12-04 15:59:08.506255	14246	opening door 2
2020-12-04 15:59:09.201749	14247	door 2 opened
2020-12-04 15:59:09.202162	14248	closing door 0
2020-12-04 15:59:10.328841	14249	door 0 closed
2020-12-04 15:59:10.330269	14250	opening door 3
2020-12-04 15:59:11.086263	14251	door 3 opened
2020-12-04 15:59:32.491746	14252	feeder 2 reached (144)
2020-12-04 15:59:32.492227	14253	closing door 3
2020-12-04 15:59:33.194710	14254	door 3 closed
2020-12-04 15:59:33.195179	14255	opening door 0
2020-12-04 15:59:33.916641	14256	door 0 opened
2020-12-04 15:59:33.917025	14257	closing door 2
2020-12-04 15:59:34.928308	14258	door 2 closed
2020-12-04 15:59:34.928684	14259	opening door 1
2020-12-04 15:59:35.624338	14260	door 1 opened
2020-12-04 15:59:46.344421	14261	feeder 1 reached (147)
2020-12-04 15:59:46.344830	14262	closing door 1
2020-12-04 15:59:46.936914	14263	door 1 closed
2020-12-04 15:59:46.937282	14264	opening door 2
2020-12-04 15:59:47.631902	14265	door 2 opened
2020-12-04 15:59:47.632243	14266	closing door 0
2020-12-04 15:59:48.449254	14267	door 0 closed
2020-12-04 15:59:48.449655	14268	opening door 3
2020-12-04 15:59:49.196556	14269	door 3 opened
2020-12-04 16:00:41.095207	14270	feeder 2 reached (145)
2020-12-04 16:00:41.095633	14271	closing door 3
2020-12-04 16:00:41.798509	14272	door 3 closed
2020-12-04 16:00:41.798923	14273	opening door 0
2020-12-04 16:00:42.556852	14274	door 0 opened
2020-12-04 16:00:42.557288	14275	closing door 2
2020-12-04 16:00:43.708834	14276	door 2 closed
2020-12-04 16:00:43.709199	14277	opening door 1
2020-12-04 16:00:44.434276	14278	door 1 opened
2020-12-04 16:00:49.907062	14279	feeder 1 reached (148)
2020-12-04 16:00:49.907494	14280	closing door 1
2020-12-04 16:00:50.506034	14281	door 1 closed
2020-12-04 16:00:50.506423	14282	opening door 2
2020-12-04 16:00:51.231953	14283	door 2 opened
2020-12-04 16:00:51.232381	14284	closing door 0
2020-12-04 16:00:52.364954	14285	door 0 closed
2020-12-04 16:00:52.365403	14286	opening door 3
2020-12-04 16:00:53.108262	14287	door 3 opened
2020-12-04 16:01:02.748886	14288	feeder 2 reached (146)
2020-12-04 16:01:02.749565	14289	closing door 3
2020-12-04 16:01:03.446032	14290	door 3 closed
2020-12-04 16:01:03.446451	14291	opening door 0
2020-12-04 16:01:04.206490	14292	door 0 opened
2020-12-04 16:01:04.206879	14293	closing door 2
2020-12-04 16:01:05.034655	14294	door 2 closed
2020-12-04 16:01:05.035081	14295	opening door 1
2020-12-04 16:01:05.743853	14296	door 1 opened
2020-12-04 16:01:15.860229	14297	feeder 1 reached (149)
2020-12-04 16:01:15.862187	14298	closing door 1
2020-12-04 16:01:16.456476	14299	door 1 closed
2020-12-04 16:01:16.456890	14300	opening door 2
2020-12-04 16:01:17.188913	14301	door 2 opened
2020-12-04 16:01:17.189346	14302	closing door 0
2020-12-04 16:01:18.135717	14303	door 0 closed
2020-12-04 16:01:18.136103	14304	opening door 3
2020-12-04 16:01:18.898963	14305	door 3 opened
2020-12-04 16:01:35.117199	14306	feeder 2 reached (147)
2020-12-04 16:01:35.117661	14307	closing door 3
2020-12-04 16:01:35.816416	14308	door 3 closed
2020-12-04 16:01:35.816811	14309	opening door 0
2020-12-04 16:01:36.573359	14310	door 0 opened
2020-12-04 16:01:36.573766	14311	closing door 2
2020-12-04 16:01:37.385401	14312	door 2 closed
2020-12-04 16:01:37.385837	14313	opening door 1
2020-12-04 16:01:38.086973	14314	door 1 opened
2020-12-04 16:02:03.941750	14315	feeder 1 reached (150)
2020-12-04 16:02:03.942106	14316	closing door 1
2020-12-04 16:02:04.535858	14317	door 1 closed
2020-12-04 16:02:04.536267	14318	opening door 2
2020-12-04 16:02:05.232159	14319	door 2 opened
2020-12-04 16:02:05.232573	14320	closing door 0
2020-12-04 16:02:06.075225	14321	door 0 closed
2020-12-04 16:02:06.075622	14322	opening door 3
2020-12-04 16:02:06.828965	14323	door 3 opened
2020-12-04 16:02:28.936731	14324	feeder 2 reached (148)
2020-12-04 16:02:28.937083	14325	closing door 3
2020-12-04 16:02:29.638540	14326	door 3 closed
2020-12-04 16:02:29.638959	14327	opening door 0
2020-12-04 16:02:30.363828	14328	door 0 opened
2020-12-04 16:02:30.364266	14329	closing door 2
2020-12-04 16:02:31.453634	14330	door 2 closed
2020-12-04 16:02:31.454063	14331	opening door 1
2020-12-04 16:02:32.156866	14332	door 1 opened
2020-12-04 16:02:43.089447	14333	feeder 1 reached (151)
2020-12-04 16:02:43.089846	14334	closing door 1
2020-12-04 16:02:43.688856	14335	door 1 closed
2020-12-04 16:02:43.689279	14336	opening door 2
2020-12-04 16:02:44.375138	14337	door 2 opened
2020-12-04 16:02:44.375595	14338	closing door 0
2020-12-04 16:02:45.378405	14339	door 0 closed
2020-12-04 16:02:45.378949	14340	opening door 3
2020-12-04 16:02:46.124920	14341	door 3 opened
2020-12-04 16:02:49.512843	14342	feeder 2 reached (149)
2020-12-04 16:02:49.516598	14343	closing door 3
2020-12-04 16:02:50.228258	14344	door 3 closed
2020-12-04 16:02:50.228662	14345	opening door 0
2020-12-04 16:02:50.977930	14346	door 0 opened
2020-12-04 16:02:50.978304	14347	closing door 2
2020-12-04 16:02:51.937002	14348	door 2 closed
2020-12-04 16:02:51.937481	14349	opening door 1
2020-12-04 16:02:52.648972	14350	door 1 opened
2020-12-04 16:02:58.058579	14351	feeder 1 reached (152)
2020-12-04 16:02:58.058951	14352	closing door 1
2020-12-04 16:02:58.651513	14353	door 1 closed
2020-12-04 16:02:58.651979	14354	opening door 2
2020-12-04 16:02:59.346552	14355	door 2 opened
2020-12-04 16:02:59.346956	14356	closing door 0
2020-12-04 16:03:00.545789	14357	door 0 closed
2020-12-04 16:03:00.546194	14358	opening door 3
2020-12-04 16:03:01.290333	14359	door 3 opened
2020-12-04 16:03:05.054115	14360	feeder 2 reached (150)
2020-12-04 16:03:05.054538	14361	closing door 3
2020-12-04 16:03:05.759311	14362	door 3 closed
2020-12-04 16:03:05.759736	14363	opening door 0
2020-12-04 16:03:06.496181	14364	door 0 opened
2020-12-04 16:03:06.496765	14365	closing door 2
2020-12-04 16:03:07.516116	14366	door 2 closed
2020-12-04 16:03:07.516522	14367	opening door 1
2020-12-04 16:03:08.236690	14368	door 1 opened
2020-12-04 16:03:16.284747	14369	feeder 1 reached (153)
2020-12-04 16:03:16.285148	14370	closing door 1
2020-12-04 16:03:16.949649	14371	door 1 closed
2020-12-04 16:03:16.950025	14372	opening door 2
2020-12-04 16:03:17.671622	14373	door 2 opened
2020-12-04 16:03:17.672048	14374	closing door 0
2020-12-04 16:03:18.575617	14375	door 0 closed
2020-12-04 16:03:18.576027	14376	opening door 3
2020-12-04 16:03:19.327927	14377	door 3 opened
2020-12-04 16:03:50.663701	14378	feeder 2 reached (151)
2020-12-04 16:03:50.664114	14379	closing door 3
2020-12-04 16:03:51.359863	14380	door 3 closed
2020-12-04 16:03:51.360264	14381	opening door 0
2020-12-04 16:03:52.081802	14382	door 0 opened
2020-12-04 16:03:52.082212	14383	closing door 2
2020-12-04 16:03:52.973564	14384	door 2 closed
2020-12-04 16:03:52.973980	14385	opening door 1
2020-12-04 16:03:53.673396	14386	door 1 opened
2020-12-04 16:03:59.165616	14387	feeder 1 reached (154)
2020-12-04 16:03:59.165971	14388	closing door 1
2020-12-04 16:03:59.759729	14389	door 1 closed
2020-12-04 16:03:59.760128	14390	opening door 2
2020-12-04 16:04:00.457418	14391	door 2 opened
2020-12-04 16:04:00.457846	14392	closing door 0
2020-12-04 16:04:01.568949	14393	door 0 closed
2020-12-04 16:04:01.569389	14394	opening door 3
2020-12-04 16:04:02.303874	14395	door 3 opened
2020-12-04 16:04:16.673467	14396	feeder 2 reached (152)
2020-12-04 16:04:16.673816	14397	closing door 3
2020-12-04 16:04:17.378689	14398	door 3 closed
2020-12-04 16:04:17.379112	14399	opening door 0
2020-12-04 16:04:18.138253	14400	door 0 opened
2020-12-04 16:04:18.138549	14401	closing door 2
2020-12-04 16:04:19.182530	14402	door 2 closed
2020-12-04 16:04:19.182957	14403	opening door 1
2020-12-04 16:04:19.902141	14404	door 1 opened
2020-12-04 16:04:35.882342	14405	feeder 1 reached (155)
2020-12-04 16:04:35.882741	14406	closing door 1
2020-12-04 16:04:36.476862	14407	door 1 closed
2020-12-04 16:04:36.477250	14408	opening door 2
2020-12-04 16:04:37.166921	14409	door 2 opened
2020-12-04 16:04:37.167311	14410	closing door 0
2020-12-04 16:04:38.024272	14411	door 0 closed
2020-12-04 16:04:38.024678	14412	opening door 3
2020-12-04 16:04:38.779294	14413	door 3 opened
2020-12-04 16:04:56.082702	14414	feeder 2 reached (153)
2020-12-04 16:04:56.083145	14415	closing door 3
2020-12-04 16:04:56.784207	14416	door 3 closed
2020-12-04 16:04:56.784645	14417	opening door 0
2020-12-04 16:04:57.508527	14418	door 0 opened
2020-12-04 16:04:57.508979	14419	closing door 2
2020-12-04 16:04:58.486954	14420	door 2 closed
2020-12-04 16:04:58.487356	14421	opening door 1
2020-12-04 16:04:59.192289	14422	door 1 opened
2020-12-04 16:05:04.687105	14423	feeder 1 reached (156)
2020-12-04 16:05:04.687502	14424	closing door 1
2020-12-04 16:05:05.280176	14425	door 1 closed
2020-12-04 16:05:05.280546	14426	opening door 2
2020-12-04 16:05:05.984040	14427	door 2 opened
2020-12-04 16:05:05.984561	14428	closing door 0
2020-12-04 16:05:07.123198	14429	door 0 closed
2020-12-04 16:05:07.123568	14430	opening door 3
2020-12-04 16:05:07.869166	14431	door 3 opened
2020-12-04 16:05:15.149498	14432	feeder 2 reached (154)
2020-12-04 16:05:15.149946	14433	closing door 3
2020-12-04 16:05:15.854993	14434	door 3 closed
2020-12-04 16:05:15.855383	14435	opening door 0
2020-12-04 16:05:16.608748	14436	door 0 opened
2020-12-04 16:05:16.609214	14437	closing door 2
2020-12-04 16:05:17.761011	14438	door 2 closed
2020-12-04 16:05:17.761409	14439	opening door 1
2020-12-04 16:05:18.456555	14440	door 1 opened
2020-12-04 16:05:23.937232	14441	feeder 1 reached (157)
2020-12-04 16:05:23.937654	14442	closing door 1
2020-12-04 16:05:24.529991	14443	door 1 closed
2020-12-04 16:05:24.530365	14444	opening door 2
2020-12-04 16:05:25.222848	14445	door 2 opened
2020-12-04 16:05:25.223232	14446	closing door 0
2020-12-04 16:05:26.374555	14447	door 0 closed
2020-12-04 16:05:26.374973	14448	opening door 3
2020-12-04 16:05:27.124638	14449	door 3 opened
2020-12-04 16:05:41.958716	14450	feeder 2 reached (155)
2020-12-04 16:05:41.959080	14451	closing door 3
2020-12-04 16:05:42.656307	14452	door 3 closed
2020-12-04 16:05:42.656684	14453	opening door 0
2020-12-04 16:05:43.381191	14454	door 0 opened
2020-12-04 16:05:43.381677	14455	closing door 2
2020-12-04 16:05:44.383723	14456	door 2 closed
2020-12-04 16:05:44.384157	14457	opening door 1
2020-12-04 16:05:45.096202	14458	door 1 opened
2020-12-04 16:05:50.970314	14459	feeder 1 reached (158)
2020-12-04 16:05:50.970686	14460	closing door 1
2020-12-04 16:05:51.562394	14461	door 1 closed
2020-12-04 16:05:51.562802	14462	opening door 2
2020-12-04 16:05:52.253257	14463	door 2 opened
2020-12-04 16:05:52.253659	14464	closing door 0
2020-12-04 16:05:53.391068	14465	door 0 closed
2020-12-04 16:05:53.391486	14466	opening door 3
2020-12-04 16:05:54.160995	14467	door 3 opened
2020-12-04 16:06:56.888528	14468	feeder 2 reached (156)
2020-12-04 16:06:56.889414	14469	closing door 3
2020-12-04 16:06:57.604348	14470	door 3 closed
2020-12-04 16:06:57.604799	14471	opening door 0
2020-12-04 16:06:58.330626	14472	door 0 opened
2020-12-04 16:06:58.331009	14473	closing door 2
2020-12-04 16:06:59.336302	14474	door 2 closed
2020-12-04 16:06:59.336809	14475	opening door 1
2020-12-04 16:07:00.054792	14476	door 1 opened
2020-12-04 16:07:11.931935	14477	feeder 1 reached (159)
2020-12-04 16:07:11.932376	14478	closing door 1
2020-12-04 16:07:12.525469	14479	door 1 closed
2020-12-04 16:07:12.525900	14480	opening door 2
2020-12-04 16:07:13.246789	14481	door 2 opened
2020-12-04 16:07:13.247188	14482	closing door 0
2020-12-04 16:07:14.088327	14483	door 0 closed
2020-12-04 16:07:14.088675	14484	opening door 3
2020-12-04 16:07:14.829655	14485	door 3 opened
2020-12-04 16:08:57.986435	14486	feeder 2 reached (157)
2020-12-04 16:08:57.986793	14487	closing door 3
2020-12-04 16:08:58.691044	14488	door 3 closed
2020-12-04 16:08:58.691512	14489	opening door 0
2020-12-04 16:08:59.432655	14490	door 0 opened
2020-12-04 16:08:59.433088	14491	closing door 2
2020-12-04 16:09:00.580208	14492	door 2 closed
2020-12-04 16:09:00.580574	14493	opening door 1
2020-12-04 16:09:01.284446	14494	door 1 opened
2020-12-04 16:09:06.496789	14495	feeder 1 reached (160)
2020-12-04 16:09:06.497324	14496	closing door 1
2020-12-04 16:09:07.089962	14497	door 1 closed
2020-12-04 16:09:07.090348	14498	opening door 2
2020-12-04 16:09:07.786814	14499	door 2 opened
2020-12-04 16:09:07.787249	14500	closing door 0
2020-12-04 16:09:08.784345	14501	door 0 closed
2020-12-04 16:09:08.784777	14502	opening door 3
2020-12-04 16:09:09.542711	14503	door 3 opened
2020-12-04 16:10:37.729432	14504	feeder 2 reached (158)
2020-12-04 16:10:37.729781	14505	closing door 3
2020-12-04 16:10:38.427295	14506	door 3 closed
2020-12-04 16:10:38.427662	14507	opening door 0
2020-12-04 16:10:39.153856	14508	door 0 opened
2020-12-04 16:10:39.154234	14509	closing door 2
2020-12-04 16:10:40.125239	14510	door 2 closed
2020-12-04 16:10:40.125604	14511	opening door 1
2020-12-04 16:10:40.837765	14512	door 1 opened
2020-12-04 16:11:22.470420	14513	feeder 1 reached (161)
2020-12-04 16:11:22.470775	14514	closing door 1
2020-12-04 16:11:23.066534	14515	door 1 closed
2020-12-04 16:11:23.066955	14516	opening door 2
2020-12-04 16:11:23.765710	14517	door 2 opened
2020-12-04 16:11:23.766118	14518	closing door 0
2020-12-04 16:11:24.784819	14519	door 0 closed
2020-12-04 16:11:24.785298	14520	opening door 3
2020-12-04 16:11:25.521257	14521	door 3 opened
2020-12-04 16:12:15.293648	14522	feeder 2 reached (159)
2020-12-04 16:12:15.294062	14523	closing door 3
2020-12-04 16:12:15.998553	14524	door 3 closed
2020-12-04 16:12:15.999022	14525	opening door 0
2020-12-04 16:12:16.733603	14526	door 0 opened
2020-12-04 16:12:16.734052	14527	closing door 2
2020-12-04 16:12:17.634261	14528	door 2 closed
2020-12-04 16:12:17.634666	14529	opening door 1
2020-12-04 16:12:18.543152	14530	door 1 opened
2020-12-04 16:12:24.665200	14531	feeder 1 reached (162)
2020-12-04 16:12:24.670155	14532	closing door 1
2020-12-04 16:12:25.266929	14533	door 1 closed
2020-12-04 16:12:25.267399	14534	opening door 2
2020-12-04 16:12:25.984273	14535	door 2 opened
2020-12-04 16:12:25.984727	14536	closing door 0
2020-12-04 16:12:27.063614	14537	door 0 closed
2020-12-04 16:12:27.064058	14538	opening door 3
2020-12-04 16:12:27.834963	14539	door 3 opened
2020-12-04 16:12:38.123282	14540	feeder 2 reached (160)
2020-12-04 16:12:38.123691	14541	closing door 3
2020-12-04 16:12:38.818851	14542	door 3 closed
2020-12-04 16:12:38.819220	14543	opening door 0
2020-12-04 16:12:39.544286	14544	door 0 opened
2020-12-04 16:12:39.544670	14545	closing door 2
2020-12-04 16:12:40.539539	14546	door 2 closed
2020-12-04 16:12:40.540019	14547	opening door 1
2020-12-04 16:12:41.241200	14548	door 1 opened
2020-12-04 16:12:45.855335	14549	feeder 1 reached (163)
2020-12-04 16:12:45.855706	14550	closing door 1
2020-12-04 16:12:46.452973	14551	door 1 closed
2020-12-04 16:12:46.453344	14552	opening door 2
2020-12-04 16:12:47.158481	14553	door 2 opened
2020-12-04 16:12:47.158951	14554	closing door 0
2020-12-04 16:12:48.343254	14555	door 0 closed
2020-12-04 16:12:48.343648	14556	opening door 3
2020-12-04 16:12:49.091973	14557	door 3 opened
2020-12-04 16:13:05.157035	14558	feeder 2 reached (161)
2020-12-04 16:13:05.157439	14559	closing door 3
2020-12-04 16:13:05.860837	14560	door 3 closed
2020-12-04 16:13:05.861224	14561	opening door 0
2020-12-04 16:13:06.630926	14562	door 0 opened
2020-12-04 16:13:06.631299	14563	closing door 2
2020-12-04 16:13:07.595255	14564	door 2 closed
2020-12-04 16:13:07.595653	14565	opening door 1
2020-12-04 16:13:08.297980	14566	door 1 opened
2020-12-04 16:13:13.308504	14567	feeder 1 reached (164)
2020-12-04 16:13:13.308902	14568	closing door 1
2020-12-04 16:13:13.901016	14569	door 1 closed
2020-12-04 16:13:13.901397	14570	opening door 2
2020-12-04 16:13:14.592323	14571	door 2 opened
2020-12-04 16:13:14.592727	14572	closing door 0
2020-12-04 16:13:15.792157	14573	door 0 closed
2020-12-04 16:13:15.792567	14574	opening door 3
2020-12-04 16:13:16.522695	14575	door 3 opened
2020-12-04 16:13:35.654595	14576	feeder 2 reached (162)
2020-12-04 16:13:35.655007	14577	closing door 3
2020-12-04 16:13:36.357505	14578	door 3 closed
2020-12-04 16:13:36.357920	14579	opening door 0
2020-12-04 16:13:37.099086	14580	door 0 opened
2020-12-04 16:13:37.099496	14581	closing door 2
2020-12-04 16:13:38.283686	14582	door 2 closed
2020-12-04 16:13:38.284198	14583	opening door 1
2020-12-04 16:13:39.003928	14584	door 1 opened
2020-12-04 16:13:47.493831	14585	feeder 1 reached (165)
2020-12-04 16:13:47.494235	14586	closing door 1
2020-12-04 16:13:48.085812	14587	door 1 closed
2020-12-04 16:13:48.086217	14588	opening door 2
2020-12-04 16:13:48.776274	14589	door 2 opened
2020-12-04 16:13:48.776693	14590	closing door 0
2020-12-04 16:13:49.779133	14591	door 0 closed
2020-12-04 16:13:49.779569	14592	opening door 3
2020-12-04 16:13:50.523383	14593	door 3 opened
2020-12-04 16:14:16.712482	14594	feeder 2 reached (163)
2020-12-04 16:14:16.712943	14595	closing door 3
2020-12-04 16:14:17.415197	14596	door 3 closed
2020-12-04 16:14:17.415607	14597	opening door 0
2020-12-04 16:14:18.175728	14598	door 0 opened
2020-12-04 16:14:18.176192	14599	closing door 2
2020-12-04 16:14:19.243689	14600	door 2 closed
2020-12-04 16:14:19.244115	14601	opening door 1
2020-12-04 16:14:19.944507	14602	door 1 opened
2020-12-04 16:14:26.283349	14603	feeder 1 reached (166)
2020-12-04 16:14:26.283755	14604	closing door 1
2020-12-04 16:14:26.869115	14605	door 1 closed
2020-12-04 16:14:26.869543	14606	opening door 2
2020-12-04 16:14:27.596383	14607	door 2 opened
2020-12-04 16:14:27.596756	14608	closing door 0
2020-12-04 16:14:28.694806	14609	door 0 closed
2020-12-04 16:14:28.695191	14610	opening door 3
2020-12-04 16:14:29.456460	14611	door 3 opened
2020-12-04 16:14:51.940651	14612	feeder 2 reached (164)
2020-12-04 16:14:51.941076	14613	closing door 3
2020-12-04 16:14:52.638715	14614	door 3 closed
2020-12-04 16:14:52.639119	14615	opening door 0
2020-12-04 16:14:53.361427	14616	door 0 opened
2020-12-04 16:14:53.361871	14617	closing door 2
2020-12-04 16:14:54.485664	14618	door 2 closed
2020-12-04 16:14:54.486039	14619	opening door 1
2020-12-04 16:14:55.217974	14620	door 1 opened
2020-12-04 16:15:03.165936	14621	feeder 1 reached (167)
2020-12-04 16:15:03.166383	14622	closing door 1
2020-12-04 16:15:03.756490	14623	door 1 closed
2020-12-04 16:15:03.756903	14624	opening door 2
2020-12-04 16:15:04.455994	14625	door 2 opened
2020-12-04 16:15:04.456480	14626	closing door 0
2020-12-04 16:15:05.551033	14627	door 0 closed
2020-12-04 16:15:05.551390	14628	opening door 3
2020-12-04 16:15:06.300289	14629	door 3 opened
2020-12-04 16:15:32.617045	14630	feeder 2 reached (165)
2020-12-04 16:15:32.617432	14631	closing door 3
2020-12-04 16:15:33.323947	14632	door 3 closed
2020-12-04 16:15:33.324311	14633	opening door 0
2020-12-04 16:15:34.074003	14634	door 0 opened
2020-12-04 16:15:34.074365	14635	closing door 2
2020-12-04 16:15:35.032333	14636	door 2 closed
2020-12-04 16:15:35.032705	14637	opening door 1
2020-12-04 16:15:35.742207	14638	door 1 opened
2020-12-04 16:15:40.375533	14639	feeder 1 reached (168)
2020-12-04 16:15:40.375905	14640	closing door 1
2020-12-04 16:15:40.973133	14641	door 1 closed
2020-12-04 16:15:40.973767	14642	opening door 2
2020-12-04 16:15:41.671958	14643	door 2 opened
2020-12-04 16:15:41.672389	14644	closing door 0
2020-12-04 16:15:42.812439	14645	door 0 closed
2020-12-04 16:15:42.812789	14646	opening door 3
2020-12-04 16:15:43.568107	14647	door 3 opened
2020-12-04 16:15:48.849907	14648	feeder 2 reached (166)
2020-12-04 16:15:48.850262	14649	closing door 3
2020-12-04 16:15:49.558392	14650	door 3 closed
2020-12-04 16:15:49.558803	14651	opening door 0
2020-12-04 16:15:50.289526	14652	door 0 opened
2020-12-04 16:15:50.289894	14653	closing door 2
2020-12-04 16:15:51.425677	14654	door 2 closed
2020-12-04 16:15:51.426104	14655	opening door 1
2020-12-04 16:15:52.144874	14656	door 1 opened
2020-12-04 16:16:08.195105	14657	feeder 1 reached (169)
2020-12-04 16:16:08.195473	14658	closing door 1
2020-12-04 16:16:08.786931	14659	door 1 closed
2020-12-04 16:16:08.787267	14660	opening door 2
2020-12-04 16:16:09.479805	14661	door 2 opened
2020-12-04 16:16:09.480285	14662	closing door 0
2020-12-04 16:16:10.693367	14663	door 0 closed
2020-12-04 16:16:10.693736	14664	opening door 3
2020-12-04 16:16:11.446636	14665	door 3 opened
2020-12-04 16:16:19.725536	14666	feeder 2 reached (167)
2020-12-04 16:16:19.726068	14667	closing door 3
2020-12-04 16:16:20.424131	14668	door 3 closed
2020-12-04 16:16:20.424526	14669	opening door 0
2020-12-04 16:16:21.147608	14670	door 0 opened
2020-12-04 16:16:21.148011	14671	closing door 2
2020-12-04 16:16:22.564253	14672	door 2 closed
2020-12-04 16:16:22.564619	14673	opening door 1
2020-12-04 16:16:23.277960	14674	door 1 opened
2020-12-04 16:16:40.252281	14675	feeder 1 reached (170)
2020-12-04 16:16:40.252700	14676	closing door 1
2020-12-04 16:16:40.844519	14677	door 1 closed
2020-12-04 16:16:40.845048	14678	opening door 2
2020-12-04 16:16:41.533250	14679	door 2 opened
2020-12-04 16:16:41.533617	14680	closing door 0
2020-12-04 16:16:42.620111	14681	door 0 closed
2020-12-04 16:16:42.620543	14682	opening door 3
2020-12-04 16:16:43.371554	14683	door 3 opened
2020-12-04 16:17:12.266758	14684	feeder 2 reached (168)
2020-12-04 16:17:12.267179	14685	closing door 3
2020-12-04 16:17:12.963663	14686	door 3 closed
2020-12-04 16:17:12.964072	14687	opening door 0
2020-12-04 16:17:13.694116	14688	door 0 opened
2020-12-04 16:17:13.694524	14689	closing door 2
2020-12-04 16:17:14.574651	14690	door 2 closed
2020-12-04 16:17:14.575033	14691	opening door 1
2020-12-04 16:17:15.282287	14692	door 1 opened
2020-12-04 16:17:21.506220	14693	feeder 1 reached (171)
2020-12-04 16:17:21.506655	14694	closing door 1
2020-12-04 16:17:22.099335	14695	door 1 closed
2020-12-04 16:17:22.099710	14696	opening door 2
2020-12-04 16:17:22.795497	14697	door 2 opened
2020-12-04 16:17:22.795890	14698	closing door 0
2020-12-04 16:17:24.004558	14699	door 0 closed
2020-12-04 16:17:24.004940	14700	opening door 3
2020-12-04 16:17:24.753765	14701	door 3 opened
2020-12-04 16:17:31.839649	14702	feeder 2 reached (169)
2020-12-04 16:17:31.840110	14703	closing door 3
2020-12-04 16:17:32.540863	14704	door 3 closed
2020-12-04 16:17:32.541283	14705	opening door 0
2020-12-04 16:17:33.279636	14706	door 0 opened
2020-12-04 16:17:33.280123	14707	closing door 2
2020-12-04 16:17:34.263408	14708	door 2 closed
2020-12-04 16:17:34.263834	14709	opening door 1
2020-12-04 16:17:34.976900	14710	door 1 opened
2020-12-04 16:17:39.883457	14711	feeder 1 reached (172)
2020-12-04 16:17:39.883853	14712	closing door 1
2020-12-04 16:17:40.477044	14713	door 1 closed
2020-12-04 16:17:40.477460	14714	opening door 2
2020-12-04 16:17:41.172623	14715	door 2 opened
2020-12-04 16:17:41.173189	14716	closing door 0
2020-12-04 16:17:42.033187	14717	door 0 closed
2020-12-04 16:17:42.033582	14718	opening door 3
2020-12-04 16:17:42.779884	14719	door 3 opened
2020-12-04 16:17:50.291152	14720	feeder 2 reached (170)
2020-12-04 16:17:50.291545	14721	closing door 3
2020-12-04 16:17:50.993093	14722	door 3 closed
2020-12-04 16:17:50.993497	14723	opening door 0
2020-12-04 16:17:51.760516	14724	door 0 opened
2020-12-04 16:17:51.760908	14725	closing door 2
2020-12-04 16:17:52.643098	14726	door 2 closed
2020-12-04 16:17:52.643507	14727	opening door 1
2020-12-04 16:17:53.352696	14728	door 1 opened
2020-12-04 16:17:57.873147	14729	feeder 1 reached (173)
2020-12-04 16:17:57.873517	14730	closing door 1
2020-12-04 16:17:58.465677	14731	door 1 closed
2020-12-04 16:17:58.466064	14732	opening door 2
2020-12-04 16:17:59.160943	14733	door 2 opened
2020-12-04 16:17:59.161343	14734	closing door 0
2020-12-04 16:18:00.031608	14735	door 0 closed
2020-12-04 16:18:00.032148	14736	opening door 3
2020-12-04 16:18:00.779723	14737	door 3 opened
2020-12-04 16:18:05.700421	14738	feeder 2 reached (171)
2020-12-04 16:18:05.700798	14739	closing door 3
2020-12-04 16:18:06.402101	14740	door 3 closed
2020-12-04 16:18:06.402510	14741	opening door 0
2020-12-04 16:18:07.150236	14742	door 0 opened
2020-12-04 16:18:07.150610	14743	closing door 2
2020-12-04 16:18:08.216894	14744	door 2 closed
2020-12-04 16:18:08.217287	14745	opening door 1
2020-12-04 16:18:08.918264	14746	door 1 opened
2020-12-04 16:18:13.186954	14747	feeder 1 reached (174)
2020-12-04 16:18:13.187342	14748	closing door 1
2020-12-04 16:18:13.779294	14749	door 1 closed
2020-12-04 16:18:13.779765	14750	opening door 2
2020-12-04 16:18:14.516963	14751	door 2 opened
2020-12-04 16:18:14.517382	14752	closing door 0
2020-12-04 16:18:15.624268	14753	door 0 closed
2020-12-04 16:18:15.624676	14754	opening door 3
2020-12-04 16:18:16.349949	14755	door 3 opened
2020-12-04 16:18:21.420631	14756	feeder 2 reached (172)
2020-12-04 16:18:21.421018	14757	closing door 3
2020-12-04 16:18:22.118496	14758	door 3 closed
2020-12-04 16:18:22.119038	14759	opening door 0
2020-12-04 16:18:22.845808	14760	door 0 opened
2020-12-04 16:18:22.846203	14761	closing door 2
2020-12-04 16:18:23.782632	14762	door 2 closed
2020-12-04 16:18:23.783094	14763	opening door 1
2020-12-04 16:18:24.492871	14764	door 1 opened
2020-12-04 16:18:29.407247	14765	feeder 1 reached (175)
2020-12-04 16:18:29.407654	14766	closing door 1
2020-12-04 16:18:29.999675	14767	door 1 closed
2020-12-04 16:18:30.000096	14768	opening door 2
2020-12-04 16:18:30.712255	14769	door 2 opened
2020-12-04 16:18:30.712676	14770	closing door 0
2020-12-04 16:18:31.608805	14771	door 0 closed
2020-12-04 16:18:31.609214	14772	opening door 3
2020-12-04 16:18:32.353657	14773	door 3 opened
2020-12-04 16:18:50.674827	14774	feeder 2 reached (173)
2020-12-04 16:18:50.675221	14775	closing door 3
2020-12-04 16:18:51.373802	14776	door 3 closed
2020-12-04 16:18:51.374223	14777	opening door 0
2020-12-04 16:18:52.097583	14778	door 0 opened
2020-12-04 16:18:52.098058	14779	closing door 2
2020-12-04 16:18:53.276973	14780	door 2 closed
2020-12-04 16:18:53.277349	14781	opening door 1
2020-12-04 16:18:53.982940	14782	door 1 opened
2020-12-04 16:20:11.972230	14783	feeder 1 reached (176)
2020-12-04 16:20:11.972758	14784	closing door 1
2020-12-04 16:20:12.567098	14785	door 1 closed
2020-12-04 16:20:12.567538	14786	opening door 2
2020-12-04 16:20:13.294838	14787	door 2 opened
2020-12-04 16:20:13.295285	14788	closing door 0
2020-12-04 16:20:14.436388	14789	door 0 closed
2020-12-04 16:20:14.436779	14790	opening door 3
2020-12-04 16:20:15.179453	14791	door 3 opened
2020-12-04 16:20:20.946248	14792	feeder 2 reached (174)
2020-12-04 16:20:20.946642	14793	closing door 3
2020-12-04 16:20:21.645930	14794	door 3 closed
2020-12-04 16:20:21.646435	14795	opening door 0
2020-12-04 16:20:22.412183	14796	door 0 opened
2020-12-04 16:20:22.412643	14797	closing door 2
2020-12-04 16:20:23.406960	14798	door 2 closed
2020-12-04 16:20:23.407372	14799	opening door 1
2020-12-04 16:20:24.099032	14800	door 1 opened
2020-12-04 16:20:32.319601	14801	feeder 1 reached (177)
2020-12-04 16:20:32.319983	14802	closing door 1
2020-12-04 16:20:32.919403	14803	door 1 closed
2020-12-04 16:20:32.919707	14804	opening door 2
2020-12-04 16:20:33.615242	14805	door 2 opened
2020-12-04 16:20:33.615707	14806	closing door 0
2020-12-04 16:20:34.483912	14807	door 0 closed
2020-12-04 16:20:34.484305	14808	opening door 3
2020-12-04 16:20:35.233670	14809	door 3 opened
2020-12-04 16:20:54.539769	14810	feeder 2 reached (175)
2020-12-04 16:20:54.540625	14811	closing door 3
2020-12-04 16:20:55.239432	14812	door 3 closed
2020-12-04 16:20:55.239883	14813	opening door 0
2020-12-04 16:20:55.962605	14814	door 0 opened
2020-12-04 16:20:55.962989	14815	closing door 2
2020-12-04 16:20:56.994134	14816	door 2 closed
2020-12-04 16:20:56.994552	14817	opening door 1
2020-12-04 16:20:57.705863	14818	door 1 opened
2020-12-04 16:21:03.646427	14819	feeder 1 reached (178)
2020-12-04 16:21:03.646824	14820	closing door 1
2020-12-04 16:21:04.239582	14821	door 1 closed
2020-12-04 16:21:04.240022	14822	opening door 2
2020-12-04 16:21:04.928018	14823	door 2 opened
2020-12-04 16:21:04.928383	14824	closing door 0
2020-12-04 16:21:06.034981	14825	door 0 closed
2020-12-04 16:21:06.035297	14826	opening door 3
2020-12-04 16:21:06.812810	14827	door 3 opened
2020-12-04 16:21:18.327842	14828	feeder 2 reached (176)
2020-12-04 16:21:18.328240	14829	closing door 3
2020-12-04 16:21:19.023484	14830	door 3 closed
2020-12-04 16:21:19.023908	14831	opening door 0
2020-12-04 16:21:19.749908	14832	door 0 opened
2020-12-04 16:21:19.750273	14833	closing door 2
2020-12-04 16:21:20.736587	14834	door 2 closed
2020-12-04 16:21:20.737023	14835	opening door 1
2020-12-04 16:21:21.452533	14836	door 1 opened
2020-12-04 16:21:26.343248	14837	feeder 1 reached (179)
2020-12-04 16:21:26.343622	14838	closing door 1
2020-12-04 16:21:26.937379	14839	door 1 closed
2020-12-04 16:21:26.937754	14840	opening door 2
2020-12-04 16:21:27.626186	14841	door 2 opened
2020-12-04 16:21:27.626618	14842	closing door 0
2020-12-04 16:21:28.537308	14843	door 0 closed
2020-12-04 16:21:28.537766	14844	opening door 3
2020-12-04 16:21:29.293983	14845	door 3 opened
2020-12-04 16:21:37.569684	14846	feeder 2 reached (177)
2020-12-04 16:21:37.570106	14847	closing door 3
2020-12-04 16:21:38.268582	14848	door 3 closed
2020-12-04 16:21:38.268979	14849	opening door 0
2020-12-04 16:21:38.991638	14850	door 0 opened
2020-12-04 16:21:38.992066	14851	closing door 2
2020-12-04 16:21:39.985276	14852	door 2 closed
2020-12-04 16:21:39.985689	14853	opening door 1
2020-12-04 16:21:40.696836	14854	door 1 opened
2020-12-04 16:21:44.993191	14855	feeder 1 reached (180)
2020-12-04 16:21:44.993554	14856	closing door 1
2020-12-04 16:21:45.588025	14857	door 1 closed
2020-12-04 16:21:45.588440	14858	opening door 2
2020-12-04 16:21:46.286288	14859	door 2 opened
2020-12-04 16:21:46.286679	14860	closing door 0
2020-12-04 16:21:47.364884	14861	door 0 closed
2020-12-04 16:21:47.365268	14862	opening door 3
2020-12-04 16:21:48.115094	14863	door 3 opened
2020-12-04 16:22:05.351150	14864	feeder 2 reached (178)
2020-12-04 16:22:05.351609	14865	closing door 3
2020-12-04 16:22:06.047925	14866	door 3 closed
2020-12-04 16:22:06.048415	14867	opening door 0
2020-12-04 16:22:06.771088	14868	door 0 opened
2020-12-04 16:22:06.771488	14869	closing door 2
2020-12-04 16:22:07.863242	14870	door 2 closed
2020-12-04 16:22:07.863610	14871	opening door 1
2020-12-04 16:22:08.573135	14872	door 1 opened
2020-12-04 16:22:13.937999	14873	feeder 1 reached (181)
2020-12-04 16:22:13.938378	14874	closing door 1
2020-12-04 16:22:14.529706	14875	door 1 closed
2020-12-04 16:22:14.530126	14876	opening door 2
2020-12-04 16:22:15.255669	14877	door 2 opened
2020-12-04 16:22:15.256105	14878	closing door 0
2020-12-04 16:22:16.453703	14879	door 0 closed
2020-12-04 16:22:16.454082	14880	opening door 3
2020-12-04 16:22:17.213590	14881	door 3 opened
2020-12-04 16:22:22.154709	14882	feeder 2 reached (179)
2020-12-04 16:22:22.155017	14883	closing door 3
2020-12-04 16:22:22.854709	14884	door 3 closed
2020-12-04 16:22:22.855097	14885	opening door 0
2020-12-04 16:22:23.578409	14886	door 0 opened
2020-12-04 16:22:23.578757	14887	closing door 2
2020-12-04 16:22:24.668580	14888	door 2 closed
2020-12-04 16:22:24.668993	14889	opening door 1
2020-12-04 16:22:25.382871	14890	door 1 opened
2020-12-04 16:22:31.339973	14891	feeder 1 reached (182)
2020-12-04 16:22:31.340361	14892	closing door 1
2020-12-04 16:22:31.942403	14893	door 1 closed
2020-12-04 16:22:31.942849	14894	opening door 2
2020-12-04 16:22:32.774857	14895	door 2 opened
2020-12-04 16:22:32.775263	14896	closing door 0
2020-12-04 16:22:33.673339	14897	door 0 closed
2020-12-04 16:22:33.673781	14898	opening door 3
2020-12-04 16:22:34.423861	14899	door 3 opened
2020-12-04 16:22:51.900065	14900	feeder 2 reached (180)
2020-12-04 16:22:51.900475	14901	closing door 3
2020-12-04 16:22:52.601349	14902	door 3 closed
2020-12-04 16:22:52.601763	14903	opening door 0
2020-12-04 16:22:53.348680	14904	door 0 opened
2020-12-04 16:22:53.349124	14905	closing door 2
2020-12-04 16:22:54.555682	14906	door 2 closed
2020-12-04 16:22:54.556111	14907	opening door 1
2020-12-04 16:22:55.270353	14908	door 1 opened
2020-12-04 16:23:08.401781	14909	feeder 1 reached (183)
2020-12-04 16:23:08.402144	14910	closing door 1
2020-12-04 16:23:08.996551	14911	door 1 closed
2020-12-04 16:23:08.996963	14912	opening door 2
2020-12-04 16:23:09.694633	14913	door 2 opened
2020-12-04 16:23:09.695139	14914	closing door 0
2020-12-04 16:23:10.534892	14915	door 0 closed
2020-12-04 16:23:10.535862	14916	opening door 3
2020-12-04 16:23:11.277594	14917	door 3 opened
2020-12-04 16:23:30.822548	14918	feeder 2 reached (181)
2020-12-04 16:23:30.822938	14919	closing door 3
2020-12-04 16:23:31.521310	14920	door 3 closed
2020-12-04 16:23:31.521876	14921	opening door 0
2020-12-04 16:23:32.226936	14922	door 0 opened
2020-12-04 16:23:32.227341	14923	closing door 2
2020-12-04 16:23:33.054669	14924	door 2 closed
2020-12-04 16:23:33.055211	14925	opening door 1
2020-12-04 16:23:33.783766	14926	door 1 opened
2020-12-04 16:23:39.835431	14927	feeder 1 reached (184)
2020-12-04 16:23:39.835846	14928	closing door 1
2020-12-04 16:23:40.429670	14929	door 1 closed
2020-12-04 16:23:40.430222	14930	opening door 2
2020-12-04 16:23:41.125901	14931	door 2 opened
2020-12-04 16:23:41.126286	14932	closing door 0
2020-12-04 16:23:42.064231	14933	door 0 closed
2020-12-04 16:23:42.064708	14934	opening door 3
2020-12-04 16:23:42.816360	14935	door 3 opened
2020-12-04 16:25:43.754625	14936	feeder 2 reached (182)
2020-12-04 16:25:43.754942	14937	closing door 3
2020-12-04 16:25:44.457061	14938	door 3 closed
2020-12-04 16:25:44.457477	14939	opening door 0
2020-12-04 16:25:45.206482	14940	door 0 opened
2020-12-04 16:25:45.206886	14941	closing door 2
2020-12-04 16:25:46.169004	14942	door 2 closed
2020-12-04 16:25:46.169414	14943	opening door 1
2020-12-04 16:25:46.903046	14944	door 1 opened
2020-12-04 16:25:53.585408	14945	feeder 1 reached (185)
2020-12-04 16:25:53.585772	14946	closing door 1
2020-12-04 16:25:54.180572	14947	door 1 closed
2020-12-04 16:25:54.180991	14948	opening door 2
2020-12-04 16:25:54.920393	14949	door 2 opened
2020-12-04 16:25:54.920763	14950	closing door 0
2020-12-04 16:25:56.013119	14951	door 0 closed
2020-12-04 16:25:56.013515	14952	opening door 3
2020-12-04 16:25:56.773887	14953	door 3 opened
2020-12-04 16:26:03.467948	14954	feeder 2 reached (183)
2020-12-04 16:26:03.468376	14955	closing door 3
2020-12-04 16:26:04.170336	14956	door 3 closed
2020-12-04 16:26:04.170757	14957	opening door 0
2020-12-04 16:26:04.929504	14958	door 0 opened
2020-12-04 16:26:04.929889	14959	closing door 2
2020-12-04 16:26:05.829211	14960	door 2 closed
2020-12-04 16:26:05.829617	14961	opening door 1
2020-12-04 16:26:06.534447	14962	door 1 opened
2020-12-04 16:26:12.229903	14963	feeder 1 reached (186)
2020-12-04 16:26:12.230283	14964	closing door 1
2020-12-04 16:26:12.824026	14965	door 1 closed
2020-12-04 16:26:12.824410	14966	opening door 2
2020-12-04 16:26:13.512025	14967	door 2 opened
2020-12-04 16:26:13.512426	14968	closing door 0
2020-12-04 16:26:14.448123	14969	door 0 closed
2020-12-04 16:26:14.448521	14970	opening door 3
2020-12-04 16:26:15.185410	14971	door 3 opened
2020-12-04 16:26:18.618040	14972	feeder 2 reached (184)
2020-12-04 16:26:18.619102	14973	closing door 3
2020-12-04 16:26:19.323705	14974	door 3 closed
2020-12-04 16:26:19.324118	14975	opening door 0
2020-12-04 16:26:20.049805	14976	door 0 opened
2020-12-04 16:26:20.050227	14977	closing door 2
2020-12-04 16:26:20.994833	14978	door 2 closed
2020-12-04 16:26:20.995217	14979	opening door 1
2020-12-04 16:26:21.707687	14980	door 1 opened
2020-12-04 16:26:35.181106	14981	feeder 1 reached (187)
2020-12-04 16:26:35.181479	14982	closing door 1
2020-12-04 16:26:35.773748	14983	door 1 closed
2020-12-04 16:26:35.774170	14984	opening door 2
2020-12-04 16:26:36.460709	14985	door 2 opened
2020-12-04 16:26:36.461080	14986	closing door 0
2020-12-04 16:26:37.387779	14987	door 0 closed
2020-12-04 16:26:37.388206	14988	opening door 3
2020-12-04 16:26:38.137180	14989	door 3 opened
2020-12-04 16:26:42.738839	14990	feeder 2 reached (185)
2020-12-04 16:26:42.739248	14991	closing door 3
2020-12-04 16:26:43.442466	14992	door 3 closed
2020-12-04 16:26:43.442827	14993	opening door 0
2020-12-04 16:26:44.201766	14994	door 0 opened
2020-12-04 16:26:44.202193	14995	closing door 2
2020-12-04 16:26:45.143293	14996	door 2 closed
2020-12-04 16:26:45.143796	14997	opening door 1
2020-12-04 16:26:45.849726	14998	door 1 opened
2020-12-04 16:26:51.755896	14999	feeder 1 reached (188)
2020-12-04 16:26:51.756249	15000	closing door 1
2020-12-04 16:26:52.349785	15001	door 1 closed
2020-12-04 16:26:52.350225	15002	opening door 2
2020-12-04 16:26:53.048092	15003	door 2 opened
2020-12-04 16:26:53.048460	15004	closing door 0
2020-12-04 16:26:54.183706	15005	door 0 closed
2020-12-04 16:26:54.184233	15006	opening door 3
2020-12-04 16:26:54.895298	15007	door 3 opened
2020-12-04 16:27:05.271679	15008	feeder 2 reached (186)
2020-12-04 16:27:05.272035	15009	closing door 3
2020-12-04 16:27:05.975954	15010	door 3 closed
2020-12-04 16:27:05.976339	15011	opening door 0
2020-12-04 16:27:06.711225	15012	door 0 opened
2020-12-04 16:27:06.711665	15013	closing door 2
2020-12-04 16:27:07.696111	15014	door 2 closed
2020-12-04 16:27:07.696516	15015	opening door 1
2020-12-04 16:27:08.406240	15016	door 1 opened
2020-12-04 16:27:14.213507	15017	feeder 1 reached (189)
2020-12-04 16:27:14.214100	15018	closing door 1
2020-12-04 16:27:14.810858	15019	door 1 closed
2020-12-04 16:27:14.811260	15020	opening door 2
2020-12-04 16:27:15.501842	15021	door 2 opened
2020-12-04 16:27:15.502235	15022	closing door 0
2020-12-04 16:27:16.692657	15023	door 0 closed
2020-12-04 16:27:16.693105	15024	opening door 3
2020-12-04 16:27:17.440095	15025	door 3 opened
2020-12-04 16:27:48.204648	15026	feeder 2 reached (187)
2020-12-04 16:27:48.205022	15027	closing door 3
2020-12-04 16:27:48.903147	15028	door 3 closed
2020-12-04 16:27:48.903552	15029	opening door 0
2020-12-04 16:27:49.626886	15030	door 0 opened
2020-12-04 16:27:49.627326	15031	closing door 2
2020-12-04 16:27:50.704603	15032	door 2 closed
2020-12-04 16:27:50.705021	15033	opening door 1
2020-12-04 16:27:51.431930	15034	door 1 opened
2020-12-04 16:28:00.530098	15035	feeder 1 reached (190)
2020-12-04 16:28:00.530478	15036	closing door 1
2020-12-04 16:28:01.123899	15037	door 1 closed
2020-12-04 16:28:01.124380	15038	opening door 2
2020-12-04 16:28:01.821395	15039	door 2 opened
2020-12-04 16:28:01.821831	15040	closing door 0
2020-12-04 16:28:03.014901	15041	door 0 closed
2020-12-04 16:28:03.015337	15042	opening door 3
2020-12-04 16:28:03.770195	15043	door 3 opened
2020-12-04 16:28:14.317136	15044	feeder 2 reached (188)
2020-12-04 16:28:14.317610	15045	closing door 3
2020-12-04 16:28:15.013594	15046	door 3 closed
2020-12-04 16:28:15.014013	15047	opening door 0
2020-12-04 16:28:15.752959	15048	door 0 opened
2020-12-04 16:28:15.753364	15049	closing door 2
2020-12-04 16:28:16.912030	15050	door 2 closed
2020-12-04 16:28:16.912417	15051	opening door 1
2020-12-04 16:28:17.635997	15052	door 1 opened
2020-12-04 16:28:22.421762	15053	feeder 1 reached (191)
2020-12-04 16:28:22.422167	15054	closing door 1
2020-12-04 16:28:23.018909	15055	door 1 closed
2020-12-04 16:28:23.020226	15056	opening door 2
2020-12-04 16:28:23.711837	15057	door 2 opened
2020-12-04 16:28:23.712253	15058	closing door 0
2020-12-04 16:28:24.702172	15059	door 0 closed
2020-12-04 16:28:24.702598	15060	opening door 3
2020-12-04 16:28:25.480084	15061	door 3 opened
2020-12-04 16:28:53.231839	15062	feeder 2 reached (189)
2020-12-04 16:28:53.232456	15063	closing door 3
2020-12-04 16:28:53.931426	15064	door 3 closed
2020-12-04 16:28:53.931790	15065	opening door 0
2020-12-04 16:28:54.655039	15066	door 0 opened
2020-12-04 16:28:54.655414	15067	closing door 2
2020-12-04 16:28:55.846059	15068	door 2 closed
2020-12-04 16:28:55.846395	15069	opening door 1
2020-12-04 16:28:56.555618	15070	door 1 opened
2020-12-04 16:29:01.510007	15071	feeder 1 reached (192)
2020-12-04 16:29:01.510366	15072	closing door 1
2020-12-04 16:29:02.102014	15073	door 1 closed
2020-12-04 16:29:02.102405	15074	opening door 2
2020-12-04 16:29:02.796985	15075	door 2 opened
2020-12-04 16:29:02.797377	15076	closing door 0
2020-12-04 16:29:03.622976	15077	door 0 closed
2020-12-04 16:29:03.623349	15078	opening door 3
2020-12-04 16:29:04.393195	15079	door 3 opened
2020-12-04 16:29:38.812207	15080	feeder 2 reached (190)
2020-12-04 16:29:38.812620	15081	closing door 3
2020-12-04 16:29:39.512464	15082	door 3 closed
2020-12-04 16:29:39.512868	15083	opening door 0
2020-12-04 16:29:40.239406	15084	door 0 opened
2020-12-04 16:29:40.239875	15085	closing door 2
2020-12-04 16:29:41.289618	15086	door 2 closed
2020-12-04 16:29:41.290010	15087	opening door 1
2020-12-04 16:29:42.002228	15088	door 1 opened
2020-12-04 16:30:13.014890	15089	feeder 1 reached (193)
2020-12-04 16:30:13.015315	15090	closing door 1
2020-12-04 16:30:13.607792	15091	door 1 closed
2020-12-04 16:30:13.608211	15092	opening door 2
2020-12-04 16:30:14.299006	15093	door 2 opened
2020-12-04 16:30:14.299458	15094	closing door 0
2020-12-04 16:30:15.294356	15095	door 0 closed
2020-12-04 16:30:15.294887	15096	opening door 3
2020-12-04 16:30:16.041047	15097	door 3 opened
2020-12-04 16:30:20.242195	15098	feeder 2 reached (191)
2020-12-04 16:30:20.242603	15099	closing door 3
2020-12-04 16:30:20.949543	15100	door 3 closed
2020-12-04 16:30:20.949851	15101	opening door 0
2020-12-04 16:30:21.677659	15102	door 0 opened
2020-12-04 16:30:21.678038	15103	closing door 2
2020-12-04 16:30:22.659665	15104	door 2 closed
2020-12-04 16:30:22.660106	15105	opening door 1
2020-12-04 16:30:23.363643	15106	door 1 opened
2020-12-04 16:30:28.275729	15107	feeder 1 reached (194)
2020-12-04 16:30:28.276443	15108	closing door 1
2020-12-04 16:30:28.869177	15109	door 1 closed
2020-12-04 16:30:28.869571	15110	opening door 2
2020-12-04 16:30:29.563333	15111	door 2 opened
2020-12-04 16:30:29.564442	15112	closing door 0
2020-12-04 16:30:30.442722	15113	door 0 closed
2020-12-04 16:30:30.443144	15114	opening door 3
2020-12-04 16:30:31.197536	15115	door 3 opened
2020-12-04 16:30:35.965389	15116	feeder 2 reached (192)
2020-12-04 16:30:35.965815	15117	closing door 3
2020-12-04 16:30:36.662816	15118	door 3 closed
2020-12-04 16:30:36.663312	15119	opening door 0
2020-12-04 16:30:37.388950	15120	door 0 opened
2020-12-04 16:30:37.389341	15121	closing door 2
2020-12-04 16:30:38.256772	15122	door 2 closed
2020-12-04 16:30:38.257172	15123	opening door 1
2020-12-04 16:30:38.972076	15124	door 1 opened
2020-12-04 16:30:45.633926	15125	feeder 1 reached (195)
2020-12-04 16:30:45.634301	15126	closing door 1
2020-12-04 16:30:46.231386	15127	door 1 closed
2020-12-04 16:30:46.231756	15128	opening door 2
2020-12-04 16:30:46.916964	15129	door 2 opened
2020-12-04 16:30:46.918163	15130	closing door 0
2020-12-04 16:30:48.049808	15131	door 0 closed
2020-12-04 16:30:48.050155	15132	opening door 3
2020-12-04 16:30:48.786307	15133	door 3 opened
2020-12-04 16:31:05.752866	15134	feeder 2 reached (193)
2020-12-04 16:31:05.753241	15135	closing door 3
2020-12-04 16:31:06.446800	15136	door 3 closed
2020-12-04 16:31:06.447199	15137	opening door 0
2020-12-04 16:31:07.171668	15138	door 0 opened
2020-12-04 16:31:07.172118	15139	closing door 2
2020-12-04 16:31:08.151098	15140	door 2 closed
2020-12-04 16:31:08.151480	15141	opening door 1
2020-12-04 16:31:08.845436	15142	door 1 opened
2020-12-04 16:31:24.915247	15143	feeder 1 reached (196)
2020-12-04 16:31:24.915624	15144	closing door 1
2020-12-04 16:31:25.508387	15145	door 1 closed
2020-12-04 16:31:25.508749	15146	opening door 2
2020-12-04 16:31:26.204351	15147	door 2 opened
2020-12-04 16:31:26.204811	15148	closing door 0
2020-12-04 16:31:27.377246	15149	door 0 closed
2020-12-04 16:31:27.377644	15150	opening door 3
2020-12-04 16:31:28.136883	15151	door 3 opened
2020-12-04 16:32:29.262138	15152	feeder 2 reached (194)
2020-12-04 16:32:29.262488	15153	closing door 3
2020-12-04 16:32:29.962758	15154	door 3 closed
2020-12-04 16:32:29.963185	15155	opening door 0
2020-12-04 16:32:30.715245	15156	door 0 opened
2020-12-04 16:32:30.715588	15157	closing door 2
2020-12-04 16:32:31.684479	15158	door 2 closed
2020-12-04 16:32:31.684911	15159	opening door 1
2020-12-04 16:32:32.396569	15160	door 1 opened
2020-12-04 16:32:37.912481	15161	feeder 1 reached (197)
2020-12-04 16:32:37.912841	15162	closing door 1
2020-12-04 16:32:38.507962	15163	door 1 closed
2020-12-04 16:32:38.508366	15164	opening door 2
2020-12-04 16:32:39.202758	15165	door 2 opened
2020-12-04 16:32:39.203127	15166	closing door 0
2020-12-04 16:32:40.299084	15167	door 0 closed
2020-12-04 16:32:40.299515	15168	opening door 3
2020-12-04 16:32:41.062840	15169	door 3 opened
2020-12-04 16:32:45.072868	15170	feeder 2 reached (195)
2020-12-04 16:32:45.073313	15171	closing door 3
2020-12-04 16:32:45.768942	15172	door 3 closed
2020-12-04 16:32:45.769280	15173	opening door 0
2020-12-04 16:32:46.504353	15174	door 0 opened
2020-12-04 16:32:46.504797	15175	closing door 2
2020-12-04 16:32:47.676943	15176	door 2 closed
2020-12-04 16:32:47.677354	15177	opening door 1
2020-12-04 16:32:48.396527	15178	door 1 opened
2020-12-04 16:32:56.474725	15179	feeder 1 reached (198)
2020-12-04 16:32:56.475395	15180	closing door 1
2020-12-04 16:32:57.067582	15181	door 1 closed
2020-12-04 16:32:57.068299	15182	closing door 2
2020-12-04 16:32:57.152565	15183	door 2 closed
2020-12-04 16:32:57.152888	15184	closing door 0
2020-12-04 16:32:58.353051	15185	door 0 closed
2020-12-04 16:32:58.353722	15186	closing door 3
2020-12-04 16:32:58.588994	15187	door 3 closed
2020-12-04 16:32:58.589599	15188	ended experiment AL1_20_12_4_Open
