2020-12-10 16:03:30.840287	16667	started experiment AL2_20_12_10_Open1_CrepLight
2020-12-10 16:03:30.840637	16668	closing door 0
2020-12-10 16:03:32.007175	16669	door 0 closed
2020-12-10 16:03:32.007529	16670	closing door 1
2020-12-10 16:03:32.221421	16671	door 1 closed
2020-12-10 16:03:32.221831	16672	closing door 2
2020-12-10 16:03:32.395975	16673	door 2 closed
2020-12-10 16:03:32.396358	16674	closing door 3
2020-12-10 16:03:32.591034	16675	door 3 closed
2020-12-10 16:04:22.836332	16676	feeder 1 reached (83)
2020-12-10 16:04:22.836745	16677	closing door 1
2020-12-10 16:04:22.916930	16678	door 1 closed
2020-12-10 16:04:22.917416	16679	opening door 2
2020-12-10 16:04:23.600597	16680	door 2 opened
2020-12-10 16:04:23.600992	16681	closing door 0
2020-12-10 16:04:23.818334	16682	door 0 closed
2020-12-10 16:04:23.818644	16683	opening door 3
2020-12-10 16:04:24.565620	16684	door 3 opened
2020-12-10 16:07:15.164674	16685	feeder 2 reached (81)
2020-12-10 16:07:15.165028	16686	closing door 3
2020-12-10 16:07:15.859367	16687	door 3 closed
2020-12-10 16:07:15.859764	16688	opening door 0
2020-12-10 16:07:16.604235	16689	door 0 opened
2020-12-10 16:07:16.604683	16690	closing door 2
2020-12-10 16:07:17.709978	16691	door 2 closed
2020-12-10 16:07:17.710341	16692	opening door 1
2020-12-10 16:07:18.415913	16693	door 1 opened
2020-12-10 16:07:24.070182	16694	feeder 1 reached (84)
2020-12-10 16:07:24.070579	16695	closing door 1
2020-12-10 16:07:24.661762	16696	door 1 closed
2020-12-10 16:07:24.662109	16697	opening door 2
2020-12-10 16:07:25.339765	16698	door 2 opened
2020-12-10 16:07:25.340204	16699	closing door 0
2020-12-10 16:07:26.303567	16700	door 0 closed
2020-12-10 16:07:26.304002	16701	opening door 3
2020-12-10 16:07:27.056212	16702	door 3 opened
2020-12-10 16:07:30.341455	16703	feeder 2 reached (82)
2020-12-10 16:07:30.341851	16704	closing door 3
2020-12-10 16:07:31.038765	16705	door 3 closed
2020-12-10 16:07:31.039129	16706	opening door 0
2020-12-10 16:07:31.755248	16707	door 0 opened
2020-12-10 16:07:31.755677	16708	closing door 2
2020-12-10 16:07:32.857795	16709	door 2 closed
2020-12-10 16:07:32.858208	16710	opening door 1
2020-12-10 16:07:33.576332	16711	door 1 opened
2020-12-10 16:07:53.045439	16712	feeder 1 reached (85)
2020-12-10 16:07:53.045775	16713	closing door 1
2020-12-10 16:07:53.635889	16714	door 1 closed
2020-12-10 16:07:53.636364	16715	opening door 2
2020-12-10 16:07:54.350155	16716	door 2 opened
2020-12-10 16:07:54.350547	16717	closing door 0
2020-12-10 16:07:55.405903	16718	door 0 closed
2020-12-10 16:07:55.406302	16719	opening door 3
2020-12-10 16:07:56.169617	16720	door 3 opened
2020-12-10 16:08:18.340809	16721	feeder 2 reached (83)
2020-12-10 16:08:18.341172	16722	closing door 3
2020-12-10 16:08:19.032746	16723	door 3 closed
2020-12-10 16:08:19.033246	16724	opening door 0
2020-12-10 16:08:19.753253	16725	door 0 opened
2020-12-10 16:08:19.753631	16726	closing door 2
2020-12-10 16:08:20.766780	16727	door 2 closed
2020-12-10 16:08:20.767252	16728	opening door 1
2020-12-10 16:08:21.485379	16729	door 1 opened
2020-12-10 16:08:36.411459	16730	feeder 1 reached (86)
2020-12-10 16:08:36.411849	16731	closing door 1
2020-12-10 16:08:36.999589	16732	door 1 closed
2020-12-10 16:08:36.999976	16733	opening door 2
2020-12-10 16:08:37.695267	16734	door 2 opened
2020-12-10 16:08:37.696326	16735	closing door 0
2020-12-10 16:08:38.807697	16736	door 0 closed
2020-12-10 16:08:38.808015	16737	opening door 3
2020-12-10 16:08:39.541766	16738	door 3 opened
2020-12-10 16:08:53.382798	16739	feeder 2 reached (84)
2020-12-10 16:08:53.383216	16740	closing door 3
2020-12-10 16:08:54.084157	16741	door 3 closed
2020-12-10 16:08:54.084593	16742	opening door 0
2020-12-10 16:08:54.806078	16743	door 0 opened
2020-12-10 16:08:54.806471	16744	closing door 2
2020-12-10 16:08:56.007076	16745	door 2 closed
2020-12-10 16:08:56.007475	16746	opening door 1
2020-12-10 16:08:56.718681	16747	door 1 opened
2020-12-10 16:09:10.002889	16748	feeder 1 reached (87)
2020-12-10 16:09:10.003318	16749	closing door 1
2020-12-10 16:09:10.596311	16750	door 1 closed
2020-12-10 16:09:10.596772	16751	opening door 2
2020-12-10 16:09:11.291648	16752	door 2 opened
2020-12-10 16:09:11.292135	16753	closing door 0
2020-12-10 16:09:12.397028	16754	door 0 closed
2020-12-10 16:09:12.397384	16755	opening door 3
2020-12-10 16:09:13.131536	16756	door 3 opened
2020-12-10 16:09:34.143651	16757	feeder 2 reached (85)
2020-12-10 16:09:34.144027	16758	closing door 3
2020-12-10 16:09:34.840854	16759	door 3 closed
2020-12-10 16:09:34.841325	16760	opening door 0
2020-12-10 16:09:35.604510	16761	door 0 opened
2020-12-10 16:09:35.604943	16762	closing door 2
2020-12-10 16:09:36.579428	16763	door 2 closed
2020-12-10 16:09:36.579873	16764	opening door 1
2020-12-10 16:09:37.319046	16765	door 1 opened
2020-12-10 16:09:51.099580	16766	feeder 1 reached (88)
2020-12-10 16:09:51.099941	16767	closing door 1
2020-12-10 16:09:51.691464	16768	door 1 closed
2020-12-10 16:09:51.691793	16769	opening door 2
2020-12-10 16:09:52.399906	16770	door 2 opened
2020-12-10 16:09:52.400276	16771	closing door 0
2020-12-10 16:09:53.359142	16772	door 0 closed
2020-12-10 16:09:53.359524	16773	opening door 3
2020-12-10 16:09:54.098305	16774	door 3 opened
2020-12-10 16:10:08.500015	16775	feeder 2 reached (86)
2020-12-10 16:10:08.500532	16776	closing door 3
2020-12-10 16:10:09.196584	16777	door 3 closed
2020-12-10 16:10:09.196990	16778	opening door 0
2020-12-10 16:10:09.913398	16779	door 0 opened
2020-12-10 16:10:09.913818	16780	closing door 2
2020-12-10 16:10:10.969890	16781	door 2 closed
2020-12-10 16:10:10.970270	16782	opening door 1
2020-12-10 16:10:11.675767	16783	door 1 opened
2020-12-10 16:10:19.245424	16784	feeder 1 reached (89)
2020-12-10 16:10:19.245930	16785	closing door 1
2020-12-10 16:10:19.837540	16786	door 1 closed
2020-12-10 16:10:19.837924	16787	opening door 2
2020-12-10 16:10:20.564563	16788	door 2 opened
2020-12-10 16:10:20.565008	16789	closing door 0
2020-12-10 16:10:21.619104	16790	door 0 closed
2020-12-10 16:10:21.619412	16791	opening door 3
2020-12-10 16:10:22.368474	16792	door 3 opened
2020-12-10 16:10:37.631032	16793	feeder 2 reached (87)
2020-12-10 16:10:37.631422	16794	closing door 3
2020-12-10 16:10:38.328715	16795	door 3 closed
2020-12-10 16:10:38.329030	16796	opening door 0
2020-12-10 16:10:39.081649	16797	door 0 opened
2020-12-10 16:10:39.082118	16798	closing door 2
2020-12-10 16:10:40.045586	16799	door 2 closed
2020-12-10 16:10:40.046019	16800	opening door 1
2020-12-10 16:10:40.761954	16801	door 1 opened
2020-12-10 16:10:49.566175	16802	feeder 1 reached (90)
2020-12-10 16:10:49.566616	16803	closing door 1
2020-12-10 16:10:50.159686	16804	door 1 closed
2020-12-10 16:10:50.160208	16805	opening door 2
2020-12-10 16:10:50.856589	16806	door 2 opened
2020-12-10 16:10:50.856966	16807	closing door 0
2020-12-10 16:10:51.950529	16808	door 0 closed
2020-12-10 16:10:51.950920	16809	opening door 3
2020-12-10 16:10:52.705555	16810	door 3 opened
2020-12-10 16:11:04.664238	16811	feeder 2 reached (88)
2020-12-10 16:11:04.664607	16812	closing door 3
2020-12-10 16:11:05.361827	16813	door 3 closed
2020-12-10 16:11:05.362301	16814	opening door 0
2020-12-10 16:11:06.123432	16815	door 0 opened
2020-12-10 16:11:06.123872	16816	closing door 2
2020-12-10 16:11:07.090002	16817	door 2 closed
2020-12-10 16:11:07.090375	16818	opening door 1
2020-12-10 16:11:07.807074	16819	door 1 opened
2020-12-10 16:11:27.510230	16820	feeder 1 reached (91)
2020-12-10 16:11:27.510603	16821	closing door 1
2020-12-10 16:11:28.103850	16822	door 1 closed
2020-12-10 16:11:28.104235	16823	opening door 2
2020-12-10 16:11:28.802429	16824	door 2 opened
2020-12-10 16:11:28.802807	16825	closing door 0
2020-12-10 16:11:29.612285	16826	door 0 closed
2020-12-10 16:11:29.612688	16827	opening door 3
2020-12-10 16:11:30.348946	16828	door 3 opened
2020-12-10 16:12:02.659005	16829	feeder 2 reached (89)
2020-12-10 16:12:02.659303	16830	closing door 3
2020-12-10 16:12:03.357794	16831	door 3 closed
2020-12-10 16:12:03.358192	16832	opening door 0
2020-12-10 16:12:04.093198	16833	door 0 opened
2020-12-10 16:12:04.093614	16834	closing door 2
2020-12-10 16:12:05.266424	16835	door 2 closed
2020-12-10 16:12:05.266922	16836	opening door 1
2020-12-10 16:12:05.973653	16837	door 1 opened
2020-12-10 16:12:12.683876	16838	feeder 1 reached (92)
2020-12-10 16:12:12.684245	16839	closing door 1
2020-12-10 16:12:13.277167	16840	door 1 closed
2020-12-10 16:12:13.277556	16841	opening door 2
2020-12-10 16:12:13.961377	16842	door 2 opened
2020-12-10 16:12:13.961795	16843	closing door 0
2020-12-10 16:12:15.077199	16844	door 0 closed
2020-12-10 16:12:15.077697	16845	opening door 3
2020-12-10 16:12:15.809001	16846	door 3 opened
2020-12-10 16:12:47.322627	16847	feeder 2 reached (90)
2020-12-10 16:12:47.323028	16848	closing door 3
2020-12-10 16:12:48.021504	16849	door 3 closed
2020-12-10 16:12:48.022143	16850	opening door 0
2020-12-10 16:12:48.767733	16851	door 0 opened
2020-12-10 16:12:48.768060	16852	closing door 2
2020-12-10 16:12:49.878655	16853	door 2 closed
2020-12-10 16:12:49.879028	16854	opening door 1
2020-12-10 16:12:50.571369	16855	door 1 opened
2020-12-10 16:12:57.718149	16856	feeder 1 reached (93)
2020-12-10 16:12:57.718751	16857	closing door 1
2020-12-10 16:12:58.311287	16858	door 1 closed
2020-12-10 16:12:58.311702	16859	opening door 2
2020-12-10 16:12:58.989387	16860	door 2 opened
2020-12-10 16:12:58.989768	16861	closing door 0
2020-12-10 16:13:00.137797	16862	door 0 closed
2020-12-10 16:13:00.138147	16863	opening door 3
2020-12-10 16:13:00.868495	16864	door 3 opened
2020-12-10 16:13:15.167619	16865	feeder 2 reached (91)
2020-12-10 16:13:15.167987	16866	closing door 3
2020-12-10 16:13:15.865767	16867	door 3 closed
2020-12-10 16:13:15.866135	16868	opening door 0
2020-12-10 16:13:16.619541	16869	door 0 opened
2020-12-10 16:13:16.619936	16870	closing door 2
2020-12-10 16:13:17.768787	16871	door 2 closed
2020-12-10 16:13:17.769302	16872	opening door 1
2020-12-10 16:13:18.474550	16873	door 1 opened
2020-12-10 16:13:35.532131	16874	feeder 1 reached (94)
2020-12-10 16:13:35.532500	16875	closing door 1
2020-12-10 16:13:36.126072	16876	door 1 closed
2020-12-10 16:13:36.126594	16877	opening door 2
2020-12-10 16:13:36.829568	16878	door 2 opened
2020-12-10 16:13:36.830053	16879	closing door 0
2020-12-10 16:13:37.827062	16880	door 0 closed
2020-12-10 16:13:37.827466	16881	opening door 3
2020-12-10 16:13:38.580776	16882	door 3 opened
2020-12-10 16:14:01.863121	16883	feeder 2 reached (92)
2020-12-10 16:14:01.863486	16884	closing door 3
2020-12-10 16:14:02.559564	16885	door 3 closed
2020-12-10 16:14:02.559924	16886	opening door 0
2020-12-10 16:14:03.275965	16887	door 0 opened
2020-12-10 16:14:03.276359	16888	closing door 2
2020-12-10 16:14:04.447489	16889	door 2 closed
2020-12-10 16:14:04.447867	16890	opening door 1
2020-12-10 16:14:05.162010	16891	door 1 opened
2020-12-10 16:14:35.982744	16892	feeder 1 reached (95)
2020-12-10 16:14:35.983102	16893	closing door 1
2020-12-10 16:14:36.574192	16894	door 1 closed
2020-12-10 16:14:36.574624	16895	opening door 2
2020-12-10 16:14:37.253068	16896	door 2 opened
2020-12-10 16:14:37.253484	16897	closing door 0
2020-12-10 16:14:38.448599	16898	door 0 closed
2020-12-10 16:14:38.448973	16899	opening door 3
2020-12-10 16:14:39.177483	16900	door 3 opened
2020-12-10 16:14:54.365834	16901	feeder 2 reached (93)
2020-12-10 16:14:54.366140	16902	closing door 3
2020-12-10 16:14:55.062438	16903	door 3 closed
2020-12-10 16:14:55.062950	16904	opening door 0
2020-12-10 16:14:55.776308	16905	door 0 opened
2020-12-10 16:14:55.776728	16906	closing door 2
2020-12-10 16:14:56.861896	16907	door 2 closed
2020-12-10 16:14:56.862272	16908	opening door 1
2020-12-10 16:14:57.585086	16909	door 1 opened
2020-12-10 16:15:05.164890	16910	feeder 1 reached (96)
2020-12-10 16:15:05.165561	16911	closing door 1
2020-12-10 16:15:05.751062	16912	door 1 closed
2020-12-10 16:15:05.751425	16913	opening door 2
2020-12-10 16:15:06.445317	16914	door 2 opened
2020-12-10 16:15:06.445690	16915	closing door 0
2020-12-10 16:15:07.536550	16916	door 0 closed
2020-12-10 16:15:07.536859	16917	opening door 3
2020-12-10 16:15:08.288109	16918	door 3 opened
2020-12-10 16:15:23.903939	16919	feeder 2 reached (94)
2020-12-10 16:15:23.904367	16920	closing door 3
2020-12-10 16:15:24.600582	16921	door 3 closed
2020-12-10 16:15:24.601027	16922	opening door 0
2020-12-10 16:15:25.317700	16923	door 0 opened
2020-12-10 16:15:25.318105	16924	closing door 2
2020-12-10 16:15:26.363633	16925	door 2 closed
2020-12-10 16:15:26.364036	16926	opening door 1
2020-12-10 16:15:27.074397	16927	door 1 opened
2020-12-10 16:15:38.700241	16928	feeder 1 reached (97)
2020-12-10 16:15:38.700651	16929	closing door 1
2020-12-10 16:15:39.289601	16930	door 1 closed
2020-12-10 16:15:39.289965	16931	opening door 2
2020-12-10 16:15:39.987636	16932	door 2 opened
2020-12-10 16:15:39.987950	16933	closing door 0
2020-12-10 16:15:41.105941	16934	door 0 closed
2020-12-10 16:15:41.106347	16935	opening door 3
2020-12-10 16:15:41.852834	16936	door 3 opened
2020-12-10 16:15:59.883049	16937	feeder 2 reached (95)
2020-12-10 16:15:59.883501	16938	closing door 3
2020-12-10 16:16:00.578773	16939	door 3 closed
2020-12-10 16:16:00.579194	16940	opening door 0
2020-12-10 16:16:01.332463	16941	door 0 opened
2020-12-10 16:16:01.332865	16942	closing door 2
2020-12-10 16:16:02.397217	16943	door 2 closed
2020-12-10 16:16:02.397612	16944	opening door 1
2020-12-10 16:16:03.105262	16945	door 1 opened
2020-12-10 16:16:11.464456	16946	feeder 1 reached (98)
2020-12-10 16:16:11.464982	16947	closing door 1
2020-12-10 16:16:12.059647	16948	door 1 closed
2020-12-10 16:16:12.060017	16949	opening door 2
2020-12-10 16:16:12.775936	16950	door 2 opened
2020-12-10 16:16:12.776393	16951	closing door 0
2020-12-10 16:16:13.894329	16952	door 0 closed
2020-12-10 16:16:13.894720	16953	opening door 3
2020-12-10 16:16:14.621303	16954	door 3 opened
2020-12-10 16:16:27.028617	16955	feeder 2 reached (96)
2020-12-10 16:16:27.028980	16956	closing door 3
2020-12-10 16:16:27.724117	16957	door 3 closed
2020-12-10 16:16:27.724448	16958	opening door 0
2020-12-10 16:16:28.453944	16959	door 0 opened
2020-12-10 16:16:28.454274	16960	closing door 2
2020-12-10 16:16:29.486447	16961	door 2 closed
2020-12-10 16:16:29.486926	16962	opening door 1
2020-12-10 16:16:30.184278	16963	door 1 opened
2020-12-10 16:16:39.344749	16964	feeder 1 reached (99)
2020-12-10 16:16:39.345138	16965	closing door 1
2020-12-10 16:16:39.937930	16966	door 1 closed
2020-12-10 16:16:39.938338	16967	opening door 2
2020-12-10 16:16:40.631278	16968	door 2 opened
2020-12-10 16:16:40.631806	16969	closing door 0
2020-12-10 16:16:41.745212	16970	door 0 closed
2020-12-10 16:16:41.745639	16971	opening door 3
2020-12-10 16:16:42.487388	16972	door 3 opened
2020-12-10 16:16:49.123433	16973	feeder 2 reached (97)
2020-12-10 16:16:49.123790	16974	closing door 3
2020-12-10 16:16:49.819711	16975	door 3 closed
2020-12-10 16:16:49.820082	16976	opening door 0
2020-12-10 16:16:50.537743	16977	door 0 opened
2020-12-10 16:16:50.538184	16978	closing door 2
2020-12-10 16:16:51.561125	16979	door 2 closed
2020-12-10 16:16:51.561493	16980	opening door 1
2020-12-10 16:16:52.269518	16981	door 1 opened
2020-12-10 16:17:01.004617	16982	feeder 1 reached (100)
2020-12-10 16:17:01.005202	16983	closing door 1
2020-12-10 16:17:01.599501	16984	door 1 closed
2020-12-10 16:17:01.599907	16985	opening door 2
2020-12-10 16:17:02.287444	16986	door 2 opened
2020-12-10 16:17:02.287854	16987	closing door 0
2020-12-10 16:17:03.458436	16988	door 0 closed
2020-12-10 16:17:03.458783	16989	opening door 3
2020-12-10 16:17:04.204361	16990	door 3 opened
2020-12-10 16:17:23.964188	16991	feeder 2 reached (98)
2020-12-10 16:17:23.964590	16992	closing door 3
2020-12-10 16:17:24.661161	16993	door 3 closed
2020-12-10 16:17:24.661547	16994	opening door 0
2020-12-10 16:17:25.409830	16995	door 0 opened
2020-12-10 16:17:25.410227	16996	closing door 2
2020-12-10 16:17:26.353969	16997	door 2 closed
2020-12-10 16:17:26.354330	16998	opening door 1
2020-12-10 16:17:27.046901	16999	door 1 opened
2020-12-10 16:17:32.997514	17000	feeder 1 reached (101)
2020-12-10 16:17:32.997882	17001	closing door 1
2020-12-10 16:17:33.588329	17002	door 1 closed
2020-12-10 16:17:33.588713	17003	opening door 2
2020-12-10 16:17:34.298051	17004	door 2 opened
2020-12-10 16:17:34.298441	17005	closing door 0
2020-12-10 16:17:35.416461	17006	door 0 closed
2020-12-10 16:17:35.416972	17007	opening door 3
2020-12-10 16:17:36.153923	17008	door 3 opened
2020-12-10 16:17:44.683998	17009	feeder 2 reached (99)
2020-12-10 16:17:44.684367	17010	closing door 3
2020-12-10 16:17:45.381378	17011	door 3 closed
2020-12-10 16:17:45.381798	17012	opening door 0
2020-12-10 16:17:46.100823	17013	door 0 opened
2020-12-10 16:17:46.101354	17014	closing door 2
2020-12-10 16:17:47.271173	17015	door 2 closed
2020-12-10 16:17:47.271589	17016	opening door 1
2020-12-10 16:17:47.985514	17017	door 1 opened
2020-12-10 16:17:58.346263	17018	feeder 1 reached (102)
2020-12-10 16:17:58.346604	17019	closing door 1
2020-12-10 16:17:58.942603	17020	door 1 closed
2020-12-10 16:17:58.943031	17021	opening door 2
2020-12-10 16:17:59.647553	17022	door 2 opened
2020-12-10 16:17:59.647921	17023	closing door 0
2020-12-10 16:18:00.781960	17024	door 0 closed
2020-12-10 16:18:00.782359	17025	opening door 3
2020-12-10 16:18:01.547014	17026	door 3 opened
2020-12-10 16:18:09.839646	17027	feeder 2 reached (100)
2020-12-10 16:18:09.840332	17028	closing door 3
2020-12-10 16:18:10.535196	17029	door 3 closed
2020-12-10 16:18:10.535614	17030	opening door 0
2020-12-10 16:18:11.293849	17031	door 0 opened
2020-12-10 16:18:11.294324	17032	closing door 2
2020-12-10 16:18:12.267949	17033	door 2 closed
2020-12-10 16:18:12.268320	17034	opening door 1
2020-12-10 16:18:12.969535	17035	door 1 opened
2020-12-10 16:18:25.316615	17036	feeder 1 reached (103)
2020-12-10 16:18:25.316949	17037	closing door 1
2020-12-10 16:18:25.911149	17038	door 1 closed
2020-12-10 16:18:25.911500	17039	opening door 2
2020-12-10 16:18:26.609570	17040	door 2 opened
2020-12-10 16:18:26.609979	17041	closing door 0
2020-12-10 16:18:27.418561	17042	door 0 closed
2020-12-10 16:18:27.418936	17043	opening door 3
2020-12-10 16:18:28.179762	17044	door 3 opened
2020-12-10 16:19:00.105968	17045	feeder 2 reached (101)
2020-12-10 16:19:00.106387	17046	closing door 3
2020-12-10 16:19:00.801633	17047	door 3 closed
2020-12-10 16:19:00.802084	17048	opening door 0
2020-12-10 16:19:01.550462	17049	door 0 opened
2020-12-10 16:19:01.550875	17050	closing door 2
2020-12-10 16:19:02.647262	17051	door 2 closed
2020-12-10 16:19:02.647684	17052	opening door 1
2020-12-10 16:19:03.374532	17053	door 1 opened
2020-12-10 16:19:11.030835	17054	feeder 1 reached (104)
2020-12-10 16:19:11.031210	17055	closing door 1
2020-12-10 16:19:11.625677	17056	door 1 closed
2020-12-10 16:19:11.626188	17057	opening door 2
2020-12-10 16:19:12.347537	17058	door 2 opened
2020-12-10 16:19:12.347956	17059	closing door 0
2020-12-10 16:19:13.285483	17060	door 0 closed
2020-12-10 16:19:13.285969	17061	opening door 3
2020-12-10 16:19:14.035359	17062	door 3 opened
2020-12-10 16:19:51.844752	17063	feeder 2 reached (102)
2020-12-10 16:19:51.845193	17064	closing door 3
2020-12-10 16:19:52.540102	17065	door 3 closed
2020-12-10 16:19:52.540711	17066	opening door 0
2020-12-10 16:19:53.270346	17067	door 0 opened
2020-12-10 16:19:53.270716	17068	closing door 2
2020-12-10 16:19:54.244033	17069	door 2 closed
2020-12-10 16:19:54.244422	17070	opening door 1
2020-12-10 16:19:54.970400	17071	door 1 opened
2020-12-10 16:20:08.735536	17072	feeder 1 reached (105)
2020-12-10 16:20:08.735948	17073	closing door 1
2020-12-10 16:20:09.328611	17074	door 1 closed
2020-12-10 16:20:09.328988	17075	opening door 2
2020-12-10 16:20:10.024390	17076	door 2 opened
2020-12-10 16:20:10.024908	17077	closing door 0
2020-12-10 16:20:11.046043	17078	door 0 closed
2020-12-10 16:20:11.046426	17079	opening door 3
2020-12-10 16:20:11.800169	17080	door 3 opened
2020-12-10 16:20:23.219064	17081	feeder 2 reached (103)
2020-12-10 16:20:23.219425	17082	closing door 3
2020-12-10 16:20:23.913467	17083	door 3 closed
2020-12-10 16:20:23.913842	17084	opening door 0
2020-12-10 16:20:24.628879	17085	door 0 opened
2020-12-10 16:20:24.629277	17086	closing door 2
2020-12-10 16:20:25.789255	17087	door 2 closed
2020-12-10 16:20:25.789644	17088	opening door 1
2020-12-10 16:20:26.518880	17089	door 1 opened
2020-12-10 16:20:35.275467	17090	feeder 1 reached (106)
2020-12-10 16:20:35.275825	17091	closing door 1
2020-12-10 16:20:35.871025	17092	door 1 closed
2020-12-10 16:20:35.871395	17093	opening door 2
2020-12-10 16:20:36.573737	17094	door 2 opened
2020-12-10 16:20:36.574136	17095	closing door 0
2020-12-10 16:20:37.678744	17096	door 0 closed
2020-12-10 16:20:37.679106	17097	opening door 3
2020-12-10 16:20:38.410714	17098	door 3 opened
2020-12-10 16:21:06.154126	17099	feeder 2 reached (104)
2020-12-10 16:21:06.154496	17100	closing door 3
2020-12-10 16:21:06.850294	17101	door 3 closed
2020-12-10 16:21:06.850742	17102	opening door 0
2020-12-10 16:21:07.604514	17103	door 0 opened
2020-12-10 16:21:07.604920	17104	closing door 2
2020-12-10 16:21:08.808211	17105	door 2 closed
2020-12-10 16:21:08.808669	17106	opening door 1
2020-12-10 16:21:09.528817	17107	door 1 opened
2020-12-10 16:21:17.327405	17108	feeder 1 reached (107)
2020-12-10 16:21:17.327763	17109	closing door 1
2020-12-10 16:21:17.921331	17110	door 1 closed
2020-12-10 16:21:17.921746	17111	opening door 2
2020-12-10 16:21:18.618111	17112	door 2 opened
2020-12-10 16:21:18.618468	17113	closing door 0
2020-12-10 16:21:19.467723	17114	door 0 closed
2020-12-10 16:21:19.468127	17115	opening door 3
2020-12-10 16:21:20.377854	17116	door 3 opened
2020-12-10 16:21:38.115716	17117	feeder 2 reached (105)
2020-12-10 16:21:38.116067	17118	closing door 3
2020-12-10 16:21:38.813584	17119	door 3 closed
2020-12-10 16:21:38.813957	17120	opening door 0
2020-12-10 16:21:39.538676	17121	door 0 opened
2020-12-10 16:21:39.539067	17122	closing door 2
2020-12-10 16:21:40.319207	17123	door 2 closed
2020-12-10 16:21:40.319638	17124	opening door 1
2020-12-10 16:21:41.018588	17125	door 1 opened
2020-12-10 16:21:48.517133	17126	feeder 1 reached (108)
2020-12-10 16:21:48.517523	17127	closing door 1
2020-12-10 16:21:49.108800	17128	door 1 closed
2020-12-10 16:21:49.109214	17129	opening door 2
2020-12-10 16:21:49.807216	17130	door 2 opened
2020-12-10 16:21:49.807616	17131	closing door 0
2020-12-10 16:21:50.995941	17132	door 0 closed
2020-12-10 16:21:50.996282	17133	opening door 3
2020-12-10 16:21:51.721495	17134	door 3 opened
2020-12-10 16:22:15.017275	17135	feeder 2 reached (106)
2020-12-10 16:22:15.017645	17136	closing door 3
2020-12-10 16:22:15.713926	17137	door 3 closed
2020-12-10 16:22:15.714290	17138	opening door 0
2020-12-10 16:22:16.432783	17139	door 0 opened
2020-12-10 16:22:16.433158	17140	closing door 2
2020-12-10 16:22:17.632382	17141	door 2 closed
2020-12-10 16:22:17.632758	17142	opening door 1
2020-12-10 16:22:18.336070	17143	door 1 opened
2020-12-10 16:22:25.324599	17144	feeder 1 reached (109)
2020-12-10 16:22:25.324985	17145	closing door 1
2020-12-10 16:22:25.919174	17146	door 1 closed
2020-12-10 16:22:25.919543	17147	opening door 2
2020-12-10 16:22:26.616456	17148	door 2 opened
2020-12-10 16:22:26.616883	17149	closing door 0
2020-12-10 16:22:27.456866	17150	door 0 closed
2020-12-10 16:22:27.457256	17151	opening door 3
2020-12-10 16:22:28.195816	17152	door 3 opened
2020-12-10 16:22:45.098196	17153	feeder 2 reached (107)
2020-12-10 16:22:45.098512	17154	closing door 3
2020-12-10 16:22:45.793146	17155	door 3 closed
2020-12-10 16:22:45.793555	17156	opening door 0
2020-12-10 16:22:46.509090	17157	door 0 opened
2020-12-10 16:22:46.509467	17158	closing door 2
2020-12-10 16:22:47.511701	17159	door 2 closed
2020-12-10 16:22:47.512067	17160	opening door 1
2020-12-10 16:22:48.201090	17161	door 1 opened
2020-12-10 16:22:57.115903	17162	feeder 1 reached (110)
2020-12-10 16:22:57.116281	17163	closing door 1
2020-12-10 16:22:57.703580	17164	door 1 closed
2020-12-10 16:22:57.704048	17165	opening door 2
2020-12-10 16:22:58.402822	17166	door 2 opened
2020-12-10 16:22:58.403231	17167	closing door 0
2020-12-10 16:22:59.398887	17168	door 0 closed
2020-12-10 16:22:59.399264	17169	opening door 3
2020-12-10 16:23:00.140042	17170	door 3 opened
2020-12-10 16:23:32.954824	17171	feeder 2 reached (108)
2020-12-10 16:23:32.955232	17172	closing door 3
2020-12-10 16:23:33.650596	17173	door 3 closed
2020-12-10 16:23:33.651050	17174	opening door 0
2020-12-10 16:23:34.367180	17175	door 0 opened
2020-12-10 16:23:34.367570	17176	closing door 2
2020-12-10 16:23:35.453345	17177	door 2 closed
2020-12-10 16:23:35.454214	17178	opening door 1
2020-12-10 16:23:36.184992	17179	door 1 opened
2020-12-10 16:23:42.202546	17180	feeder 1 reached (111)
2020-12-10 16:23:42.202966	17181	closing door 1
2020-12-10 16:23:42.811501	17182	door 1 closed
2020-12-10 16:23:42.811814	17183	opening door 2
2020-12-10 16:23:43.550125	17184	door 2 opened
2020-12-10 16:23:43.550612	17185	closing door 0
2020-12-10 16:23:44.450135	17186	door 0 closed
2020-12-10 16:23:44.450574	17187	opening door 3
2020-12-10 16:23:45.224604	17188	door 3 opened
2020-12-10 16:23:54.015807	17189	feeder 2 reached (109)
2020-12-10 16:23:54.016209	17190	closing door 3
2020-12-10 16:23:54.709977	17191	door 3 closed
2020-12-10 16:23:54.710402	17192	opening door 0
2020-12-10 16:23:55.427652	17193	door 0 opened
2020-12-10 16:23:55.428073	17194	closing door 2
2020-12-10 16:23:56.323086	17195	door 2 closed
2020-12-10 16:23:56.323452	17196	opening door 1
2020-12-10 16:23:57.046118	17197	door 1 opened
2020-12-10 16:24:04.859008	17198	feeder 1 reached (112)
2020-12-10 16:24:04.859385	17199	closing door 1
2020-12-10 16:24:05.452673	17200	door 1 closed
2020-12-10 16:24:05.453036	17201	opening door 2
2020-12-10 16:24:06.145277	17202	door 2 opened
2020-12-10 16:24:06.145642	17203	closing door 0
2020-12-10 16:24:06.994058	17204	door 0 closed
2020-12-10 16:24:06.994424	17205	opening door 3
2020-12-10 16:24:07.745861	17206	door 3 opened
2020-12-10 16:24:20.128434	17207	feeder 2 reached (110)
2020-12-10 16:24:20.128820	17208	closing door 3
2020-12-10 16:24:20.824080	17209	door 3 closed
2020-12-10 16:24:20.824597	17210	opening door 0
2020-12-10 16:24:21.586725	17211	door 0 opened
2020-12-10 16:24:21.587159	17212	closing door 2
2020-12-10 16:24:22.547783	17213	door 2 closed
2020-12-10 16:24:22.548189	17214	opening door 1
2020-12-10 16:24:23.262112	17215	door 1 opened
2020-12-10 16:24:31.105830	17216	feeder 1 reached (113)
2020-12-10 16:24:31.106206	17217	closing door 1
2020-12-10 16:24:31.699086	17218	door 1 closed
2020-12-10 16:24:31.699484	17219	opening door 2
2020-12-10 16:24:32.395682	17220	door 2 opened
2020-12-10 16:24:32.396087	17221	closing door 0
2020-12-10 16:24:33.188725	17222	door 0 closed
2020-12-10 16:24:33.189418	17223	opening door 3
2020-12-10 16:24:33.930580	17224	door 3 opened
2020-12-10 16:24:49.349575	17225	feeder 2 reached (111)
2020-12-10 16:24:49.349963	17226	closing door 3
2020-12-10 16:24:50.045749	17227	door 3 closed
2020-12-10 16:24:50.046131	17228	opening door 0
2020-12-10 16:24:50.764625	17229	door 0 opened
2020-12-10 16:24:50.765010	17230	closing door 2
2020-12-10 16:24:51.637955	17231	door 2 closed
2020-12-10 16:24:51.638310	17232	opening door 1
2020-12-10 16:24:52.361204	17233	door 1 opened
2020-12-10 16:24:59.223401	17234	feeder 1 reached (114)
2020-12-10 16:24:59.223824	17235	closing door 1
2020-12-10 16:24:59.818736	17236	door 1 closed
2020-12-10 16:24:59.819163	17237	opening door 2
2020-12-10 16:25:00.548141	17238	door 2 opened
2020-12-10 16:25:00.548520	17239	closing door 0
2020-12-10 16:25:01.458452	17240	door 0 closed
2020-12-10 16:25:01.458797	17241	opening door 3
2020-12-10 16:25:02.191363	17242	door 3 opened
2020-12-10 16:25:15.626149	17243	feeder 2 reached (112)
2020-12-10 16:25:15.626558	17244	closing door 3
2020-12-10 16:25:16.322810	17245	door 3 closed
2020-12-10 16:25:16.323208	17246	opening door 0
2020-12-10 16:25:17.041128	17247	door 0 opened
2020-12-10 16:25:17.041525	17248	closing door 2
2020-12-10 16:25:17.841692	17249	door 2 closed
2020-12-10 16:25:17.842177	17250	opening door 1
2020-12-10 16:25:18.559256	17251	door 1 opened
2020-12-10 16:25:26.486095	17252	feeder 1 reached (115)
2020-12-10 16:25:26.486570	17253	closing door 1
2020-12-10 16:25:27.069365	17254	door 1 closed
2020-12-10 16:25:27.069728	17255	opening door 2
2020-12-10 16:25:27.767774	17256	door 2 opened
2020-12-10 16:25:27.768270	17257	closing door 0
2020-12-10 16:25:28.916200	17258	door 0 closed
2020-12-10 16:25:28.916664	17259	opening door 3
2020-12-10 16:25:29.666849	17260	door 3 opened
2020-12-10 16:25:46.472957	17261	feeder 2 reached (113)
2020-12-10 16:25:46.473318	17262	closing door 3
2020-12-10 16:25:47.184889	17263	door 3 closed
2020-12-10 16:25:47.185296	17264	opening door 0
2020-12-10 16:25:47.941210	17265	door 0 opened
2020-12-10 16:25:47.941631	17266	closing door 2
2020-12-10 16:25:48.978628	17267	door 2 closed
2020-12-10 16:25:48.979019	17268	opening door 1
2020-12-10 16:25:49.705857	17269	door 1 opened
2020-12-10 16:25:57.973524	17270	feeder 1 reached (116)
2020-12-10 16:25:57.973928	17271	closing door 1
2020-12-10 16:25:58.561308	17272	door 1 closed
2020-12-10 16:25:58.561729	17273	opening door 2
2020-12-10 16:25:59.276727	17274	door 2 opened
2020-12-10 16:25:59.277098	17275	closing door 0
2020-12-10 16:26:00.449811	17276	door 0 closed
2020-12-10 16:26:00.450181	17277	opening door 3
2020-12-10 16:26:01.197043	17278	door 3 opened
2020-12-10 16:26:38.291716	17279	feeder 2 reached (114)
2020-12-10 16:26:38.292105	17280	closing door 3
2020-12-10 16:26:38.988011	17281	door 3 closed
2020-12-10 16:26:38.988398	17282	opening door 0
2020-12-10 16:26:39.738232	17283	door 0 opened
2020-12-10 16:26:39.738596	17284	closing door 2
2020-12-10 16:26:40.607641	17285	door 2 closed
2020-12-10 16:26:40.608015	17286	opening door 1
2020-12-10 16:26:41.329705	17287	door 1 opened
2020-12-10 16:26:50.844281	17288	feeder 1 reached (117)
2020-12-10 16:26:50.844633	17289	closing door 1
2020-12-10 16:26:51.438994	17290	door 1 closed
2020-12-10 16:26:51.439425	17291	opening door 2
2020-12-10 16:26:52.165769	17292	door 2 opened
2020-12-10 16:26:52.166100	17293	closing door 0
2020-12-10 16:26:53.310056	17294	door 0 closed
2020-12-10 16:26:53.310885	17295	opening door 3
2020-12-10 16:26:54.059804	17296	door 3 opened
2020-12-10 16:27:17.496773	17297	feeder 2 reached (115)
2020-12-10 16:27:17.497507	17298	closing door 3
2020-12-10 16:27:18.193385	17299	door 3 closed
2020-12-10 16:27:18.193755	17300	opening door 0
2020-12-10 16:27:18.916173	17301	door 0 opened
2020-12-10 16:27:18.916551	17302	closing door 2
2020-12-10 16:27:19.915463	17303	door 2 closed
2020-12-10 16:27:19.915771	17304	opening door 1
2020-12-10 16:27:20.629997	17305	door 1 opened
2020-12-10 16:27:30.159735	17306	feeder 1 reached (118)
2020-12-10 16:27:30.160083	17307	closing door 1
2020-12-10 16:27:30.754604	17308	door 1 closed
2020-12-10 16:27:30.754967	17309	opening door 2
2020-12-10 16:27:31.463643	17310	door 2 opened
2020-12-10 16:27:31.464022	17311	closing door 0
2020-12-10 16:27:32.608100	17312	door 0 closed
2020-12-10 16:27:32.608436	17313	opening door 3
2020-12-10 16:27:33.350015	17314	door 3 opened
2020-12-10 16:27:41.434488	17315	feeder 2 reached (116)
2020-12-10 16:27:41.434846	17316	closing door 3
2020-12-10 16:27:42.131615	17317	door 3 closed
2020-12-10 16:27:42.132001	17318	opening door 0
2020-12-10 16:27:42.881330	17319	door 0 opened
2020-12-10 16:27:42.881749	17320	closing door 2
2020-12-10 16:27:43.679852	17321	door 2 closed
2020-12-10 16:27:43.680211	17322	opening door 1
2020-12-10 16:27:44.377617	17323	door 1 opened
2020-12-10 16:28:01.353999	17324	feeder 1 reached (119)
2020-12-10 16:28:01.354385	17325	closing door 1
2020-12-10 16:28:01.946536	17326	door 1 closed
2020-12-10 16:28:01.946908	17327	opening door 2
2020-12-10 16:28:02.643610	17328	door 2 opened
2020-12-10 16:28:02.643969	17329	closing door 0
2020-12-10 16:28:03.756104	17330	door 0 closed
2020-12-10 16:28:03.756473	17331	opening door 3
2020-12-10 16:28:04.501237	17332	door 3 opened
2020-12-10 16:28:37.976812	17333	feeder 2 reached (117)
2020-12-10 16:28:37.977169	17334	closing door 3
2020-12-10 16:28:38.671877	17335	door 3 closed
2020-12-10 16:28:38.672209	17336	opening door 0
2020-12-10 16:28:39.389532	17337	door 0 opened
2020-12-10 16:28:39.389933	17338	closing door 2
2020-12-10 16:28:40.207750	17339	door 2 closed
2020-12-10 16:28:40.208126	17340	opening door 1
2020-12-10 16:28:40.902748	17341	door 1 opened
2020-12-10 16:28:48.157500	17342	feeder 1 reached (120)
2020-12-10 16:28:48.157895	17343	closing door 1
2020-12-10 16:28:48.749974	17344	door 1 closed
2020-12-10 16:28:48.750292	17345	opening door 2
2020-12-10 16:28:49.449911	17346	door 2 opened
2020-12-10 16:28:49.450268	17347	closing door 0
2020-12-10 16:28:50.450293	17348	door 0 closed
2020-12-10 16:28:50.450683	17349	opening door 3
2020-12-10 16:28:51.211573	17350	door 3 opened
2020-12-10 16:28:58.964784	17351	feeder 2 reached (118)
2020-12-10 16:28:58.965304	17352	closing door 3
2020-12-10 16:28:59.660570	17353	door 3 closed
2020-12-10 16:28:59.660966	17354	opening door 0
2020-12-10 16:29:00.401536	17355	door 0 opened
2020-12-10 16:29:00.401912	17356	closing door 2
2020-12-10 16:29:01.485259	17357	door 2 closed
2020-12-10 16:29:01.485632	17358	opening door 1
2020-12-10 16:29:02.210082	17359	door 1 opened
2020-12-10 16:29:10.134561	17360	feeder 1 reached (121)
2020-12-10 16:29:10.134924	17361	closing door 1
2020-12-10 16:29:10.724965	17362	door 1 closed
2020-12-10 16:29:10.725341	17363	opening door 2
2020-12-10 16:29:11.434499	17364	door 2 opened
2020-12-10 16:29:11.434899	17365	closing door 0
2020-12-10 16:29:12.565639	17366	door 0 closed
2020-12-10 16:29:12.565949	17367	opening door 3
2020-12-10 16:29:13.317918	17368	door 3 opened
2020-12-10 16:29:37.237519	17369	feeder 2 reached (119)
2020-12-10 16:29:37.237938	17370	closing door 3
2020-12-10 16:29:37.933937	17371	door 3 closed
2020-12-10 16:29:37.934440	17372	opening door 0
2020-12-10 16:29:38.674222	17373	door 0 opened
2020-12-10 16:29:38.674602	17374	closing door 2
2020-12-10 16:29:39.599295	17375	door 2 closed
2020-12-10 16:29:39.599682	17376	opening door 1
2020-12-10 16:29:40.337264	17377	door 1 opened
2020-12-10 16:29:48.108949	17378	feeder 1 reached (122)
2020-12-10 16:29:48.109283	17379	closing door 1
2020-12-10 16:29:48.703550	17380	door 1 closed
2020-12-10 16:29:48.703960	17381	opening door 2
2020-12-10 16:29:49.398517	17382	door 2 opened
2020-12-10 16:29:49.398919	17383	closing door 0
2020-12-10 16:29:50.235892	17384	door 0 closed
2020-12-10 16:29:50.236263	17385	opening door 3
2020-12-10 16:29:50.971592	17386	door 3 opened
2020-12-10 16:30:14.590115	17387	feeder 2 reached (120)
2020-12-10 16:30:14.590479	17388	closing door 3
2020-12-10 16:30:15.287579	17389	door 3 closed
2020-12-10 16:30:15.287946	17390	opening door 0
2020-12-10 16:30:16.040656	17391	door 0 opened
2020-12-10 16:30:16.041076	17392	closing door 2
2020-12-10 16:30:16.842191	17393	door 2 closed
2020-12-10 16:30:16.842588	17394	opening door 1
2020-12-10 16:30:17.556223	17395	door 1 opened
2020-12-10 16:30:26.392210	17396	feeder 1 reached (123)
2020-12-10 16:30:26.392750	17397	closing door 1
2020-12-10 16:30:26.985638	17398	door 1 closed
2020-12-10 16:30:26.986080	17399	opening door 2
2020-12-10 16:30:27.681938	17400	door 2 opened
2020-12-10 16:30:27.682323	17401	closing door 0
2020-12-10 16:30:28.738961	17402	door 0 closed
2020-12-10 16:30:28.739309	17403	opening door 3
2020-12-10 16:30:29.488460	17404	door 3 opened
2020-12-10 16:30:43.157026	17405	feeder 2 reached (121)
2020-12-10 16:30:43.157434	17406	closing door 3
2020-12-10 16:30:43.850833	17407	door 3 closed
2020-12-10 16:30:43.851202	17408	opening door 0
2020-12-10 16:30:44.571373	17409	door 0 opened
2020-12-10 16:30:44.571688	17410	closing door 2
2020-12-10 16:30:45.547552	17411	door 2 closed
2020-12-10 16:30:45.547916	17412	opening door 1
2020-12-10 16:30:46.258833	17413	door 1 opened
2020-12-10 16:30:53.356900	17414	feeder 1 reached (124)
2020-12-10 16:30:53.357289	17415	closing door 1
2020-12-10 16:30:53.953588	17416	door 1 closed
2020-12-10 16:30:53.953958	17417	opening door 2
2020-12-10 16:30:54.666281	17418	door 2 opened
2020-12-10 16:30:54.666634	17419	closing door 0
2020-12-10 16:30:55.763236	17420	door 0 closed
2020-12-10 16:30:55.764566	17421	opening door 3
2020-12-10 16:30:56.517635	17422	door 3 opened
2020-12-10 16:31:04.502641	17423	feeder 2 reached (122)
2020-12-10 16:31:04.503006	17424	closing door 3
2020-12-10 16:31:05.196903	17425	door 3 closed
2020-12-10 16:31:05.197289	17426	opening door 0
2020-12-10 16:31:05.916584	17427	door 0 opened
2020-12-10 16:31:05.917273	17428	closing door 2
2020-12-10 16:31:06.838430	17429	door 2 closed
2020-12-10 16:31:06.838818	17430	opening door 1
2020-12-10 16:31:07.546643	17431	door 1 opened
2020-12-10 16:31:45.568482	17432	feeder 1 reached (125)
2020-12-10 16:31:45.568918	17433	closing door 1
2020-12-10 16:31:46.157055	17434	door 1 closed
2020-12-10 16:31:46.157467	17435	opening door 2
2020-12-10 16:31:46.855894	17436	door 2 opened
2020-12-10 16:31:46.856319	17437	closing door 0
2020-12-10 16:31:47.651105	17438	door 0 closed
2020-12-10 16:31:47.651482	17439	opening door 3
2020-12-10 16:31:48.391007	17440	door 3 opened
2020-12-10 16:32:18.857532	17441	feeder 2 reached (123)
2020-12-10 16:32:18.857956	17442	closing door 3
2020-12-10 16:32:19.554549	17443	door 3 closed
2020-12-10 16:32:19.554912	17444	opening door 0
2020-12-10 16:32:20.275812	17445	door 0 opened
2020-12-10 16:32:20.276264	17446	closing door 2
2020-12-10 16:32:21.399440	17447	door 2 closed
2020-12-10 16:32:21.399911	17448	opening door 1
2020-12-10 16:32:22.115795	17449	door 1 opened
2020-12-10 16:32:29.872629	17450	feeder 1 reached (126)
2020-12-10 16:32:29.873015	17451	closing door 1
2020-12-10 16:32:30.464433	17452	door 1 closed
2020-12-10 16:32:30.464812	17453	opening door 2
2020-12-10 16:32:31.191207	17454	door 2 opened
2020-12-10 16:32:31.191593	17455	closing door 0
2020-12-10 16:32:32.021858	17456	door 0 closed
2020-12-10 16:32:32.022270	17457	opening door 3
2020-12-10 16:32:32.750553	17458	door 3 opened
2020-12-10 16:32:40.952744	17459	feeder 2 reached (124)
2020-12-10 16:32:40.953214	17460	closing door 3
2020-12-10 16:32:41.648950	17461	door 3 closed
2020-12-10 16:32:41.649496	17462	opening door 0
2020-12-10 16:32:42.371055	17463	door 0 opened
2020-12-10 16:32:42.371430	17464	closing door 2
2020-12-10 16:32:43.534409	17465	door 2 closed
2020-12-10 16:32:43.534764	17466	opening door 1
2020-12-10 16:32:44.239346	17467	door 1 opened
2020-12-10 16:32:51.733515	17468	feeder 1 reached (127)
2020-12-10 16:32:51.733919	17469	closing door 1
2020-12-10 16:32:52.326354	17470	door 1 closed
2020-12-10 16:32:52.326738	17471	opening door 2
2020-12-10 16:32:53.056659	17472	door 2 opened
2020-12-10 16:32:53.057059	17473	closing door 0
2020-12-10 16:32:54.130695	17474	door 0 closed
2020-12-10 16:32:54.131115	17475	opening door 3
2020-12-10 16:32:54.863439	17476	door 3 opened
2020-12-10 16:33:03.272433	17477	feeder 2 reached (125)
2020-12-10 16:33:03.272804	17478	closing door 3
2020-12-10 16:33:03.975230	17479	door 3 closed
2020-12-10 16:33:03.975665	17480	opening door 0
2020-12-10 16:33:04.809295	17481	door 0 opened
2020-12-10 16:33:04.809686	17482	closing door 2
2020-12-10 16:33:05.607442	17483	door 2 closed
2020-12-10 16:33:05.607865	17484	opening door 1
2020-12-10 16:33:06.300138	17485	door 1 opened
2020-12-10 16:33:19.980316	17486	feeder 1 reached (128)
2020-12-10 16:33:19.980682	17487	closing door 1
2020-12-10 16:33:20.571769	17488	door 1 closed
2020-12-10 16:33:20.572168	17489	opening door 2
2020-12-10 16:33:21.273325	17490	door 2 opened
2020-12-10 16:33:21.273905	17491	closing door 0
2020-12-10 16:33:22.431396	17492	door 0 closed
2020-12-10 16:33:22.431765	17493	opening door 3
2020-12-10 16:33:23.181115	17494	door 3 opened
2020-12-10 16:33:43.755131	17495	feeder 2 reached (126)
2020-12-10 16:33:43.755555	17496	closing door 3
2020-12-10 16:33:44.454867	17497	door 3 closed
2020-12-10 16:33:44.455328	17498	opening door 0
2020-12-10 16:33:45.192951	17499	door 0 opened
2020-12-10 16:33:45.193269	17500	closing door 2
2020-12-10 16:33:46.195960	17501	door 2 closed
2020-12-10 16:33:46.196340	17502	opening door 1
2020-12-10 16:33:46.890868	17503	door 1 opened
2020-12-10 16:33:55.066525	17504	feeder 1 reached (129)
2020-12-10 16:33:55.066943	17505	closing door 1
2020-12-10 16:33:55.652977	17506	door 1 closed
2020-12-10 16:33:55.653443	17507	opening door 2
2020-12-10 16:33:56.371407	17508	door 2 opened
2020-12-10 16:33:56.371839	17509	closing door 0
2020-12-10 16:33:57.249037	17510	door 0 closed
2020-12-10 16:33:57.249371	17511	opening door 3
2020-12-10 16:33:58.010526	17512	door 3 opened
2020-12-10 16:34:04.232212	17513	feeder 2 reached (127)
2020-12-10 16:34:04.232593	17514	closing door 3
2020-12-10 16:34:04.929461	17515	door 3 closed
2020-12-10 16:34:04.929861	17516	opening door 0
2020-12-10 16:34:05.668232	17517	door 0 opened
2020-12-10 16:34:05.668609	17518	closing door 2
2020-12-10 16:34:06.650274	17519	door 2 closed
2020-12-10 16:34:06.650655	17520	opening door 1
2020-12-10 16:34:07.350864	17521	door 1 opened
2020-12-10 16:34:16.215636	17522	feeder 1 reached (130)
2020-12-10 16:34:16.216020	17523	closing door 1
2020-12-10 16:34:16.813024	17524	door 1 closed
2020-12-10 16:34:16.813413	17525	opening door 2
2020-12-10 16:34:17.553262	17526	door 2 opened
2020-12-10 16:34:17.553624	17527	closing door 0
2020-12-10 16:34:18.539408	17528	door 0 closed
2020-12-10 16:34:18.539765	17529	opening door 3
2020-12-10 16:34:19.273408	17530	door 3 opened
2020-12-10 16:34:33.474352	17531	feeder 2 reached (128)
2020-12-10 16:34:33.474752	17532	closing door 3
2020-12-10 16:34:34.172119	17533	door 3 closed
2020-12-10 16:34:34.172480	17534	opening door 0
2020-12-10 16:34:34.887051	17535	door 0 opened
2020-12-10 16:34:34.887523	17536	closing door 2
2020-12-10 16:34:35.759171	17537	door 2 closed
2020-12-10 16:34:35.759569	17538	opening door 1
2020-12-10 16:34:36.470040	17539	door 1 opened
2020-12-10 16:34:44.285360	17540	feeder 1 reached (131)
2020-12-10 16:34:44.285766	17541	closing door 1
2020-12-10 16:34:44.878635	17542	door 1 closed
2020-12-10 16:34:44.878990	17543	opening door 2
2020-12-10 16:34:45.574958	17544	door 2 opened
2020-12-10 16:34:45.575344	17545	closing door 0
2020-12-10 16:34:46.399065	17546	door 0 closed
2020-12-10 16:34:46.399460	17547	opening door 3
2020-12-10 16:34:47.138380	17548	door 3 opened
2020-12-10 16:35:12.115112	17549	feeder 2 reached (129)
2020-12-10 16:35:12.115480	17550	closing door 3
2020-12-10 16:35:12.809378	17551	door 3 closed
2020-12-10 16:35:12.809745	17552	opening door 0
2020-12-10 16:35:13.568999	17553	door 0 opened
2020-12-10 16:35:13.569448	17554	closing door 2
2020-12-10 16:35:14.650973	17555	door 2 closed
2020-12-10 16:35:14.651370	17556	opening door 1
2020-12-10 16:35:15.370936	17557	door 1 opened
2020-12-10 16:35:23.310524	17558	feeder 1 reached (132)
2020-12-10 16:35:23.310905	17559	closing door 1
2020-12-10 16:35:23.900452	17560	door 1 closed
2020-12-10 16:35:23.900801	17561	opening door 2
2020-12-10 16:35:24.597165	17562	door 2 opened
2020-12-10 16:35:24.597535	17563	closing door 0
2020-12-10 16:35:25.713902	17564	door 0 closed
2020-12-10 16:35:25.714215	17565	opening door 3
2020-12-10 16:35:26.450934	17566	door 3 opened
2020-12-10 16:36:17.507167	17567	feeder 2 reached (130)
2020-12-10 16:36:17.507555	17568	closing door 3
2020-12-10 16:36:18.203517	17569	door 3 closed
2020-12-10 16:36:18.203927	17570	opening door 0
2020-12-10 16:36:18.925251	17571	door 0 opened
2020-12-10 16:36:18.925662	17572	closing door 2
2020-12-10 16:36:19.772578	17573	door 2 closed
2020-12-10 16:36:19.772971	17574	opening door 1
2020-12-10 16:36:20.478165	17575	door 1 opened
2020-12-10 16:36:28.662229	17576	feeder 1 reached (133)
2020-12-10 16:36:28.662624	17577	closing door 1
2020-12-10 16:36:29.255958	17578	door 1 closed
2020-12-10 16:36:29.256377	17579	opening door 2
2020-12-10 16:36:29.950343	17580	door 2 opened
2020-12-10 16:36:29.950752	17581	closing door 0
2020-12-10 16:36:30.841857	17582	door 0 closed
2020-12-10 16:36:30.842207	17583	opening door 3
2020-12-10 16:36:31.581404	17584	door 3 opened
2020-12-10 16:36:43.398691	17585	feeder 2 reached (131)
2020-12-10 16:36:43.399078	17586	closing door 3
2020-12-10 16:36:44.090211	17587	door 3 closed
2020-12-10 16:36:44.090603	17588	opening door 0
2020-12-10 16:36:44.826678	17589	door 0 opened
2020-12-10 16:36:44.827102	17590	closing door 2
2020-12-10 16:36:45.973993	17591	door 2 closed
2020-12-10 16:36:45.974383	17592	opening door 1
2020-12-10 16:36:46.695860	17593	door 1 opened
2020-12-10 16:36:53.405637	17594	feeder 1 reached (134)
2020-12-10 16:36:53.406008	17595	closing door 1
2020-12-10 16:36:53.990842	17596	door 1 closed
2020-12-10 16:36:53.991294	17597	opening door 2
2020-12-10 16:36:54.704291	17598	door 2 opened
2020-12-10 16:36:54.704566	17599	closing door 0
2020-12-10 16:36:55.830338	17600	door 0 closed
2020-12-10 16:36:55.830637	17601	opening door 3
2020-12-10 16:36:56.578892	17602	door 3 opened
2020-12-10 16:37:01.944006	17603	feeder 2 reached (132)
2020-12-10 16:37:01.944369	17604	closing door 3
2020-12-10 16:37:02.640335	17605	door 3 closed
2020-12-10 16:37:02.640726	17606	opening door 0
2020-12-10 16:37:03.386472	17607	door 0 opened
2020-12-10 16:37:03.387115	17608	closing door 2
2020-12-10 16:37:04.432483	17609	door 2 closed
2020-12-10 16:37:04.433009	17610	opening door 1
2020-12-10 16:37:05.138929	17611	door 1 opened
2020-12-10 16:37:12.961146	17612	feeder 1 reached (135)
2020-12-10 16:37:12.961529	17613	closing door 1
2020-12-10 16:37:13.544927	17614	door 1 closed
2020-12-10 16:37:13.545615	17615	opening door 2
2020-12-10 16:37:14.243811	17616	door 2 opened
2020-12-10 16:37:14.244163	17617	closing door 0
2020-12-10 16:37:15.107131	17618	door 0 closed
2020-12-10 16:37:15.107511	17619	opening door 3
2020-12-10 16:37:15.831526	17620	door 3 opened
2020-12-10 16:37:53.276673	17621	feeder 2 reached (133)
2020-12-10 16:37:53.277064	17622	closing door 3
2020-12-10 16:37:53.971341	17623	door 3 closed
2020-12-10 16:37:53.971705	17624	opening door 0
2020-12-10 16:37:54.683832	17625	door 0 opened
2020-12-10 16:37:54.684235	17626	closing door 2
2020-12-10 16:37:55.631258	17627	door 2 closed
2020-12-10 16:37:55.631615	17628	opening door 1
2020-12-10 16:37:56.357965	17629	door 1 opened
2020-12-10 16:38:02.538376	17630	feeder 1 reached (136)
2020-12-10 16:38:02.538801	17631	closing door 1
2020-12-10 16:38:03.126535	17632	door 1 closed
2020-12-10 16:38:03.126904	17633	opening door 2
2020-12-10 16:38:03.826489	17634	door 2 opened
2020-12-10 16:38:03.826833	17635	closing door 0
2020-12-10 16:38:04.670805	17636	door 0 closed
2020-12-10 16:38:04.671202	17637	opening door 3
2020-12-10 16:38:05.421343	17638	door 3 opened
2020-12-10 16:38:15.816635	17639	feeder 2 reached (134)
2020-12-10 16:38:15.817028	17640	closing door 3
2020-12-10 16:38:16.514158	17641	door 3 closed
2020-12-10 16:38:16.514577	17642	opening door 0
2020-12-10 16:38:17.281774	17643	door 0 opened
2020-12-10 16:38:17.282150	17644	closing door 2
2020-12-10 16:38:18.151109	17645	door 2 closed
2020-12-10 16:38:18.151492	17646	opening door 1
2020-12-10 16:38:18.871108	17647	door 1 opened
2020-12-10 16:38:26.125427	17648	feeder 1 reached (137)
2020-12-10 16:38:26.125823	17649	closing door 1
2020-12-10 16:38:26.705512	17650	door 1 closed
2020-12-10 16:38:26.705927	17651	opening door 2
2020-12-10 16:38:27.403566	17652	door 2 opened
2020-12-10 16:38:27.403938	17653	closing door 0
2020-12-10 16:38:28.401303	17654	door 0 closed
2020-12-10 16:38:28.401701	17655	opening door 3
2020-12-10 16:38:29.131884	17656	door 3 opened
2020-12-10 16:38:37.648027	17657	feeder 2 reached (135)
2020-12-10 16:38:37.648379	17658	closing door 3
2020-12-10 16:38:38.346721	17659	door 3 closed
2020-12-10 16:38:38.347128	17660	opening door 0
2020-12-10 16:38:39.095360	17661	door 0 opened
2020-12-10 16:38:39.095736	17662	closing door 2
2020-12-10 16:38:40.279486	17663	door 2 closed
2020-12-10 16:38:40.279955	17664	opening door 1
2020-12-10 16:38:40.982801	17665	door 1 opened
2020-12-10 16:38:48.719465	17666	feeder 1 reached (138)
2020-12-10 16:38:48.719868	17667	closing door 1
2020-12-10 16:38:49.309813	17668	door 1 closed
2020-12-10 16:38:49.310262	17669	opening door 2
2020-12-10 16:38:50.022135	17670	door 2 opened
2020-12-10 16:38:50.022623	17671	closing door 0
2020-12-10 16:38:50.814083	17672	door 0 closed
2020-12-10 16:38:50.814458	17673	opening door 3
2020-12-10 16:38:51.548645	17674	door 3 opened
2020-12-10 16:39:05.824077	17675	feeder 2 reached (136)
2020-12-10 16:39:05.824481	17676	closing door 3
2020-12-10 16:39:06.521272	17677	door 3 closed
2020-12-10 16:39:06.521679	17678	opening door 0
2020-12-10 16:39:07.256753	17679	door 0 opened
2020-12-10 16:39:07.257275	17680	closing door 2
2020-12-10 16:39:08.138599	17681	door 2 closed
2020-12-10 16:39:08.138979	17682	opening door 1
2020-12-10 16:39:08.861210	17683	door 1 opened
2020-12-10 16:39:16.219665	17684	feeder 1 reached (139)
2020-12-10 16:39:16.220030	17685	closing door 1
2020-12-10 16:39:16.811198	17686	door 1 closed
2020-12-10 16:39:16.811594	17687	opening door 2
2020-12-10 16:39:17.506049	17688	door 2 opened
2020-12-10 16:39:17.506404	17689	closing door 0
2020-12-10 16:39:18.354864	17690	door 0 closed
2020-12-10 16:39:18.355257	17691	opening door 3
2020-12-10 16:39:19.110566	17692	door 3 opened
2020-12-10 16:39:38.646012	17693	feeder 2 reached (137)
2020-12-10 16:39:38.646393	17694	closing door 3
2020-12-10 16:39:39.341935	17695	door 3 closed
2020-12-10 16:39:39.342315	17696	opening door 0
2020-12-10 16:39:40.050319	17697	door 0 opened
2020-12-10 16:39:40.050769	17698	closing door 2
2020-12-10 16:39:40.911254	17699	door 2 closed
2020-12-10 16:39:40.911816	17700	opening door 1
2020-12-10 16:39:41.637777	17701	door 1 opened
2020-12-10 16:39:49.369575	17702	feeder 1 reached (140)
2020-12-10 16:39:49.369942	17703	closing door 1
2020-12-10 16:39:49.961342	17704	door 1 closed
2020-12-10 16:39:49.961886	17705	opening door 2
2020-12-10 16:39:50.658112	17706	door 2 opened
2020-12-10 16:39:50.658498	17707	closing door 0
2020-12-10 16:39:51.470012	17708	door 0 closed
2020-12-10 16:39:51.470435	17709	opening door 3
2020-12-10 16:39:52.230328	17710	door 3 opened
2020-12-10 16:40:08.905992	17711	feeder 2 reached (138)
2020-12-10 16:40:08.906345	17712	closing door 3
2020-12-10 16:40:09.603472	17713	door 3 closed
2020-12-10 16:40:09.603853	17714	opening door 0
2020-12-10 16:40:10.332454	17715	door 0 opened
2020-12-10 16:40:10.332847	17716	closing door 2
2020-12-10 16:40:11.202157	17717	door 2 closed
2020-12-10 16:40:11.202524	17718	opening door 1
2020-12-10 16:40:11.929081	17719	door 1 opened
2020-12-10 16:40:24.734225	17720	feeder 1 reached (141)
2020-12-10 16:40:24.734610	17721	closing door 1
2020-12-10 16:40:25.326587	17722	door 1 closed
2020-12-10 16:40:25.327019	17723	opening door 2
2020-12-10 16:40:26.020534	17724	door 2 opened
2020-12-10 16:40:26.020923	17725	closing door 0
2020-12-10 16:40:27.193702	17726	door 0 closed
2020-12-10 16:40:27.193989	17727	opening door 3
2020-12-10 16:40:27.917850	17728	door 3 opened
2020-12-10 16:40:50.393806	17729	feeder 2 reached (139)
2020-12-10 16:40:50.394185	17730	closing door 3
2020-12-10 16:40:51.090224	17731	door 3 closed
2020-12-10 16:40:51.090585	17732	opening door 0
2020-12-10 16:40:51.826780	17733	door 0 opened
2020-12-10 16:40:51.827179	17734	closing door 2
2020-12-10 16:40:52.637036	17735	door 2 closed
2020-12-10 16:40:52.637454	17736	opening door 1
2020-12-10 16:40:53.345498	17737	door 1 opened
2020-12-10 16:41:02.758851	17738	feeder 1 reached (142)
2020-12-10 16:41:02.759258	17739	closing door 1
2020-12-10 16:41:03.351076	17740	door 1 closed
2020-12-10 16:41:03.351458	17741	opening door 2
2020-12-10 16:41:04.043247	17742	door 2 opened
2020-12-10 16:41:04.043620	17743	closing door 0
2020-12-10 16:41:04.898422	17744	door 0 closed
2020-12-10 16:41:04.898813	17745	opening door 3
2020-12-10 16:41:05.619100	17746	door 3 opened
2020-12-10 16:41:57.454507	17747	feeder 2 reached (140)
2020-12-10 16:41:57.454882	17748	closing door 3
2020-12-10 16:41:58.151248	17749	door 3 closed
2020-12-10 16:41:58.152009	17750	opening door 0
2020-12-10 16:41:58.906538	17751	door 0 opened
2020-12-10 16:41:58.906943	17752	closing door 2
2020-12-10 16:41:59.776075	17753	door 2 closed
2020-12-10 16:41:59.776481	17754	opening door 1
2020-12-10 16:42:00.663244	17755	door 1 opened
2020-12-10 16:42:07.794069	17756	feeder 1 reached (143)
2020-12-10 16:42:07.794448	17757	closing door 1
2020-12-10 16:42:08.389429	17758	door 1 closed
2020-12-10 16:42:08.389823	17759	opening door 2
2020-12-10 16:42:09.092050	17760	door 2 opened
2020-12-10 16:42:09.092453	17761	closing door 0
2020-12-10 16:42:10.014402	17762	door 0 closed
2020-12-10 16:42:10.014913	17763	opening door 3
2020-12-10 16:42:10.729065	17764	door 3 opened
2020-12-10 16:42:18.098526	17765	feeder 2 reached (141)
2020-12-10 16:42:18.098897	17766	closing door 3
2020-12-10 16:42:18.794189	17767	door 3 closed
2020-12-10 16:42:18.794601	17768	opening door 0
2020-12-10 16:42:19.539382	17769	door 0 opened
2020-12-10 16:42:19.540058	17770	closing door 2
2020-12-10 16:42:20.653204	17771	door 2 closed
2020-12-10 16:42:20.653614	17772	opening door 1
2020-12-10 16:42:21.367833	17773	door 1 opened
2020-12-10 16:42:27.925392	17774	feeder 1 reached (144)
2020-12-10 16:42:27.925744	17775	closing door 1
2020-12-10 16:42:28.515141	17776	door 1 closed
2020-12-10 16:42:28.515532	17777	opening door 2
2020-12-10 16:42:29.212784	17778	door 2 opened
2020-12-10 16:42:29.213205	17779	closing door 0
2020-12-10 16:42:30.072067	17780	door 0 closed
2020-12-10 16:42:30.072506	17781	opening door 3
2020-12-10 16:42:30.821360	17782	door 3 opened
2020-12-10 16:42:39.793768	17783	feeder 2 reached (142)
2020-12-10 16:42:39.794504	17784	closing door 3
2020-12-10 16:42:40.494064	17785	door 3 closed
2020-12-10 16:42:40.494396	17786	opening door 0
2020-12-10 16:42:41.206421	17787	door 0 opened
2020-12-10 16:42:41.206764	17788	closing door 2
2020-12-10 16:42:42.358635	17789	door 2 closed
2020-12-10 16:42:42.359016	17790	opening door 1
2020-12-10 16:42:43.058394	17791	door 1 opened
2020-12-10 16:42:55.506922	17792	feeder 1 reached (145)
2020-12-10 16:42:55.507459	17793	closing door 1
2020-12-10 16:42:56.104141	17794	door 1 closed
2020-12-10 16:42:56.104560	17795	opening door 2
2020-12-10 16:42:56.800574	17796	door 2 opened
2020-12-10 16:42:56.800954	17797	closing door 0
2020-12-10 16:42:57.941779	17798	door 0 closed
2020-12-10 16:42:57.942154	17799	opening door 3
2020-12-10 16:42:58.689950	17800	door 3 opened
2020-12-10 16:43:21.239544	17801	feeder 2 reached (143)
2020-12-10 16:43:21.239911	17802	closing door 3
2020-12-10 16:43:21.930724	17803	door 3 closed
2020-12-10 16:43:21.931101	17804	opening door 0
2020-12-10 16:43:22.649873	17805	door 0 opened
2020-12-10 16:43:22.650264	17806	closing door 2
2020-12-10 16:43:23.737784	17807	door 2 closed
2020-12-10 16:43:23.738143	17808	opening door 1
2020-12-10 16:43:24.444082	17809	door 1 opened
2020-12-10 16:43:30.934466	17810	feeder 1 reached (146)
2020-12-10 16:43:30.934869	17811	closing door 1
2020-12-10 16:43:31.526808	17812	door 1 closed
2020-12-10 16:43:31.527208	17813	opening door 2
2020-12-10 16:43:32.216225	17814	door 2 opened
2020-12-10 16:43:32.216652	17815	closing door 0
2020-12-10 16:43:33.151978	17816	door 0 closed
2020-12-10 16:43:33.152373	17817	opening door 3
2020-12-10 16:43:33.882114	17818	door 3 opened
2020-12-10 16:43:50.960372	17819	feeder 2 reached (144)
2020-12-10 16:43:50.960768	17820	closing door 3
2020-12-10 16:43:51.661134	17821	door 3 closed
2020-12-10 16:43:51.661505	17822	opening door 0
2020-12-10 16:43:52.388914	17823	door 0 opened
2020-12-10 16:43:52.389440	17824	closing door 2
2020-12-10 16:43:53.217740	17825	door 2 closed
2020-12-10 16:43:53.218125	17826	opening door 1
2020-12-10 16:43:53.943509	17827	door 1 opened
2020-12-10 16:44:00.854503	17828	feeder 1 reached (147)
2020-12-10 16:44:00.854859	17829	closing door 1
2020-12-10 16:44:01.449988	17830	door 1 closed
2020-12-10 16:44:01.450385	17831	opening door 2
2020-12-10 16:44:02.148310	17832	door 2 opened
2020-12-10 16:44:02.148766	17833	closing door 0
2020-12-10 16:44:03.080080	17834	door 0 closed
2020-12-10 16:44:03.080512	17835	opening door 3
2020-12-10 16:44:03.828478	17836	door 3 opened
2020-12-10 16:44:20.468161	17837	feeder 2 reached (145)
2020-12-10 16:44:20.468576	17838	closing door 3
2020-12-10 16:44:21.169311	17839	door 3 closed
2020-12-10 16:44:21.169682	17840	opening door 0
2020-12-10 16:44:21.903470	17841	door 0 opened
2020-12-10 16:44:21.903833	17842	closing door 2
2020-12-10 16:44:22.709140	17843	door 2 closed
2020-12-10 16:44:22.709456	17844	opening door 1
2020-12-10 16:44:23.419411	17845	door 1 opened
2020-12-10 16:44:32.043364	17846	feeder 1 reached (148)
2020-12-10 16:44:32.043741	17847	closing door 1
2020-12-10 16:44:32.637123	17848	door 1 closed
2020-12-10 16:44:32.637430	17849	opening door 2
2020-12-10 16:44:33.336527	17850	door 2 opened
2020-12-10 16:44:33.336951	17851	closing door 0
2020-12-10 16:44:34.191968	17852	door 0 closed
2020-12-10 16:44:34.192334	17853	opening door 3
2020-12-10 16:44:34.960910	17854	door 3 opened
2020-12-10 16:44:41.592189	17855	feeder 2 reached (146)
2020-12-10 16:44:41.592586	17856	closing door 3
2020-12-10 16:44:42.292575	17857	door 3 closed
2020-12-10 16:44:42.292999	17858	opening door 0
2020-12-10 16:44:43.051558	17859	door 0 opened
2020-12-10 16:44:43.051927	17860	closing door 2
2020-12-10 16:44:43.991247	17861	door 2 closed
2020-12-10 16:44:43.991599	17862	opening door 1
2020-12-10 16:44:44.697297	17863	door 1 opened
2020-12-10 16:44:52.860412	17864	feeder 1 reached (149)
2020-12-10 16:44:52.860878	17865	closing door 1
2020-12-10 16:44:53.453376	17866	door 1 closed
2020-12-10 16:44:53.453891	17867	opening door 2
2020-12-10 16:44:54.151981	17868	door 2 opened
2020-12-10 16:44:54.152379	17869	closing door 0
2020-12-10 16:44:54.933984	17870	door 0 closed
2020-12-10 16:44:54.934388	17871	opening door 3
2020-12-10 16:44:55.680382	17872	door 3 opened
2020-12-10 16:45:10.814232	17873	feeder 2 reached (147)
2020-12-10 16:45:10.814652	17874	closing door 3
2020-12-10 16:45:11.512787	17875	door 3 closed
2020-12-10 16:45:11.513208	17876	opening door 0
2020-12-10 16:45:12.226385	17877	door 0 opened
2020-12-10 16:45:12.226776	17878	closing door 2
2020-12-10 16:45:13.085433	17879	door 2 closed
2020-12-10 16:45:13.085829	17880	opening door 1
2020-12-10 16:45:13.777952	17881	door 1 opened
2020-12-10 16:45:22.158467	17882	feeder 1 reached (150)
2020-12-10 16:45:22.158936	17883	closing door 1
2020-12-10 16:45:22.750179	17884	door 1 closed
2020-12-10 16:45:22.750535	17885	opening door 2
2020-12-10 16:45:23.440115	17886	door 2 opened
2020-12-10 16:45:23.440543	17887	closing door 0
2020-12-10 16:45:24.584927	17888	door 0 closed
2020-12-10 16:45:24.585346	17889	opening door 3
2020-12-10 16:45:25.323263	17890	door 3 opened
2020-12-10 16:45:28.925934	17891	feeder 2 reached (148)
2020-12-10 16:45:28.926317	17892	closing door 3
2020-12-10 16:45:29.623666	17893	door 3 closed
2020-12-10 16:45:29.624027	17894	opening door 0
2020-12-10 16:45:30.370742	17895	door 0 opened
2020-12-10 16:45:30.371154	17896	closing door 2
2020-12-10 16:45:31.512609	17897	door 2 closed
2020-12-10 16:45:31.513053	17898	opening door 1
2020-12-10 16:45:32.218159	17899	door 1 opened
2020-12-10 16:45:38.483956	17900	feeder 1 reached (151)
2020-12-10 16:45:38.484307	17901	closing door 1
2020-12-10 16:45:39.074296	17902	door 1 closed
2020-12-10 16:45:39.074678	17903	opening door 2
2020-12-10 16:45:39.794186	17904	door 2 opened
2020-12-10 16:45:39.794539	17905	closing door 0
2020-12-10 16:45:40.935189	17906	door 0 closed
2020-12-10 16:45:40.935954	17907	opening door 3
2020-12-10 16:45:41.697935	17908	door 3 opened
2020-12-10 16:46:15.236442	17909	feeder 2 reached (149)
2020-12-10 16:46:15.236810	17910	closing door 3
2020-12-10 16:46:15.930256	17911	door 3 closed
2020-12-10 16:46:15.930655	17912	opening door 0
2020-12-10 16:46:16.644946	17913	door 0 opened
2020-12-10 16:46:16.645387	17914	closing door 2
2020-12-10 16:46:17.825536	17915	door 2 closed
2020-12-10 16:46:17.825932	17916	opening door 1
2020-12-10 16:46:18.557993	17917	door 1 opened
2020-12-10 16:46:50.165274	17918	feeder 1 reached (152)
2020-12-10 16:46:50.165661	17919	closing door 1
2020-12-10 16:46:50.751284	17920	door 1 closed
2020-12-10 16:46:50.751693	17921	opening door 2
2020-12-10 16:46:51.447685	17922	door 2 opened
2020-12-10 16:46:51.448029	17923	closing door 0
2020-12-10 16:46:52.632085	17924	door 0 closed
2020-12-10 16:46:52.632441	17925	opening door 3
2020-12-10 16:46:53.366365	17926	door 3 opened
2020-12-10 16:47:53.080150	17927	feeder 2 reached (150)
2020-12-10 16:47:53.080869	17928	closing door 3
2020-12-10 16:47:53.776440	17929	door 3 closed
2020-12-10 16:47:53.776810	17930	opening door 0
2020-12-10 16:47:54.494786	17931	door 0 opened
2020-12-10 16:47:54.495174	17932	closing door 2
2020-12-10 16:47:55.301224	17933	door 2 closed
2020-12-10 16:47:55.301590	17934	opening door 1
2020-12-10 16:47:56.009355	17935	door 1 opened
2020-12-10 16:48:03.363828	17936	feeder 1 reached (153)
2020-12-10 16:48:03.364183	17937	closing door 1
2020-12-10 16:48:03.957071	17938	door 1 closed
2020-12-10 16:48:03.957454	17939	closing door 2
2020-12-10 16:48:04.087871	17940	door 2 closed
2020-12-10 16:48:04.088311	17941	closing door 0
2020-12-10 16:48:05.156667	17942	door 0 closed
2020-12-10 16:48:05.157054	17943	closing door 3
2020-12-10 16:48:05.335585	17944	door 3 closed
2020-12-10 16:48:05.335986	17945	ended experiment AL2_20_12_10_Open1_CrepLight
