2020-11-17 14:13:31.517258	2570	started experiment AL3_20_11_17
2020-11-17 14:13:31.517547	2571	closing door 0
2020-11-17 14:13:31.786096	2572	door 0 closed
2020-11-17 14:13:31.786763	2573	closing door 1
2020-11-17 14:13:32.159404	2574	door 1 closed
2020-11-17 14:13:32.160050	2575	closing door 2
2020-11-17 14:13:32.323854	2576	door 2 closed
2020-11-17 14:13:32.324645	2577	closing door 3
2020-11-17 14:13:32.512131	2578	door 3 closed
2020-11-17 14:13:36.958049	2579	feeder 1 reached (33)
2020-11-17 14:13:36.958732	2580	closing door 1
2020-11-17 14:13:37.036847	2581	door 1 closed
2020-11-17 14:13:37.037420	2582	opening door 2
2020-11-17 14:13:37.718657	2583	door 2 opened
2020-11-17 14:13:37.719309	2584	closing door 0
2020-11-17 14:13:37.915233	2585	door 0 closed
2020-11-17 14:13:37.915879	2586	opening door 3
2020-11-17 14:13:38.666828	2587	door 3 opened
2020-11-17 14:26:44.633197	2588	started experiment AL3_20_11_17
2020-11-17 14:26:44.634065	2589	closing door 0
2020-11-17 14:26:45.185039	2590	door 0 closed
2020-11-17 14:26:45.185768	2591	closing door 1
2020-11-17 14:26:45.602441	2592	door 1 closed
2020-11-17 14:26:45.603148	2593	closing door 2
2020-11-17 14:26:45.792591	2594	door 2 closed
2020-11-17 14:26:45.793262	2595	closing door 3
2020-11-17 14:26:45.969678	2596	door 3 closed
2020-11-17 14:26:50.512100	2597	feeder 1 reached (1)
2020-11-17 14:26:50.512782	2598	closing door 1
2020-11-17 14:26:50.597067	2599	door 1 closed
2020-11-17 14:26:50.597678	2600	opening door 2
2020-11-17 14:26:51.277476	2601	door 2 opened
2020-11-17 14:26:51.278178	2602	closing door 0
2020-11-17 14:26:51.716302	2603	door 0 closed
2020-11-17 14:26:51.716898	2604	opening door 3
2020-11-17 14:26:52.459506	2605	door 3 opened
2020-11-17 14:27:21.764801	2606	feeder 2 reached (1)
2020-11-17 14:27:21.765383	2607	closing door 3
2020-11-17 14:27:22.452779	2608	door 3 closed
2020-11-17 14:27:22.453676	2609	opening door 0
2020-11-17 14:27:23.157956	2610	door 0 opened
2020-11-17 14:27:23.158593	2611	closing door 2
2020-11-17 14:27:24.273953	2612	door 2 closed
2020-11-17 14:27:24.274525	2613	opening door 1
2020-11-17 14:27:25.024177	2614	door 1 opened
2020-11-17 14:28:17.796932	2615	feeder 1 reached (2)
2020-11-17 14:28:17.797604	2616	closing door 1
2020-11-17 14:28:18.493454	2617	door 1 closed
2020-11-17 14:28:18.494060	2618	opening door 2
2020-11-17 14:28:19.196217	2619	door 2 opened
2020-11-17 14:28:19.196939	2620	closing door 0
2020-11-17 14:28:19.995950	2621	door 0 closed
2020-11-17 14:28:19.996702	2622	opening door 3
2020-11-17 14:28:20.756289	2623	door 3 opened
2020-11-17 14:30:55.148667	2624	feeder 2 reached (2)
2020-11-17 14:30:55.149153	2625	closing door 3
2020-11-17 14:30:55.843361	2626	door 3 closed
2020-11-17 14:30:55.844215	2627	opening door 0
2020-11-17 14:30:56.588934	2628	door 0 opened
2020-11-17 14:30:56.589611	2629	closing door 2
2020-11-17 14:30:57.722800	2630	door 2 closed
2020-11-17 14:30:57.723450	2631	opening door 1
2020-11-17 14:30:58.471573	2632	door 1 opened
2020-11-17 14:36:36.903307	2633	feeder 1 reached (3)
2020-11-17 14:36:36.903953	2634	closing door 1
2020-11-17 14:36:37.590254	2635	door 1 closed
2020-11-17 14:36:37.590948	2636	opening door 2
2020-11-17 14:36:38.283374	2637	door 2 opened
2020-11-17 14:36:38.283660	2638	closing door 0
2020-11-17 14:36:39.329649	2639	door 0 closed
2020-11-17 14:36:39.330359	2640	opening door 3
2020-11-17 14:36:40.082679	2641	door 3 opened
2020-11-17 14:37:27.855233	2642	feeder 2 reached (3)
2020-11-17 14:37:27.855920	2643	closing door 3
2020-11-17 14:37:28.545705	2644	door 3 closed
2020-11-17 14:37:28.546394	2645	opening door 0
2020-11-17 14:37:29.247955	2646	door 0 opened
2020-11-17 14:37:29.248628	2647	closing door 2
2020-11-17 14:37:30.119311	2648	door 2 closed
2020-11-17 14:37:30.120269	2649	opening door 1
2020-11-17 14:37:30.863301	2650	door 1 opened
2020-11-17 14:38:39.103591	2651	feeder 1 reached (4)
2020-11-17 14:38:39.104330	2652	closing door 1
2020-11-17 14:38:39.800111	2653	door 1 closed
2020-11-17 14:38:39.800724	2654	opening door 2
2020-11-17 14:38:40.479671	2655	door 2 opened
2020-11-17 14:38:40.480425	2656	closing door 0
2020-11-17 14:38:41.394159	2657	door 0 closed
2020-11-17 14:38:41.394886	2658	opening door 3
2020-11-17 14:38:42.153555	2659	door 3 opened
2020-11-17 14:39:35.925189	2660	feeder 2 reached (4)
2020-11-17 14:39:35.925830	2661	closing door 3
2020-11-17 14:39:36.618783	2662	door 3 closed
2020-11-17 14:39:36.619399	2663	opening door 0
2020-11-17 14:39:37.366746	2664	door 0 opened
2020-11-17 14:39:37.367438	2665	closing door 2
2020-11-17 14:39:38.323458	2666	door 2 closed
2020-11-17 14:39:38.324454	2667	opening door 1
2020-11-17 14:39:39.064937	2668	door 1 opened
2020-11-17 14:40:00.934966	2669	feeder 1 reached (5)
2020-11-17 14:40:00.935604	2670	closing door 1
2020-11-17 14:40:01.629211	2671	door 1 closed
2020-11-17 14:40:01.629861	2672	opening door 2
2020-11-17 14:40:02.330853	2673	door 2 opened
2020-11-17 14:40:02.331541	2674	closing door 0
2020-11-17 14:40:03.292413	2675	door 0 closed
2020-11-17 14:40:03.293053	2676	opening door 3
2020-11-17 14:40:04.030064	2677	door 3 opened
2020-11-17 14:40:18.421303	2678	feeder 2 reached (5)
2020-11-17 14:40:18.421901	2679	closing door 3
2020-11-17 14:40:19.114307	2680	door 3 closed
2020-11-17 14:40:19.115011	2681	opening door 0
2020-11-17 14:40:19.849664	2682	door 0 opened
2020-11-17 14:40:19.850341	2683	closing door 2
2020-11-17 14:40:20.915464	2684	door 2 closed
2020-11-17 14:40:20.916149	2685	opening door 1
2020-11-17 14:40:21.657782	2686	door 1 opened
2020-11-17 14:41:40.474320	2687	feeder 1 reached (6)
2020-11-17 14:41:40.474902	2688	closing door 1
2020-11-17 14:41:41.165197	2689	door 1 closed
2020-11-17 14:41:41.165860	2690	opening door 2
2020-11-17 14:41:41.860770	2691	door 2 opened
2020-11-17 14:41:41.861432	2692	closing door 0
2020-11-17 14:41:42.855563	2693	door 0 closed
2020-11-17 14:41:42.856269	2694	opening door 3
2020-11-17 14:41:43.622139	2695	door 3 opened
2020-11-17 14:43:00.792607	2696	feeder 2 reached (6)
2020-11-17 14:43:00.793298	2697	closing door 3
2020-11-17 14:43:01.481223	2698	door 3 closed
2020-11-17 14:43:01.481939	2699	opening door 0
2020-11-17 14:43:02.183528	2700	door 0 opened
2020-11-17 14:43:02.184277	2701	closing door 2
2020-11-17 14:43:03.121867	2702	door 2 closed
2020-11-17 14:43:03.122562	2703	opening door 1
2020-11-17 14:43:03.889332	2704	door 1 opened
2020-11-17 14:43:19.241501	2705	feeder 1 reached (7)
2020-11-17 14:43:19.242008	2706	closing door 1
2020-11-17 14:43:19.933729	2707	door 1 closed
2020-11-17 14:43:19.934427	2708	opening door 2
2020-11-17 14:43:20.615657	2709	door 2 opened
2020-11-17 14:43:20.616352	2710	closing door 0
2020-11-17 14:43:21.552483	2711	door 0 closed
2020-11-17 14:43:21.553152	2712	opening door 3
2020-11-17 14:43:22.305448	2713	door 3 opened
2020-11-17 14:43:41.615383	2714	feeder 2 reached (7)
2020-11-17 14:43:41.616074	2715	closing door 3
2020-11-17 14:43:42.311752	2716	door 3 closed
2020-11-17 14:43:42.312443	2717	opening door 0
2020-11-17 14:43:43.031488	2718	door 0 opened
2020-11-17 14:43:43.032160	2719	closing door 2
2020-11-17 14:43:44.082933	2720	door 2 closed
2020-11-17 14:43:44.083594	2721	opening door 1
2020-11-17 14:43:44.820197	2722	door 1 opened
2020-11-17 14:43:56.482528	2723	feeder 1 reached (8)
2020-11-17 14:43:56.482922	2724	closing door 1
2020-11-17 14:43:57.166335	2725	door 1 closed
2020-11-17 14:43:57.167056	2726	opening door 2
2020-11-17 14:43:57.847675	2727	door 2 opened
2020-11-17 14:43:57.848446	2728	closing door 0
2020-11-17 14:43:58.841689	2729	door 0 closed
2020-11-17 14:43:58.842644	2730	opening door 3
2020-11-17 14:43:59.604507	2731	door 3 opened
2020-11-17 14:46:40.826579	2732	feeder 2 reached (8)
2020-11-17 14:46:40.827233	2733	closing door 3
2020-11-17 14:46:41.523249	2734	door 3 closed
2020-11-17 14:46:41.524117	2735	opening door 0
2020-11-17 14:46:42.225967	2736	door 0 opened
2020-11-17 14:46:42.226796	2737	closing door 2
2020-11-17 14:46:43.081047	2738	door 2 closed
2020-11-17 14:46:43.081972	2739	opening door 1
2020-11-17 14:46:43.834956	2740	door 1 opened
2020-11-17 14:46:59.407627	2741	feeder 1 reached (9)
2020-11-17 14:46:59.408382	2742	closing door 1
2020-11-17 14:47:00.097107	2743	door 1 closed
2020-11-17 14:47:00.097855	2744	opening door 2
2020-11-17 14:47:00.780080	2745	door 2 opened
2020-11-17 14:47:00.781070	2746	closing door 0
2020-11-17 14:47:01.617073	2747	door 0 closed
2020-11-17 14:47:01.617665	2748	opening door 3
2020-11-17 14:47:02.346995	2749	door 3 opened
2020-11-17 14:47:20.401268	2750	feeder 2 reached (9)
2020-11-17 14:47:20.401777	2751	closing door 3
2020-11-17 14:47:21.083513	2752	door 3 closed
2020-11-17 14:47:21.084511	2753	opening door 0
2020-11-17 14:47:21.815725	2754	door 0 opened
2020-11-17 14:47:21.816454	2755	closing door 2
2020-11-17 14:47:22.832516	2756	door 2 closed
2020-11-17 14:47:22.833267	2757	opening door 1
2020-11-17 14:47:23.578694	2758	door 1 opened
2020-11-17 14:48:16.336025	2759	feeder 1 reached (10)
2020-11-17 14:48:16.336509	2760	closing door 1
2020-11-17 14:48:17.026452	2761	door 1 closed
2020-11-17 14:48:17.027065	2762	opening door 2
2020-11-17 14:48:17.735050	2763	door 2 opened
2020-11-17 14:48:17.735567	2764	closing door 0
2020-11-17 14:48:18.921377	2765	door 0 closed
2020-11-17 14:48:18.921986	2766	opening door 3
2020-11-17 14:48:19.676776	2767	door 3 opened
2020-11-17 14:48:55.497808	2768	feeder 2 reached (10)
2020-11-17 14:48:55.498446	2769	closing door 3
2020-11-17 14:48:56.191165	2770	door 3 closed
2020-11-17 14:48:56.191847	2771	opening door 0
2020-11-17 14:48:56.893907	2772	door 0 opened
2020-11-17 14:48:56.894520	2773	closing door 2
2020-11-17 14:48:57.872071	2774	door 2 closed
2020-11-17 14:48:57.872738	2775	opening door 1
2020-11-17 14:48:58.611912	2776	door 1 opened
2020-11-17 14:49:43.210505	2777	feeder 1 reached (11)
2020-11-17 14:49:43.211171	2778	closing door 1
2020-11-17 14:49:43.904924	2779	door 1 closed
2020-11-17 14:49:43.905545	2780	opening door 2
2020-11-17 14:49:44.620316	2781	door 2 opened
2020-11-17 14:49:44.621092	2782	closing door 0
2020-11-17 14:49:45.793115	2783	door 0 closed
2020-11-17 14:49:45.793733	2784	opening door 3
2020-11-17 14:49:46.548733	2785	door 3 opened
2020-11-17 14:49:59.041673	2786	feeder 2 reached (11)
2020-11-17 14:49:59.042343	2787	closing door 3
2020-11-17 14:49:59.735749	2788	door 3 closed
2020-11-17 14:49:59.736395	2789	opening door 0
2020-11-17 14:50:00.447898	2790	door 0 opened
2020-11-17 14:50:00.448556	2791	closing door 2
2020-11-17 14:50:01.331154	2792	door 2 closed
2020-11-17 14:50:01.331810	2793	opening door 1
2020-11-17 14:50:02.072107	2794	door 1 opened
2020-11-17 14:50:21.270599	2795	feeder 1 reached (12)
2020-11-17 14:50:21.271253	2796	closing door 1
2020-11-17 14:50:21.966725	2797	door 1 closed
2020-11-17 14:50:21.967462	2798	opening door 2
2020-11-17 14:50:22.661211	2799	door 2 opened
2020-11-17 14:50:22.661966	2800	closing door 0
2020-11-17 14:50:23.865552	2801	door 0 closed
2020-11-17 14:50:23.866000	2802	opening door 3
2020-11-17 14:50:24.624632	2803	door 3 opened
2020-11-17 14:52:31.392988	2804	feeder 2 reached (12)
2020-11-17 14:52:31.393619	2805	closing door 3
2020-11-17 14:52:32.105164	2806	door 3 closed
2020-11-17 14:52:32.105724	2807	opening door 0
2020-11-17 14:52:32.828951	2808	door 0 opened
2020-11-17 14:52:32.829582	2809	closing door 2
2020-11-17 14:52:33.699910	2810	door 2 closed
2020-11-17 14:52:33.700781	2811	opening door 1
2020-11-17 14:52:34.466493	2812	door 1 opened
2020-11-17 14:53:03.801028	2813	feeder 1 reached (13)
2020-11-17 14:53:03.801596	2814	closing door 1
2020-11-17 14:53:04.493338	2815	door 1 closed
2020-11-17 14:53:04.494024	2816	opening door 2
2020-11-17 14:53:05.219952	2817	door 2 opened
2020-11-17 14:53:05.220841	2818	closing door 0
2020-11-17 14:53:06.090279	2819	door 0 closed
2020-11-17 14:53:06.091137	2820	opening door 3
2020-11-17 14:53:06.849554	2821	door 3 opened
2020-11-17 14:53:42.126642	2822	feeder 2 reached (13)
2020-11-17 14:53:42.127388	2823	closing door 3
2020-11-17 14:53:42.827572	2824	door 3 closed
2020-11-17 14:53:42.828331	2825	opening door 0
2020-11-17 14:53:43.559812	2826	door 0 opened
2020-11-17 14:53:43.560736	2827	closing door 2
2020-11-17 14:53:44.569891	2828	door 2 closed
2020-11-17 14:53:44.570339	2829	opening door 1
2020-11-17 14:53:45.321169	2830	door 1 opened
2020-11-17 14:54:02.771039	2831	feeder 1 reached (14)
2020-11-17 14:54:02.771673	2832	closing door 1
2020-11-17 14:54:03.458837	2833	door 1 closed
2020-11-17 14:54:03.459438	2834	opening door 2
2020-11-17 14:54:04.154766	2835	door 2 opened
2020-11-17 14:54:04.155466	2836	closing door 0
2020-11-17 14:54:05.041179	2837	door 0 closed
2020-11-17 14:54:05.041876	2838	opening door 3
2020-11-17 14:54:05.786517	2839	door 3 opened
2020-11-17 14:55:01.483063	2840	feeder 2 reached (14)
2020-11-17 14:55:01.483748	2841	closing door 3
2020-11-17 14:55:02.174821	2842	door 3 closed
2020-11-17 14:55:02.175473	2843	opening door 0
2020-11-17 14:55:02.910301	2844	door 0 opened
2020-11-17 14:55:02.911008	2845	closing door 2
2020-11-17 14:55:04.011621	2846	door 2 closed
2020-11-17 14:55:04.012328	2847	opening door 1
2020-11-17 14:55:04.769050	2848	door 1 opened
2020-11-17 14:56:35.281629	2849	feeder 1 reached (15)
2020-11-17 14:56:35.282210	2850	closing door 1
2020-11-17 14:56:35.974035	2851	door 1 closed
2020-11-17 14:56:35.974633	2852	opening door 2
2020-11-17 14:56:36.670392	2853	door 2 opened
2020-11-17 14:56:36.670904	2854	closing door 0
2020-11-17 14:56:37.461830	2855	door 0 closed
2020-11-17 14:56:37.462510	2856	opening door 3
2020-11-17 14:56:38.202964	2857	door 3 opened
2020-11-17 14:56:52.403035	2858	feeder 2 reached (15)
2020-11-17 14:56:52.403787	2859	closing door 3
2020-11-17 14:56:53.096881	2860	door 3 closed
2020-11-17 14:56:53.097537	2861	opening door 0
2020-11-17 14:56:53.809288	2862	door 0 opened
2020-11-17 14:56:53.809976	2863	closing door 2
2020-11-17 14:56:54.609984	2864	door 2 closed
2020-11-17 14:56:54.610679	2865	opening door 1
2020-11-17 14:56:55.353510	2866	door 1 opened
2020-11-17 14:57:05.049460	2867	feeder 1 reached (16)
2020-11-17 14:57:05.050172	2868	closing door 1
2020-11-17 14:57:05.745633	2869	door 1 closed
2020-11-17 14:57:05.746556	2870	opening door 2
2020-11-17 14:57:06.427010	2871	door 2 opened
2020-11-17 14:57:06.427654	2872	closing door 0
2020-11-17 14:57:07.315098	2873	door 0 closed
2020-11-17 14:57:07.315684	2874	opening door 3
2020-11-17 14:57:08.063327	2875	door 3 opened
2020-11-17 14:57:29.413764	2876	feeder 2 reached (16)
2020-11-17 14:57:29.414179	2877	closing door 3
2020-11-17 14:57:30.106914	2878	door 3 closed
2020-11-17 14:57:30.107656	2879	opening door 0
2020-11-17 14:57:30.811474	2880	door 0 opened
2020-11-17 14:57:30.812135	2881	closing door 2
2020-11-17 14:57:31.891494	2882	door 2 closed
2020-11-17 14:57:31.892236	2883	opening door 1
2020-11-17 14:57:32.633714	2884	door 1 opened
2020-11-17 14:57:52.780420	2885	feeder 1 reached (17)
2020-11-17 14:57:52.781121	2886	closing door 1
2020-11-17 14:57:53.474786	2887	door 1 closed
2020-11-17 14:57:53.475423	2888	opening door 2
2020-11-17 14:57:54.170461	2889	door 2 opened
2020-11-17 14:57:54.171082	2890	closing door 0
2020-11-17 14:57:55.243221	2891	door 0 closed
2020-11-17 14:57:55.243988	2892	opening door 3
2020-11-17 14:57:55.990585	2893	door 3 opened
2020-11-17 14:58:07.805501	2894	feeder 2 reached (17)
2020-11-17 14:58:07.806152	2895	closing door 3
2020-11-17 14:58:08.501854	2896	door 3 closed
2020-11-17 14:58:08.502766	2897	opening door 0
2020-11-17 14:58:09.221462	2898	door 0 opened
2020-11-17 14:58:09.222090	2899	closing door 2
2020-11-17 14:58:10.399673	2900	door 2 closed
2020-11-17 14:58:10.400383	2901	opening door 1
2020-11-17 14:58:11.148399	2902	door 1 opened
2020-11-17 14:58:32.669479	2903	feeder 1 reached (18)
2020-11-17 14:58:32.670168	2904	closing door 1
2020-11-17 14:58:33.365342	2905	door 1 closed
2020-11-17 14:58:33.366078	2906	opening door 2
2020-11-17 14:58:34.063392	2907	door 2 opened
2020-11-17 14:58:34.064080	2908	closing door 0
2020-11-17 14:58:34.989401	2909	door 0 closed
2020-11-17 14:58:34.990120	2910	opening door 3
2020-11-17 14:58:35.731451	2911	door 3 opened
2020-11-17 15:00:27.209356	2912	feeder 2 reached (18)
2020-11-17 15:00:27.210051	2913	closing door 3
2020-11-17 15:00:27.908436	2914	door 3 closed
2020-11-17 15:00:27.909163	2915	opening door 0
2020-11-17 15:00:28.641992	2916	door 0 opened
2020-11-17 15:00:28.643027	2917	closing door 2
2020-11-17 15:00:29.669643	2918	door 2 closed
2020-11-17 15:00:29.670342	2919	opening door 1
2020-11-17 15:00:30.403361	2920	door 1 opened
2020-11-17 15:00:50.177442	2921	feeder 1 reached (19)
2020-11-17 15:00:50.177749	2922	closing door 1
2020-11-17 15:00:50.871011	2923	door 1 closed
2020-11-17 15:00:50.871630	2924	opening door 2
2020-11-17 15:00:51.550787	2925	door 2 opened
2020-11-17 15:00:51.551168	2926	closing door 0
2020-11-17 15:00:52.599202	2927	door 0 closed
2020-11-17 15:00:52.599918	2928	opening door 3
2020-11-17 15:00:53.347941	2929	door 3 opened
2020-11-17 15:01:04.540119	2930	feeder 2 reached (19)
2020-11-17 15:01:04.540710	2931	closing door 3
2020-11-17 15:01:05.233719	2932	door 3 closed
2020-11-17 15:01:05.234673	2933	opening door 0
2020-11-17 15:01:05.950817	2934	door 0 opened
2020-11-17 15:01:05.951584	2935	closing door 2
2020-11-17 15:01:06.932519	2936	door 2 closed
2020-11-17 15:01:06.933313	2937	opening door 1
2020-11-17 15:01:07.668191	2938	door 1 opened
2020-11-17 15:01:19.118700	2939	feeder 1 reached (20)
2020-11-17 15:01:19.119302	2940	closing door 1
2020-11-17 15:01:19.813918	2941	door 1 closed
2020-11-17 15:01:19.814581	2942	opening door 2
2020-11-17 15:01:20.541038	2943	door 2 opened
2020-11-17 15:01:20.541743	2944	closing door 0
2020-11-17 15:01:21.699503	2945	door 0 closed
2020-11-17 15:01:21.700204	2946	opening door 3
2020-11-17 15:01:22.453077	2947	door 3 opened
2020-11-17 15:01:58.804521	2948	feeder 2 reached (20)
2020-11-17 15:01:58.805200	2949	closing door 3
2020-11-17 15:01:59.503513	2950	door 3 closed
2020-11-17 15:01:59.504019	2951	opening door 0
2020-11-17 15:02:00.208334	2952	door 0 opened
2020-11-17 15:02:00.209123	2953	closing door 2
2020-11-17 15:02:01.028622	2954	door 2 closed
2020-11-17 15:02:01.029076	2955	opening door 1
2020-11-17 15:02:01.778273	2956	door 1 opened
2020-11-17 15:02:15.724997	2957	feeder 1 reached (21)
2020-11-17 15:02:15.725702	2958	closing door 1
2020-11-17 15:02:16.419411	2959	door 1 closed
2020-11-17 15:02:16.419840	2960	opening door 2
2020-11-17 15:02:17.101329	2961	door 2 opened
2020-11-17 15:02:17.101872	2962	closing door 0
2020-11-17 15:02:18.236356	2963	door 0 closed
2020-11-17 15:02:18.236892	2964	opening door 3
2020-11-17 15:02:19.025756	2965	door 3 opened
2020-11-17 15:03:47.554208	2966	feeder 2 reached (21)
2020-11-17 15:03:47.554815	2967	closing door 3
2020-11-17 15:03:48.255337	2968	door 3 closed
2020-11-17 15:03:48.256208	2969	opening door 0
2020-11-17 15:03:48.966559	2970	door 0 opened
2020-11-17 15:03:48.967238	2971	closing door 2
2020-11-17 15:03:49.959787	2972	door 2 closed
2020-11-17 15:03:49.960830	2973	opening door 1
2020-11-17 15:03:50.710543	2974	door 1 opened
2020-11-17 15:04:10.881576	2975	feeder 1 reached (22)
2020-11-17 15:04:10.882156	2976	closing door 1
2020-11-17 15:04:11.579004	2977	door 1 closed
2020-11-17 15:04:11.579629	2978	opening door 2
2020-11-17 15:04:12.273926	2979	door 2 opened
2020-11-17 15:04:12.274625	2980	closing door 0
2020-11-17 15:04:13.333634	2981	door 0 closed
2020-11-17 15:04:13.334559	2982	opening door 3
2020-11-17 15:04:14.094685	2983	door 3 opened
2020-11-17 15:04:21.072288	2984	feeder 2 reached (22)
2020-11-17 15:04:21.072919	2985	closing door 3
2020-11-17 15:04:21.771045	2986	door 3 closed
2020-11-17 15:04:21.771718	2987	opening door 0
2020-11-17 15:04:22.474850	2988	door 0 opened
2020-11-17 15:04:22.475592	2989	closing door 2
2020-11-17 15:04:23.543234	2990	door 2 closed
2020-11-17 15:04:23.544022	2991	opening door 1
2020-11-17 15:04:24.284757	2992	door 1 opened
2020-11-17 15:04:33.953800	2993	feeder 1 reached (23)
2020-11-17 15:04:33.954427	2994	closing door 1
2020-11-17 15:04:34.647856	2995	door 1 closed
2020-11-17 15:04:34.648392	2996	opening door 2
2020-11-17 15:04:35.335453	2997	door 2 opened
2020-11-17 15:04:35.336291	2998	closing door 0
2020-11-17 15:04:36.256322	2999	door 0 closed
2020-11-17 15:04:36.256968	3000	opening door 3
2020-11-17 15:04:37.007045	3001	door 3 opened
2020-11-17 15:05:13.003639	3002	feeder 2 reached (23)
2020-11-17 15:05:13.004359	3003	closing door 3
2020-11-17 15:05:13.698712	3004	door 3 closed
2020-11-17 15:05:13.699380	3005	opening door 0
2020-11-17 15:05:14.403693	3006	door 0 opened
2020-11-17 15:05:14.404248	3007	closing door 2
2020-11-17 15:05:15.561407	3008	door 2 closed
2020-11-17 15:05:15.562133	3009	opening door 1
2020-11-17 15:05:16.300376	3010	door 1 opened
2020-11-17 15:05:29.949680	3011	feeder 1 reached (24)
2020-11-17 15:05:29.950209	3012	closing door 1
2020-11-17 15:05:30.641453	3013	door 1 closed
2020-11-17 15:05:30.642219	3014	opening door 2
2020-11-17 15:05:31.352912	3015	door 2 opened
2020-11-17 15:05:31.353465	3016	closing door 0
2020-11-17 15:05:32.366174	3017	door 0 closed
2020-11-17 15:05:32.366843	3018	opening door 3
2020-11-17 15:05:33.119364	3019	door 3 opened
2020-11-17 15:08:08.691226	3020	feeder 2 reached (24)
2020-11-17 15:08:08.691913	3021	closing door 3
2020-11-17 15:08:09.387268	3022	door 3 closed
2020-11-17 15:08:09.387931	3023	opening door 0
2020-11-17 15:08:10.123194	3024	door 0 opened
2020-11-17 15:08:10.124218	3025	closing door 2
2020-11-17 15:08:11.313220	3026	door 2 closed
2020-11-17 15:08:11.313636	3027	opening door 1
2020-11-17 15:08:12.054022	3028	door 1 opened
2020-11-17 15:08:25.252183	3029	feeder 1 reached (25)
2020-11-17 15:08:25.252739	3030	closing door 1
2020-11-17 15:08:25.943932	3031	door 1 closed
2020-11-17 15:08:25.944708	3032	opening door 2
2020-11-17 15:08:26.676583	3033	door 2 opened
2020-11-17 15:08:26.677335	3034	closing door 0
2020-11-17 15:08:27.700542	3035	door 0 closed
2020-11-17 15:08:27.701352	3036	opening door 3
2020-11-17 15:08:28.443635	3037	door 3 opened
2020-11-17 15:09:12.701329	3038	feeder 2 reached (25)
2020-11-17 15:09:12.701846	3039	closing door 3
2020-11-17 15:09:13.398884	3040	door 3 closed
2020-11-17 15:09:13.399529	3041	opening door 0
2020-11-17 15:09:14.117823	3042	door 0 opened
2020-11-17 15:09:14.118450	3043	closing door 2
2020-11-17 15:09:15.191579	3044	door 2 closed
2020-11-17 15:09:15.192413	3045	opening door 1
2020-11-17 15:09:15.911653	3046	door 1 opened
2020-11-17 15:10:10.026519	3047	feeder 1 reached (26)
2020-11-17 15:10:10.027184	3048	closing door 1
2020-11-17 15:10:10.722430	3049	door 1 closed
2020-11-17 15:10:10.723089	3050	closing door 2
2020-11-17 15:10:10.838036	3051	door 2 closed
2020-11-17 15:10:10.838630	3052	closing door 0
2020-11-17 15:10:11.731040	3053	door 0 closed
2020-11-17 15:10:11.731415	3054	closing door 3
2020-11-17 15:10:11.910855	3055	door 3 closed
2020-11-17 15:10:11.911647	3056	ended experiment AL3_20_11_17
