2020-12-14 13:06:41.179923	18902	started experiment AL3_20_12_14_Open1_CrepLight
2020-12-14 13:06:41.180292	18903	closing door 0
2020-12-14 13:06:41.663886	18904	door 0 closed
2020-12-14 13:06:41.664285	18905	closing door 1
2020-12-14 13:06:42.060384	18906	door 1 closed
2020-12-14 13:06:42.060760	18907	closing door 2
2020-12-14 13:06:42.256099	18908	door 2 closed
2020-12-14 13:06:42.256481	18909	closing door 3
2020-12-14 13:06:42.435678	18910	door 3 closed
2020-12-14 13:07:00.329474	18911	feeder 1 reached (207)
2020-12-14 13:07:00.329856	18912	closing door 1
2020-12-14 13:07:00.418215	18913	door 1 closed
2020-12-14 13:07:00.418604	18914	opening door 2
2020-12-14 13:07:01.115087	18915	door 2 opened
2020-12-14 13:07:01.115502	18916	closing door 0
2020-12-14 13:07:01.316828	18917	door 0 closed
2020-12-14 13:07:01.317323	18918	opening door 3
2020-12-14 13:07:02.049179	18919	door 3 opened
2020-12-14 13:08:25.549537	18920	feeder 2 reached (202)
2020-12-14 13:08:25.549944	18921	closing door 3
2020-12-14 13:08:26.244431	18922	door 3 closed
2020-12-14 13:08:26.244825	18923	opening door 0
2020-12-14 13:08:26.957642	18924	door 0 opened
2020-12-14 13:08:26.958010	18925	closing door 2
2020-12-14 13:08:27.959237	18926	door 2 closed
2020-12-14 13:08:27.959647	18927	opening door 1
2020-12-14 13:08:28.676701	18928	door 1 opened
2020-12-14 13:09:48.061637	18929	feeder 1 reached (208)
2020-12-14 13:09:48.062076	18930	closing door 1
2020-12-14 13:09:48.638982	18931	door 1 closed
2020-12-14 13:09:48.639442	18932	opening door 2
2020-12-14 13:09:49.343117	18933	door 2 opened
2020-12-14 13:09:49.343516	18934	closing door 0
2020-12-14 13:09:50.296823	18935	door 0 closed
2020-12-14 13:09:50.297261	18936	opening door 3
2020-12-14 13:09:51.038228	18937	door 3 opened
2020-12-14 13:10:55.984692	18938	feeder 2 reached (203)
2020-12-14 13:10:55.985094	18939	closing door 3
2020-12-14 13:10:56.680887	18940	door 3 closed
2020-12-14 13:10:56.681245	18941	opening door 0
2020-12-14 13:10:57.398234	18942	door 0 opened
2020-12-14 13:10:57.398677	18943	closing door 2
2020-12-14 13:10:58.264515	18944	door 2 closed
2020-12-14 13:10:58.264894	18945	opening door 1
2020-12-14 13:10:58.964602	18946	door 1 opened
2020-12-14 13:11:11.750318	18947	feeder 1 reached (209)
2020-12-14 13:11:11.750671	18948	closing door 1
2020-12-14 13:11:12.344096	18949	door 1 closed
2020-12-14 13:11:12.344476	18950	opening door 2
2020-12-14 13:11:13.035373	18951	door 2 opened
2020-12-14 13:11:13.035747	18952	closing door 0
2020-12-14 13:11:13.861253	18953	door 0 closed
2020-12-14 13:11:13.861638	18954	opening door 3
2020-12-14 13:11:14.603715	18955	door 3 opened
2020-12-14 13:11:59.303097	18956	feeder 2 reached (204)
2020-12-14 13:11:59.303471	18957	closing door 3
2020-12-14 13:12:00.006736	18958	door 3 closed
2020-12-14 13:12:00.007132	18959	opening door 0
2020-12-14 13:12:00.723251	18960	door 0 opened
2020-12-14 13:12:00.723631	18961	closing door 2
2020-12-14 13:12:01.775937	18962	door 2 closed
2020-12-14 13:12:01.776332	18963	opening door 1
2020-12-14 13:12:02.497907	18964	door 1 opened
2020-12-14 13:12:10.894216	18965	feeder 1 reached (210)
2020-12-14 13:12:10.894566	18966	closing door 1
2020-12-14 13:12:11.485432	18967	door 1 closed
2020-12-14 13:12:11.485791	18968	opening door 2
2020-12-14 13:12:12.190532	18969	door 2 opened
2020-12-14 13:12:12.190945	18970	closing door 0
2020-12-14 13:12:13.240665	18971	door 0 closed
2020-12-14 13:12:13.241020	18972	opening door 3
2020-12-14 13:12:14.165199	18973	door 3 opened
2020-12-14 13:12:40.056056	18974	feeder 2 reached (205)
2020-12-14 13:12:40.056443	18975	closing door 3
2020-12-14 13:12:40.752895	18976	door 3 closed
2020-12-14 13:12:40.753347	18977	opening door 0
2020-12-14 13:12:41.476209	18978	door 0 opened
2020-12-14 13:12:41.476613	18979	closing door 2
2020-12-14 13:12:42.318582	18980	door 2 closed
2020-12-14 13:12:42.319016	18981	opening door 1
2020-12-14 13:12:43.027059	18982	door 1 opened
2020-12-14 13:12:56.283044	18983	feeder 1 reached (211)
2020-12-14 13:12:56.283575	18984	closing door 1
2020-12-14 13:12:56.876354	18985	door 1 closed
2020-12-14 13:12:56.876730	18986	opening door 2
2020-12-14 13:12:57.578643	18987	door 2 opened
2020-12-14 13:12:57.579034	18988	closing door 0
2020-12-14 13:12:58.709841	18989	door 0 closed
2020-12-14 13:12:58.710232	18990	opening door 3
2020-12-14 13:12:59.454979	18991	door 3 opened
2020-12-14 13:13:45.026652	18992	feeder 2 reached (206)
2020-12-14 13:13:45.027106	18993	closing door 3
2020-12-14 13:13:45.725306	18994	door 3 closed
2020-12-14 13:13:45.725798	18995	opening door 0
2020-12-14 13:13:46.482234	18996	door 0 opened
2020-12-14 13:13:46.482645	18997	closing door 2
2020-12-14 13:13:47.445632	18998	door 2 closed
2020-12-14 13:13:47.446033	18999	opening door 1
2020-12-14 13:13:48.155948	19000	door 1 opened
2020-12-14 13:14:13.798732	19001	feeder 1 reached (212)
2020-12-14 13:14:13.799179	19002	closing door 1
2020-12-14 13:14:14.394838	19003	door 1 closed
2020-12-14 13:14:14.395194	19004	opening door 2
2020-12-14 13:14:15.137759	19005	door 2 opened
2020-12-14 13:14:15.138058	19006	closing door 0
2020-12-14 13:14:16.171169	19007	door 0 closed
2020-12-14 13:14:16.171547	19008	opening door 3
2020-12-14 13:14:16.918856	19009	door 3 opened
2020-12-14 13:14:47.306790	19010	feeder 2 reached (207)
2020-12-14 13:14:47.307187	19011	closing door 3
2020-12-14 13:14:48.002482	19012	door 3 closed
2020-12-14 13:14:48.002950	19013	opening door 0
2020-12-14 13:14:48.739262	19014	door 0 opened
2020-12-14 13:14:48.739639	19015	closing door 2
2020-12-14 13:14:49.686315	19016	door 2 closed
2020-12-14 13:14:49.686760	19017	opening door 1
2020-12-14 13:14:50.394171	19018	door 1 opened
2020-12-14 13:15:04.491083	19019	feeder 1 reached (213)
2020-12-14 13:15:04.491469	19020	closing door 1
2020-12-14 13:15:05.083731	19021	door 1 closed
2020-12-14 13:15:05.084096	19022	opening door 2
2020-12-14 13:15:05.763829	19023	door 2 opened
2020-12-14 13:15:05.764190	19024	closing door 0
2020-12-14 13:15:06.936294	19025	door 0 closed
2020-12-14 13:15:06.936712	19026	opening door 3
2020-12-14 13:15:07.697679	19027	door 3 opened
2020-12-14 13:15:47.927115	19028	feeder 2 reached (208)
2020-12-14 13:15:47.927512	19029	closing door 3
2020-12-14 13:15:48.621575	19030	door 3 closed
2020-12-14 13:15:48.622005	19031	opening door 0
2020-12-14 13:15:49.339676	19032	door 0 opened
2020-12-14 13:15:49.340083	19033	closing door 2
2020-12-14 13:15:50.338330	19034	door 2 closed
2020-12-14 13:15:50.338988	19035	opening door 1
2020-12-14 13:15:51.069863	19036	door 1 opened
2020-12-14 13:15:59.927690	19037	feeder 1 reached (214)
2020-12-14 13:15:59.928056	19038	closing door 1
2020-12-14 13:16:00.519173	19039	door 1 closed
2020-12-14 13:16:00.519587	19040	opening door 2
2020-12-14 13:16:01.215451	19041	door 2 opened
2020-12-14 13:16:01.215860	19042	closing door 0
2020-12-14 13:16:02.219636	19043	door 0 closed
2020-12-14 13:16:02.220043	19044	opening door 3
2020-12-14 13:16:02.941183	19045	door 3 opened
2020-12-14 13:16:26.075765	19046	feeder 2 reached (209)
2020-12-14 13:16:26.076134	19047	closing door 3
2020-12-14 13:16:26.769627	19048	door 3 closed
2020-12-14 13:16:26.770025	19049	opening door 0
2020-12-14 13:16:27.497303	19050	door 0 opened
2020-12-14 13:16:27.497661	19051	closing door 2
2020-12-14 13:16:28.420015	19052	door 2 closed
2020-12-14 13:16:28.420423	19053	opening door 1
2020-12-14 13:16:29.120154	19054	door 1 opened
2020-12-14 13:16:52.143798	19055	feeder 1 reached (215)
2020-12-14 13:16:52.144827	19056	closing door 1
2020-12-14 13:16:52.738017	19057	door 1 closed
2020-12-14 13:16:52.738369	19058	opening door 2
2020-12-14 13:16:53.442827	19059	door 2 opened
2020-12-14 13:16:53.443249	19060	closing door 0
2020-12-14 13:16:54.646827	19061	door 0 closed
2020-12-14 13:16:54.647230	19062	opening door 3
2020-12-14 13:16:55.399563	19063	door 3 opened
2020-12-14 13:17:17.332957	19064	feeder 2 reached (210)
2020-12-14 13:17:17.333394	19065	closing door 3
2020-12-14 13:17:18.053899	19066	door 3 closed
2020-12-14 13:17:18.054274	19067	opening door 0
2020-12-14 13:17:18.773189	19068	door 0 opened
2020-12-14 13:17:18.773610	19069	closing door 2
2020-12-14 13:17:19.615846	19070	door 2 closed
2020-12-14 13:17:19.616226	19071	opening door 1
2020-12-14 13:17:20.334023	19072	door 1 opened
2020-12-14 13:17:27.977915	19073	feeder 1 reached (216)
2020-12-14 13:17:27.978310	19074	closing door 1
2020-12-14 13:17:28.571253	19075	door 1 closed
2020-12-14 13:17:28.571681	19076	opening door 2
2020-12-14 13:17:29.295288	19077	door 2 opened
2020-12-14 13:17:29.296651	19078	closing door 0
2020-12-14 13:17:30.271335	19079	door 0 closed
2020-12-14 13:17:30.271759	19080	opening door 3
2020-12-14 13:17:31.026013	19081	door 3 opened
2020-12-14 13:18:26.006653	19082	feeder 2 reached (211)
2020-12-14 13:18:26.007077	19083	closing door 3
2020-12-14 13:18:26.702466	19084	door 3 closed
2020-12-14 13:18:26.702862	19085	opening door 0
2020-12-14 13:18:27.403629	19086	door 0 opened
2020-12-14 13:18:27.403994	19087	closing door 2
2020-12-14 13:18:28.436130	19088	door 2 closed
2020-12-14 13:18:28.436490	19089	opening door 1
2020-12-14 13:18:29.167578	19090	door 1 opened
2020-12-14 13:18:36.594418	19091	feeder 1 reached (217)
2020-12-14 13:18:36.594766	19092	closing door 1
2020-12-14 13:18:37.188501	19093	door 1 closed
2020-12-14 13:18:37.188970	19094	opening door 2
2020-12-14 13:18:37.880821	19095	door 2 opened
2020-12-14 13:18:37.881301	19096	closing door 0
2020-12-14 13:18:39.100601	19097	door 0 closed
2020-12-14 13:18:39.100954	19098	opening door 3
2020-12-14 13:18:39.848653	19099	door 3 opened
2020-12-14 13:19:18.450110	19100	feeder 2 reached (212)
2020-12-14 13:19:18.450506	19101	closing door 3
2020-12-14 13:19:19.146550	19102	door 3 closed
2020-12-14 13:19:19.146936	19103	opening door 0
2020-12-14 13:19:19.907160	19104	door 0 opened
2020-12-14 13:19:19.907650	19105	closing door 2
2020-12-14 13:19:20.881141	19106	door 2 closed
2020-12-14 13:19:20.881546	19107	opening door 1
2020-12-14 13:19:21.602416	19108	door 1 opened
2020-12-14 13:19:47.635789	19109	feeder 1 reached (218)
2020-12-14 13:19:47.636197	19110	closing door 1
2020-12-14 13:19:48.229513	19111	door 1 closed
2020-12-14 13:19:48.229910	19112	opening door 2
2020-12-14 13:19:48.923729	19113	door 2 opened
2020-12-14 13:19:48.924113	19114	closing door 0
2020-12-14 13:19:49.971655	19115	door 0 closed
2020-12-14 13:19:49.972086	19116	opening door 3
2020-12-14 13:19:50.715201	19117	door 3 opened
2020-12-14 13:20:17.776982	19118	feeder 2 reached (213)
2020-12-14 13:20:17.777436	19119	closing door 3
2020-12-14 13:20:18.475830	19120	door 3 closed
2020-12-14 13:20:18.476253	19121	opening door 0
2020-12-14 13:20:19.231647	19122	door 0 opened
2020-12-14 13:20:19.232079	19123	closing door 2
2020-12-14 13:20:20.276571	19124	door 2 closed
2020-12-14 13:20:20.276924	19125	opening door 1
2020-12-14 13:20:20.989282	19126	door 1 opened
2020-12-14 13:20:34.689786	19127	feeder 1 reached (219)
2020-12-14 13:20:34.690148	19128	closing door 1
2020-12-14 13:20:35.285948	19129	door 1 closed
2020-12-14 13:20:35.286355	19130	opening door 2
2020-12-14 13:20:35.984815	19131	door 2 opened
2020-12-14 13:20:35.985178	19132	closing door 0
2020-12-14 13:20:37.049116	19133	door 0 closed
2020-12-14 13:20:37.049440	19134	opening door 3
2020-12-14 13:20:37.809469	19135	door 3 opened
2020-12-14 13:20:58.821261	19136	feeder 2 reached (214)
2020-12-14 13:20:58.821635	19137	closing door 3
2020-12-14 13:20:59.520726	19138	door 3 closed
2020-12-14 13:20:59.521924	19139	opening door 0
2020-12-14 13:21:00.264792	19140	door 0 opened
2020-12-14 13:21:00.265170	19141	closing door 2
2020-12-14 13:21:01.227029	19142	door 2 closed
2020-12-14 13:21:01.227517	19143	opening door 1
2020-12-14 13:21:01.938928	19144	door 1 opened
2020-12-14 13:21:10.775267	19145	feeder 1 reached (220)
2020-12-14 13:21:10.775666	19146	closing door 1
2020-12-14 13:21:11.368170	19147	door 1 closed
2020-12-14 13:21:11.368569	19148	opening door 2
2020-12-14 13:21:12.083781	19149	door 2 opened
2020-12-14 13:21:12.084197	19150	closing door 0
2020-12-14 13:21:13.114110	19151	door 0 closed
2020-12-14 13:21:13.114499	19152	opening door 3
2020-12-14 13:21:13.847365	19153	door 3 opened
2020-12-14 13:21:34.499298	19154	feeder 2 reached (215)
2020-12-14 13:21:34.499670	19155	closing door 3
2020-12-14 13:21:35.205914	19156	door 3 closed
2020-12-14 13:21:35.206325	19157	opening door 0
2020-12-14 13:21:35.925854	19158	door 0 opened
2020-12-14 13:21:35.926222	19159	closing door 2
2020-12-14 13:21:36.864906	19160	door 2 closed
2020-12-14 13:21:36.865297	19161	opening door 1
2020-12-14 13:21:37.585817	19162	door 1 opened
2020-12-14 13:21:47.669894	19163	feeder 1 reached (221)
2020-12-14 13:21:47.670346	19164	closing door 1
2020-12-14 13:21:48.263074	19165	door 1 closed
2020-12-14 13:21:48.263462	19166	opening door 2
2020-12-14 13:21:48.960555	19167	door 2 opened
2020-12-14 13:21:48.961096	19168	closing door 0
2020-12-14 13:21:49.967948	19169	door 0 closed
2020-12-14 13:21:49.968314	19170	opening door 3
2020-12-14 13:21:50.723284	19171	door 3 opened
2020-12-14 13:22:26.207944	19172	feeder 2 reached (216)
2020-12-14 13:22:26.208416	19173	closing door 3
2020-12-14 13:22:27.022661	19174	door 3 closed
2020-12-14 13:22:27.023080	19175	opening door 0
2020-12-14 13:22:27.741389	19176	door 0 opened
2020-12-14 13:22:27.741803	19177	closing door 2
2020-12-14 13:22:28.869380	19178	door 2 closed
2020-12-14 13:22:28.869777	19179	opening door 1
2020-12-14 13:22:29.567884	19180	door 1 opened
2020-12-14 13:22:35.368347	19181	feeder 1 reached (222)
2020-12-14 13:22:35.368766	19182	closing door 1
2020-12-14 13:22:35.961857	19183	door 1 closed
2020-12-14 13:22:35.962319	19184	opening door 2
2020-12-14 13:22:36.644346	19185	door 2 opened
2020-12-14 13:22:36.644732	19186	closing door 0
2020-12-14 13:22:37.492872	19187	door 0 closed
2020-12-14 13:22:37.493249	19188	opening door 3
2020-12-14 13:22:38.244811	19189	door 3 opened
2020-12-14 13:23:27.469962	19190	feeder 2 reached (217)
2020-12-14 13:23:27.470329	19191	closing door 3
2020-12-14 13:23:28.172516	19192	door 3 closed
2020-12-14 13:23:28.172920	19193	opening door 0
2020-12-14 13:23:28.891453	19194	door 0 opened
2020-12-14 13:23:28.891923	19195	closing door 2
2020-12-14 13:23:29.883262	19196	door 2 closed
2020-12-14 13:23:29.883694	19197	opening door 1
2020-12-14 13:23:30.593623	19198	door 1 opened
2020-12-14 13:23:38.106178	19199	feeder 1 reached (223)
2020-12-14 13:23:38.106528	19200	closing door 1
2020-12-14 13:23:38.701313	19201	door 1 closed
2020-12-14 13:23:38.701696	19202	opening door 2
2020-12-14 13:23:39.414343	19203	door 2 opened
2020-12-14 13:23:39.414792	19204	closing door 0
2020-12-14 13:23:40.576393	19205	door 0 closed
2020-12-14 13:23:40.576792	19206	opening door 3
2020-12-14 13:23:41.354118	19207	door 3 opened
2020-12-14 13:24:04.897153	19208	feeder 2 reached (218)
2020-12-14 13:24:04.897574	19209	closing door 3
2020-12-14 13:24:05.600371	19210	door 3 closed
2020-12-14 13:24:05.600893	19211	opening door 0
2020-12-14 13:24:06.349160	19212	door 0 opened
2020-12-14 13:24:06.349580	19213	closing door 2
2020-12-14 13:24:07.194175	19214	door 2 closed
2020-12-14 13:24:07.194542	19215	opening door 1
2020-12-14 13:24:07.907341	19216	door 1 opened
2020-12-14 13:24:17.295692	19217	feeder 1 reached (224)
2020-12-14 13:24:17.296191	19218	closing door 1
2020-12-14 13:24:17.892045	19219	door 1 closed
2020-12-14 13:24:17.892460	19220	opening door 2
2020-12-14 13:24:18.574461	19221	door 2 opened
2020-12-14 13:24:18.574816	19222	closing door 0
2020-12-14 13:24:19.466803	19223	door 0 closed
2020-12-14 13:24:19.467185	19224	opening door 3
2020-12-14 13:24:20.215881	19225	door 3 opened
2020-12-14 13:24:38.402770	19226	feeder 2 reached (219)
2020-12-14 13:24:38.403142	19227	closing door 3
2020-12-14 13:24:39.096948	19228	door 3 closed
2020-12-14 13:24:39.097367	19229	opening door 0
2020-12-14 13:24:39.816445	19230	door 0 opened
2020-12-14 13:24:39.816850	19231	closing door 2
2020-12-14 13:24:40.777125	19232	door 2 closed
2020-12-14 13:24:40.777516	19233	opening door 1
2020-12-14 13:24:41.493539	19234	door 1 opened
2020-12-14 13:24:49.871536	19235	feeder 1 reached (225)
2020-12-14 13:24:49.871965	19236	closing door 1
2020-12-14 13:24:50.468042	19237	door 1 closed
2020-12-14 13:24:50.468414	19238	opening door 2
2020-12-14 13:24:51.148293	19239	door 2 opened
2020-12-14 13:24:51.148704	19240	closing door 0
2020-12-14 13:24:52.246763	19241	door 0 closed
2020-12-14 13:24:52.247241	19242	opening door 3
2020-12-14 13:24:53.008878	19243	door 3 opened
2020-12-14 13:25:02.870281	19244	feeder 2 reached (220)
2020-12-14 13:25:02.870752	19245	closing door 3
2020-12-14 13:25:03.566762	19246	door 3 closed
2020-12-14 13:25:03.567216	19247	opening door 0
2020-12-14 13:25:04.288801	19248	door 0 opened
2020-12-14 13:25:04.289278	19249	closing door 2
2020-12-14 13:25:05.340154	19250	door 2 closed
2020-12-14 13:25:05.340503	19251	opening door 1
2020-12-14 13:25:06.043417	19252	door 1 opened
2020-12-14 13:25:23.621610	19253	feeder 1 reached (226)
2020-12-14 13:25:23.622084	19254	closing door 1
2020-12-14 13:25:24.215619	19255	door 1 closed
2020-12-14 13:25:24.215977	19256	opening door 2
2020-12-14 13:25:24.904253	19257	door 2 opened
2020-12-14 13:25:24.904562	19258	closing door 0
2020-12-14 13:25:25.825418	19259	door 0 closed
2020-12-14 13:25:25.826100	19260	opening door 3
2020-12-14 13:25:26.550836	19261	door 3 opened
2020-12-14 13:25:40.211574	19262	feeder 2 reached (221)
2020-12-14 13:25:40.212010	19263	closing door 3
2020-12-14 13:25:40.907045	19264	door 3 closed
2020-12-14 13:25:40.907514	19265	opening door 0
2020-12-14 13:25:41.642466	19266	door 0 opened
2020-12-14 13:25:41.642871	19267	closing door 2
2020-12-14 13:25:42.618669	19268	door 2 closed
2020-12-14 13:25:42.619102	19269	opening door 1
2020-12-14 13:25:43.346869	19270	door 1 opened
2020-12-14 13:25:58.416967	19271	feeder 1 reached (227)
2020-12-14 13:25:58.417384	19272	closing door 1
2020-12-14 13:25:59.011499	19273	door 1 closed
2020-12-14 13:25:59.011891	19274	opening door 2
2020-12-14 13:25:59.690852	19275	door 2 opened
2020-12-14 13:25:59.691256	19276	closing door 0
2020-12-14 13:26:00.461436	19277	door 0 closed
2020-12-14 13:26:00.461815	19278	opening door 3
2020-12-14 13:26:01.201307	19279	door 3 opened
2020-12-14 13:26:15.094006	19280	feeder 2 reached (222)
2020-12-14 13:26:15.094381	19281	closing door 3
2020-12-14 13:26:15.788857	19282	door 3 closed
2020-12-14 13:26:15.789238	19283	opening door 0
2020-12-14 13:26:16.505183	19284	door 0 opened
2020-12-14 13:26:16.505661	19285	closing door 2
2020-12-14 13:26:17.437097	19286	door 2 closed
2020-12-14 13:26:17.437463	19287	opening door 1
2020-12-14 13:26:18.137460	19288	door 1 opened
2020-12-14 13:26:27.984434	19289	feeder 1 reached (228)
2020-12-14 13:26:27.984754	19290	closing door 1
2020-12-14 13:26:28.578699	19291	door 1 closed
2020-12-14 13:26:28.579064	19292	opening door 2
2020-12-14 13:26:29.257317	19293	door 2 opened
2020-12-14 13:26:29.257702	19294	closing door 0
2020-12-14 13:26:30.158767	19295	door 0 closed
2020-12-14 13:26:30.159158	19296	opening door 3
2020-12-14 13:26:30.904947	19297	door 3 opened
2020-12-14 13:27:08.241516	19298	feeder 2 reached (223)
2020-12-14 13:27:08.242398	19299	closing door 3
2020-12-14 13:27:08.938383	19300	door 3 closed
2020-12-14 13:27:08.938802	19301	opening door 0
2020-12-14 13:27:09.660520	19302	door 0 opened
2020-12-14 13:27:09.660887	19303	closing door 2
2020-12-14 13:27:10.714428	19304	door 2 closed
2020-12-14 13:27:10.714817	19305	opening door 1
2020-12-14 13:27:11.433401	19306	door 1 opened
2020-12-14 13:27:20.854624	19307	feeder 1 reached (229)
2020-12-14 13:27:20.855002	19308	closing door 1
2020-12-14 13:27:21.449883	19309	door 1 closed
2020-12-14 13:27:21.450272	19310	opening door 2
2020-12-14 13:27:22.157574	19311	door 2 opened
2020-12-14 13:27:22.157956	19312	closing door 0
2020-12-14 13:27:22.986763	19313	door 0 closed
2020-12-14 13:27:22.987172	19314	opening door 3
2020-12-14 13:27:23.740967	19315	door 3 opened
2020-12-14 13:27:51.284274	19316	feeder 2 reached (224)
2020-12-14 13:27:51.284681	19317	closing door 3
2020-12-14 13:27:51.985846	19318	door 3 closed
2020-12-14 13:27:51.986289	19319	opening door 0
2020-12-14 13:27:52.741263	19320	door 0 opened
2020-12-14 13:27:52.741614	19321	closing door 2
2020-12-14 13:27:53.697020	19322	door 2 closed
2020-12-14 13:27:53.697403	19323	opening door 1
2020-12-14 13:27:54.405982	19324	door 1 opened
2020-12-14 13:28:25.306723	19325	feeder 1 reached (230)
2020-12-14 13:28:25.307072	19326	closing door 1
2020-12-14 13:28:25.900190	19327	door 1 closed
2020-12-14 13:28:25.900574	19328	opening door 2
2020-12-14 13:28:26.580242	19329	door 2 opened
2020-12-14 13:28:26.580998	19330	closing door 0
2020-12-14 13:28:27.697268	19331	door 0 closed
2020-12-14 13:28:27.697770	19332	opening door 3
2020-12-14 13:28:28.438756	19333	door 3 opened
2020-12-14 13:29:13.108031	19334	feeder 2 reached (225)
2020-12-14 13:29:13.108409	19335	closing door 3
2020-12-14 13:29:13.811074	19336	door 3 closed
2020-12-14 13:29:13.811465	19337	opening door 0
2020-12-14 13:29:14.689101	19338	door 0 opened
2020-12-14 13:29:14.689620	19339	closing door 2
2020-12-14 13:29:15.625891	19340	door 2 closed
2020-12-14 13:29:15.626265	19341	opening door 1
2020-12-14 13:29:16.354671	19342	door 1 opened
2020-12-14 13:29:36.315379	19343	feeder 1 reached (231)
2020-12-14 13:29:36.315740	19344	closing door 1
2020-12-14 13:29:36.908201	19345	door 1 closed
2020-12-14 13:29:36.908560	19346	opening door 2
2020-12-14 13:29:37.597117	19347	door 2 opened
2020-12-14 13:29:37.597519	19348	closing door 0
2020-12-14 13:29:38.566693	19349	door 0 closed
2020-12-14 13:29:38.567104	19350	opening door 3
2020-12-14 13:29:39.330096	19351	door 3 opened
2020-12-14 13:30:49.872813	19352	feeder 2 reached (226)
2020-12-14 13:30:49.873363	19353	closing door 3
2020-12-14 13:30:50.571412	19354	door 3 closed
2020-12-14 13:30:50.571836	19355	opening door 0
2020-12-14 13:30:51.313599	19356	door 0 opened
2020-12-14 13:30:51.314030	19357	closing door 2
2020-12-14 13:30:52.304953	19358	door 2 closed
2020-12-14 13:30:52.305337	19359	opening door 1
2020-12-14 13:30:52.995964	19360	door 1 opened
2020-12-14 13:31:58.087435	19361	feeder 1 reached (232)
2020-12-14 13:31:58.087773	19362	closing door 1
2020-12-14 13:31:58.681341	19363	door 1 closed
2020-12-14 13:31:58.681797	19364	opening door 2
2020-12-14 13:31:59.371426	19365	door 2 opened
2020-12-14 13:31:59.371867	19366	closing door 0
2020-12-14 13:32:00.297393	19367	door 0 closed
2020-12-14 13:32:00.297802	19368	opening door 3
2020-12-14 13:32:01.040884	19369	door 3 opened
2020-12-14 13:32:41.079388	19370	feeder 2 reached (227)
2020-12-14 13:32:41.079755	19371	closing door 3
2020-12-14 13:32:41.778654	19372	door 3 closed
2020-12-14 13:32:41.779082	19373	opening door 0
2020-12-14 13:32:42.511352	19374	door 0 opened
2020-12-14 13:32:42.511736	19375	closing door 2
2020-12-14 13:32:43.720713	19376	door 2 closed
2020-12-14 13:32:43.721116	19377	opening door 1
2020-12-14 13:32:44.435352	19378	door 1 opened
2020-12-14 13:33:03.851080	19379	feeder 1 reached (233)
2020-12-14 13:33:03.857266	19380	closing door 1
2020-12-14 13:33:04.451231	19381	door 1 closed
2020-12-14 13:33:04.451604	19382	opening door 2
2020-12-14 13:33:05.160725	19383	door 2 opened
2020-12-14 13:33:05.161170	19384	closing door 0
2020-12-14 13:33:05.974417	19385	door 0 closed
2020-12-14 13:33:05.974821	19386	opening door 3
2020-12-14 13:33:06.722287	19387	door 3 opened
2020-12-14 13:33:23.550960	19388	feeder 2 reached (228)
2020-12-14 13:33:23.551367	19389	closing door 3
2020-12-14 13:33:24.247721	19390	door 3 closed
2020-12-14 13:33:24.248157	19391	opening door 0
2020-12-14 13:33:24.952822	19392	door 0 opened
2020-12-14 13:33:24.953250	19393	closing door 2
2020-12-14 13:33:25.901017	19394	door 2 closed
2020-12-14 13:33:25.901417	19395	opening door 1
2020-12-14 13:33:26.621321	19396	door 1 opened
2020-12-14 13:33:37.368740	19397	feeder 1 reached (234)
2020-12-14 13:33:37.369136	19398	closing door 1
2020-12-14 13:33:37.963685	19399	door 1 closed
2020-12-14 13:33:37.964023	19400	opening door 2
2020-12-14 13:33:38.642714	19401	door 2 opened
2020-12-14 13:33:38.643119	19402	closing door 0
2020-12-14 13:33:39.827438	19403	door 0 closed
2020-12-14 13:33:39.827820	19404	opening door 3
2020-12-14 13:33:40.575350	19405	door 3 opened
2020-12-14 13:34:19.578454	19406	feeder 2 reached (229)
2020-12-14 13:34:19.578800	19407	closing door 3
2020-12-14 13:34:20.278674	19408	door 3 closed
2020-12-14 13:34:20.279047	19409	opening door 0
2020-12-14 13:34:20.999056	19410	door 0 opened
2020-12-14 13:34:20.999433	19411	closing door 2
2020-12-14 13:34:22.025565	19412	door 2 closed
2020-12-14 13:34:22.025914	19413	opening door 1
2020-12-14 13:34:22.724678	19414	door 1 opened
2020-12-14 13:35:15.124030	19415	feeder 1 reached (235)
2020-12-14 13:35:15.124466	19416	closing door 1
2020-12-14 13:35:15.716207	19417	door 1 closed
2020-12-14 13:35:15.716604	19418	opening door 2
2020-12-14 13:35:16.413113	19419	door 2 opened
2020-12-14 13:35:16.413486	19420	closing door 0
2020-12-14 13:35:17.311943	19421	door 0 closed
2020-12-14 13:35:17.312322	19422	opening door 3
2020-12-14 13:35:18.050026	19423	door 3 opened
2020-12-14 13:35:31.073573	19424	feeder 2 reached (230)
2020-12-14 13:35:31.073953	19425	closing door 3
2020-12-14 13:35:31.769773	19426	door 3 closed
2020-12-14 13:35:31.770217	19427	opening door 0
2020-12-14 13:35:32.530994	19428	door 0 opened
2020-12-14 13:35:32.531409	19429	closing door 2
2020-12-14 13:35:33.716249	19430	door 2 closed
2020-12-14 13:35:33.716605	19431	opening door 1
2020-12-14 13:35:34.422928	19432	door 1 opened
2020-12-14 13:36:07.996106	19433	feeder 1 reached (236)
2020-12-14 13:36:07.996487	19434	closing door 1
2020-12-14 13:36:08.603315	19435	door 1 closed
2020-12-14 13:36:08.603704	19436	opening door 2
2020-12-14 13:36:09.332177	19437	door 2 opened
2020-12-14 13:36:09.332543	19438	closing door 0
2020-12-14 13:36:10.153767	19439	door 0 closed
2020-12-14 13:36:10.154120	19440	opening door 3
2020-12-14 13:36:10.888481	19441	door 3 opened
2020-12-14 13:36:35.936868	19442	feeder 2 reached (231)
2020-12-14 13:36:35.937231	19443	closing door 3
2020-12-14 13:36:36.633878	19444	door 3 closed
2020-12-14 13:36:36.634258	19445	opening door 0
2020-12-14 13:36:37.384571	19446	door 0 opened
2020-12-14 13:36:37.384977	19447	closing door 2
2020-12-14 13:36:38.396782	19448	door 2 closed
2020-12-14 13:36:38.397226	19449	opening door 1
2020-12-14 13:36:39.099414	19450	door 1 opened
2020-12-14 13:37:45.047299	19451	feeder 1 reached (237)
2020-12-14 13:37:45.047623	19452	closing door 1
2020-12-14 13:37:45.640776	19453	door 1 closed
2020-12-14 13:37:45.641212	19454	opening door 2
2020-12-14 13:37:46.335711	19455	door 2 opened
2020-12-14 13:37:46.336132	19456	closing door 0
2020-12-14 13:37:47.251317	19457	door 0 closed
2020-12-14 13:37:47.252122	19458	opening door 3
2020-12-14 13:37:48.011119	19459	door 3 opened
2020-12-14 13:38:18.290970	19460	feeder 2 reached (232)
2020-12-14 13:38:18.291447	19461	closing door 3
2020-12-14 13:38:18.987102	19462	door 3 closed
2020-12-14 13:38:18.987459	19463	opening door 0
2020-12-14 13:38:19.702115	19464	door 0 opened
2020-12-14 13:38:19.702623	19465	closing door 2
2020-12-14 13:38:20.807518	19466	door 2 closed
2020-12-14 13:38:20.808000	19467	opening door 1
2020-12-14 13:38:21.511020	19468	door 1 opened
2020-12-14 13:38:30.690933	19469	feeder 1 reached (238)
2020-12-14 13:38:30.691321	19470	closing door 1
2020-12-14 13:38:31.282950	19471	door 1 closed
2020-12-14 13:38:31.283443	19472	opening door 2
2020-12-14 13:38:31.973966	19473	door 2 opened
2020-12-14 13:38:31.974409	19474	closing door 0
2020-12-14 13:38:33.101967	19475	door 0 closed
2020-12-14 13:38:33.102302	19476	opening door 3
2020-12-14 13:38:33.840380	19477	door 3 opened
2020-12-14 13:38:48.627871	19478	feeder 2 reached (233)
2020-12-14 13:38:48.628265	19479	closing door 3
2020-12-14 13:38:49.322154	19480	door 3 closed
2020-12-14 13:38:49.322554	19481	opening door 0
2020-12-14 13:38:50.084510	19482	door 0 opened
2020-12-14 13:38:50.084924	19483	closing door 2
2020-12-14 13:38:51.132909	19484	door 2 closed
2020-12-14 13:38:51.133311	19485	opening door 1
2020-12-14 13:38:51.824526	19486	door 1 opened
2020-12-14 13:39:00.727008	19487	feeder 1 reached (239)
2020-12-14 13:39:00.727433	19488	closing door 1
2020-12-14 13:39:01.320899	19489	door 1 closed
2020-12-14 13:39:01.321271	19490	opening door 2
2020-12-14 13:39:02.020676	19491	door 2 opened
2020-12-14 13:39:02.021080	19492	closing door 0
2020-12-14 13:39:03.027693	19493	door 0 closed
2020-12-14 13:39:03.028223	19494	opening door 3
2020-12-14 13:39:03.771074	19495	door 3 opened
2020-12-14 13:39:15.217428	19496	feeder 2 reached (234)
2020-12-14 13:39:15.217813	19497	closing door 3
2020-12-14 13:39:15.911271	19498	door 3 closed
2020-12-14 13:39:15.911676	19499	opening door 0
2020-12-14 13:39:16.632591	19500	door 0 opened
2020-12-14 13:39:16.633002	19501	closing door 2
2020-12-14 13:39:17.774171	19502	door 2 closed
2020-12-14 13:39:17.774572	19503	opening door 1
2020-12-14 13:39:18.461894	19504	door 1 opened
2020-12-14 13:39:25.802295	19505	feeder 1 reached (240)
2020-12-14 13:39:25.802662	19506	closing door 1
2020-12-14 13:39:26.398808	19507	door 1 closed
2020-12-14 13:39:26.399231	19508	opening door 2
2020-12-14 13:39:27.084921	19509	door 2 opened
2020-12-14 13:39:27.085344	19510	closing door 0
2020-12-14 13:39:28.010169	19511	door 0 closed
2020-12-14 13:39:28.010546	19512	opening door 3
2020-12-14 13:39:28.747134	19513	door 3 opened
2020-12-14 13:39:41.384037	19514	feeder 2 reached (235)
2020-12-14 13:39:41.384526	19515	closing door 3
2020-12-14 13:39:42.082425	19516	door 3 closed
2020-12-14 13:39:42.082769	19517	opening door 0
2020-12-14 13:39:42.842769	19518	door 0 opened
2020-12-14 13:39:42.843167	19519	closing door 2
2020-12-14 13:39:43.983447	19520	door 2 closed
2020-12-14 13:39:43.983810	19521	opening door 1
2020-12-14 13:39:44.709070	19522	door 1 opened
2020-12-14 13:39:52.204557	19523	feeder 1 reached (241)
2020-12-14 13:39:52.204953	19524	closing door 1
2020-12-14 13:39:52.797582	19525	door 1 closed
2020-12-14 13:39:52.798039	19526	opening door 2
2020-12-14 13:39:53.475808	19527	door 2 opened
2020-12-14 13:39:53.476146	19528	closing door 0
2020-12-14 13:39:54.641771	19529	door 0 closed
2020-12-14 13:39:54.642152	19530	opening door 3
2020-12-14 13:39:55.396147	19531	door 3 opened
2020-12-14 13:40:31.543846	19532	feeder 2 reached (236)
2020-12-14 13:40:31.544245	19533	closing door 3
2020-12-14 13:40:32.238985	19534	door 3 closed
2020-12-14 13:40:32.239354	19535	opening door 0
2020-12-14 13:40:32.960867	19536	door 0 opened
2020-12-14 13:40:32.961274	19537	closing door 2
2020-12-14 13:40:33.951050	19538	door 2 closed
2020-12-14 13:40:33.951439	19539	opening door 1
2020-12-14 13:40:34.641922	19540	door 1 opened
2020-12-14 13:40:45.111609	19541	feeder 1 reached (242)
2020-12-14 13:40:45.111973	19542	closing door 1
2020-12-14 13:40:45.736188	19543	door 1 closed
2020-12-14 13:40:45.736489	19544	opening door 2
2020-12-14 13:40:46.414638	19545	door 2 opened
2020-12-14 13:40:46.414961	19546	closing door 0
2020-12-14 13:40:47.465311	19547	door 0 closed
2020-12-14 13:40:47.465697	19548	opening door 3
2020-12-14 13:40:48.195562	19549	door 3 opened
2020-12-14 13:41:06.754295	19550	feeder 2 reached (237)
2020-12-14 13:41:06.754663	19551	closing door 3
2020-12-14 13:41:07.450343	19552	door 3 closed
2020-12-14 13:41:07.450759	19553	opening door 0
2020-12-14 13:41:08.212501	19554	door 0 opened
2020-12-14 13:41:08.212902	19555	closing door 2
2020-12-14 13:41:09.169833	19556	door 2 closed
2020-12-14 13:41:09.170189	19557	opening door 1
2020-12-14 13:41:09.892424	19558	door 1 opened
2020-12-14 13:41:23.805686	19559	feeder 1 reached (243)
2020-12-14 13:41:23.806030	19560	closing door 1
2020-12-14 13:41:24.399199	19561	door 1 closed
2020-12-14 13:41:24.399574	19562	opening door 2
2020-12-14 13:41:25.079154	19563	door 2 opened
2020-12-14 13:41:25.079454	19564	closing door 0
2020-12-14 13:41:25.978659	19565	door 0 closed
2020-12-14 13:41:25.979017	19566	opening door 3
2020-12-14 13:41:26.715246	19567	door 3 opened
2020-12-14 13:41:41.572013	19568	feeder 2 reached (238)
2020-12-14 13:41:41.572409	19569	closing door 3
2020-12-14 13:41:42.268743	19570	door 3 closed
2020-12-14 13:41:42.269155	19571	opening door 0
2020-12-14 13:41:43.019050	19572	door 0 opened
2020-12-14 13:41:43.019474	19573	closing door 2
2020-12-14 13:41:43.984285	19574	door 2 closed
2020-12-14 13:41:43.984598	19575	opening door 1
2020-12-14 13:41:44.686913	19576	door 1 opened
2020-12-14 13:41:51.691495	19577	feeder 1 reached (244)
2020-12-14 13:41:51.691852	19578	closing door 1
2020-12-14 13:41:52.290167	19579	door 1 closed
2020-12-14 13:41:52.290668	19580	opening door 2
2020-12-14 13:41:52.972936	19581	door 2 opened
2020-12-14 13:41:52.973322	19582	closing door 0
2020-12-14 13:41:53.813411	19583	door 0 closed
2020-12-14 13:41:53.813764	19584	opening door 3
2020-12-14 13:41:54.561720	19585	door 3 opened
2020-12-14 13:42:32.831423	19586	feeder 2 reached (239)
2020-12-14 13:42:32.831827	19587	closing door 3
2020-12-14 13:42:33.527151	19588	door 3 closed
2020-12-14 13:42:33.527542	19589	opening door 0
2020-12-14 13:42:34.247148	19590	door 0 opened
2020-12-14 13:42:34.247499	19591	closing door 2
2020-12-14 13:42:35.194609	19592	door 2 closed
2020-12-14 13:42:35.195016	19593	opening door 1
2020-12-14 13:42:35.905749	19594	door 1 opened
2020-12-14 13:42:47.882335	19595	feeder 1 reached (245)
2020-12-14 13:42:47.882732	19596	closing door 1
2020-12-14 13:42:48.480734	19597	door 1 closed
2020-12-14 13:42:48.481137	19598	opening door 2
2020-12-14 13:42:49.165118	19599	door 2 opened
2020-12-14 13:42:49.165492	19600	closing door 0
2020-12-14 13:42:50.359784	19601	door 0 closed
2020-12-14 13:42:50.360211	19602	opening door 3
2020-12-14 13:42:51.087960	19603	door 3 opened
2020-12-14 13:43:43.017458	19604	feeder 2 reached (240)
2020-12-14 13:43:43.017867	19605	closing door 3
2020-12-14 13:43:43.714690	19606	door 3 closed
2020-12-14 13:43:43.715111	19607	opening door 0
2020-12-14 13:43:44.478691	19608	door 0 opened
2020-12-14 13:43:44.479079	19609	closing door 2
2020-12-14 13:43:45.632136	19610	door 2 closed
2020-12-14 13:43:45.632504	19611	opening door 1
2020-12-14 13:43:46.326891	19612	door 1 opened
2020-12-14 13:43:57.391014	19613	feeder 1 reached (246)
2020-12-14 13:43:57.391390	19614	closing door 1
2020-12-14 13:43:57.986450	19615	door 1 closed
2020-12-14 13:43:57.986824	19616	opening door 2
2020-12-14 13:43:58.679810	19617	door 2 opened
2020-12-14 13:43:58.680201	19618	closing door 0
2020-12-14 13:43:59.583757	19619	door 0 closed
2020-12-14 13:43:59.584144	19620	opening door 3
2020-12-14 13:44:00.333444	19621	door 3 opened
2020-12-14 13:44:12.280253	19622	feeder 2 reached (241)
2020-12-14 13:44:12.280614	19623	closing door 3
2020-12-14 13:44:12.977447	19624	door 3 closed
2020-12-14 13:44:12.977901	19625	opening door 0
2020-12-14 13:44:13.735582	19626	door 0 opened
2020-12-14 13:44:13.735956	19627	closing door 2
2020-12-14 13:44:14.725760	19628	door 2 closed
2020-12-14 13:44:14.726148	19629	opening door 1
2020-12-14 13:44:15.446121	19630	door 1 opened
2020-12-14 13:44:25.450254	19631	feeder 1 reached (247)
2020-12-14 13:44:25.450987	19632	closing door 1
2020-12-14 13:44:26.050609	19633	door 1 closed
2020-12-14 13:44:26.050940	19634	opening door 2
2020-12-14 13:44:26.732084	19635	door 2 opened
2020-12-14 13:44:26.732471	19636	closing door 0
2020-12-14 13:44:27.846279	19637	door 0 closed
2020-12-14 13:44:27.846652	19638	opening door 3
2020-12-14 13:44:28.579934	19639	door 3 opened
2020-12-14 13:44:35.825401	19640	feeder 2 reached (242)
2020-12-14 13:44:35.825771	19641	closing door 3
2020-12-14 13:44:36.521518	19642	door 3 closed
2020-12-14 13:44:36.521905	19643	opening door 0
2020-12-14 13:44:37.240912	19644	door 0 opened
2020-12-14 13:44:37.241296	19645	closing door 2
2020-12-14 13:44:38.095184	19646	door 2 closed
2020-12-14 13:44:38.095634	19647	opening door 1
2020-12-14 13:44:38.804899	19648	door 1 opened
2020-12-14 13:44:55.695719	19649	feeder 1 reached (248)
2020-12-14 13:44:55.696106	19650	closing door 1
2020-12-14 13:44:56.300601	19651	door 1 closed
2020-12-14 13:44:56.301074	19652	opening door 2
2020-12-14 13:44:56.993351	19653	door 2 opened
2020-12-14 13:44:56.993848	19654	closing door 0
2020-12-14 13:44:57.799724	19655	door 0 closed
2020-12-14 13:44:57.800109	19656	opening door 3
2020-12-14 13:44:58.529648	19657	door 3 opened
2020-12-14 13:45:06.938920	19658	feeder 2 reached (243)
2020-12-14 13:45:06.939274	19659	closing door 3
2020-12-14 13:45:07.636161	19660	door 3 closed
2020-12-14 13:45:07.636567	19661	opening door 0
2020-12-14 13:45:08.357812	19662	door 0 opened
2020-12-14 13:45:08.358221	19663	closing door 2
2020-12-14 13:45:09.231255	19664	door 2 closed
2020-12-14 13:45:09.231699	19665	opening door 1
2020-12-14 13:45:09.934422	19666	door 1 opened
2020-12-14 13:46:26.021747	19667	feeder 1 reached (249)
2020-12-14 13:46:26.022135	19668	closing door 1
2020-12-14 13:46:26.617197	19669	door 1 closed
2020-12-14 13:46:26.617596	19670	opening door 2
2020-12-14 13:46:27.313663	19671	door 2 opened
2020-12-14 13:46:27.314185	19672	closing door 0
2020-12-14 13:46:28.277190	19673	door 0 closed
2020-12-14 13:46:28.277553	19674	opening door 3
2020-12-14 13:46:29.027403	19675	door 3 opened
2020-12-14 13:46:46.117353	19676	feeder 2 reached (244)
2020-12-14 13:46:46.117753	19677	closing door 3
2020-12-14 13:46:46.813195	19678	door 3 closed
2020-12-14 13:46:46.813564	19679	opening door 0
2020-12-14 13:46:47.526797	19680	door 0 opened
2020-12-14 13:46:47.527100	19681	closing door 2
2020-12-14 13:46:48.349247	19682	door 2 closed
2020-12-14 13:46:48.349601	19683	opening door 1
2020-12-14 13:46:49.050610	19684	door 1 opened
2020-12-14 13:47:01.901957	19685	feeder 1 reached (250)
2020-12-14 13:47:01.902630	19686	closing door 1
2020-12-14 13:47:02.500376	19687	door 1 closed
2020-12-14 13:47:02.500797	19688	opening door 2
2020-12-14 13:47:03.198513	19689	door 2 opened
2020-12-14 13:47:03.199091	19690	closing door 0
2020-12-14 13:47:04.319237	19691	door 0 closed
2020-12-14 13:47:04.319826	19692	opening door 3
2020-12-14 13:47:05.075748	19693	door 3 opened
2020-12-14 13:47:13.413956	19694	feeder 2 reached (245)
2020-12-14 13:47:13.414485	19695	closing door 3
2020-12-14 13:47:14.113856	19696	door 3 closed
2020-12-14 13:47:14.114179	19697	opening door 0
2020-12-14 13:47:14.849837	19698	door 0 opened
2020-12-14 13:47:14.850198	19699	closing door 2
2020-12-14 13:47:15.780413	19700	door 2 closed
2020-12-14 13:47:15.780774	19701	opening door 1
2020-12-14 13:47:16.480032	19702	door 1 opened
2020-12-14 13:47:26.187279	19703	feeder 1 reached (251)
2020-12-14 13:47:26.187641	19704	closing door 1
2020-12-14 13:47:26.782501	19705	door 1 closed
2020-12-14 13:47:26.782916	19706	opening door 2
2020-12-14 13:47:27.483249	19707	door 2 opened
2020-12-14 13:47:27.483639	19708	closing door 0
2020-12-14 13:47:28.473396	19709	door 0 closed
2020-12-14 13:47:28.478687	19710	opening door 3
2020-12-14 13:47:29.244045	19711	door 3 opened
2020-12-14 13:47:34.822459	19712	feeder 2 reached (246)
2020-12-14 13:47:34.822797	19713	closing door 3
2020-12-14 13:47:35.521433	19714	door 3 closed
2020-12-14 13:47:35.521927	19715	opening door 0
2020-12-14 13:47:36.242634	19716	door 0 opened
2020-12-14 13:47:36.243010	19717	closing door 2
2020-12-14 13:47:37.073291	19718	door 2 closed
2020-12-14 13:47:37.073649	19719	opening door 1
2020-12-14 13:47:37.778131	19720	door 1 opened
2020-12-14 13:47:51.082637	19721	feeder 1 reached (252)
2020-12-14 13:47:51.083055	19722	closing door 1
2020-12-14 13:47:51.681718	19723	door 1 closed
2020-12-14 13:47:51.682067	19724	opening door 2
2020-12-14 13:47:52.381311	19725	door 2 opened
2020-12-14 13:47:52.381727	19726	closing door 0
2020-12-14 13:47:53.473483	19727	door 0 closed
2020-12-14 13:47:53.473890	19728	opening door 3
2020-12-14 13:47:54.228760	19729	door 3 opened
2020-12-14 13:48:05.552670	19730	feeder 2 reached (247)
2020-12-14 13:48:05.553087	19731	closing door 3
2020-12-14 13:48:06.254566	19732	door 3 closed
2020-12-14 13:48:06.254979	19733	opening door 0
2020-12-14 13:48:06.968991	19734	door 0 opened
2020-12-14 13:48:06.969388	19735	closing door 2
2020-12-14 13:48:07.830286	19736	door 2 closed
2020-12-14 13:48:07.830705	19737	opening door 1
2020-12-14 13:48:08.536279	19738	door 1 opened
2020-12-14 13:48:26.727188	19739	feeder 1 reached (253)
2020-12-14 13:48:26.727628	19740	closing door 1
2020-12-14 13:48:27.320674	19741	door 1 closed
2020-12-14 13:48:27.321107	19742	opening door 2
2020-12-14 13:48:28.016464	19743	door 2 opened
2020-12-14 13:48:28.016873	19744	closing door 0
2020-12-14 13:48:29.102342	19745	door 0 closed
2020-12-14 13:48:29.102728	19746	opening door 3
2020-12-14 13:48:29.865778	19747	door 3 opened
2020-12-14 13:48:39.935998	19748	feeder 2 reached (248)
2020-12-14 13:48:39.936377	19749	closing door 3
2020-12-14 13:48:40.637174	19750	door 3 closed
2020-12-14 13:48:40.637587	19751	opening door 0
2020-12-14 13:48:41.384158	19752	door 0 opened
2020-12-14 13:48:41.384509	19753	closing door 2
2020-12-14 13:48:42.208742	19754	door 2 closed
2020-12-14 13:48:42.209219	19755	opening door 1
2020-12-14 13:48:42.924957	19756	door 1 opened
2020-12-14 13:48:51.336551	19757	feeder 1 reached (254)
2020-12-14 13:48:51.336970	19758	closing door 1
2020-12-14 13:48:51.941787	19759	door 1 closed
2020-12-14 13:48:51.942240	19760	opening door 2
2020-12-14 13:48:52.637889	19761	door 2 opened
2020-12-14 13:48:52.638264	19762	closing door 0
2020-12-14 13:48:53.699315	19763	door 0 closed
2020-12-14 13:48:53.699778	19764	opening door 3
2020-12-14 13:48:54.438380	19765	door 3 opened
2020-12-14 13:49:15.840138	19766	feeder 2 reached (249)
2020-12-14 13:49:15.840537	19767	closing door 3
2020-12-14 13:49:16.540295	19768	door 3 closed
2020-12-14 13:49:16.540667	19769	opening door 0
2020-12-14 13:49:17.276188	19770	door 0 opened
2020-12-14 13:49:17.276609	19771	closing door 2
2020-12-14 13:49:18.266831	19772	door 2 closed
2020-12-14 13:49:18.267295	19773	opening door 1
2020-12-14 13:49:18.976514	19774	door 1 opened
2020-12-14 13:49:27.619975	19775	feeder 1 reached (255)
2020-12-14 13:49:27.620406	19776	closing door 1
2020-12-14 13:49:28.215360	19777	door 1 closed
2020-12-14 13:49:28.215733	19778	opening door 2
2020-12-14 13:49:28.905897	19779	door 2 opened
2020-12-14 13:49:28.906275	19780	closing door 0
2020-12-14 13:49:29.741303	19781	door 0 closed
2020-12-14 13:49:29.741707	19782	opening door 3
2020-12-14 13:49:30.480992	19783	door 3 opened
2020-12-14 13:50:20.899068	19784	feeder 2 reached (250)
2020-12-14 13:50:20.899479	19785	closing door 3
2020-12-14 13:50:21.595236	19786	door 3 closed
2020-12-14 13:50:21.595754	19787	opening door 0
2020-12-14 13:50:22.347332	19788	door 0 opened
2020-12-14 13:50:22.347711	19789	closing door 2
2020-12-14 13:50:23.368765	19790	door 2 closed
2020-12-14 13:50:23.369166	19791	opening door 1
2020-12-14 13:50:24.080506	19792	door 1 opened
2020-12-14 13:50:33.717676	19793	feeder 1 reached (256)
2020-12-14 13:50:33.718204	19794	closing door 1
2020-12-14 13:50:34.312767	19795	door 1 closed
2020-12-14 13:50:34.313411	19796	opening door 2
2020-12-14 13:50:35.012364	19797	door 2 opened
2020-12-14 13:50:35.012760	19798	closing door 0
2020-12-14 13:50:36.109676	19799	door 0 closed
2020-12-14 13:50:36.110149	19800	opening door 3
2020-12-14 13:50:36.840941	19801	door 3 opened
2020-12-14 13:50:48.878119	19802	feeder 2 reached (251)
2020-12-14 13:50:48.878482	19803	closing door 3
2020-12-14 13:50:49.573545	19804	door 3 closed
2020-12-14 13:50:49.573961	19805	opening door 0
2020-12-14 13:50:50.294216	19806	door 0 opened
2020-12-14 13:50:50.294575	19807	closing door 2
2020-12-14 13:50:51.236398	19808	door 2 closed
2020-12-14 13:50:51.236793	19809	opening door 1
2020-12-14 13:50:51.948171	19810	door 1 opened
2020-12-14 13:50:59.875216	19811	feeder 1 reached (257)
2020-12-14 13:50:59.875621	19812	closing door 1
2020-12-14 13:51:00.469825	19813	door 1 closed
2020-12-14 13:51:00.470197	19814	opening door 2
2020-12-14 13:51:01.194654	19815	door 2 opened
2020-12-14 13:51:01.195083	19816	closing door 0
2020-12-14 13:51:02.293114	19817	door 0 closed
2020-12-14 13:51:02.293494	19818	opening door 3
2020-12-14 13:51:03.041475	19819	door 3 opened
2020-12-14 13:51:42.707370	19820	feeder 2 reached (252)
2020-12-14 13:51:42.707683	19821	closing door 3
2020-12-14 13:51:43.404757	19822	door 3 closed
2020-12-14 13:51:43.405229	19823	opening door 0
2020-12-14 13:51:44.164783	19824	door 0 opened
2020-12-14 13:51:44.165120	19825	closing door 2
2020-12-14 13:51:45.319342	19826	door 2 closed
2020-12-14 13:51:45.319712	19827	opening door 1
2020-12-14 13:51:46.048528	19828	door 1 opened
2020-12-14 13:51:53.573769	19829	feeder 1 reached (258)
2020-12-14 13:51:53.574142	19830	closing door 1
2020-12-14 13:51:54.168184	19831	door 1 closed
2020-12-14 13:51:54.168706	19832	closing door 2
2020-12-14 13:51:54.258543	19833	door 2 closed
2020-12-14 13:51:54.258919	19834	closing door 0
2020-12-14 13:51:55.120728	19835	door 0 closed
2020-12-14 13:51:55.121133	19836	closing door 3
2020-12-14 13:51:55.299734	19837	door 3 closed
2020-12-14 13:51:55.300105	19838	ended experiment AL3_20_12_14_Open1_CrepLight
