2020-11-13 13:22:42.510385	219	started experiment GE1_11_13_20
2020-11-13 13:22:42.510688	220	closing door 0
2020-11-13 13:22:43.020204	221	door 0 closed
2020-11-13 13:22:43.021174	222	closing door 1
2020-11-13 13:22:43.407874	223	door 1 closed
2020-11-13 13:22:43.408644	224	closing door 2
2020-11-13 13:22:43.589761	225	door 2 closed
2020-11-13 13:22:43.590456	226	closing door 3
2020-11-13 13:22:43.771684	227	door 3 closed
2020-11-13 13:24:48.979262	228	started experiment GE1_11_13_20
2020-11-13 13:24:48.979558	229	closing door 0
2020-11-13 13:24:49.606622	230	door 0 closed
2020-11-13 13:24:49.606920	231	closing door 1
2020-11-13 13:24:49.982694	232	door 1 closed
2020-11-13 13:24:49.983268	233	closing door 2
2020-11-13 13:24:50.166768	234	door 2 closed
2020-11-13 13:24:50.167436	235	closing door 3
2020-11-13 13:24:50.319515	236	door 3 closed
2020-11-13 13:27:53.026703	237	started experiment GE1_11_13_20
2020-11-13 13:27:53.027007	238	closing door 0
2020-11-13 13:27:53.506763	239	door 0 closed
2020-11-13 13:27:53.507460	240	closing door 1
2020-11-13 13:27:53.713101	241	door 1 closed
2020-11-13 13:27:53.713742	242	closing door 2
2020-11-13 13:27:53.898895	243	door 2 closed
2020-11-13 13:27:53.899592	244	closing door 3
2020-11-13 13:27:54.085292	245	door 3 closed
2020-11-13 13:27:54.358173	246	feeder 2 reached (1)
2020-11-13 13:27:54.358718	247	closing door 2
2020-11-13 13:27:54.436800	248	door 2 closed
2020-11-13 13:27:54.437458	249	closing door 3
2020-11-13 13:27:54.608275	250	door 3 closed
2020-11-13 13:27:54.608795	251	opening door 0
2020-11-13 13:27:55.417302	252	door 0 opened
2020-11-13 13:27:55.417829	253	opening door 1
2020-11-13 13:27:56.135137	254	door 1 opened
2020-11-13 13:27:56.316955	255	feeder 2 reached (2)
2020-11-13 13:27:56.317590	256	closing door 2
2020-11-13 13:27:56.396815	257	door 2 closed
2020-11-13 13:27:56.397440	258	closing door 3
2020-11-13 13:27:56.585017	259	door 3 closed
2020-11-13 13:27:56.585651	260	opening door 0
2020-11-13 13:27:56.758126	261	door 0 opened
2020-11-13 13:27:56.758774	262	opening door 1
2020-11-13 13:27:56.839721	263	door 1 opened
2020-11-13 13:27:57.009106	264	feeder 2 reached (3)
2020-11-13 13:27:57.009750	265	closing door 2
2020-11-13 13:27:57.109094	266	door 2 closed
2020-11-13 13:27:57.109948	267	closing door 3
2020-11-13 13:27:57.301197	268	door 3 closed
2020-11-13 13:27:57.301881	269	opening door 0
2020-11-13 13:27:57.482794	270	door 0 opened
2020-11-13 13:27:57.483352	271	opening door 1
2020-11-13 13:27:57.562770	272	door 1 opened
2020-11-13 13:27:57.726161	273	feeder 2 reached (4)
2020-11-13 13:27:57.726810	274	closing door 2
2020-11-13 13:27:57.807328	275	door 2 closed
2020-11-13 13:27:57.807858	276	closing door 3
2020-11-13 13:27:58.008676	277	door 3 closed
2020-11-13 13:27:58.009405	278	opening door 0
2020-11-13 13:27:58.211697	279	door 0 opened
2020-11-13 13:27:58.212318	280	opening door 1
2020-11-13 13:27:58.316510	281	door 1 opened
2020-11-13 13:27:58.477980	282	feeder 2 reached (5)
2020-11-13 13:27:58.478671	283	closing door 2
2020-11-13 13:27:58.555214	284	door 2 closed
2020-11-13 13:27:58.555820	285	closing door 3
2020-11-13 13:27:58.751916	286	door 3 closed
2020-11-13 13:27:58.752208	287	opening door 0
2020-11-13 13:27:58.945369	288	door 0 opened
2020-11-13 13:27:58.945992	289	opening door 1
2020-11-13 13:27:59.041776	290	door 1 opened
2020-11-13 13:27:59.223620	291	feeder 2 reached (6)
2020-11-13 13:27:59.224202	292	closing door 2
2020-11-13 13:27:59.302035	293	door 2 closed
2020-11-13 13:27:59.303069	294	closing door 3
2020-11-13 13:27:59.496469	295	door 3 closed
2020-11-13 13:27:59.496848	296	opening door 0
2020-11-13 13:27:59.711377	297	door 0 opened
2020-11-13 13:27:59.712293	298	opening door 1
2020-11-13 13:27:59.794758	299	door 1 opened
2020-11-13 13:27:59.992850	300	feeder 2 reached (7)
2020-11-13 13:27:59.993348	301	closing door 2
2020-11-13 13:28:00.068180	302	door 2 closed
2020-11-13 13:28:00.068968	303	closing door 3
2020-11-13 13:28:00.253006	304	door 3 closed
2020-11-13 13:28:00.253684	305	opening door 0
2020-11-13 13:28:00.447139	306	door 0 opened
2020-11-13 13:28:00.447733	307	opening door 1
2020-11-13 13:28:00.528742	308	door 1 opened
2020-11-13 13:28:00.719637	309	feeder 2 reached (8)
2020-11-13 13:28:00.720271	310	closing door 2
2020-11-13 13:28:00.795906	311	door 2 closed
2020-11-13 13:28:00.796459	312	closing door 3
2020-11-13 13:28:00.989319	313	door 3 closed
2020-11-13 13:28:00.989590	314	opening door 0
2020-11-13 13:28:01.191437	315	door 0 opened
2020-11-13 13:28:01.192103	316	opening door 1
2020-11-13 13:28:01.271757	317	door 1 opened
2020-11-13 13:28:01.439471	318	feeder 2 reached (9)
2020-11-13 13:28:01.440057	319	closing door 2
2020-11-13 13:28:01.542696	320	door 2 closed
2020-11-13 13:28:01.543535	321	closing door 3
2020-11-13 13:28:01.757535	322	door 3 closed
2020-11-13 13:28:01.758173	323	opening door 0
2020-11-13 13:28:01.956755	324	door 0 opened
2020-11-13 13:28:01.957380	325	opening door 1
2020-11-13 13:28:02.038414	326	door 1 opened
2020-11-13 13:28:02.198410	327	feeder 2 reached (10)
2020-11-13 13:28:02.199040	328	closing door 2
2020-11-13 13:28:02.307404	329	door 2 closed
2020-11-13 13:28:02.308010	330	closing door 3
2020-11-13 13:28:02.510184	331	door 3 closed
2020-11-13 13:28:02.510927	332	opening door 0
2020-11-13 13:28:02.691972	333	door 0 opened
2020-11-13 13:28:02.692606	334	opening door 1
2020-11-13 13:28:02.775738	335	door 1 opened
2020-11-13 13:28:02.947314	336	feeder 2 reached (11)
2020-11-13 13:28:02.947915	337	closing door 2
2020-11-13 13:28:03.025311	338	door 2 closed
2020-11-13 13:28:03.025876	339	closing door 3
2020-11-13 13:28:03.242069	340	door 3 closed
2020-11-13 13:28:03.242749	341	opening door 0
2020-11-13 13:28:03.420266	342	door 0 opened
2020-11-13 13:28:03.421101	343	opening door 1
2020-11-13 13:28:03.540365	344	door 1 opened
2020-11-13 13:28:03.705199	345	feeder 2 reached (12)
2020-11-13 13:28:03.705579	346	closing door 2
2020-11-13 13:28:03.784181	347	door 2 closed
2020-11-13 13:28:03.784745	348	closing door 3
2020-11-13 13:28:03.983256	349	door 3 closed
2020-11-13 13:28:03.984138	350	opening door 0
2020-11-13 13:28:04.169934	351	door 0 opened
2020-11-13 13:28:04.170535	352	opening door 1
2020-11-13 13:28:04.259011	353	door 1 opened
2020-11-13 13:28:04.451891	354	feeder 2 reached (13)
2020-11-13 13:28:04.452742	355	closing door 2
2020-11-13 13:28:04.530672	356	door 2 closed
2020-11-13 13:28:04.531266	357	closing door 3
2020-11-13 13:28:04.717869	358	door 3 closed
2020-11-13 13:28:04.718153	359	opening door 0
2020-11-13 13:28:04.902039	360	door 0 opened
2020-11-13 13:28:04.902693	361	opening door 1
2020-11-13 13:28:04.982455	362	door 1 opened
2020-11-13 13:28:05.170509	363	feeder 2 reached (14)
2020-11-13 13:28:05.171109	364	closing door 2
2020-11-13 13:28:05.248063	365	door 2 closed
2020-11-13 13:28:05.248629	366	closing door 3
2020-11-13 13:28:05.454043	367	door 3 closed
2020-11-13 13:28:05.454763	368	opening door 0
2020-11-13 13:28:05.647399	369	door 0 opened
2020-11-13 13:28:05.648045	370	opening door 1
2020-11-13 13:28:05.732587	371	door 1 opened
2020-11-13 13:28:05.912083	372	feeder 2 reached (15)
2020-11-13 13:28:05.912673	373	closing door 2
2020-11-13 13:28:06.005420	374	door 2 closed
2020-11-13 13:28:06.006005	375	closing door 3
2020-11-13 13:28:06.201289	376	door 3 closed
2020-11-13 13:28:06.201635	377	opening door 0
2020-11-13 13:28:06.387494	378	door 0 opened
2020-11-13 13:28:06.388207	379	opening door 1
2020-11-13 13:28:06.469281	380	door 1 opened
2020-11-13 13:28:06.634033	381	feeder 2 reached (16)
2020-11-13 13:28:06.634647	382	closing door 2
2020-11-13 13:28:06.734992	383	door 2 closed
2020-11-13 13:28:06.735509	384	closing door 3
2020-11-13 13:28:06.927037	385	door 3 closed
2020-11-13 13:28:06.927683	386	opening door 0
2020-11-13 13:28:07.135815	387	door 0 opened
2020-11-13 13:28:07.136428	388	opening door 1
2020-11-13 13:28:07.217442	389	door 1 opened
2020-11-13 13:28:07.382056	390	feeder 2 reached (17)
2020-11-13 13:28:07.382659	391	closing door 2
2020-11-13 13:28:07.462557	392	door 2 closed
2020-11-13 13:28:07.463121	393	closing door 3
2020-11-13 13:28:07.650880	394	door 3 closed
2020-11-13 13:28:07.651562	395	opening door 0
2020-11-13 13:28:07.838929	396	door 0 opened
2020-11-13 13:28:07.839541	397	opening door 1
2020-11-13 13:28:07.958544	398	door 1 opened
2020-11-13 13:28:08.128167	399	feeder 2 reached (18)
2020-11-13 13:28:08.128732	400	closing door 2
2020-11-13 13:28:08.207287	401	door 2 closed
2020-11-13 13:28:08.207998	402	closing door 3
2020-11-13 13:28:08.413818	403	door 3 closed
2020-11-13 13:28:08.414209	404	opening door 0
2020-11-13 13:28:08.595289	405	door 0 opened
2020-11-13 13:28:08.595899	406	opening door 1
2020-11-13 13:28:08.674789	407	door 1 opened
2020-11-13 13:28:08.870046	408	feeder 2 reached (19)
2020-11-13 13:28:08.870637	409	closing door 2
2020-11-13 13:28:08.948936	410	door 2 closed
2020-11-13 13:28:08.949530	411	closing door 3
2020-11-13 13:28:09.141759	412	door 3 closed
2020-11-13 13:28:09.142666	413	opening door 0
2020-11-13 13:28:09.360754	414	door 0 opened
2020-11-13 13:28:09.361642	415	opening door 1
2020-11-13 13:28:09.468317	416	door 1 opened
2020-11-13 13:28:09.666735	417	feeder 2 reached (20)
2020-11-13 13:28:09.667359	418	closing door 2
2020-11-13 13:28:09.744744	419	door 2 closed
2020-11-13 13:28:09.745364	420	closing door 3
2020-11-13 13:28:09.956913	421	door 3 closed
2020-11-13 13:28:09.957713	422	opening door 0
2020-11-13 13:28:10.155432	423	door 0 opened
2020-11-13 13:28:10.156028	424	opening door 1
2020-11-13 13:28:10.237432	425	door 1 opened
2020-11-13 13:28:10.425864	426	feeder 2 reached (21)
2020-11-13 13:28:10.426456	427	closing door 2
2020-11-13 13:28:10.504351	428	door 2 closed
2020-11-13 13:28:10.505197	429	closing door 3
2020-11-13 13:28:10.683853	430	door 3 closed
2020-11-13 13:28:10.684751	431	opening door 0
2020-11-13 13:28:10.875679	432	door 0 opened
2020-11-13 13:28:10.876331	433	opening door 1
2020-11-13 13:28:10.957448	434	door 1 opened
2020-11-13 13:28:11.122861	435	feeder 2 reached (22)
2020-11-13 13:28:11.123431	436	closing door 2
2020-11-13 13:28:11.231542	437	door 2 closed
2020-11-13 13:28:11.232134	438	closing door 3
2020-11-13 13:28:11.426220	439	door 3 closed
2020-11-13 13:28:11.426886	440	opening door 0
2020-11-13 13:28:11.620911	441	door 0 opened
2020-11-13 13:28:11.621549	442	opening door 1
2020-11-13 13:28:11.702778	443	door 1 opened
2020-11-13 13:28:11.864896	444	feeder 2 reached (23)
2020-11-13 13:28:11.865302	445	closing door 2
2020-11-13 13:28:11.946769	446	door 2 closed
2020-11-13 13:28:11.947331	447	closing door 3
2020-11-13 13:28:12.125598	448	door 3 closed
2020-11-13 13:28:12.126585	449	opening door 0
2020-11-13 13:28:12.326213	450	door 0 opened
2020-11-13 13:28:12.326717	451	opening door 1
2020-11-13 13:28:12.439382	452	door 1 opened
2020-11-13 13:28:12.603351	453	feeder 2 reached (24)
2020-11-13 13:28:12.603927	454	closing door 2
2020-11-13 13:28:12.681725	455	door 2 closed
2020-11-13 13:28:12.682482	456	closing door 3
2020-11-13 13:28:12.857184	457	door 3 closed
2020-11-13 13:28:12.857851	458	opening door 0
2020-11-13 13:28:13.061683	459	door 0 opened
2020-11-13 13:28:13.062307	460	opening door 1
2020-11-13 13:28:13.151006	461	door 1 opened
2020-11-13 13:28:13.344022	462	feeder 2 reached (25)
2020-11-13 13:28:13.344626	463	closing door 2
2020-11-13 13:28:13.422718	464	door 2 closed
2020-11-13 13:28:13.423257	465	closing door 3
2020-11-13 13:28:13.630566	466	door 3 closed
2020-11-13 13:28:13.631442	467	opening door 0
2020-11-13 13:28:13.825250	468	door 0 opened
2020-11-13 13:28:13.825851	469	opening door 1
2020-11-13 13:28:13.908460	470	door 1 opened
2020-11-13 13:28:14.112707	471	feeder 2 reached (26)
2020-11-13 13:28:14.113220	472	closing door 2
2020-11-13 13:28:14.190296	473	door 2 closed
2020-11-13 13:28:14.190857	474	closing door 3
2020-11-13 13:28:14.381328	475	door 3 closed
2020-11-13 13:28:14.382218	476	opening door 0
2020-11-13 13:28:14.558060	477	door 0 opened
2020-11-13 13:28:14.558949	478	opening door 1
2020-11-13 13:28:14.646447	479	door 1 opened
2020-11-13 13:28:14.825511	480	feeder 2 reached (27)
2020-11-13 13:28:14.826077	481	closing door 2
2020-11-13 13:28:14.907945	482	door 2 closed
2020-11-13 13:28:14.908502	483	closing door 3
2020-11-13 13:28:15.097088	484	door 3 closed
2020-11-13 13:28:15.097731	485	opening door 0
2020-11-13 13:28:15.291821	486	door 0 opened
2020-11-13 13:28:15.292433	487	opening door 1
2020-11-13 13:28:15.373588	488	door 1 opened
2020-11-13 13:28:15.534765	489	feeder 2 reached (28)
2020-11-13 13:28:15.535302	490	closing door 2
2020-11-13 13:28:15.644335	491	door 2 closed
2020-11-13 13:28:15.644914	492	closing door 3
2020-11-13 13:28:15.841808	493	door 3 closed
2020-11-13 13:28:15.842718	494	opening door 0
2020-11-13 13:28:16.041117	495	door 0 opened
2020-11-13 13:28:16.041998	496	opening door 1
2020-11-13 13:28:16.133659	497	door 1 opened
2020-11-13 13:28:16.297352	498	feeder 2 reached (29)
2020-11-13 13:28:16.297916	499	closing door 2
2020-11-13 13:28:16.384800	500	door 2 closed
2020-11-13 13:28:16.385194	501	closing door 3
2020-11-13 13:28:16.601320	502	door 3 closed
2020-11-13 13:28:16.601864	503	opening door 0
2020-11-13 13:28:16.787209	504	door 0 opened
2020-11-13 13:28:16.787792	505	opening door 1
2020-11-13 13:28:16.904518	506	door 1 opened
2020-11-13 13:28:17.071193	507	feeder 2 reached (30)
2020-11-13 13:28:17.071809	508	closing door 2
2020-11-13 13:28:17.150043	509	door 2 closed
2020-11-13 13:28:17.150657	510	closing door 3
2020-11-13 13:28:17.341646	511	door 3 closed
2020-11-13 13:28:17.342332	512	opening door 0
2020-11-13 13:28:17.534210	513	door 0 opened
2020-11-13 13:28:17.535141	514	opening door 1
2020-11-13 13:28:17.619502	515	door 1 opened
2020-11-13 13:28:17.812638	516	feeder 2 reached (31)
2020-11-13 13:28:17.813228	517	closing door 2
2020-11-13 13:28:17.890667	518	door 2 closed
2020-11-13 13:28:17.891231	519	closing door 3
2020-11-13 13:28:18.055918	520	door 3 closed
2020-11-13 13:28:18.056544	521	opening door 0
2020-11-13 13:28:18.232485	522	door 0 opened
2020-11-13 13:28:18.233059	523	opening door 1
2020-11-13 13:28:18.314260	524	door 1 opened
2020-11-13 13:28:18.491646	525	feeder 2 reached (32)
2020-11-13 13:28:18.492218	526	closing door 2
2020-11-13 13:28:18.579489	527	door 2 closed
2020-11-13 13:28:18.579958	528	closing door 3
2020-11-13 13:28:18.756343	529	door 3 closed
2020-11-13 13:28:18.756961	530	opening door 0
2020-11-13 13:28:18.950979	531	door 0 opened
2020-11-13 13:28:18.951598	532	opening door 1
2020-11-13 13:28:19.034376	533	door 1 opened
2020-11-13 13:28:19.197993	534	feeder 2 reached (33)
2020-11-13 13:28:19.198546	535	closing door 2
2020-11-13 13:28:19.297433	536	door 2 closed
2020-11-13 13:28:19.297772	537	closing door 3
2020-11-13 13:28:19.480197	538	door 3 closed
2020-11-13 13:28:19.480792	539	opening door 0
2020-11-13 13:28:19.657599	540	door 0 opened
2020-11-13 13:28:19.658586	541	opening door 1
2020-11-13 13:28:19.744638	542	door 1 opened
2020-11-13 13:28:19.907081	543	feeder 2 reached (34)
2020-11-13 13:28:19.907644	544	closing door 2
2020-11-13 13:28:19.985462	545	door 2 closed
2020-11-13 13:28:19.986028	546	closing door 3
2020-11-13 13:28:20.181829	547	door 3 closed
2020-11-13 13:28:20.182373	548	opening door 0
2020-11-13 13:28:20.366110	549	door 0 opened
2020-11-13 13:28:20.366768	550	opening door 1
2020-11-13 13:28:20.480540	551	door 1 opened
2020-11-13 13:28:20.644115	552	feeder 2 reached (35)
2020-11-13 13:28:20.644692	553	closing door 2
2020-11-13 13:28:20.723489	554	door 2 closed
2020-11-13 13:28:20.724059	555	closing door 3
2020-11-13 13:28:20.926268	556	door 3 closed
2020-11-13 13:28:20.926966	557	opening door 0
2020-11-13 13:28:21.125644	558	door 0 opened
2020-11-13 13:28:21.126266	559	opening door 1
2020-11-13 13:28:21.217607	560	door 1 opened
2020-11-13 13:28:21.403862	561	feeder 2 reached (36)
2020-11-13 13:28:21.404491	562	closing door 2
2020-11-13 13:28:21.481284	563	door 2 closed
2020-11-13 13:28:21.481854	564	closing door 3
2020-11-13 13:28:21.680427	565	door 3 closed
2020-11-13 13:28:21.681154	566	opening door 0
2020-11-13 13:28:21.854127	567	door 0 opened
2020-11-13 13:28:21.854835	568	opening door 1
2020-11-13 13:28:21.935267	569	door 1 opened
2020-11-13 13:28:22.125409	570	feeder 2 reached (37)
2020-11-13 13:28:22.126017	571	closing door 2
2020-11-13 13:28:22.203453	572	door 2 closed
2020-11-13 13:28:22.204032	573	closing door 3
2020-11-13 13:28:22.381596	574	door 3 closed
2020-11-13 13:28:22.382279	575	opening door 0
2020-11-13 13:28:22.568211	576	door 0 opened
2020-11-13 13:28:22.568768	577	opening door 1
2020-11-13 13:28:22.656005	578	door 1 opened
2020-11-13 13:28:22.823286	579	feeder 2 reached (38)
2020-11-13 13:28:22.823904	580	closing door 2
2020-11-13 13:28:22.928429	581	door 2 closed
2020-11-13 13:28:22.929108	582	closing door 3
2020-11-13 13:28:23.125552	583	door 3 closed
2020-11-13 13:28:23.126226	584	opening door 0
2020-11-13 13:28:23.330821	585	door 0 opened
2020-11-13 13:28:23.331492	586	opening door 1
2020-11-13 13:28:23.413385	587	door 1 opened
2020-11-13 13:28:23.574846	588	feeder 2 reached (39)
2020-11-13 13:28:23.575486	589	closing door 2
2020-11-13 13:28:23.673352	590	door 2 closed
2020-11-13 13:28:23.673920	591	closing door 3
2020-11-13 13:28:23.870657	592	door 3 closed
2020-11-13 13:28:23.871026	593	opening door 0
2020-11-13 13:28:24.077916	594	door 0 opened
2020-11-13 13:28:24.078625	595	opening door 1
2020-11-13 13:28:24.193197	596	door 1 opened
2020-11-13 13:28:24.456304	597	feeder 2 reached (40)
2020-11-13 13:28:24.456985	598	closing door 2
2020-11-13 13:28:24.587877	599	door 2 closed
2020-11-13 13:28:24.588406	600	closing door 3
2020-11-13 13:28:24.798916	601	door 3 closed
2020-11-13 13:28:24.799588	602	opening door 0
2020-11-13 13:28:24.982977	603	door 0 opened
2020-11-13 13:28:24.983620	604	opening door 1
2020-11-13 13:28:25.063627	605	door 1 opened
2020-11-13 13:28:25.250625	606	feeder 2 reached (41)
2020-11-13 13:28:25.251307	607	closing door 2
2020-11-13 13:28:25.329372	608	door 2 closed
2020-11-13 13:28:25.329954	609	closing door 3
2020-11-13 13:28:25.522852	610	door 3 closed
2020-11-13 13:28:25.523539	611	opening door 0
2020-11-13 13:28:25.731254	612	door 0 opened
2020-11-13 13:28:25.731748	613	opening door 1
2020-11-13 13:28:25.812825	614	door 1 opened
2020-11-13 13:28:25.987195	615	feeder 2 reached (42)
2020-11-13 13:28:25.987829	616	closing door 2
2020-11-13 13:28:26.084187	617	door 2 closed
2020-11-13 13:28:26.084717	618	closing door 3
2020-11-13 13:28:26.269950	619	door 3 closed
2020-11-13 13:28:26.270612	620	opening door 0
2020-11-13 13:28:26.460096	621	door 0 opened
2020-11-13 13:28:26.460884	622	opening door 1
2020-11-13 13:28:26.543363	623	door 1 opened
2020-11-13 13:28:26.704943	624	feeder 2 reached (43)
2020-11-13 13:28:26.705630	625	closing door 2
2020-11-13 13:28:26.802717	626	door 2 closed
2020-11-13 13:28:26.803352	627	closing door 3
2020-11-13 13:28:27.008138	628	door 3 closed
2020-11-13 13:28:27.008849	629	opening door 0
2020-11-13 13:28:27.206544	630	door 0 opened
2020-11-13 13:28:27.207230	631	opening door 1
2020-11-13 13:28:27.287862	632	door 1 opened
2020-11-13 13:28:27.452393	633	feeder 2 reached (44)
2020-11-13 13:28:27.453062	634	closing door 2
2020-11-13 13:28:27.529252	635	door 2 closed
2020-11-13 13:28:27.529844	636	closing door 3
2020-11-13 13:28:27.706496	637	door 3 closed
2020-11-13 13:28:27.707272	638	opening door 0
2020-11-13 13:28:27.926070	639	door 0 opened
2020-11-13 13:28:27.926795	640	opening door 1
2020-11-13 13:28:28.028813	641	door 1 opened
2020-11-13 13:28:28.192828	642	feeder 2 reached (45)
2020-11-13 13:28:28.193503	643	closing door 2
2020-11-13 13:28:28.270415	644	door 2 closed
2020-11-13 13:28:28.270806	645	closing door 3
2020-11-13 13:28:28.461008	646	door 3 closed
2020-11-13 13:28:28.461597	647	opening door 0
2020-11-13 13:28:28.660063	648	door 0 opened
2020-11-13 13:28:28.660747	649	opening door 1
2020-11-13 13:28:28.758946	650	door 1 opened
2020-11-13 13:28:28.936973	651	feeder 2 reached (46)
2020-11-13 13:28:28.937554	652	closing door 2
2020-11-13 13:28:29.014765	653	door 2 closed
2020-11-13 13:28:29.015328	654	closing door 3
2020-11-13 13:28:29.216733	655	door 3 closed
2020-11-13 13:28:29.217620	656	opening door 0
2020-11-13 13:28:29.430005	657	door 0 opened
2020-11-13 13:28:29.430653	658	opening door 1
2020-11-13 13:28:29.520259	659	door 1 opened
2020-11-13 13:28:29.716004	660	feeder 2 reached (47)
2020-11-13 13:28:29.716637	661	closing door 2
2020-11-13 13:28:29.794770	662	door 2 closed
2020-11-13 13:28:29.795045	663	closing door 3
2020-11-13 13:28:29.983700	664	door 3 closed
2020-11-13 13:28:29.984677	665	opening door 0
2020-11-13 13:28:30.180635	666	door 0 opened
2020-11-13 13:28:30.181248	667	opening door 1
2020-11-13 13:28:30.260956	668	door 1 opened
2020-11-13 13:28:30.450757	669	feeder 2 reached (48)
2020-11-13 13:28:30.451341	670	closing door 2
2020-11-13 13:28:30.530241	671	door 2 closed
2020-11-13 13:28:30.530820	672	closing door 3
2020-11-13 13:37:39.109739	673	started experiment GE1_11_13_20
2020-11-13 13:37:39.110589	674	closing door 0
2020-11-13 13:37:39.630018	675	door 0 closed
2020-11-13 13:37:39.631206	676	closing door 1
2020-11-13 13:37:40.030104	677	door 1 closed
2020-11-13 13:37:40.030775	678	closing door 2
2020-11-13 13:37:40.213317	679	door 2 closed
2020-11-13 13:37:40.214089	680	closing door 3
2020-11-13 13:37:40.396565	681	door 3 closed
2020-11-13 13:37:46.009494	682	feeder 1 reached (1)
2020-11-13 13:37:46.010138	683	closing door 0
2020-11-13 13:37:46.186352	684	door 0 closed
2020-11-13 13:37:46.187002	685	closing door 1
2020-11-13 13:37:46.267882	686	door 1 closed
2020-11-13 13:37:46.268458	687	opening door 2
2020-11-13 13:37:46.953219	688	door 2 opened
2020-11-13 13:37:46.953927	689	opening door 3
2020-11-13 13:37:47.755650	690	door 3 opened
2020-11-13 13:52:34.701504	691	feeder 2 reached (1)
2020-11-13 13:52:34.702070	692	closing door 2
2020-11-13 13:52:35.696031	693	door 2 closed
2020-11-13 13:52:35.696596	694	closing door 3
2020-11-13 13:52:36.456724	695	door 3 closed
2020-11-13 13:52:36.457393	696	opening door 0
2020-11-13 13:52:37.155488	697	door 0 opened
2020-11-13 13:52:37.156238	698	opening door 1
2020-11-13 13:52:37.950535	699	door 1 opened
2020-11-13 13:58:21.964034	700	feeder 1 reached (2)
2020-11-13 13:58:21.964613	701	closing door 0
2020-11-13 13:58:23.059180	702	door 0 closed
2020-11-13 13:58:23.059988	703	closing door 1
2020-11-13 13:58:23.817732	704	door 1 closed
2020-11-13 13:58:23.818443	705	opening door 2
2020-11-13 13:58:24.519430	706	door 2 opened
2020-11-13 13:58:24.520113	707	opening door 3
2020-11-13 13:58:25.324081	708	door 3 opened
2020-11-13 13:59:22.235161	709	feeder 2 reached (2)
2020-11-13 13:59:22.235796	710	closing door 2
2020-11-13 13:59:23.279028	711	door 2 closed
2020-11-13 13:59:23.279534	712	closing door 3
2020-11-13 13:59:24.041655	713	door 3 closed
2020-11-13 13:59:24.042316	714	opening door 0
2020-11-13 13:59:24.744143	715	door 0 opened
2020-11-13 13:59:24.744715	716	opening door 1
2020-11-13 13:59:25.542678	717	door 1 opened
2020-11-13 13:59:28.976179	718	feeder 1 reached (3)
2020-11-13 13:59:28.976536	719	closing door 0
2020-11-13 13:59:30.237188	720	door 0 closed
2020-11-13 13:59:30.237820	721	closing door 1
2020-11-13 13:59:30.987884	722	door 1 closed
2020-11-13 13:59:30.988236	723	opening door 2
2020-11-13 13:59:31.693628	724	door 2 opened
2020-11-13 13:59:31.694173	725	opening door 3
2020-11-13 13:59:32.503396	726	door 3 opened
2020-11-13 14:01:17.841177	727	feeder 2 reached (3)
2020-11-13 14:01:17.841592	728	closing door 2
2020-11-13 14:01:18.753122	729	door 2 closed
2020-11-13 14:01:18.753851	730	closing door 3
2020-11-13 14:01:19.546107	731	door 3 closed
2020-11-13 14:01:19.546807	732	opening door 0
2020-11-13 14:01:20.248606	733	door 0 opened
2020-11-13 14:01:20.249401	734	opening door 1
2020-11-13 14:01:21.056947	735	door 1 opened
2020-11-13 14:01:39.200094	736	feeder 1 reached (4)
2020-11-13 14:01:39.200741	737	closing door 0
2020-11-13 14:01:40.073295	738	door 0 closed
2020-11-13 14:01:40.074022	739	closing door 1
2020-11-13 14:01:40.810634	740	door 1 closed
2020-11-13 14:01:40.811035	741	opening door 2
2020-11-13 14:01:41.511721	742	door 2 opened
2020-11-13 14:01:41.512191	743	opening door 3
2020-11-13 14:01:42.324694	744	door 3 opened
2020-11-13 14:01:52.795323	745	feeder 2 reached (4)
2020-11-13 14:01:52.795810	746	closing door 2
2020-11-13 14:01:53.999164	747	door 2 closed
2020-11-13 14:01:53.999831	748	closing door 3
2020-11-13 14:01:54.748409	749	door 3 closed
2020-11-13 14:01:54.749256	750	opening door 0
2020-11-13 14:01:55.462957	751	door 0 opened
2020-11-13 14:01:55.463721	752	opening door 1
2020-11-13 14:01:56.254930	753	door 1 opened
2020-11-13 14:02:12.001611	754	feeder 1 reached (5)
2020-11-13 14:02:12.002221	755	closing door 0
2020-11-13 14:02:13.250274	756	door 0 closed
2020-11-13 14:02:13.250858	757	closing door 1
2020-11-13 14:02:14.014296	758	door 1 closed
2020-11-13 14:02:14.015016	759	opening door 2
2020-11-13 14:02:14.709886	760	door 2 opened
2020-11-13 14:02:14.710548	761	opening door 3
2020-11-13 14:02:15.500346	762	door 3 opened
2020-11-13 14:02:37.430447	763	feeder 2 reached (5)
2020-11-13 14:02:37.430716	764	closing door 2
2020-11-13 14:02:38.634068	765	door 2 closed
2020-11-13 14:02:38.634365	766	closing door 3
2020-11-13 14:02:39.395650	767	door 3 closed
2020-11-13 14:02:39.396224	768	opening door 0
2020-11-13 14:02:40.107124	769	door 0 opened
2020-11-13 14:02:40.107519	770	opening door 1
2020-11-13 14:02:40.914716	771	door 1 opened
2020-11-13 14:03:39.528768	772	feeder 1 reached (6)
2020-11-13 14:03:39.529240	773	closing door 0
2020-11-13 14:03:40.497802	774	door 0 closed
2020-11-13 14:03:40.498478	775	closing door 1
2020-11-13 14:03:41.266934	776	door 1 closed
2020-11-13 14:03:41.267875	777	opening door 2
2020-11-13 14:03:41.998433	778	door 2 opened
2020-11-13 14:03:41.999094	779	opening door 3
2020-11-13 14:03:42.786527	780	door 3 opened
2020-11-13 14:04:26.557200	781	feeder 2 reached (6)
2020-11-13 14:04:26.557881	782	closing door 2
2020-11-13 14:04:27.585804	783	door 2 closed
2020-11-13 14:04:27.586459	784	closing door 3
2020-11-13 14:04:28.346168	785	door 3 closed
2020-11-13 14:04:28.346656	786	opening door 0
2020-11-13 14:04:29.046605	787	door 0 opened
2020-11-13 14:04:29.047368	788	opening door 1
2020-11-13 14:04:29.852396	789	door 1 opened
2020-11-13 14:04:32.907391	790	feeder 1 reached (7)
2020-11-13 14:04:32.908340	791	closing door 0
2020-11-13 14:04:34.161340	792	door 0 closed
2020-11-13 14:04:34.161877	793	closing door 1
2020-11-13 14:04:34.941533	794	door 1 closed
2020-11-13 14:04:34.942222	795	opening door 2
2020-11-13 14:04:35.624911	796	door 2 opened
2020-11-13 14:04:35.625515	797	opening door 3
2020-11-13 14:04:36.429623	798	door 3 opened
2020-11-13 14:04:49.286160	799	feeder 2 reached (7)
2020-11-13 14:04:49.286778	800	closing door 2
2020-11-13 14:04:50.538332	801	door 2 closed
2020-11-13 14:04:50.538935	802	closing door 3
2020-11-13 14:04:51.320420	803	door 3 closed
2020-11-13 14:04:51.321119	804	opening door 0
2020-11-13 14:04:52.036099	805	door 0 opened
2020-11-13 14:04:52.036799	806	opening door 1
2020-11-13 14:04:52.808170	807	door 1 opened
2020-11-13 14:05:17.364602	808	feeder 1 reached (8)
2020-11-13 14:05:17.365159	809	closing door 0
2020-11-13 14:05:18.207341	810	door 0 closed
2020-11-13 14:05:18.208023	811	closing door 1
2020-11-13 14:05:18.959148	812	door 1 closed
2020-11-13 14:05:18.960056	813	opening door 2
2020-11-13 14:05:19.657795	814	door 2 opened
2020-11-13 14:05:19.658387	815	opening door 3
2020-11-13 14:05:20.462689	816	door 3 opened
2020-11-13 14:05:30.575111	817	feeder 2 reached (8)
2020-11-13 14:05:30.575738	818	closing door 2
2020-11-13 14:05:31.500316	819	door 2 closed
2020-11-13 14:05:31.500829	820	closing door 3
2020-11-13 14:05:32.266852	821	door 3 closed
2020-11-13 14:05:32.267425	822	opening door 0
2020-11-13 14:05:32.954595	823	door 0 opened
2020-11-13 14:05:32.955170	824	opening door 1
2020-11-13 14:05:33.758457	825	door 1 opened
2020-11-13 14:05:37.859800	826	feeder 1 reached (9)
2020-11-13 14:05:37.860395	827	closing door 0
2020-11-13 14:05:38.873086	828	door 0 closed
2020-11-13 14:05:38.873795	829	closing door 1
2020-11-13 14:05:39.642102	830	door 1 closed
2020-11-13 14:05:39.642777	831	opening door 2
2020-11-13 14:05:40.337179	832	door 2 opened
2020-11-13 14:05:40.337763	833	opening door 3
2020-11-13 14:05:41.137589	834	door 3 opened
2020-11-13 14:06:24.799785	835	feeder 2 reached (9)
2020-11-13 14:06:24.800408	836	closing door 2
2020-11-13 14:06:25.957440	837	door 2 closed
2020-11-13 14:06:25.958139	838	closing door 3
2020-11-13 14:06:26.725192	839	door 3 closed
2020-11-13 14:06:26.725788	840	opening door 0
2020-11-13 14:06:27.426304	841	door 0 opened
2020-11-13 14:06:27.426873	842	opening door 1
2020-11-13 14:06:28.228767	843	door 1 opened
2020-11-13 14:06:31.696002	844	feeder 1 reached (10)
2020-11-13 14:06:31.696659	845	closing door 0
2020-11-13 14:06:32.923693	846	door 0 closed
2020-11-13 14:06:32.924395	847	closing door 1
2020-11-13 14:06:33.686809	848	door 1 closed
2020-11-13 14:06:33.687845	849	opening door 2
2020-11-13 14:06:34.386192	850	door 2 opened
2020-11-13 14:06:34.386983	851	opening door 3
2020-11-13 14:06:35.191934	852	door 3 opened
2020-11-13 14:09:20.887255	853	feeder 2 reached (10)
2020-11-13 14:09:20.887858	854	closing door 2
2020-11-13 14:09:21.729843	855	door 2 closed
2020-11-13 14:09:21.730692	856	closing door 3
2020-11-13 14:09:22.509584	857	door 3 closed
2020-11-13 14:09:22.509927	858	opening door 0
2020-11-13 14:09:23.211880	859	door 0 opened
2020-11-13 14:09:23.212490	860	opening door 1
2020-11-13 14:09:24.028807	861	door 1 opened
2020-11-13 14:10:05.909083	862	feeder 1 reached (11)
2020-11-13 14:10:05.909718	863	closing door 0
2020-11-13 14:10:07.188464	864	door 0 closed
2020-11-13 14:10:07.189116	865	closing door 1
2020-11-13 14:10:07.968409	866	door 1 closed
2020-11-13 14:10:07.969107	867	opening door 2
2020-11-13 14:10:08.679599	868	door 2 opened
2020-11-13 14:10:08.680192	869	opening door 3
2020-11-13 14:10:09.470072	870	door 3 opened
2020-11-13 14:10:12.883742	871	feeder 2 reached (11)
2020-11-13 14:10:12.884407	872	closing door 2
2020-11-13 14:10:14.107059	873	door 2 closed
2020-11-13 14:10:14.107868	874	closing door 3
2020-11-13 14:10:14.878242	875	door 3 closed
2020-11-13 14:10:14.878982	876	opening door 0
2020-11-13 14:10:15.570202	877	door 0 opened
2020-11-13 14:10:15.570767	878	opening door 1
2020-11-13 14:10:16.392759	879	door 1 opened
2020-11-13 14:10:47.612221	880	feeder 1 reached (12)
2020-11-13 14:10:47.612787	881	closing door 0
2020-11-13 14:10:48.544909	882	door 0 closed
2020-11-13 14:10:48.545423	883	closing door 1
2020-11-13 14:10:49.311790	884	door 1 closed
2020-11-13 14:10:49.312450	885	opening door 2
2020-11-13 14:10:50.023159	886	door 2 opened
2020-11-13 14:10:50.023917	887	opening door 3
2020-11-13 14:10:50.810130	888	door 3 opened
2020-11-13 14:11:17.861319	889	feeder 2 reached (12)
2020-11-13 14:11:17.861745	890	closing door 2
2020-11-13 14:11:18.848780	891	door 2 closed
2020-11-13 14:11:18.849453	892	closing door 3
2020-11-13 14:11:19.621071	893	door 3 closed
2020-11-13 14:11:19.622013	894	opening door 0
2020-11-13 14:11:20.338026	895	door 0 opened
2020-11-13 14:11:20.338710	896	opening door 1
2020-11-13 14:11:21.132656	897	door 1 opened
2020-11-13 14:11:30.643828	898	feeder 1 reached (13)
2020-11-13 14:11:30.644526	899	closing door 0
2020-11-13 14:11:31.556223	900	door 0 closed
2020-11-13 14:11:31.556924	901	closing door 1
2020-11-13 14:11:32.328270	902	door 1 closed
2020-11-13 14:11:32.328660	903	opening door 2
2020-11-13 14:11:33.064113	904	door 2 opened
2020-11-13 14:11:33.064761	905	opening door 3
2020-11-13 14:11:33.848757	906	door 3 opened
2020-11-13 14:11:51.844540	907	feeder 2 reached (13)
2020-11-13 14:11:51.845065	908	closing door 2
2020-11-13 14:11:52.823699	909	door 2 closed
2020-11-13 14:11:52.824396	910	closing door 3
2020-11-13 14:11:53.592601	911	door 3 closed
2020-11-13 14:11:53.593224	912	opening door 0
2020-11-13 14:11:54.303526	913	door 0 opened
2020-11-13 14:11:54.304249	914	opening door 1
2020-11-13 14:11:55.077946	915	door 1 opened
2020-11-13 14:12:11.670267	916	feeder 1 reached (14)
2020-11-13 14:12:11.670831	917	closing door 0
2020-11-13 14:12:12.910067	918	door 0 closed
2020-11-13 14:12:12.910550	919	closing door 1
2020-11-13 14:12:13.673063	920	door 1 closed
2020-11-13 14:12:13.674043	921	opening door 2
2020-11-13 14:12:14.364348	922	door 2 opened
2020-11-13 14:12:14.365005	923	opening door 3
2020-11-13 14:12:15.179693	924	door 3 opened
2020-11-13 14:13:14.749697	925	feeder 2 reached (14)
2020-11-13 14:13:14.750379	926	closing door 2
2020-11-13 14:13:15.995309	927	door 2 closed
2020-11-13 14:13:15.995907	928	closing door 3
2020-11-13 14:13:16.760031	929	door 3 closed
2020-11-13 14:13:16.760715	930	opening door 0
2020-11-13 14:13:17.472106	931	door 0 opened
2020-11-13 14:13:17.472953	932	opening door 1
2020-11-13 14:13:18.276654	933	door 1 opened
2020-11-13 14:13:39.919359	934	feeder 1 reached (15)
2020-11-13 14:13:39.919976	935	closing door 0
2020-11-13 14:13:40.964150	936	door 0 closed
2020-11-13 14:13:40.964889	937	closing door 1
2020-11-13 14:13:41.745256	938	door 1 closed
2020-11-13 14:13:41.745861	939	opening door 2
2020-11-13 14:13:42.442896	940	door 2 opened
2020-11-13 14:13:42.443658	941	opening door 3
2020-11-13 14:13:43.238864	942	door 3 opened
2020-11-13 14:15:54.156843	943	feeder 2 reached (15)
2020-11-13 14:15:54.157407	944	closing door 2
2020-11-13 14:15:55.008640	945	door 2 closed
2020-11-13 14:15:55.009028	946	closing door 3
2020-11-13 14:15:55.762894	947	door 3 closed
2020-11-13 14:15:55.763440	948	opening door 0
2020-11-13 14:15:56.493942	949	door 0 opened
2020-11-13 14:15:56.495030	950	opening door 1
2020-11-13 14:15:57.319795	951	door 1 opened
2020-11-13 14:16:39.924799	952	feeder 1 reached (16)
2020-11-13 14:16:39.925520	953	closing door 0
2020-11-13 14:16:40.793226	954	door 0 closed
2020-11-13 14:16:40.793831	955	closing door 1
2020-11-13 14:16:41.572779	956	door 1 closed
2020-11-13 14:16:41.573534	957	opening door 2
2020-11-13 14:16:42.270731	958	door 2 opened
2020-11-13 14:16:42.271492	959	opening door 3
2020-11-13 14:16:43.052261	960	door 3 opened
2020-11-13 14:17:11.093678	961	feeder 2 reached (16)
2020-11-13 14:17:11.094152	962	closing door 2
2020-11-13 14:17:12.343114	963	door 2 closed
2020-11-13 14:17:12.343765	964	closing door 3
2020-11-13 14:17:13.112758	965	door 3 closed
2020-11-13 14:17:13.113497	966	opening door 0
2020-11-13 14:17:13.815354	967	door 0 opened
2020-11-13 14:17:13.816066	968	opening door 1
2020-11-13 14:17:14.622580	969	door 1 opened
2020-11-13 14:18:00.092803	970	feeder 1 reached (17)
2020-11-13 14:18:00.093348	971	closing door 0
2020-11-13 14:18:01.085859	972	door 0 closed
2020-11-13 14:18:01.086575	973	closing door 1
2020-11-13 14:18:01.870008	974	door 1 closed
2020-11-13 14:18:01.870689	975	opening door 2
2020-11-13 14:18:02.568445	976	door 2 opened
2020-11-13 14:18:02.569117	977	opening door 3
2020-11-13 14:18:03.368822	978	door 3 opened
2020-11-13 14:19:16.847169	979	feeder 2 reached (17)
2020-11-13 14:19:16.847813	980	closing door 2
2020-11-13 14:19:18.101232	981	door 2 closed
2020-11-13 14:19:18.101862	982	closing door 3
2020-11-13 14:19:18.869735	983	door 3 closed
2020-11-13 14:19:18.870492	984	opening door 0
2020-11-13 14:19:19.554419	985	door 0 opened
2020-11-13 14:19:19.555080	986	opening door 1
2020-11-13 14:19:20.354006	987	door 1 opened
2020-11-13 14:19:45.971299	988	feeder 1 reached (18)
2020-11-13 14:19:45.972041	989	closing door 0
2020-11-13 14:19:47.176586	990	door 0 closed
2020-11-13 14:19:47.177206	991	closing door 1
2020-11-13 14:19:47.933238	992	door 1 closed
2020-11-13 14:19:47.934105	993	opening door 2
2020-11-13 14:19:48.629785	994	door 2 opened
2020-11-13 14:19:48.630406	995	opening door 3
2020-11-13 14:19:49.431653	996	door 3 opened
2020-11-13 14:20:45.690065	997	feeder 2 reached (18)
2020-11-13 14:20:45.690730	998	closing door 2
2020-11-13 14:20:46.569597	999	door 2 closed
2020-11-13 14:20:46.570525	1000	closing door 3
2020-11-13 14:20:47.336648	1001	door 3 closed
2020-11-13 14:20:47.337372	1002	opening door 0
2020-11-13 14:20:48.025810	1003	door 0 opened
2020-11-13 14:20:48.026630	1004	opening door 1
2020-11-13 14:20:48.825525	1005	door 1 opened
2020-11-13 14:22:08.024358	1006	feeder 1 reached (19)
2020-11-13 14:22:08.025076	1007	closing door 0
2020-11-13 14:22:08.873904	1008	door 0 closed
2020-11-13 14:22:08.874792	1009	closing door 1
2020-11-13 14:22:09.651304	1010	door 1 closed
2020-11-13 14:22:09.652012	1011	opening door 2
2020-11-13 14:22:10.361739	1012	door 2 opened
2020-11-13 14:22:10.362644	1013	opening door 3
2020-11-13 14:22:11.178013	1014	door 3 opened
2020-11-13 14:22:25.362190	1015	feeder 2 reached (19)
2020-11-13 14:22:25.362873	1016	closing door 2
2020-11-13 14:22:26.515238	1017	door 2 closed
2020-11-13 14:22:26.516165	1018	closing door 3
2020-11-13 14:22:27.281126	1019	door 3 closed
2020-11-13 14:22:27.281868	1020	opening door 0
2020-11-13 14:22:27.983970	1021	door 0 opened
2020-11-13 14:22:27.984610	1022	opening door 1
2020-11-13 14:22:28.778915	1023	door 1 opened
2020-11-13 14:22:42.372059	1024	feeder 1 reached (20)
2020-11-13 14:22:42.372767	1025	closing door 0
2020-11-13 14:22:43.285550	1026	door 0 closed
2020-11-13 14:22:43.286015	1027	closing door 1
2020-11-13 14:22:44.048359	1028	door 1 closed
2020-11-13 14:22:44.049014	1029	opening door 2
2020-11-13 14:22:44.744487	1030	door 2 opened
2020-11-13 14:22:44.745337	1031	opening door 3
2020-11-13 14:22:45.575927	1032	door 3 opened
2020-11-13 14:22:59.525991	1033	feeder 2 reached (20)
2020-11-13 14:22:59.526406	1034	closing door 2
2020-11-13 14:23:00.513864	1035	door 2 closed
2020-11-13 14:23:00.514567	1036	closing door 3
2020-11-13 14:23:01.289293	1037	door 3 closed
2020-11-13 14:23:01.290058	1038	opening door 0
2020-11-13 14:23:02.002242	1039	door 0 opened
2020-11-13 14:23:02.002913	1040	opening door 1
2020-11-13 14:23:02.778332	1041	door 1 opened
2020-11-13 14:23:32.189425	1042	feeder 1 reached (21)
2020-11-13 14:23:32.189793	1043	closing door 0
2020-11-13 14:23:33.282179	1044	door 0 closed
2020-11-13 14:23:33.282837	1045	closing door 1
2020-11-13 14:23:34.047851	1046	door 1 closed
2020-11-13 14:23:34.048559	1047	opening door 2
2020-11-13 14:23:34.732537	1048	door 2 opened
2020-11-13 14:23:34.732885	1049	opening door 3
2020-11-13 14:23:35.533532	1050	door 3 opened
2020-11-13 14:27:21.005929	1051	feeder 2 reached (21)
2020-11-13 14:27:21.006582	1052	closing door 2
2020-11-13 14:27:22.226054	1053	door 2 closed
2020-11-13 14:27:22.226764	1054	closing door 3
2020-11-13 14:27:22.986345	1055	door 3 closed
2020-11-13 14:27:22.987039	1056	opening door 0
2020-11-13 14:27:23.686525	1057	door 0 opened
2020-11-13 14:27:23.687163	1058	opening door 1
2020-11-13 14:27:24.493074	1059	door 1 opened
2020-11-13 14:27:30.017722	1060	feeder 1 reached (22)
2020-11-13 14:27:30.018860	1061	closing door 0
2020-11-13 14:27:31.275053	1062	door 0 closed
2020-11-13 14:27:31.275764	1063	closing door 1
2020-11-13 14:27:32.040108	1064	door 1 closed
2020-11-13 14:27:32.040733	1065	closing door 2
2020-11-13 14:27:32.122273	1066	door 2 closed
2020-11-13 14:27:32.123093	1067	closing door 3
2020-11-13 14:27:32.293034	1068	door 3 closed
2020-11-13 14:27:32.293613	1069	ended experiment GE1_11_13_20
