2020-11-24 15:41:33.586131	6827	started experiment GE2_20_11_24
2020-11-24 15:41:33.586597	6828	closing door 0
2020-11-24 15:41:34.018015	6829	door 0 closed
2020-11-24 15:41:34.018696	6830	closing door 1
2020-11-24 15:41:34.429135	6831	door 1 closed
2020-11-24 15:41:34.429701	6832	closing door 2
2020-11-24 15:41:34.604113	6833	door 2 closed
2020-11-24 15:41:34.604784	6834	closing door 3
2020-11-24 15:41:34.787622	6835	door 3 closed
2020-11-24 15:42:01.007410	6836	feeder 1 reached (71)
2020-11-24 15:42:01.008110	6837	closing door 1
2020-11-24 15:42:01.099328	6838	door 1 closed
2020-11-24 15:42:01.100005	6839	opening door 2
2020-11-24 15:42:01.797940	6840	door 2 opened
2020-11-24 15:42:01.798668	6841	closing door 0
2020-11-24 15:42:02.266750	6842	door 0 closed
2020-11-24 15:42:02.267414	6843	opening door 3
2020-11-24 15:42:03.023152	6844	door 3 opened
2020-11-24 15:42:21.583498	6845	feeder 2 reached (69)
2020-11-24 15:42:21.584194	6846	closing door 3
2020-11-24 15:42:22.266019	6847	door 3 closed
2020-11-24 15:42:22.266846	6848	opening door 0
2020-11-24 15:42:22.999174	6849	door 0 opened
2020-11-24 15:42:22.999947	6850	closing door 2
2020-11-24 15:42:24.183585	6851	door 2 closed
2020-11-24 15:42:24.184297	6852	opening door 1
2020-11-24 15:42:24.923987	6853	door 1 opened
2020-11-24 15:44:24.596492	6854	feeder 1 reached (72)
2020-11-24 15:44:24.597152	6855	closing door 1
2020-11-24 15:44:25.199926	6856	door 1 closed
2020-11-24 15:44:25.200556	6857	opening door 2
2020-11-24 15:44:25.889335	6858	door 2 opened
2020-11-24 15:44:25.890004	6859	closing door 0
2020-11-24 15:44:27.086049	6860	door 0 closed
2020-11-24 15:44:27.087014	6861	opening door 3
2020-11-24 15:44:27.846103	6862	door 3 opened
2020-11-24 15:45:41.290709	6863	feeder 2 reached (70)
2020-11-24 15:45:41.291449	6864	closing door 3
2020-11-24 15:45:41.979206	6865	door 3 closed
2020-11-24 15:45:41.979901	6866	opening door 0
2020-11-24 15:45:42.693805	6867	door 0 opened
2020-11-24 15:45:42.694489	6868	closing door 2
2020-11-24 15:45:43.693187	6869	door 2 closed
2020-11-24 15:45:43.694079	6870	opening door 1
2020-11-24 15:45:44.401522	6871	door 1 opened
2020-11-24 15:46:06.109980	6872	feeder 1 reached (73)
2020-11-24 15:46:06.110664	6873	closing door 1
2020-11-24 15:46:06.703602	6874	door 1 closed
2020-11-24 15:46:06.704461	6875	opening door 2
2020-11-24 15:46:07.392767	6876	door 2 opened
2020-11-24 15:46:07.393286	6877	closing door 0
2020-11-24 15:46:08.268169	6878	door 0 closed
2020-11-24 15:46:08.268825	6879	opening door 3
2020-11-24 15:46:08.996470	6880	door 3 opened
2020-11-24 15:46:43.829015	6881	feeder 2 reached (71)
2020-11-24 15:46:43.829459	6882	closing door 3
2020-11-24 15:46:44.515937	6883	door 3 closed
2020-11-24 15:46:44.516638	6884	opening door 0
2020-11-24 15:46:45.240703	6885	door 0 opened
2020-11-24 15:46:45.241413	6886	closing door 2
2020-11-24 15:46:46.353204	6887	door 2 closed
2020-11-24 15:46:46.353608	6888	opening door 1
2020-11-24 15:46:47.085224	6889	door 1 opened
2020-11-24 15:46:59.110389	6890	feeder 1 reached (74)
2020-11-24 15:46:59.111084	6891	closing door 1
2020-11-24 15:46:59.689919	6892	door 1 closed
2020-11-24 15:46:59.690561	6893	opening door 2
2020-11-24 15:47:00.375529	6894	door 2 opened
2020-11-24 15:47:00.376331	6895	closing door 0
2020-11-24 15:47:01.523549	6896	door 0 closed
2020-11-24 15:47:01.524173	6897	opening door 3
2020-11-24 15:47:02.282289	6898	door 3 opened
2020-11-24 15:47:07.058891	6899	feeder 2 reached (72)
2020-11-24 15:47:07.059585	6900	closing door 3
2020-11-24 15:47:07.751675	6901	door 3 closed
2020-11-24 15:47:07.752377	6902	opening door 0
2020-11-24 15:47:08.475758	6903	door 0 opened
2020-11-24 15:47:08.476611	6904	closing door 2
2020-11-24 15:47:09.323089	6905	door 2 closed
2020-11-24 15:47:09.323715	6906	opening door 1
2020-11-24 15:47:10.042378	6907	door 1 opened
2020-11-24 15:47:32.506855	6908	feeder 1 reached (75)
2020-11-24 15:47:32.507411	6909	closing door 1
2020-11-24 15:47:33.095263	6910	door 1 closed
2020-11-24 15:47:33.095713	6911	opening door 2
2020-11-24 15:47:33.781910	6912	door 2 opened
2020-11-24 15:47:33.782790	6913	closing door 0
2020-11-24 15:47:34.701757	6914	door 0 closed
2020-11-24 15:47:34.702414	6915	opening door 3
2020-11-24 15:47:35.449656	6916	door 3 opened
2020-11-24 15:48:00.589851	6917	feeder 2 reached (73)
2020-11-24 15:48:00.590390	6918	closing door 3
2020-11-24 15:48:01.287561	6919	door 3 closed
2020-11-24 15:48:01.288364	6920	opening door 0
2020-11-24 15:48:02.017695	6921	door 0 opened
2020-11-24 15:48:02.018375	6922	closing door 2
2020-11-24 15:48:02.962484	6923	door 2 closed
2020-11-24 15:48:02.962901	6924	opening door 1
2020-11-24 15:48:03.692037	6925	door 1 opened
2020-11-24 15:48:21.416215	6926	feeder 1 reached (76)
2020-11-24 15:48:21.416952	6927	closing door 1
2020-11-24 15:48:22.001578	6928	door 1 closed
2020-11-24 15:48:22.002361	6929	opening door 2
2020-11-24 15:48:22.717342	6930	door 2 opened
2020-11-24 15:48:22.717988	6931	closing door 0
2020-11-24 15:48:23.833024	6932	door 0 closed
2020-11-24 15:48:23.833687	6933	opening door 3
2020-11-24 15:48:24.581204	6934	door 3 opened
2020-11-24 15:48:31.246975	6935	feeder 2 reached (74)
2020-11-24 15:48:31.247611	6936	closing door 3
2020-11-24 15:48:31.946120	6937	door 3 closed
2020-11-24 15:48:31.946747	6938	opening door 0
2020-11-24 15:48:32.671432	6939	door 0 opened
2020-11-24 15:48:32.672202	6940	closing door 2
2020-11-24 15:48:33.677457	6941	door 2 closed
2020-11-24 15:48:33.678123	6942	opening door 1
2020-11-24 15:48:34.415448	6943	door 1 opened
2020-11-24 15:48:48.619313	6944	feeder 1 reached (77)
2020-11-24 15:48:48.620052	6945	closing door 1
2020-11-24 15:48:49.216911	6946	door 1 closed
2020-11-24 15:48:49.217460	6947	opening door 2
2020-11-24 15:48:49.952991	6948	door 2 opened
2020-11-24 15:48:49.953585	6949	closing door 0
2020-11-24 15:48:50.868602	6950	door 0 closed
2020-11-24 15:48:50.869285	6951	opening door 3
2020-11-24 15:48:51.613456	6952	door 3 opened
2020-11-24 15:49:43.604261	6953	feeder 2 reached (75)
2020-11-24 15:49:43.604990	6954	closing door 3
2020-11-24 15:49:44.297982	6955	door 3 closed
2020-11-24 15:49:44.298571	6956	opening door 0
2020-11-24 15:49:45.022486	6957	door 0 opened
2020-11-24 15:49:45.023134	6958	closing door 2
2020-11-24 15:49:46.148957	6959	door 2 closed
2020-11-24 15:49:46.149538	6960	opening door 1
2020-11-24 15:49:46.863257	6961	door 1 opened
2020-11-24 15:51:08.729007	6962	feeder 1 reached (78)
2020-11-24 15:51:08.729554	6963	closing door 1
2020-11-24 15:51:09.351254	6964	door 1 closed
2020-11-24 15:51:09.352017	6965	opening door 2
2020-11-24 15:51:10.065645	6966	door 2 opened
2020-11-24 15:51:10.066207	6967	closing door 0
2020-11-24 15:51:10.975147	6968	door 0 closed
2020-11-24 15:51:10.975698	6969	opening door 3
2020-11-24 15:51:11.733504	6970	door 3 opened
2020-11-24 15:51:22.833469	6971	feeder 2 reached (76)
2020-11-24 15:51:22.834083	6972	closing door 3
2020-11-24 15:51:23.534199	6973	door 3 closed
2020-11-24 15:51:23.534732	6974	opening door 0
2020-11-24 15:51:24.283096	6975	door 0 opened
2020-11-24 15:51:24.283747	6976	closing door 2
2020-11-24 15:51:25.315458	6977	door 2 closed
2020-11-24 15:51:25.316041	6978	opening door 1
2020-11-24 15:51:26.030134	6979	door 1 opened
2020-11-24 15:51:42.833817	6980	feeder 1 reached (79)
2020-11-24 15:51:42.834492	6981	closing door 1
2020-11-24 15:51:43.429143	6982	door 1 closed
2020-11-24 15:51:43.429814	6983	opening door 2
2020-11-24 15:51:44.136281	6984	door 2 opened
2020-11-24 15:51:44.136925	6985	closing door 0
2020-11-24 15:51:44.959499	6986	door 0 closed
2020-11-24 15:51:44.960303	6987	opening door 3
2020-11-24 15:51:45.724692	6988	door 3 opened
2020-11-24 15:52:37.211086	6989	feeder 2 reached (77)
2020-11-24 15:52:37.211513	6990	closing door 3
2020-11-24 15:52:37.909293	6991	door 3 closed
2020-11-24 15:52:37.909635	6992	opening door 0
2020-11-24 15:52:38.646687	6993	door 0 opened
2020-11-24 15:52:38.647194	6994	closing door 2
2020-11-24 15:52:39.859108	6995	door 2 closed
2020-11-24 15:52:39.859499	6996	opening door 1
2020-11-24 15:52:40.591471	6997	door 1 opened
2020-11-24 15:53:16.341901	6998	feeder 1 reached (80)
2020-11-24 15:53:16.342555	6999	closing door 1
2020-11-24 15:53:16.930004	7000	door 1 closed
2020-11-24 15:53:16.930288	7001	opening door 2
2020-11-24 15:53:17.629953	7002	door 2 opened
2020-11-24 15:53:17.630609	7003	closing door 0
2020-11-24 15:53:18.768680	7004	door 0 closed
2020-11-24 15:53:18.769039	7005	opening door 3
2020-11-24 15:53:19.502799	7006	door 3 opened
2020-11-24 15:53:26.725283	7007	feeder 2 reached (78)
2020-11-24 15:53:26.725872	7008	closing door 3
2020-11-24 15:53:27.419572	7009	door 3 closed
2020-11-24 15:53:27.420292	7010	opening door 0
2020-11-24 15:53:28.145536	7011	door 0 opened
2020-11-24 15:53:28.146262	7012	closing door 2
2020-11-24 15:53:29.032763	7013	door 2 closed
2020-11-24 15:53:29.033373	7014	opening door 1
2020-11-24 15:53:29.751611	7015	door 1 opened
2020-11-24 15:53:38.872132	7016	feeder 1 reached (81)
2020-11-24 15:53:38.872727	7017	closing door 1
2020-11-24 15:53:39.467776	7018	door 1 closed
2020-11-24 15:53:39.468846	7019	opening door 2
2020-11-24 15:53:40.170761	7020	door 2 opened
2020-11-24 15:53:40.171599	7021	closing door 0
2020-11-24 15:53:41.292960	7022	door 0 closed
2020-11-24 15:53:41.293523	7023	opening door 3
2020-11-24 15:53:42.044854	7024	door 3 opened
2020-11-24 15:54:16.396889	7025	feeder 2 reached (79)
2020-11-24 15:54:16.397366	7026	closing door 3
2020-11-24 15:54:17.093640	7027	door 3 closed
2020-11-24 15:54:17.094361	7028	opening door 0
2020-11-24 15:54:17.818768	7029	door 0 opened
2020-11-24 15:54:17.819397	7030	closing door 2
2020-11-24 15:54:18.979667	7031	door 2 closed
2020-11-24 15:54:18.980433	7032	opening door 1
2020-11-24 15:54:19.692315	7033	door 1 opened
2020-11-24 15:54:28.931551	7034	feeder 1 reached (82)
2020-11-24 15:54:28.932178	7035	closing door 1
2020-11-24 15:54:29.529144	7036	door 1 closed
2020-11-24 15:54:29.529817	7037	opening door 2
2020-11-24 15:54:30.236599	7038	door 2 opened
2020-11-24 15:54:30.237230	7039	closing door 0
2020-11-24 15:54:31.261233	7040	door 0 closed
2020-11-24 15:54:31.261933	7041	opening door 3
2020-11-24 15:54:32.019152	7042	door 3 opened
2020-11-24 15:55:11.941840	7043	feeder 2 reached (80)
2020-11-24 15:55:11.942518	7044	closing door 3
2020-11-24 15:55:12.633320	7045	door 3 closed
2020-11-24 15:55:12.633968	7046	opening door 0
2020-11-24 15:55:13.356025	7047	door 0 opened
2020-11-24 15:55:13.356694	7048	closing door 2
2020-11-24 15:55:14.183412	7049	door 2 closed
2020-11-24 15:55:14.184009	7050	opening door 1
2020-11-24 15:55:14.916301	7051	door 1 opened
2020-11-24 15:55:30.869419	7052	feeder 1 reached (83)
2020-11-24 15:55:30.870144	7053	closing door 1
2020-11-24 15:55:31.466791	7054	door 1 closed
2020-11-24 15:55:31.467521	7055	opening door 2
2020-11-24 15:55:32.171696	7056	door 2 opened
2020-11-24 15:55:32.172448	7057	closing door 0
2020-11-24 15:55:33.139326	7058	door 0 closed
2020-11-24 15:55:33.140162	7059	opening door 3
2020-11-24 15:55:33.879112	7060	door 3 opened
2020-11-24 15:55:39.200069	7061	feeder 2 reached (81)
2020-11-24 15:55:39.200465	7062	closing door 3
2020-11-24 15:55:39.896166	7063	door 3 closed
2020-11-24 15:55:39.896862	7064	opening door 0
2020-11-24 15:55:40.632632	7065	door 0 opened
2020-11-24 15:55:40.633138	7066	closing door 2
2020-11-24 15:55:41.730929	7067	door 2 closed
2020-11-24 15:55:41.731301	7068	opening door 1
2020-11-24 15:55:42.464652	7069	door 1 opened
2020-11-24 15:55:52.407661	7070	feeder 1 reached (84)
2020-11-24 15:55:52.408629	7071	closing door 1
2020-11-24 15:55:53.009388	7072	door 1 closed
2020-11-24 15:55:53.010108	7073	opening door 2
2020-11-24 15:55:53.710318	7074	door 2 opened
2020-11-24 15:55:53.710902	7075	closing door 0
2020-11-24 15:55:54.839576	7076	door 0 closed
2020-11-24 15:55:54.840682	7077	opening door 3
2020-11-24 15:55:55.585969	7078	door 3 opened
2020-11-24 15:56:04.667986	7079	feeder 2 reached (82)
2020-11-24 15:56:04.668529	7080	closing door 3
2020-11-24 15:56:05.368750	7081	door 3 closed
2020-11-24 15:56:05.369430	7082	opening door 0
2020-11-24 15:56:06.118143	7083	door 0 opened
2020-11-24 15:56:06.118974	7084	closing door 2
2020-11-24 15:56:07.123085	7085	door 2 closed
2020-11-24 15:56:07.123785	7086	opening door 1
2020-11-24 15:56:07.831269	7087	door 1 opened
2020-11-24 15:56:23.278090	7088	feeder 1 reached (85)
2020-11-24 15:56:23.278757	7089	closing door 1
2020-11-24 15:56:23.877561	7090	door 1 closed
2020-11-24 15:56:23.878235	7091	opening door 2
2020-11-24 15:56:24.605198	7092	door 2 opened
2020-11-24 15:56:24.605886	7093	closing door 0
2020-11-24 15:56:25.548554	7094	door 0 closed
2020-11-24 15:56:25.549139	7095	opening door 3
2020-11-24 15:56:26.319774	7096	door 3 opened
2020-11-24 15:56:55.729445	7097	feeder 2 reached (83)
2020-11-24 15:56:55.730148	7098	closing door 3
2020-11-24 15:56:56.428782	7099	door 3 closed
2020-11-24 15:56:56.429518	7100	opening door 0
2020-11-24 15:56:57.152608	7101	door 0 opened
2020-11-24 15:56:57.153249	7102	closing door 2
2020-11-24 15:56:58.324069	7103	door 2 closed
2020-11-24 15:56:58.324710	7104	opening door 1
2020-11-24 15:56:59.022450	7105	door 1 opened
2020-11-24 15:57:23.112388	7106	feeder 1 reached (86)
2020-11-24 15:57:23.112817	7107	closing door 1
2020-11-24 15:57:23.707957	7108	door 1 closed
2020-11-24 15:57:23.708852	7109	opening door 2
2020-11-24 15:57:24.414661	7110	door 2 opened
2020-11-24 15:57:24.415582	7111	closing door 0
2020-11-24 15:57:25.356782	7112	door 0 closed
2020-11-24 15:57:25.357190	7113	opening door 3
2020-11-24 15:57:26.092040	7114	door 3 opened
2020-11-24 15:57:35.711356	7115	feeder 2 reached (84)
2020-11-24 15:57:35.712018	7116	closing door 3
2020-11-24 15:57:36.404792	7117	door 3 closed
2020-11-24 15:57:36.405480	7118	opening door 0
2020-11-24 15:57:37.133549	7119	door 0 opened
2020-11-24 15:57:37.134184	7120	closing door 2
2020-11-24 15:57:38.048645	7121	door 2 closed
2020-11-24 15:57:38.049541	7122	opening door 1
2020-11-24 15:57:38.772309	7123	door 1 opened
2020-11-24 15:57:57.749505	7124	feeder 1 reached (87)
2020-11-24 15:57:57.750035	7125	closing door 1
2020-11-24 15:57:58.347309	7126	door 1 closed
2020-11-24 15:57:58.348077	7127	opening door 2
2020-11-24 15:57:59.049559	7128	door 2 opened
2020-11-24 15:57:59.050176	7129	closing door 0
2020-11-24 15:58:00.178875	7130	door 0 closed
2020-11-24 15:58:00.179893	7131	opening door 3
2020-11-24 15:58:00.936560	7132	door 3 opened
2020-11-24 15:58:19.340901	7133	feeder 2 reached (85)
2020-11-24 15:58:19.341810	7134	closing door 3
2020-11-24 15:58:20.034338	7135	door 3 closed
2020-11-24 15:58:20.035068	7136	opening door 0
2020-11-24 15:58:20.765900	7137	door 0 opened
2020-11-24 15:58:20.766611	7138	closing door 2
2020-11-24 15:58:21.883861	7139	door 2 closed
2020-11-24 15:58:21.884881	7140	opening door 1
2020-11-24 15:58:22.602638	7141	door 1 opened
2020-11-24 15:58:33.705630	7142	feeder 1 reached (88)
2020-11-24 15:58:33.706296	7143	closing door 1
2020-11-24 15:58:34.301833	7144	door 1 closed
2020-11-24 15:58:34.302463	7145	opening door 2
2020-11-24 15:58:34.987897	7146	door 2 opened
2020-11-24 15:58:34.988531	7147	closing door 0
2020-11-24 15:58:35.791083	7148	door 0 closed
2020-11-24 15:58:35.791608	7149	opening door 3
2020-11-24 15:58:36.550033	7150	door 3 opened
2020-11-24 15:58:48.574166	7151	feeder 2 reached (86)
2020-11-24 15:58:48.574743	7152	closing door 3
2020-11-24 15:58:49.277428	7153	door 3 closed
2020-11-24 15:58:49.278110	7154	opening door 0
2020-11-24 15:58:50.031274	7155	door 0 opened
2020-11-24 15:58:50.032084	7156	closing door 2
2020-11-24 15:58:50.967895	7157	door 2 closed
2020-11-24 15:58:50.968674	7158	opening door 1
2020-11-24 15:58:51.698091	7159	door 1 opened
2020-11-24 15:59:07.195859	7160	feeder 1 reached (89)
2020-11-24 15:59:07.196527	7161	closing door 1
2020-11-24 15:59:07.792553	7162	door 1 closed
2020-11-24 15:59:07.793241	7163	opening door 2
2020-11-24 15:59:08.497972	7164	door 2 opened
2020-11-24 15:59:08.498669	7165	closing door 0
2020-11-24 15:59:09.412333	7166	door 0 closed
2020-11-24 15:59:09.412920	7167	opening door 3
2020-11-24 15:59:10.156309	7168	door 3 opened
2020-11-24 15:59:52.438836	7169	feeder 2 reached (87)
2020-11-24 15:59:52.439402	7170	closing door 3
2020-11-24 15:59:53.141083	7171	door 3 closed
2020-11-24 15:59:53.141713	7172	opening door 0
2020-11-24 15:59:53.867235	7173	door 0 opened
2020-11-24 15:59:53.867518	7174	closing door 2
2020-11-24 15:59:54.862647	7175	door 2 closed
2020-11-24 15:59:54.863359	7176	opening door 1
2020-11-24 15:59:55.591755	7177	door 1 opened
2020-11-24 16:00:04.772931	7178	feeder 1 reached (90)
2020-11-24 16:00:04.773471	7179	closing door 1
2020-11-24 16:00:05.372590	7180	door 1 closed
2020-11-24 16:00:05.373296	7181	opening door 2
2020-11-24 16:00:06.061978	7182	door 2 opened
2020-11-24 16:00:06.062603	7183	closing door 0
2020-11-24 16:00:07.145400	7184	door 0 closed
2020-11-24 16:00:07.146136	7185	opening door 3
2020-11-24 16:00:07.902589	7186	door 3 opened
2020-11-24 16:00:13.373968	7187	feeder 2 reached (88)
2020-11-24 16:00:13.374674	7188	closing door 3
2020-11-24 16:00:14.059247	7189	door 3 closed
2020-11-24 16:00:14.060006	7190	opening door 0
2020-11-24 16:00:14.783603	7191	door 0 opened
2020-11-24 16:00:14.784260	7192	closing door 2
2020-11-24 16:00:15.770435	7193	door 2 closed
2020-11-24 16:00:15.771100	7194	opening door 1
2020-11-24 16:00:16.477237	7195	door 1 opened
2020-11-24 16:00:26.697574	7196	feeder 1 reached (91)
2020-11-24 16:00:26.698260	7197	closing door 1
2020-11-24 16:00:27.301233	7198	door 1 closed
2020-11-24 16:00:27.301936	7199	opening door 2
2020-11-24 16:00:28.023876	7200	door 2 opened
2020-11-24 16:00:28.024558	7201	closing door 0
2020-11-24 16:00:28.850143	7202	door 0 closed
2020-11-24 16:00:28.850832	7203	opening door 3
2020-11-24 16:00:29.598868	7204	door 3 opened
2020-11-24 16:00:55.270426	7205	feeder 2 reached (89)
2020-11-24 16:00:55.271117	7206	closing door 3
2020-11-24 16:00:55.960500	7207	door 3 closed
2020-11-24 16:00:55.960874	7208	opening door 0
2020-11-24 16:00:56.682563	7209	door 0 opened
2020-11-24 16:00:56.683267	7210	closing door 2
2020-11-24 16:00:57.535232	7211	door 2 closed
2020-11-24 16:00:57.536000	7212	opening door 1
2020-11-24 16:00:58.268996	7213	door 1 opened
2020-11-24 16:01:28.866659	7214	feeder 1 reached (92)
2020-11-24 16:01:28.867325	7215	closing door 1
2020-11-24 16:01:29.477107	7216	door 1 closed
2020-11-24 16:01:29.477806	7217	opening door 2
2020-11-24 16:01:30.163721	7218	door 2 opened
2020-11-24 16:01:30.164420	7219	closing door 0
2020-11-24 16:01:31.129180	7220	door 0 closed
2020-11-24 16:01:31.129876	7221	opening door 3
2020-11-24 16:01:31.863395	7222	door 3 opened
2020-11-24 16:01:47.220054	7223	feeder 2 reached (90)
2020-11-24 16:01:47.220716	7224	closing door 3
2020-11-24 16:01:47.918422	7225	door 3 closed
2020-11-24 16:01:47.919060	7226	opening door 0
2020-11-24 16:01:48.641986	7227	door 0 opened
2020-11-24 16:01:48.642669	7228	closing door 2
2020-11-24 16:01:49.576204	7229	door 2 closed
2020-11-24 16:01:49.576883	7230	opening door 1
2020-11-24 16:01:50.304765	7231	door 1 opened
2020-11-24 16:02:42.879606	7232	feeder 1 reached (93)
2020-11-24 16:02:42.880286	7233	closing door 1
2020-11-24 16:02:43.481242	7234	door 1 closed
2020-11-24 16:02:43.481914	7235	opening door 2
2020-11-24 16:02:44.184835	7236	door 2 opened
2020-11-24 16:02:44.185528	7237	closing door 0
2020-11-24 16:02:45.275460	7238	door 0 closed
2020-11-24 16:02:45.276627	7239	opening door 3
2020-11-24 16:02:46.036149	7240	door 3 opened
2020-11-24 16:02:57.996079	7241	feeder 2 reached (91)
2020-11-24 16:02:57.996798	7242	closing door 3
2020-11-24 16:02:58.698552	7243	door 3 closed
2020-11-24 16:02:58.699263	7244	opening door 0
2020-11-24 16:02:59.438526	7245	door 0 opened
2020-11-24 16:02:59.439245	7246	closing door 2
2020-11-24 16:03:00.398542	7247	door 2 closed
2020-11-24 16:03:00.399238	7248	opening door 1
2020-11-24 16:03:01.126443	7249	door 1 opened
2020-11-24 16:03:13.151262	7250	feeder 1 reached (94)
2020-11-24 16:03:13.151966	7251	closing door 1
2020-11-24 16:03:13.748345	7252	door 1 closed
2020-11-24 16:03:13.749024	7253	opening door 2
2020-11-24 16:03:14.454556	7254	door 2 opened
2020-11-24 16:03:14.455257	7255	closing door 0
2020-11-24 16:03:15.560239	7256	door 0 closed
2020-11-24 16:03:15.561165	7257	opening door 3
2020-11-24 16:03:16.300332	7258	door 3 opened
2020-11-24 16:03:22.274074	7259	feeder 2 reached (92)
2020-11-24 16:03:22.274744	7260	closing door 3
2020-11-24 16:03:22.968754	7261	door 3 closed
2020-11-24 16:03:22.969539	7262	opening door 0
2020-11-24 16:03:23.695093	7263	door 0 opened
2020-11-24 16:03:23.695931	7264	closing door 2
2020-11-24 16:03:24.604817	7265	door 2 closed
2020-11-24 16:03:24.605516	7266	opening door 1
2020-11-24 16:03:25.321460	7267	door 1 opened
2020-11-24 16:03:57.496329	7268	feeder 1 reached (95)
2020-11-24 16:03:57.497000	7269	closing door 1
2020-11-24 16:03:58.095594	7270	door 1 closed
2020-11-24 16:03:58.096293	7271	opening door 2
2020-11-24 16:03:58.790105	7272	door 2 opened
2020-11-24 16:03:58.790779	7273	closing door 0
2020-11-24 16:03:59.821718	7274	door 0 closed
2020-11-24 16:03:59.822393	7275	opening door 3
2020-11-24 16:04:00.571851	7276	door 3 opened
2020-11-24 16:04:26.469318	7277	feeder 2 reached (93)
2020-11-24 16:04:26.470031	7278	closing door 3
2020-11-24 16:04:27.170403	7279	door 3 closed
2020-11-24 16:04:27.171629	7280	opening door 0
2020-11-24 16:04:27.922008	7281	door 0 opened
2020-11-24 16:04:27.922290	7282	closing door 2
2020-11-24 16:04:28.926133	7283	door 2 closed
2020-11-24 16:04:28.927047	7284	opening door 1
2020-11-24 16:04:29.658094	7285	door 1 opened
2020-11-24 16:05:06.207384	7286	feeder 1 reached (96)
2020-11-24 16:05:06.208627	7287	closing door 1
2020-11-24 16:05:06.815488	7288	door 1 closed
2020-11-24 16:05:06.816001	7289	opening door 2
2020-11-24 16:05:07.532777	7290	door 2 opened
2020-11-24 16:05:07.533082	7291	closing door 0
2020-11-24 16:05:08.622697	7292	door 0 closed
2020-11-24 16:05:08.623447	7293	opening door 3
2020-11-24 16:05:09.372543	7294	door 3 opened
2020-11-24 16:05:16.925557	7295	feeder 2 reached (94)
2020-11-24 16:05:16.926255	7296	closing door 3
2020-11-24 16:05:17.624116	7297	door 3 closed
2020-11-24 16:05:17.624861	7298	opening door 0
2020-11-24 16:05:18.346654	7299	door 0 opened
2020-11-24 16:05:18.347401	7300	closing door 2
2020-11-24 16:05:19.285563	7301	door 2 closed
2020-11-24 16:05:19.286158	7302	opening door 1
2020-11-24 16:05:20.014125	7303	door 1 opened
2020-11-24 16:05:33.521156	7304	feeder 1 reached (97)
2020-11-24 16:05:33.521516	7305	closing door 1
2020-11-24 16:05:34.122244	7306	door 1 closed
2020-11-24 16:05:34.122962	7307	opening door 2
2020-11-24 16:05:34.821853	7308	door 2 opened
2020-11-24 16:05:34.822654	7309	closing door 0
2020-11-24 16:05:35.673671	7310	door 0 closed
2020-11-24 16:05:35.674272	7311	opening door 3
2020-11-24 16:05:36.421672	7312	door 3 opened
2020-11-24 16:05:40.104214	7313	feeder 2 reached (95)
2020-11-24 16:05:40.104491	7314	closing door 3
2020-11-24 16:05:40.801567	7315	door 3 closed
2020-11-24 16:05:40.802188	7316	opening door 0
2020-11-24 16:05:41.550782	7317	door 0 opened
2020-11-24 16:05:41.551563	7318	closing door 2
2020-11-24 16:05:42.636250	7319	door 2 closed
2020-11-24 16:05:42.637110	7320	opening door 1
2020-11-24 16:05:43.372850	7321	door 1 opened
2020-11-24 16:05:59.914455	7322	feeder 1 reached (98)
2020-11-24 16:05:59.914878	7323	closing door 1
2020-11-24 16:06:00.510402	7324	door 1 closed
2020-11-24 16:06:00.511105	7325	opening door 2
2020-11-24 16:06:01.203376	7326	door 2 opened
2020-11-24 16:06:01.204080	7327	closing door 0
2020-11-24 16:06:02.297938	7328	door 0 closed
2020-11-24 16:06:02.298712	7329	opening door 3
2020-11-24 16:06:03.047317	7330	door 3 opened
2020-11-24 16:06:10.104657	7331	feeder 2 reached (96)
2020-11-24 16:06:10.105207	7332	closing door 3
2020-11-24 16:06:10.806187	7333	door 3 closed
2020-11-24 16:06:10.806916	7334	opening door 0
2020-11-24 16:06:11.539300	7335	door 0 opened
2020-11-24 16:06:11.540084	7336	closing door 2
2020-11-24 16:06:12.530978	7337	door 2 closed
2020-11-24 16:06:12.531628	7338	opening door 1
2020-11-24 16:06:13.261518	7339	door 1 opened
2020-11-24 16:06:28.309338	7340	feeder 1 reached (99)
2020-11-24 16:06:28.309839	7341	closing door 1
2020-11-24 16:06:28.900643	7342	door 1 closed
2020-11-24 16:06:28.901181	7343	opening door 2
2020-11-24 16:06:29.603855	7344	door 2 opened
2020-11-24 16:06:29.604434	7345	closing door 0
2020-11-24 16:06:30.557178	7346	door 0 closed
2020-11-24 16:06:30.557896	7347	opening door 3
2020-11-24 16:06:31.317665	7348	door 3 opened
2020-11-24 16:06:44.063058	7349	feeder 2 reached (97)
2020-11-24 16:06:44.063851	7350	closing door 3
2020-11-24 16:06:44.761764	7351	door 3 closed
2020-11-24 16:06:44.762489	7352	opening door 0
2020-11-24 16:06:45.492430	7353	door 0 opened
2020-11-24 16:06:45.493339	7354	closing door 2
2020-11-24 16:06:46.527764	7355	door 2 closed
2020-11-24 16:06:46.528491	7356	opening door 1
2020-11-24 16:06:47.246124	7357	door 1 opened
2020-11-24 16:07:02.033543	7358	feeder 1 reached (100)
2020-11-24 16:07:02.033891	7359	closing door 1
2020-11-24 16:07:02.629112	7360	door 1 closed
2020-11-24 16:07:02.629809	7361	opening door 2
2020-11-24 16:07:03.341286	7362	door 2 opened
2020-11-24 16:07:03.342214	7363	closing door 0
2020-11-24 16:07:04.560046	7364	door 0 closed
2020-11-24 16:07:04.560753	7365	opening door 3
2020-11-24 16:07:05.305837	7366	door 3 opened
2020-11-24 16:07:20.395136	7367	feeder 2 reached (98)
2020-11-24 16:07:20.395501	7368	closing door 3
2020-11-24 16:07:21.090466	7369	door 3 closed
2020-11-24 16:07:21.090908	7370	opening door 0
2020-11-24 16:07:21.811722	7371	door 0 opened
2020-11-24 16:07:21.812434	7372	closing door 2
2020-11-24 16:07:22.612963	7373	door 2 closed
2020-11-24 16:07:22.613408	7374	opening door 1
2020-11-24 16:07:23.338037	7375	door 1 opened
2020-11-24 16:07:48.003429	7376	feeder 1 reached (101)
2020-11-24 16:07:48.004181	7377	closing door 1
2020-11-24 16:07:48.609763	7378	door 1 closed
2020-11-24 16:07:48.610730	7379	opening door 2
2020-11-24 16:07:49.327070	7380	door 2 opened
2020-11-24 16:07:49.327743	7381	closing door 0
2020-11-24 16:07:50.397845	7382	door 0 closed
2020-11-24 16:07:50.398422	7383	opening door 3
2020-11-24 16:07:51.146937	7384	door 3 opened
2020-11-24 16:08:28.037003	7385	feeder 2 reached (99)
2020-11-24 16:08:28.037705	7386	closing door 3
2020-11-24 16:08:28.730794	7387	door 3 closed
2020-11-24 16:08:28.731471	7388	opening door 0
2020-11-24 16:08:29.480827	7389	door 0 opened
2020-11-24 16:08:29.481452	7390	closing door 2
2020-11-24 16:08:30.568349	7391	door 2 closed
2020-11-24 16:08:30.568786	7392	opening door 1
2020-11-24 16:08:31.285634	7393	door 1 opened
2020-11-24 16:08:46.814758	7394	feeder 1 reached (102)
2020-11-24 16:08:46.815443	7395	closing door 1
2020-11-24 16:08:47.421006	7396	door 1 closed
2020-11-24 16:08:47.421726	7397	opening door 2
2020-11-24 16:08:48.160815	7398	door 2 opened
2020-11-24 16:08:48.161509	7399	closing door 0
2020-11-24 16:08:48.986439	7400	door 0 closed
2020-11-24 16:08:48.987168	7401	opening door 3
2020-11-24 16:08:49.733559	7402	door 3 opened
2020-11-24 16:08:56.408980	7403	feeder 2 reached (100)
2020-11-24 16:08:56.409676	7404	closing door 3
2020-11-24 16:08:57.114482	7405	door 3 closed
2020-11-24 16:08:57.115410	7406	opening door 0
2020-11-24 16:08:57.840539	7407	door 0 opened
2020-11-24 16:08:57.841374	7408	closing door 2
2020-11-24 16:08:58.838449	7409	door 2 closed
2020-11-24 16:08:58.838764	7410	opening door 1
2020-11-24 16:08:59.577181	7411	door 1 opened
2020-11-24 16:09:41.718370	7412	feeder 1 reached (103)
2020-11-24 16:09:41.718857	7413	closing door 1
2020-11-24 16:09:42.314166	7414	door 1 closed
2020-11-24 16:09:42.314628	7415	opening door 2
2020-11-24 16:09:43.032776	7416	door 2 opened
2020-11-24 16:09:43.033290	7417	closing door 0
2020-11-24 16:09:43.886850	7418	door 0 closed
2020-11-24 16:09:43.887137	7419	opening door 3
2020-11-24 16:09:44.617366	7420	door 3 opened
2020-11-24 16:09:52.939684	7421	feeder 2 reached (101)
2020-11-24 16:09:52.940212	7422	closing door 3
2020-11-24 16:09:53.641421	7423	door 3 closed
2020-11-24 16:09:53.642383	7424	opening door 0
2020-11-24 16:09:54.405806	7425	door 0 opened
2020-11-24 16:09:54.406483	7426	closing door 2
2020-11-24 16:09:55.355261	7427	door 2 closed
2020-11-24 16:09:55.355968	7428	opening door 1
2020-11-24 16:09:56.072064	7429	door 1 opened
2020-11-24 16:10:07.966930	7430	feeder 1 reached (104)
2020-11-24 16:10:07.967593	7431	closing door 1
2020-11-24 16:10:08.564523	7432	door 1 closed
2020-11-24 16:10:08.565109	7433	opening door 2
2020-11-24 16:10:09.271405	7434	door 2 opened
2020-11-24 16:10:09.271983	7435	closing door 0
2020-11-24 16:10:10.111544	7436	door 0 closed
2020-11-24 16:10:10.112417	7437	opening door 3
2020-11-24 16:10:10.869838	7438	door 3 opened
2020-11-24 16:10:17.285706	7439	feeder 2 reached (102)
2020-11-24 16:10:17.286374	7440	closing door 3
2020-11-24 16:10:17.983408	7441	door 3 closed
2020-11-24 16:10:17.984178	7442	opening door 0
2020-11-24 16:10:18.707335	7443	door 0 opened
2020-11-24 16:10:18.707884	7444	closing door 2
2020-11-24 16:10:19.526303	7445	door 2 closed
2020-11-24 16:10:19.526734	7446	opening door 1
2020-11-24 16:10:20.267641	7447	door 1 opened
2020-11-24 16:10:33.074948	7448	feeder 1 reached (105)
2020-11-24 16:10:33.075228	7449	closing door 1
2020-11-24 16:10:33.671464	7450	door 1 closed
2020-11-24 16:10:33.672115	7451	opening door 2
2020-11-24 16:10:34.373106	7452	door 2 opened
2020-11-24 16:10:34.373718	7453	closing door 0
2020-11-24 16:10:35.490689	7454	door 0 closed
2020-11-24 16:10:35.491304	7455	opening door 3
2020-11-24 16:10:36.231738	7456	door 3 opened
2020-11-24 16:10:43.315286	7457	feeder 2 reached (103)
2020-11-24 16:10:43.315564	7458	closing door 3
2020-11-24 16:10:44.013827	7459	door 3 closed
2020-11-24 16:10:44.014465	7460	opening door 0
2020-11-24 16:10:44.768865	7461	door 0 opened
2020-11-24 16:10:44.769817	7462	closing door 2
2020-11-24 16:10:45.770615	7463	door 2 closed
2020-11-24 16:10:45.771293	7464	opening door 1
2020-11-24 16:10:46.497035	7465	door 1 opened
2020-11-24 16:11:03.314435	7466	feeder 1 reached (106)
2020-11-24 16:11:03.314728	7467	closing door 1
2020-11-24 16:11:03.908609	7468	door 1 closed
2020-11-24 16:11:03.908927	7469	opening door 2
2020-11-24 16:11:04.615970	7470	door 2 opened
2020-11-24 16:11:04.616452	7471	closing door 0
2020-11-24 16:11:05.837257	7472	door 0 closed
2020-11-24 16:11:05.837974	7473	opening door 3
2020-11-24 16:11:06.610361	7474	door 3 opened
2020-11-24 16:11:56.230302	7475	feeder 2 reached (104)
2020-11-24 16:11:56.231080	7476	closing door 3
2020-11-24 16:11:56.934065	7477	door 3 closed
2020-11-24 16:11:56.934708	7478	opening door 0
2020-11-24 16:11:57.670996	7479	door 0 opened
2020-11-24 16:11:57.672013	7480	closing door 2
2020-11-24 16:11:58.657745	7481	door 2 closed
2020-11-24 16:11:58.658438	7482	opening door 1
2020-11-24 16:11:59.394536	7483	door 1 opened
2020-11-24 16:12:12.274381	7484	feeder 1 reached (107)
2020-11-24 16:12:12.275009	7485	closing door 1
2020-11-24 16:12:12.875122	7486	door 1 closed
2020-11-24 16:12:12.875891	7487	opening door 2
2020-11-24 16:12:13.588639	7488	door 2 opened
2020-11-24 16:12:13.589317	7489	closing door 0
2020-11-24 16:12:14.647857	7490	door 0 closed
2020-11-24 16:12:14.648541	7491	opening door 3
2020-11-24 16:12:15.393532	7492	door 3 opened
2020-11-24 16:12:34.314926	7493	feeder 2 reached (105)
2020-11-24 16:12:34.315612	7494	closing door 3
2020-11-24 16:12:35.012549	7495	door 3 closed
2020-11-24 16:12:35.013271	7496	opening door 0
2020-11-24 16:12:35.747105	7497	door 0 opened
2020-11-24 16:12:35.747799	7498	closing door 2
2020-11-24 16:12:36.749584	7499	door 2 closed
2020-11-24 16:12:36.750280	7500	opening door 1
2020-11-24 16:12:37.473877	7501	door 1 opened
2020-11-24 16:12:57.262594	7502	feeder 1 reached (108)
2020-11-24 16:12:57.263203	7503	closing door 1
2020-11-24 16:12:57.866320	7504	door 1 closed
2020-11-24 16:12:57.867343	7505	opening door 2
2020-11-24 16:12:58.565478	7506	door 2 opened
2020-11-24 16:12:58.566194	7507	closing door 0
2020-11-24 16:12:59.679462	7508	door 0 closed
2020-11-24 16:12:59.680190	7509	opening door 3
2020-11-24 16:13:00.438578	7510	door 3 opened
2020-11-24 16:13:07.310056	7511	feeder 2 reached (106)
2020-11-24 16:13:07.310790	7512	closing door 3
2020-11-24 16:13:08.004868	7513	door 3 closed
2020-11-24 16:13:08.005393	7514	opening door 0
2020-11-24 16:13:08.726105	7515	door 0 opened
2020-11-24 16:13:08.726520	7516	closing door 2
2020-11-24 16:13:09.929005	7517	door 2 closed
2020-11-24 16:13:09.929741	7518	opening door 1
2020-11-24 16:13:10.647943	7519	door 1 opened
2020-11-24 16:13:18.560217	7520	feeder 1 reached (109)
2020-11-24 16:13:18.560794	7521	closing door 1
2020-11-24 16:13:19.166358	7522	door 1 closed
2020-11-24 16:13:19.167589	7523	opening door 2
2020-11-24 16:13:19.893049	7524	door 2 opened
2020-11-24 16:13:19.893826	7525	closing door 0
2020-11-24 16:13:20.985246	7526	door 0 closed
2020-11-24 16:13:20.985930	7527	opening door 3
2020-11-24 16:13:21.717469	7528	door 3 opened
2020-11-24 16:13:31.713917	7529	feeder 2 reached (107)
2020-11-24 16:13:31.714579	7530	closing door 3
2020-11-24 16:13:32.407820	7531	door 3 closed
2020-11-24 16:13:32.408103	7532	opening door 0
2020-11-24 16:13:33.143264	7533	door 0 opened
2020-11-24 16:13:33.143995	7534	closing door 2
2020-11-24 16:13:34.107929	7535	door 2 closed
2020-11-24 16:13:34.108332	7536	opening door 1
2020-11-24 16:13:34.843762	7537	door 1 opened
2020-11-24 16:13:45.628890	7538	feeder 1 reached (110)
2020-11-24 16:13:45.629429	7539	closing door 1
2020-11-24 16:13:46.227027	7540	door 1 closed
2020-11-24 16:13:46.227572	7541	opening door 2
2020-11-24 16:13:46.932541	7542	door 2 opened
2020-11-24 16:13:46.933154	7543	closing door 0
2020-11-24 16:13:48.024300	7544	door 0 closed
2020-11-24 16:13:48.025171	7545	opening door 3
2020-11-24 16:13:48.768653	7546	door 3 opened
2020-11-24 16:13:53.635343	7547	feeder 2 reached (108)
2020-11-24 16:13:53.635621	7548	closing door 3
2020-11-24 16:13:54.335501	7549	door 3 closed
2020-11-24 16:13:54.335793	7550	opening door 0
2020-11-24 16:13:55.097065	7551	door 0 opened
2020-11-24 16:13:55.097430	7552	closing door 2
2020-11-24 16:13:56.238151	7553	door 2 closed
2020-11-24 16:13:56.238587	7554	opening door 1
2020-11-24 16:13:56.950842	7555	door 1 opened
2020-11-24 16:14:08.621003	7556	feeder 1 reached (111)
2020-11-24 16:14:08.621675	7557	closing door 1
2020-11-24 16:14:09.218428	7558	door 1 closed
2020-11-24 16:14:09.219139	7559	opening door 2
2020-11-24 16:14:09.922024	7560	door 2 opened
2020-11-24 16:14:09.922320	7561	closing door 0
2020-11-24 16:14:10.717510	7562	door 0 closed
2020-11-24 16:14:10.717794	7563	opening door 3
2020-11-24 16:14:11.460622	7564	door 3 opened
2020-11-24 16:14:17.439180	7565	feeder 2 reached (109)
2020-11-24 16:14:17.439480	7566	closing door 3
2020-11-24 16:14:18.130756	7567	door 3 closed
2020-11-24 16:14:18.131056	7568	opening door 0
2020-11-24 16:14:18.855122	7569	door 0 opened
2020-11-24 16:14:18.855420	7570	closing door 2
2020-11-24 16:14:19.962851	7571	door 2 closed
2020-11-24 16:14:19.963167	7572	opening door 1
2020-11-24 16:14:20.665594	7573	door 1 opened
2020-11-24 16:14:36.797797	7574	feeder 1 reached (112)
2020-11-24 16:14:36.798254	7575	closing door 1
2020-11-24 16:14:37.402334	7576	door 1 closed
2020-11-24 16:14:37.403066	7577	opening door 2
2020-11-24 16:14:38.144210	7578	door 2 opened
2020-11-24 16:14:38.144788	7579	closing door 0
2020-11-24 16:14:39.238213	7580	door 0 closed
2020-11-24 16:14:39.238813	7581	opening door 3
2020-11-24 16:14:39.986007	7582	door 3 opened
2020-11-24 16:14:47.687410	7583	feeder 2 reached (110)
2020-11-24 16:14:47.687720	7584	closing door 3
2020-11-24 16:14:48.382018	7585	door 3 closed
2020-11-24 16:14:48.382330	7586	opening door 0
2020-11-24 16:14:49.108062	7587	door 0 opened
2020-11-24 16:14:49.108456	7588	closing door 2
2020-11-24 16:14:50.276056	7589	door 2 closed
2020-11-24 16:14:50.276402	7590	opening door 1
2020-11-24 16:14:51.011194	7591	door 1 opened
2020-11-24 16:15:03.942466	7592	feeder 1 reached (113)
2020-11-24 16:15:03.942798	7593	closing door 1
2020-11-24 16:15:04.541216	7594	door 1 closed
2020-11-24 16:15:04.541631	7595	opening door 2
2020-11-24 16:15:05.247135	7596	door 2 opened
2020-11-24 16:15:05.247450	7597	closing door 0
2020-11-24 16:15:06.261022	7598	door 0 closed
2020-11-24 16:15:06.261321	7599	opening door 3
2020-11-24 16:15:06.977573	7600	door 3 opened
2020-11-24 16:15:13.355603	7601	feeder 2 reached (111)
2020-11-24 16:15:13.356086	7602	closing door 3
2020-11-24 16:15:14.047036	7603	door 3 closed
2020-11-24 16:15:14.047503	7604	opening door 0
2020-11-24 16:15:14.767869	7605	door 0 opened
2020-11-24 16:15:14.768173	7606	closing door 2
2020-11-24 16:15:15.677806	7607	door 2 closed
2020-11-24 16:15:15.678096	7608	opening door 1
2020-11-24 16:15:16.404554	7609	door 1 opened
2020-11-24 16:15:25.080185	7610	feeder 1 reached (114)
2020-11-24 16:15:25.080571	7611	closing door 1
2020-11-24 16:15:25.682580	7612	door 1 closed
2020-11-24 16:15:25.682892	7613	opening door 2
2020-11-24 16:15:26.412055	7614	door 2 opened
2020-11-24 16:15:26.412359	7615	closing door 0
2020-11-24 16:15:27.218709	7616	door 0 closed
2020-11-24 16:15:27.219085	7617	opening door 3
2020-11-24 16:15:27.954410	7618	door 3 opened
2020-11-24 16:15:34.906173	7619	feeder 2 reached (112)
2020-11-24 16:15:34.907020	7620	closing door 3
2020-11-24 16:15:35.602802	7621	door 3 closed
2020-11-24 16:15:35.603359	7622	opening door 0
2020-11-24 16:15:36.326583	7623	door 0 opened
2020-11-24 16:15:36.326897	7624	closing door 2
2020-11-24 16:15:37.400579	7625	door 2 closed
2020-11-24 16:15:37.400874	7626	opening door 1
2020-11-24 16:15:38.149271	7627	door 1 opened
2020-11-24 16:15:55.924604	7628	feeder 1 reached (115)
2020-11-24 16:15:55.924967	7629	closing door 1
2020-11-24 16:15:56.520910	7630	door 1 closed
2020-11-24 16:15:56.521192	7631	opening door 2
2020-11-24 16:15:57.253611	7632	door 2 opened
2020-11-24 16:15:57.254057	7633	closing door 0
2020-11-24 16:15:58.269438	7634	door 0 closed
2020-11-24 16:15:58.270167	7635	opening door 3
2020-11-24 16:15:59.027238	7636	door 3 opened
2020-11-24 16:16:06.414286	7637	feeder 2 reached (113)
2020-11-24 16:16:06.414782	7638	closing door 3
2020-11-24 16:16:07.109306	7639	door 3 closed
2020-11-24 16:16:07.109641	7640	opening door 0
2020-11-24 16:16:07.827821	7641	door 0 opened
2020-11-24 16:16:07.828207	7642	closing door 2
2020-11-24 16:16:08.936248	7643	door 2 closed
2020-11-24 16:16:08.936668	7644	opening door 1
2020-11-24 16:16:09.639918	7645	door 1 opened
2020-11-24 16:16:17.450133	7646	feeder 1 reached (116)
2020-11-24 16:16:17.450762	7647	closing door 1
2020-11-24 16:16:18.046468	7648	door 1 closed
2020-11-24 16:16:18.047143	7649	opening door 2
2020-11-24 16:16:18.751029	7650	door 2 opened
2020-11-24 16:16:18.751619	7651	closing door 0
2020-11-24 16:16:19.603486	7652	door 0 closed
2020-11-24 16:16:19.604139	7653	opening door 3
2020-11-24 16:16:20.366024	7654	door 3 opened
2020-11-24 16:16:29.008072	7655	feeder 2 reached (114)
2020-11-24 16:16:29.009484	7656	closing door 3
2020-11-24 16:16:29.710007	7657	door 3 closed
2020-11-24 16:16:29.710771	7658	opening door 0
2020-11-24 16:16:30.459130	7659	door 0 opened
2020-11-24 16:16:30.459754	7660	closing door 2
2020-11-24 16:16:31.446224	7661	door 2 closed
2020-11-24 16:16:31.446824	7662	opening door 1
2020-11-24 16:16:32.184726	7663	door 1 opened
2020-11-24 16:16:40.910339	7664	feeder 1 reached (117)
2020-11-24 16:16:40.910771	7665	closing door 1
2020-11-24 16:16:41.504407	7666	door 1 closed
2020-11-24 16:16:41.504693	7667	opening door 2
2020-11-24 16:16:42.212991	7668	door 2 opened
2020-11-24 16:16:42.214270	7669	closing door 0
2020-11-24 16:16:43.331617	7670	door 0 closed
2020-11-24 16:16:43.331906	7671	opening door 3
2020-11-24 16:16:44.081738	7672	door 3 opened
2020-11-24 16:17:25.626926	7673	feeder 2 reached (115)
2020-11-24 16:17:25.627289	7674	closing door 3
2020-11-24 16:17:26.328342	7675	door 3 closed
2020-11-24 16:17:26.328654	7676	opening door 0
2020-11-24 16:17:27.069748	7677	door 0 opened
2020-11-24 16:17:27.070317	7678	closing door 2
2020-11-24 16:17:27.856664	7679	door 2 closed
2020-11-24 16:17:27.856953	7680	opening door 1
2020-11-24 16:17:28.565346	7681	door 1 opened
2020-11-24 16:17:41.152023	7682	feeder 1 reached (118)
2020-11-24 16:17:41.152607	7683	closing door 1
2020-11-24 16:17:41.755269	7684	door 1 closed
2020-11-24 16:17:41.755937	7685	opening door 2
2020-11-24 16:17:42.503273	7686	door 2 opened
2020-11-24 16:17:42.504039	7687	closing door 0
2020-11-24 16:17:43.549648	7688	door 0 closed
2020-11-24 16:17:43.550346	7689	opening door 3
2020-11-24 16:17:44.319198	7690	door 3 opened
2020-11-24 16:17:48.819227	7691	feeder 2 reached (116)
2020-11-24 16:17:48.819896	7692	closing door 3
2020-11-24 16:17:49.521307	7693	door 3 closed
2020-11-24 16:17:49.521864	7694	opening door 0
2020-11-24 16:17:50.252041	7695	door 0 opened
2020-11-24 16:17:50.252603	7696	closing door 2
2020-11-24 16:17:51.313087	7697	door 2 closed
2020-11-24 16:17:51.313966	7698	opening door 1
2020-11-24 16:17:52.047453	7699	door 1 opened
2020-11-24 16:18:08.835415	7700	feeder 1 reached (119)
2020-11-24 16:18:08.835990	7701	closing door 1
2020-11-24 16:18:09.434016	7702	door 1 closed
2020-11-24 16:18:09.434530	7703	opening door 2
2020-11-24 16:18:10.176198	7704	door 2 opened
2020-11-24 16:18:10.176951	7705	closing door 0
2020-11-24 16:18:10.986324	7706	door 0 closed
2020-11-24 16:18:10.986805	7707	opening door 3
2020-11-24 16:18:11.740554	7708	door 3 opened
2020-11-24 16:18:18.494551	7709	feeder 2 reached (117)
2020-11-24 16:18:18.495224	7710	closing door 3
2020-11-24 16:18:19.194443	7711	door 3 closed
2020-11-24 16:18:19.194811	7712	opening door 0
2020-11-24 16:18:19.931952	7713	door 0 opened
2020-11-24 16:18:19.932561	7714	closing door 2
2020-11-24 16:18:20.831890	7715	door 2 closed
2020-11-24 16:18:20.832672	7716	opening door 1
2020-11-24 16:18:21.565399	7717	door 1 opened
2020-11-24 16:18:45.857745	7718	feeder 1 reached (120)
2020-11-24 16:18:45.858117	7719	closing door 1
2020-11-24 16:18:46.453363	7720	door 1 closed
2020-11-24 16:18:46.454066	7721	opening door 2
2020-11-24 16:18:47.159836	7722	door 2 opened
2020-11-24 16:18:47.160396	7723	closing door 0
2020-11-24 16:18:48.265193	7724	door 0 closed
2020-11-24 16:18:48.265873	7725	opening door 3
2020-11-24 16:18:49.015054	7726	door 3 opened
2020-11-24 16:19:01.588563	7727	feeder 2 reached (118)
2020-11-24 16:19:01.589181	7728	closing door 3
2020-11-24 16:19:02.288485	7729	door 3 closed
2020-11-24 16:19:02.289169	7730	opening door 0
2020-11-24 16:19:03.050673	7731	door 0 opened
2020-11-24 16:19:03.051386	7732	closing door 2
2020-11-24 16:19:04.241157	7733	door 2 closed
2020-11-24 16:19:04.241664	7734	opening door 1
2020-11-24 16:19:04.953104	7735	door 1 opened
2020-11-24 16:19:20.610311	7736	feeder 1 reached (121)
2020-11-24 16:19:20.610820	7737	closing door 1
2020-11-24 16:19:21.208389	7738	door 1 closed
2020-11-24 16:19:21.209033	7739	opening door 2
2020-11-24 16:19:21.948626	7740	door 2 opened
2020-11-24 16:19:21.949676	7741	closing door 0
2020-11-24 16:19:23.106025	7742	door 0 closed
2020-11-24 16:19:23.106684	7743	opening door 3
2020-11-24 16:19:23.858343	7744	door 3 opened
2020-11-24 16:19:30.630013	7745	feeder 2 reached (119)
2020-11-24 16:19:30.630703	7746	closing door 3
2020-11-24 16:19:31.328496	7747	door 3 closed
2020-11-24 16:19:31.328983	7748	opening door 0
2020-11-24 16:19:32.048007	7749	door 0 opened
2020-11-24 16:19:32.048430	7750	closing door 2
2020-11-24 16:19:32.925132	7751	door 2 closed
2020-11-24 16:19:32.925620	7752	opening door 1
2020-11-24 16:19:33.651487	7753	door 1 opened
2020-11-24 16:19:48.458014	7754	feeder 1 reached (122)
2020-11-24 16:19:48.458668	7755	closing door 1
2020-11-24 16:19:49.054808	7756	door 1 closed
2020-11-24 16:19:49.055088	7757	opening door 2
2020-11-24 16:19:49.760762	7758	door 2 opened
2020-11-24 16:19:49.761189	7759	closing door 0
2020-11-24 16:19:50.949958	7760	door 0 closed
2020-11-24 16:19:50.950240	7761	opening door 3
2020-11-24 16:19:51.704320	7762	door 3 opened
2020-11-24 16:19:55.193462	7763	feeder 2 reached (120)
2020-11-24 16:19:55.194385	7764	closing door 3
2020-11-24 16:19:55.893978	7765	door 3 closed
2020-11-24 16:19:55.894598	7766	opening door 0
2020-11-24 16:19:56.628625	7767	door 0 opened
2020-11-24 16:19:56.629106	7768	closing door 2
2020-11-24 16:19:57.492698	7769	door 2 closed
2020-11-24 16:19:57.493153	7770	opening door 1
2020-11-24 16:19:58.211053	7771	door 1 opened
2020-11-24 16:20:05.460115	7772	feeder 1 reached (123)
2020-11-24 16:20:05.460451	7773	closing door 1
2020-11-24 16:20:06.056022	7774	door 1 closed
2020-11-24 16:20:06.056374	7775	opening door 2
2020-11-24 16:20:06.760683	7776	door 2 opened
2020-11-24 16:20:06.760979	7777	closing door 0
2020-11-24 16:20:07.730175	7778	door 0 closed
2020-11-24 16:20:07.730608	7779	opening door 3
2020-11-24 16:20:08.452572	7780	door 3 opened
2020-11-24 16:20:11.346869	7781	feeder 2 reached (121)
2020-11-24 16:20:11.347157	7782	closing door 3
2020-11-24 16:20:12.045147	7783	door 3 closed
2020-11-24 16:20:12.045627	7784	opening door 0
2020-11-24 16:20:12.784245	7785	door 0 opened
2020-11-24 16:20:12.784535	7786	closing door 2
2020-11-24 16:20:13.891073	7787	door 2 closed
2020-11-24 16:20:13.891444	7788	opening door 1
2020-11-24 16:20:14.626090	7789	door 1 opened
2020-11-24 16:20:25.772785	7790	feeder 1 reached (124)
2020-11-24 16:20:25.773173	7791	closing door 1
2020-11-24 16:20:26.369384	7792	door 1 closed
2020-11-24 16:20:26.370045	7793	opening door 2
2020-11-24 16:20:27.084196	7794	door 2 opened
2020-11-24 16:20:27.084521	7795	closing door 0
2020-11-24 16:20:28.209099	7796	door 0 closed
2020-11-24 16:20:28.209895	7797	opening door 3
2020-11-24 16:20:28.951722	7798	door 3 opened
2020-11-24 16:20:33.050782	7799	feeder 2 reached (122)
2020-11-24 16:20:33.051472	7800	closing door 3
2020-11-24 16:20:33.745566	7801	door 3 closed
2020-11-24 16:20:33.746298	7802	opening door 0
2020-11-24 16:20:34.469387	7803	door 0 opened
2020-11-24 16:20:34.469877	7804	closing door 2
2020-11-24 16:20:35.559271	7805	door 2 closed
2020-11-24 16:20:35.559979	7806	opening door 1
2020-11-24 16:20:36.272150	7807	door 1 opened
2020-11-24 16:20:44.794780	7808	feeder 1 reached (125)
2020-11-24 16:20:44.795104	7809	closing door 1
2020-11-24 16:20:45.392536	7810	door 1 closed
2020-11-24 16:20:45.393393	7811	opening door 2
2020-11-24 16:20:46.101036	7812	door 2 opened
2020-11-24 16:20:46.101325	7813	closing door 0
2020-11-24 16:20:47.051155	7814	door 0 closed
2020-11-24 16:20:47.051799	7815	opening door 3
2020-11-24 16:20:47.814677	7816	door 3 opened
2020-11-24 16:21:01.178135	7817	feeder 2 reached (123)
2020-11-24 16:21:01.178702	7818	closing door 3
2020-11-24 16:21:01.872110	7819	door 3 closed
2020-11-24 16:21:01.872671	7820	opening door 0
2020-11-24 16:21:02.597574	7821	door 0 opened
2020-11-24 16:21:02.598282	7822	closing door 2
2020-11-24 16:21:03.427472	7823	door 2 closed
2020-11-24 16:21:03.428246	7824	opening door 1
2020-11-24 16:21:04.157852	7825	door 1 opened
2020-11-24 16:21:13.381041	7826	feeder 1 reached (126)
2020-11-24 16:21:13.381655	7827	closing door 1
2020-11-24 16:21:13.980773	7828	door 1 closed
2020-11-24 16:21:13.981772	7829	opening door 2
2020-11-24 16:21:14.688888	7830	door 2 opened
2020-11-24 16:21:14.689612	7831	closing door 0
2020-11-24 16:21:15.710681	7832	door 0 closed
2020-11-24 16:21:15.711396	7833	opening door 3
2020-11-24 16:21:16.459701	7834	door 3 opened
2020-11-24 16:21:50.934749	7835	feeder 2 reached (124)
2020-11-24 16:21:50.935436	7836	closing door 3
2020-11-24 16:21:51.628323	7837	door 3 closed
2020-11-24 16:21:51.628928	7838	opening door 0
2020-11-24 16:21:52.353764	7839	door 0 opened
2020-11-24 16:21:52.354538	7840	closing door 2
2020-11-24 16:21:53.371317	7841	door 2 closed
2020-11-24 16:21:53.371962	7842	opening door 1
2020-11-24 16:21:54.102728	7843	door 1 opened
2020-11-24 16:22:19.016757	7844	feeder 1 reached (127)
2020-11-24 16:22:19.017848	7845	closing door 1
2020-11-24 16:22:19.616427	7846	door 1 closed
2020-11-24 16:22:19.617117	7847	opening door 2
2020-11-24 16:22:20.324303	7848	door 2 opened
2020-11-24 16:22:20.325131	7849	closing door 0
2020-11-24 16:22:21.213496	7850	door 0 closed
2020-11-24 16:22:21.214318	7851	opening door 3
2020-11-24 16:22:21.957732	7852	door 3 opened
2020-11-24 16:22:27.892074	7853	feeder 2 reached (125)
2020-11-24 16:22:27.892656	7854	closing door 3
2020-11-24 16:22:28.585686	7855	door 3 closed
2020-11-24 16:22:28.585988	7856	opening door 0
2020-11-24 16:22:29.304264	7857	door 0 opened
2020-11-24 16:22:29.304808	7858	closing door 2
2020-11-24 16:22:30.138454	7859	door 2 closed
2020-11-24 16:22:30.139185	7860	opening door 1
2020-11-24 16:22:30.847041	7861	door 1 opened
2020-11-24 16:22:39.689419	7862	feeder 1 reached (128)
2020-11-24 16:22:39.690164	7863	closing door 1
2020-11-24 16:22:40.286136	7864	door 1 closed
2020-11-24 16:22:40.286739	7865	opening door 2
2020-11-24 16:22:40.990354	7866	door 2 opened
2020-11-24 16:22:40.991155	7867	closing door 0
2020-11-24 16:22:42.122902	7868	door 0 closed
2020-11-24 16:22:42.123526	7869	opening door 3
2020-11-24 16:22:42.873771	7870	door 3 opened
2020-11-24 16:22:46.651542	7871	feeder 2 reached (126)
2020-11-24 16:22:46.652265	7872	closing door 3
2020-11-24 16:22:47.349776	7873	door 3 closed
2020-11-24 16:22:47.350439	7874	opening door 0
2020-11-24 16:22:48.101533	7875	door 0 opened
2020-11-24 16:22:48.101908	7876	closing door 2
2020-11-24 16:22:49.086310	7877	door 2 closed
2020-11-24 16:22:49.087080	7878	opening door 1
2020-11-24 16:22:49.794366	7879	door 1 opened
2020-11-24 16:23:16.537645	7880	feeder 1 reached (129)
2020-11-24 16:23:16.538282	7881	closing door 1
2020-11-24 16:23:17.133007	7882	door 1 closed
2020-11-24 16:23:17.133497	7883	opening door 2
2020-11-24 16:23:17.840585	7884	door 2 opened
2020-11-24 16:23:17.841234	7885	closing door 0
2020-11-24 16:23:18.960675	7886	door 0 closed
2020-11-24 16:23:18.961269	7887	opening door 3
2020-11-24 16:23:19.700692	7888	door 3 opened
2020-11-24 16:23:30.688558	7889	feeder 2 reached (127)
2020-11-24 16:23:30.688899	7890	closing door 3
2020-11-24 16:23:31.392001	7891	door 3 closed
2020-11-24 16:23:31.392712	7892	opening door 0
2020-11-24 16:23:32.112576	7893	door 0 opened
2020-11-24 16:23:32.113173	7894	closing door 2
2020-11-24 16:23:33.324926	7895	door 2 closed
2020-11-24 16:23:33.325582	7896	opening door 1
2020-11-24 16:23:34.044064	7897	door 1 opened
2020-11-24 16:23:41.640187	7898	feeder 1 reached (130)
2020-11-24 16:23:41.641049	7899	closing door 1
2020-11-24 16:23:42.241964	7900	door 1 closed
2020-11-24 16:23:42.242370	7901	opening door 2
2020-11-24 16:23:42.947369	7902	door 2 opened
2020-11-24 16:23:42.948176	7903	closing door 0
2020-11-24 16:23:43.963025	7904	door 0 closed
2020-11-24 16:23:43.963510	7905	opening door 3
2020-11-24 16:23:44.733994	7906	door 3 opened
2020-11-24 16:23:49.411340	7907	feeder 2 reached (128)
2020-11-24 16:23:49.411878	7908	closing door 3
2020-11-24 16:23:50.106163	7909	door 3 closed
2020-11-24 16:23:50.106694	7910	opening door 0
2020-11-24 16:23:50.830415	7911	door 0 opened
2020-11-24 16:23:50.831125	7912	closing door 2
2020-11-24 16:23:51.741960	7913	door 2 closed
2020-11-24 16:23:51.742825	7914	opening door 1
2020-11-24 16:23:52.452360	7915	door 1 opened
2020-11-24 16:24:08.149623	7916	feeder 1 reached (131)
2020-11-24 16:24:08.150281	7917	closing door 1
2020-11-24 16:24:08.749615	7918	door 1 closed
2020-11-24 16:24:08.750276	7919	opening door 2
2020-11-24 16:24:09.458052	7920	door 2 opened
2020-11-24 16:24:09.458813	7921	closing door 0
2020-11-24 16:24:10.597673	7922	door 0 closed
2020-11-24 16:24:10.598365	7923	opening door 3
2020-11-24 16:24:11.354387	7924	door 3 opened
2020-11-24 16:24:18.063960	7925	feeder 2 reached (129)
2020-11-24 16:24:18.064628	7926	closing door 3
2020-11-24 16:24:18.761825	7927	door 3 closed
2020-11-24 16:24:18.762678	7928	opening door 0
2020-11-24 16:24:19.482827	7929	door 0 opened
2020-11-24 16:24:19.483383	7930	closing door 2
2020-11-24 16:24:20.400992	7931	door 2 closed
2020-11-24 16:24:20.401409	7932	opening door 1
2020-11-24 16:24:21.111181	7933	door 1 opened
2020-11-24 16:24:29.696843	7934	feeder 1 reached (132)
2020-11-24 16:24:29.697738	7935	closing door 1
2020-11-24 16:24:30.295535	7936	door 1 closed
2020-11-24 16:24:30.296350	7937	opening door 2
2020-11-24 16:24:31.016121	7938	door 2 opened
2020-11-24 16:24:31.016949	7939	closing door 0
2020-11-24 16:24:31.819151	7940	door 0 closed
2020-11-24 16:24:31.820186	7941	opening door 3
2020-11-24 16:24:32.565098	7942	door 3 opened
2020-11-24 16:24:41.733071	7943	feeder 2 reached (130)
2020-11-24 16:24:41.733720	7944	closing door 3
2020-11-24 16:24:42.427555	7945	door 3 closed
2020-11-24 16:24:42.428130	7946	opening door 0
2020-11-24 16:24:43.150404	7947	door 0 opened
2020-11-24 16:24:43.151031	7948	closing door 2
2020-11-24 16:24:44.159128	7949	door 2 closed
2020-11-24 16:24:44.159970	7950	opening door 1
2020-11-24 16:24:44.895233	7951	door 1 opened
2020-11-24 16:24:59.818666	7952	feeder 1 reached (133)
2020-11-24 16:24:59.819400	7953	closing door 1
2020-11-24 16:25:00.416304	7954	door 1 closed
2020-11-24 16:25:00.417108	7955	opening door 2
2020-11-24 16:25:01.158320	7956	door 2 opened
2020-11-24 16:25:01.159113	7957	closing door 0
2020-11-24 16:25:02.153056	7958	door 0 closed
2020-11-24 16:25:02.153805	7959	opening door 3
2020-11-24 16:25:02.896380	7960	door 3 opened
2020-11-24 16:25:13.272098	7961	feeder 2 reached (131)
2020-11-24 16:25:13.272613	7962	closing door 3
2020-11-24 16:25:13.970167	7963	door 3 closed
2020-11-24 16:25:13.971021	7964	opening door 0
2020-11-24 16:25:14.691402	7965	door 0 opened
2020-11-24 16:25:14.692103	7966	closing door 2
2020-11-24 16:25:15.691015	7967	door 2 closed
2020-11-24 16:25:15.691829	7968	opening door 1
2020-11-24 16:25:16.400671	7969	door 1 opened
2020-11-24 16:25:29.651628	7970	feeder 1 reached (134)
2020-11-24 16:25:29.652346	7971	closing door 1
2020-11-24 16:25:30.256237	7972	door 1 closed
2020-11-24 16:25:30.257169	7973	opening door 2
2020-11-24 16:25:30.968521	7974	door 2 opened
2020-11-24 16:25:30.969194	7975	closing door 0
2020-11-24 16:25:31.783675	7976	door 0 closed
2020-11-24 16:25:31.784383	7977	opening door 3
2020-11-24 16:25:32.528242	7978	door 3 opened
2020-11-24 16:25:38.704494	7979	feeder 2 reached (132)
2020-11-24 16:25:38.704796	7980	closing door 3
2020-11-24 16:25:39.403412	7981	door 3 closed
2020-11-24 16:25:39.404050	7982	opening door 0
2020-11-24 16:25:40.168853	7983	door 0 opened
2020-11-24 16:25:40.169514	7984	closing door 2
2020-11-24 16:25:41.089275	7985	door 2 closed
2020-11-24 16:25:41.090001	7986	opening door 1
2020-11-24 16:25:41.797119	7987	door 1 opened
2020-11-24 16:26:06.853331	7988	feeder 1 reached (135)
2020-11-24 16:26:06.853714	7989	closing door 1
2020-11-24 16:26:07.448192	7990	door 1 closed
2020-11-24 16:26:07.449191	7991	opening door 2
2020-11-24 16:26:08.175459	7992	door 2 opened
2020-11-24 16:26:08.176129	7993	closing door 0
2020-11-24 16:26:09.336892	7994	door 0 closed
2020-11-24 16:26:09.337487	7995	opening door 3
2020-11-24 16:26:10.049864	7996	door 3 opened
2020-11-24 16:26:15.865057	7997	feeder 2 reached (133)
2020-11-24 16:26:15.865747	7998	closing door 3
2020-11-24 16:26:16.558995	7999	door 3 closed
2020-11-24 16:26:16.559356	8000	opening door 0
2020-11-24 16:26:17.285947	8001	door 0 opened
2020-11-24 16:26:17.286723	8002	closing door 2
2020-11-24 16:26:18.373114	8003	door 2 closed
2020-11-24 16:26:18.373789	8004	opening door 1
2020-11-24 16:26:19.085134	8005	door 1 opened
2020-11-24 16:26:29.872428	8006	feeder 1 reached (136)
2020-11-24 16:26:29.873168	8007	closing door 1
2020-11-24 16:26:30.469498	8008	door 1 closed
2020-11-24 16:26:30.470219	8009	opening door 2
2020-11-24 16:26:31.168387	8010	door 2 opened
2020-11-24 16:26:31.169128	8011	closing door 0
2020-11-24 16:26:32.281444	8012	door 0 closed
2020-11-24 16:26:32.282113	8013	opening door 3
2020-11-24 16:26:33.037076	8014	door 3 opened
2020-11-24 16:26:38.508871	8015	feeder 2 reached (134)
2020-11-24 16:26:38.509443	8016	closing door 3
2020-11-24 16:26:39.211526	8017	door 3 closed
2020-11-24 16:26:39.212146	8018	opening door 0
2020-11-24 16:26:39.944140	8019	door 0 opened
2020-11-24 16:26:39.944762	8020	closing door 2
2020-11-24 16:26:40.885752	8021	door 2 closed
2020-11-24 16:26:40.886283	8022	opening door 1
2020-11-24 16:26:41.606135	8023	door 1 opened
2020-11-24 16:26:50.746347	8024	feeder 1 reached (137)
2020-11-24 16:26:50.746632	8025	closing door 1
2020-11-24 16:26:51.342946	8026	door 1 closed
2020-11-24 16:26:51.343779	8027	opening door 2
2020-11-24 16:26:52.051805	8028	door 2 opened
2020-11-24 16:26:52.052508	8029	closing door 0
2020-11-24 16:26:53.151469	8030	door 0 closed
2020-11-24 16:26:53.152234	8031	opening door 3
2020-11-24 16:26:53.887891	8032	door 3 opened
2020-11-24 16:27:56.140114	8033	feeder 2 reached (135)
2020-11-24 16:27:56.140525	8034	closing door 3
2020-11-24 16:27:56.836010	8035	door 3 closed
2020-11-24 16:27:56.836705	8036	opening door 0
2020-11-24 16:27:57.557811	8037	door 0 opened
2020-11-24 16:27:57.558510	8038	closing door 2
2020-11-24 16:27:58.700978	8039	door 2 closed
2020-11-24 16:27:58.701631	8040	opening door 1
2020-11-24 16:27:59.426341	8041	door 1 opened
2020-11-24 16:28:12.641243	8042	feeder 1 reached (138)
2020-11-24 16:28:12.641929	8043	closing door 1
2020-11-24 16:28:13.240692	8044	door 1 closed
2020-11-24 16:28:13.241331	8045	closing door 2
2020-11-24 16:28:13.339516	8046	door 2 closed
2020-11-24 16:28:13.340152	8047	closing door 0
2020-11-24 16:28:14.273971	8048	door 0 closed
2020-11-24 16:28:14.274640	8049	closing door 3
2020-11-24 16:28:14.458853	8050	door 3 closed
2020-11-24 16:28:14.459483	8051	ended experiment GE2_20_11_24
