2020-12-10 14:17:25.984419	15244	started experiment GE2_20_12_10_Open1_CrepLight
2020-12-10 14:17:25.984770	15245	closing door 0
2020-12-10 14:17:26.158438	15246	door 0 closed
2020-12-10 14:17:26.158741	15247	closing door 1
2020-12-10 14:17:26.326613	15248	door 1 closed
2020-12-10 14:17:26.327765	15249	closing door 2
2020-12-10 14:17:26.500397	15250	door 2 closed
2020-12-10 14:17:26.500782	15251	closing door 3
2020-12-10 14:17:26.680221	15252	door 3 closed
2020-12-10 14:17:36.072344	15253	feeder 1 reached (4)
2020-12-10 14:17:36.072758	15254	closing door 1
2020-12-10 14:17:36.161948	15255	door 1 closed
2020-12-10 14:17:36.162326	15256	opening door 2
2020-12-10 14:17:36.859341	15257	door 2 opened
2020-12-10 14:17:36.859706	15258	closing door 0
2020-12-10 14:17:37.107871	15259	door 0 closed
2020-12-10 14:17:37.108269	15260	opening door 3
2020-12-10 14:17:37.840108	15261	door 3 opened
2020-12-10 14:18:25.605111	15262	feeder 2 reached (3)
2020-12-10 14:18:25.605486	15263	closing door 3
2020-12-10 14:18:26.282372	15264	door 3 closed
2020-12-10 14:18:26.282987	15265	opening door 0
2020-12-10 14:18:26.983952	15266	door 0 opened
2020-12-10 14:18:26.984354	15267	closing door 2
2020-12-10 14:18:27.772807	15268	door 2 closed
2020-12-10 14:18:27.773208	15269	opening door 1
2020-12-10 14:18:28.506197	15270	door 1 opened
2020-12-10 14:18:42.964405	15271	feeder 1 reached (5)
2020-12-10 14:18:42.964819	15272	closing door 1
2020-12-10 14:18:43.555115	15273	door 1 closed
2020-12-10 14:18:43.555525	15274	opening door 2
2020-12-10 14:18:44.257045	15275	door 2 opened
2020-12-10 14:18:44.257513	15276	closing door 0
2020-12-10 14:18:45.292626	15277	door 0 closed
2020-12-10 14:18:45.292972	15278	opening door 3
2020-12-10 14:18:46.037456	15279	door 3 opened
2020-12-10 14:19:03.137894	15280	feeder 2 reached (4)
2020-12-10 14:19:03.138234	15281	closing door 3
2020-12-10 14:19:03.827334	15282	door 3 closed
2020-12-10 14:19:03.827780	15283	opening door 0
2020-12-10 14:19:04.541292	15284	door 0 opened
2020-12-10 14:19:04.541648	15285	closing door 2
2020-12-10 14:19:05.367546	15286	door 2 closed
2020-12-10 14:19:05.367964	15287	opening door 1
2020-12-10 14:19:06.084651	15288	door 1 opened
2020-12-10 14:19:20.332108	15289	feeder 1 reached (6)
2020-12-10 14:19:20.332494	15290	closing door 1
2020-12-10 14:19:20.925740	15291	door 1 closed
2020-12-10 14:19:20.926126	15292	opening door 2
2020-12-10 14:19:21.622389	15293	door 2 opened
2020-12-10 14:19:21.622779	15294	closing door 0
2020-12-10 14:19:22.568222	15295	door 0 closed
2020-12-10 14:19:22.568677	15296	opening door 3
2020-12-10 14:19:23.305409	15297	door 3 opened
2020-12-10 14:19:46.254646	15298	feeder 2 reached (5)
2020-12-10 14:19:46.255054	15299	closing door 3
2020-12-10 14:19:47.023248	15300	door 3 closed
2020-12-10 14:19:47.023706	15301	opening door 0
2020-12-10 14:19:47.740621	15302	door 0 opened
2020-12-10 14:19:47.741009	15303	closing door 2
2020-12-10 14:19:48.762576	15304	door 2 closed
2020-12-10 14:19:48.762877	15305	opening door 1
2020-12-10 14:19:49.484678	15306	door 1 opened
2020-12-10 14:19:58.241528	15307	feeder 1 reached (7)
2020-12-10 14:19:58.242191	15308	closing door 1
2020-12-10 14:19:58.845074	15309	door 1 closed
2020-12-10 14:19:58.845490	15310	opening door 2
2020-12-10 14:19:59.535079	15311	door 2 opened
2020-12-10 14:19:59.535598	15312	closing door 0
2020-12-10 14:20:00.658968	15313	door 0 closed
2020-12-10 14:20:00.659285	15314	opening door 3
2020-12-10 14:20:01.389651	15315	door 3 opened
2020-12-10 14:20:14.728477	15316	feeder 2 reached (6)
2020-12-10 14:20:14.728932	15317	closing door 3
2020-12-10 14:20:15.420669	15318	door 3 closed
2020-12-10 14:20:15.421112	15319	opening door 0
2020-12-10 14:20:16.154800	15320	door 0 opened
2020-12-10 14:20:16.155207	15321	closing door 2
2020-12-10 14:20:17.054552	15322	door 2 closed
2020-12-10 14:20:17.054918	15323	opening door 1
2020-12-10 14:20:17.766403	15324	door 1 opened
2020-12-10 14:20:26.163560	15325	feeder 1 reached (8)
2020-12-10 14:20:26.163922	15326	closing door 1
2020-12-10 14:20:26.756819	15327	door 1 closed
2020-12-10 14:20:26.757186	15328	opening door 2
2020-12-10 14:20:27.456966	15329	door 2 opened
2020-12-10 14:20:27.457351	15330	closing door 0
2020-12-10 14:20:28.273644	15331	door 0 closed
2020-12-10 14:20:28.274008	15332	opening door 3
2020-12-10 14:20:29.015422	15333	door 3 opened
2020-12-10 14:21:03.521849	15334	feeder 2 reached (7)
2020-12-10 14:21:03.522285	15335	closing door 3
2020-12-10 14:21:04.217979	15336	door 3 closed
2020-12-10 14:21:04.218403	15337	opening door 0
2020-12-10 14:21:04.952362	15338	door 0 opened
2020-12-10 14:21:04.952731	15339	closing door 2
2020-12-10 14:21:05.772558	15340	door 2 closed
2020-12-10 14:21:05.773271	15341	opening door 1
2020-12-10 14:21:06.468194	15342	door 1 opened
2020-12-10 14:21:13.739661	15343	feeder 1 reached (9)
2020-12-10 14:21:13.740049	15344	closing door 1
2020-12-10 14:21:14.325316	15345	door 1 closed
2020-12-10 14:21:14.325730	15346	opening door 2
2020-12-10 14:21:15.022405	15347	door 2 opened
2020-12-10 14:21:15.022867	15348	closing door 0
2020-12-10 14:21:16.017795	15349	door 0 closed
2020-12-10 14:21:16.018462	15350	opening door 3
2020-12-10 14:21:16.776741	15351	door 3 opened
2020-12-10 14:21:27.538103	15352	feeder 2 reached (8)
2020-12-10 14:21:27.538558	15353	closing door 3
2020-12-10 14:21:28.233177	15354	door 3 closed
2020-12-10 14:21:28.233517	15355	opening door 0
2020-12-10 14:21:28.964486	15356	door 0 opened
2020-12-10 14:21:28.964900	15357	closing door 2
2020-12-10 14:21:29.778416	15358	door 2 closed
2020-12-10 14:21:29.778775	15359	opening door 1
2020-12-10 14:21:30.506153	15360	door 1 opened
2020-12-10 14:22:20.788800	15361	feeder 1 reached (10)
2020-12-10 14:22:20.789261	15362	closing door 1
2020-12-10 14:22:21.383044	15363	door 1 closed
2020-12-10 14:22:21.383408	15364	opening door 2
2020-12-10 14:22:22.079707	15365	door 2 opened
2020-12-10 14:22:22.080074	15366	closing door 0
2020-12-10 14:22:23.226051	15367	door 0 closed
2020-12-10 14:22:23.226424	15368	opening door 3
2020-12-10 14:22:23.959107	15369	door 3 opened
2020-12-10 14:22:45.299363	15370	feeder 2 reached (9)
2020-12-10 14:22:45.299773	15371	closing door 3
2020-12-10 14:22:45.991660	15372	door 3 closed
2020-12-10 14:22:45.992076	15373	opening door 0
2020-12-10 14:22:46.710607	15374	door 0 opened
2020-12-10 14:22:46.710983	15375	closing door 2
2020-12-10 14:22:47.788372	15376	door 2 closed
2020-12-10 14:22:47.788775	15377	opening door 1
2020-12-10 14:22:48.481502	15378	door 1 opened
2020-12-10 14:22:53.295225	15379	feeder 1 reached (11)
2020-12-10 14:22:53.295529	15380	closing door 1
2020-12-10 14:22:53.888442	15381	door 1 closed
2020-12-10 14:22:53.888887	15382	opening door 2
2020-12-10 14:22:54.584498	15383	door 2 opened
2020-12-10 14:22:54.584970	15384	closing door 0
2020-12-10 14:22:55.574042	15385	door 0 closed
2020-12-10 14:22:55.574467	15386	opening door 3
2020-12-10 14:22:56.323722	15387	door 3 opened
2020-12-10 14:23:27.602153	15388	feeder 2 reached (10)
2020-12-10 14:23:27.602559	15389	closing door 3
2020-12-10 14:23:28.292310	15390	door 3 closed
2020-12-10 14:23:28.292706	15391	opening door 0
2020-12-10 14:23:29.010470	15392	door 0 opened
2020-12-10 14:23:29.010957	15393	closing door 2
2020-12-10 14:23:29.969684	15394	door 2 closed
2020-12-10 14:23:29.970086	15395	opening door 1
2020-12-10 14:23:30.668790	15396	door 1 opened
2020-12-10 14:23:41.436133	15397	feeder 1 reached (12)
2020-12-10 14:23:41.436556	15398	closing door 1
2020-12-10 14:23:42.029617	15399	door 1 closed
2020-12-10 14:23:42.029972	15400	opening door 2
2020-12-10 14:23:42.715985	15401	door 2 opened
2020-12-10 14:23:42.716363	15402	closing door 0
2020-12-10 14:23:43.893426	15403	door 0 closed
2020-12-10 14:23:43.893763	15404	opening door 3
2020-12-10 14:23:44.611885	15405	door 3 opened
2020-12-10 14:24:06.466642	15406	feeder 2 reached (11)
2020-12-10 14:24:06.467029	15407	closing door 3
2020-12-10 14:24:07.162390	15408	door 3 closed
2020-12-10 14:24:07.162745	15409	opening door 0
2020-12-10 14:24:07.900475	15410	door 0 opened
2020-12-10 14:24:07.900899	15411	closing door 2
2020-12-10 14:24:08.894394	15412	door 2 closed
2020-12-10 14:24:08.894797	15413	opening door 1
2020-12-10 14:24:09.615243	15414	door 1 opened
2020-12-10 14:24:18.435733	15415	feeder 1 reached (13)
2020-12-10 14:24:18.436087	15416	closing door 1
2020-12-10 14:24:19.039106	15417	door 1 closed
2020-12-10 14:24:19.039556	15418	opening door 2
2020-12-10 14:24:19.737409	15419	door 2 opened
2020-12-10 14:24:19.737847	15420	closing door 0
2020-12-10 14:24:20.756423	15421	door 0 closed
2020-12-10 14:24:20.757000	15422	opening door 3
2020-12-10 14:24:21.508899	15423	door 3 opened
2020-12-10 14:24:47.054453	15424	feeder 2 reached (12)
2020-12-10 14:24:47.055275	15425	closing door 3
2020-12-10 14:24:47.749991	15426	door 3 closed
2020-12-10 14:24:47.750379	15427	opening door 0
2020-12-10 14:24:48.466692	15428	door 0 opened
2020-12-10 14:24:48.481799	15429	closing door 2
2020-12-10 14:24:49.447501	15430	door 2 closed
2020-12-10 14:24:49.447920	15431	opening door 1
2020-12-10 14:24:50.145667	15432	door 1 opened
2020-12-10 14:25:02.491046	15433	feeder 1 reached (14)
2020-12-10 14:25:02.491503	15434	closing door 1
2020-12-10 14:25:03.118357	15435	door 1 closed
2020-12-10 14:25:03.118739	15436	opening door 2
2020-12-10 14:25:03.817918	15437	door 2 opened
2020-12-10 14:25:03.818259	15438	closing door 0
2020-12-10 14:25:05.013977	15439	door 0 closed
2020-12-10 14:25:05.014410	15440	opening door 3
2020-12-10 14:25:05.757659	15441	door 3 opened
2020-12-10 14:25:16.072343	15442	feeder 2 reached (13)
2020-12-10 14:25:16.072729	15443	closing door 3
2020-12-10 14:25:16.769903	15444	door 3 closed
2020-12-10 14:25:16.770271	15445	opening door 0
2020-12-10 14:25:17.501600	15446	door 0 opened
2020-12-10 14:25:17.501964	15447	closing door 2
2020-12-10 14:25:18.512418	15448	door 2 closed
2020-12-10 14:25:18.512746	15449	opening door 1
2020-12-10 14:25:19.207916	15450	door 1 opened
2020-12-10 14:25:33.569518	15451	feeder 1 reached (15)
2020-12-10 14:25:33.569893	15452	closing door 1
2020-12-10 14:25:34.161297	15453	door 1 closed
2020-12-10 14:25:34.161664	15454	opening door 2
2020-12-10 14:25:34.855773	15455	door 2 opened
2020-12-10 14:25:34.856148	15456	closing door 0
2020-12-10 14:25:35.733207	15457	door 0 closed
2020-12-10 14:25:35.733576	15458	opening door 3
2020-12-10 14:25:36.466458	15459	door 3 opened
2020-12-10 14:26:04.474960	15460	feeder 2 reached (14)
2020-12-10 14:26:04.475363	15461	closing door 3
2020-12-10 14:26:05.170533	15462	door 3 closed
2020-12-10 14:26:05.170942	15463	opening door 0
2020-12-10 14:26:05.886722	15464	door 0 opened
2020-12-10 14:26:05.887099	15465	closing door 2
2020-12-10 14:26:06.853410	15466	door 2 closed
2020-12-10 14:26:06.853814	15467	opening door 1
2020-12-10 14:26:07.560415	15468	door 1 opened
2020-12-10 14:26:13.752579	15469	feeder 1 reached (16)
2020-12-10 14:26:13.752968	15470	closing door 1
2020-12-10 14:26:14.342861	15471	door 1 closed
2020-12-10 14:26:14.343233	15472	opening door 2
2020-12-10 14:26:15.039805	15473	door 2 opened
2020-12-10 14:26:15.040228	15474	closing door 0
2020-12-10 14:26:15.875521	15475	door 0 closed
2020-12-10 14:26:15.875909	15476	opening door 3
2020-12-10 14:26:16.623535	15477	door 3 opened
2020-12-10 14:26:28.193774	15478	feeder 2 reached (15)
2020-12-10 14:26:28.194145	15479	closing door 3
2020-12-10 14:26:28.886917	15480	door 3 closed
2020-12-10 14:26:28.887321	15481	opening door 0
2020-12-10 14:26:29.593821	15482	door 0 opened
2020-12-10 14:26:29.594318	15483	closing door 2
2020-12-10 14:26:30.604426	15484	door 2 closed
2020-12-10 14:26:30.604858	15485	opening door 1
2020-12-10 14:26:31.321846	15486	door 1 opened
2020-12-10 14:26:36.726560	15487	feeder 1 reached (17)
2020-12-10 14:26:36.726968	15488	closing door 1
2020-12-10 14:26:37.319928	15489	door 1 closed
2020-12-10 14:26:37.320279	15490	opening door 2
2020-12-10 14:26:38.015996	15491	door 2 opened
2020-12-10 14:26:38.016422	15492	closing door 0
2020-12-10 14:26:39.226069	15493	door 0 closed
2020-12-10 14:26:39.226738	15494	opening door 3
2020-12-10 14:26:39.980573	15495	door 3 opened
2020-12-10 14:27:01.079876	15496	feeder 2 reached (16)
2020-12-10 14:27:01.080251	15497	closing door 3
2020-12-10 14:27:01.773158	15498	door 3 closed
2020-12-10 14:27:01.773562	15499	opening door 0
2020-12-10 14:27:02.494186	15500	door 0 opened
2020-12-10 14:27:02.494915	15501	closing door 2
2020-12-10 14:27:03.386480	15502	door 2 closed
2020-12-10 14:27:03.386955	15503	opening door 1
2020-12-10 14:27:04.087011	15504	door 1 opened
2020-12-10 14:27:09.454632	15505	feeder 1 reached (18)
2020-12-10 14:27:09.455048	15506	closing door 1
2020-12-10 14:27:10.051579	15507	door 1 closed
2020-12-10 14:27:10.051992	15508	opening door 2
2020-12-10 14:27:10.738391	15509	door 2 opened
2020-12-10 14:27:10.738830	15510	closing door 0
2020-12-10 14:27:11.596457	15511	door 0 closed
2020-12-10 14:27:11.596828	15512	opening door 3
2020-12-10 14:27:12.361580	15513	door 3 opened
2020-12-10 14:27:27.447856	15514	feeder 2 reached (17)
2020-12-10 14:27:27.448410	15515	closing door 3
2020-12-10 14:27:28.141528	15516	door 3 closed
2020-12-10 14:27:28.141853	15517	opening door 0
2020-12-10 14:27:28.861443	15518	door 0 opened
2020-12-10 14:27:28.861820	15519	closing door 2
2020-12-10 14:27:30.017093	15520	door 2 closed
2020-12-10 14:27:30.017538	15521	opening door 1
2020-12-10 14:27:30.735326	15522	door 1 opened
2020-12-10 14:27:36.431876	15523	feeder 1 reached (19)
2020-12-10 14:27:36.432280	15524	closing door 1
2020-12-10 14:27:37.033091	15525	door 1 closed
2020-12-10 14:27:37.033545	15526	opening door 2
2020-12-10 14:27:37.731559	15527	door 2 opened
2020-12-10 14:27:37.731972	15528	closing door 0
2020-12-10 14:27:38.616146	15529	door 0 closed
2020-12-10 14:27:38.616561	15530	opening door 3
2020-12-10 14:27:39.364484	15531	door 3 opened
2020-12-10 14:27:55.438029	15532	feeder 2 reached (18)
2020-12-10 14:27:55.438427	15533	closing door 3
2020-12-10 14:27:56.130447	15534	door 3 closed
2020-12-10 14:27:56.130824	15535	opening door 0
2020-12-10 14:27:56.850017	15536	door 0 opened
2020-12-10 14:27:56.850516	15537	closing door 2
2020-12-10 14:27:57.857297	15538	door 2 closed
2020-12-10 14:27:57.857710	15539	opening door 1
2020-12-10 14:27:58.569796	15540	door 1 opened
2020-12-10 14:28:04.965606	15541	feeder 1 reached (20)
2020-12-10 14:28:04.966001	15542	closing door 1
2020-12-10 14:28:05.562199	15543	door 1 closed
2020-12-10 14:28:05.562582	15544	opening door 2
2020-12-10 14:28:06.261535	15545	door 2 opened
2020-12-10 14:28:06.261877	15546	closing door 0
2020-12-10 14:28:07.277191	15547	door 0 closed
2020-12-10 14:28:07.277627	15548	opening door 3
2020-12-10 14:28:08.007980	15549	door 3 opened
2020-12-10 14:28:18.788303	15550	feeder 2 reached (19)
2020-12-10 14:28:18.788939	15551	closing door 3
2020-12-10 14:28:19.478618	15552	door 3 closed
2020-12-10 14:28:19.479021	15553	opening door 0
2020-12-10 14:28:20.222740	15554	door 0 opened
2020-12-10 14:28:20.223119	15555	closing door 2
2020-12-10 14:28:21.212522	15556	door 2 closed
2020-12-10 14:28:21.212937	15557	opening door 1
2020-12-10 14:28:21.929586	15558	door 1 opened
2020-12-10 14:29:43.658911	15559	feeder 1 reached (21)
2020-12-10 14:29:43.659311	15560	closing door 1
2020-12-10 14:29:44.254365	15561	door 1 closed
2020-12-10 14:29:44.254795	15562	opening door 2
2020-12-10 14:29:44.988638	15563	door 2 opened
2020-12-10 14:29:44.989466	15564	closing door 0
2020-12-10 14:29:45.999852	15565	door 0 closed
2020-12-10 14:29:46.000237	15566	opening door 3
2020-12-10 14:29:46.718404	15567	door 3 opened
2020-12-10 14:30:09.832670	15568	feeder 2 reached (20)
2020-12-10 14:30:09.833092	15569	closing door 3
2020-12-10 14:30:10.513972	15570	door 3 closed
2020-12-10 14:30:10.514433	15571	opening door 0
2020-12-10 14:30:11.244154	15572	door 0 opened
2020-12-10 14:30:11.244715	15573	closing door 2
2020-12-10 14:30:12.217773	15574	door 2 closed
2020-12-10 14:30:12.218182	15575	opening door 1
2020-12-10 14:30:12.935976	15576	door 1 opened
2020-12-10 14:30:29.960469	15577	feeder 1 reached (22)
2020-12-10 14:30:29.960894	15578	closing door 1
2020-12-10 14:30:30.548070	15579	door 1 closed
2020-12-10 14:30:30.548429	15580	opening door 2
2020-12-10 14:30:31.238745	15581	door 2 opened
2020-12-10 14:30:31.239128	15582	closing door 0
2020-12-10 14:30:32.307253	15583	door 0 closed
2020-12-10 14:30:32.307637	15584	opening door 3
2020-12-10 14:30:33.062755	15585	door 3 opened
2020-12-10 14:30:55.693965	15586	feeder 2 reached (21)
2020-12-10 14:30:55.694339	15587	closing door 3
2020-12-10 14:30:56.393317	15588	door 3 closed
2020-12-10 14:30:56.393895	15589	opening door 0
2020-12-10 14:30:57.121809	15590	door 0 opened
2020-12-10 14:30:57.122191	15591	closing door 2
2020-12-10 14:30:58.089835	15592	door 2 closed
2020-12-10 14:30:58.090230	15593	opening door 1
2020-12-10 14:30:58.814309	15594	door 1 opened
2020-12-10 14:31:07.701498	15595	feeder 1 reached (23)
2020-12-10 14:31:07.701869	15596	closing door 1
2020-12-10 14:31:08.288967	15597	door 1 closed
2020-12-10 14:31:08.289448	15598	opening door 2
2020-12-10 14:31:08.981327	15599	door 2 opened
2020-12-10 14:31:08.981744	15600	closing door 0
2020-12-10 14:31:09.969303	15601	door 0 closed
2020-12-10 14:31:09.969723	15602	opening door 3
2020-12-10 14:31:10.700951	15603	door 3 opened
2020-12-10 14:31:45.181165	15604	feeder 2 reached (22)
2020-12-10 14:31:45.181559	15605	closing door 3
2020-12-10 14:31:45.880830	15606	door 3 closed
2020-12-10 14:31:45.881291	15607	opening door 0
2020-12-10 14:31:46.625389	15608	door 0 opened
2020-12-10 14:31:46.625742	15609	closing door 2
2020-12-10 14:31:47.658468	15610	door 2 closed
2020-12-10 14:31:47.658917	15611	opening door 1
2020-12-10 14:31:48.371877	15612	door 1 opened
2020-12-10 14:31:56.756618	15613	feeder 1 reached (24)
2020-12-10 14:31:56.757046	15614	closing door 1
2020-12-10 14:31:57.352285	15615	door 1 closed
2020-12-10 14:31:57.352667	15616	opening door 2
2020-12-10 14:31:58.048420	15617	door 2 opened
2020-12-10 14:31:58.048832	15618	closing door 0
2020-12-10 14:31:59.136699	15619	door 0 closed
2020-12-10 14:31:59.137123	15620	opening door 3
2020-12-10 14:31:59.880262	15621	door 3 opened
2020-12-10 14:32:08.882353	15622	feeder 2 reached (23)
2020-12-10 14:32:08.882744	15623	closing door 3
2020-12-10 14:32:09.577196	15624	door 3 closed
2020-12-10 14:32:09.577595	15625	opening door 0
2020-12-10 14:32:10.294897	15626	door 0 opened
2020-12-10 14:32:10.295391	15627	closing door 2
2020-12-10 14:32:11.404442	15628	door 2 closed
2020-12-10 14:32:11.404818	15629	opening door 1
2020-12-10 14:32:12.114502	15630	door 1 opened
2020-12-10 14:32:20.090921	15631	feeder 1 reached (25)
2020-12-10 14:32:20.091256	15632	closing door 1
2020-12-10 14:32:20.709924	15633	door 1 closed
2020-12-10 14:32:20.710367	15634	opening door 2
2020-12-10 14:32:21.429043	15635	door 2 opened
2020-12-10 14:32:21.429447	15636	closing door 0
2020-12-10 14:32:22.464254	15637	door 0 closed
2020-12-10 14:32:22.464671	15638	opening door 3
2020-12-10 14:32:23.219252	15639	door 3 opened
2020-12-10 14:32:57.501134	15640	feeder 2 reached (24)
2020-12-10 14:32:57.501505	15641	closing door 3
2020-12-10 14:32:58.198357	15642	door 3 closed
2020-12-10 14:32:58.198744	15643	opening door 0
2020-12-10 14:32:58.916372	15644	door 0 opened
2020-12-10 14:32:58.917065	15645	closing door 2
2020-12-10 14:32:59.736433	15646	door 2 closed
2020-12-10 14:32:59.737146	15647	opening door 1
2020-12-10 14:33:00.455038	15648	door 1 opened
2020-12-10 14:33:07.153972	15649	feeder 1 reached (26)
2020-12-10 14:33:07.154346	15650	closing door 1
2020-12-10 14:33:07.747156	15651	door 1 closed
2020-12-10 14:33:07.748119	15652	opening door 2
2020-12-10 14:33:08.440057	15653	door 2 opened
2020-12-10 14:33:08.440442	15654	closing door 0
2020-12-10 14:33:09.561148	15655	door 0 closed
2020-12-10 14:33:09.561534	15656	opening door 3
2020-12-10 14:33:10.309575	15657	door 3 opened
2020-12-10 14:33:33.720895	15658	feeder 2 reached (25)
2020-12-10 14:33:33.721297	15659	closing door 3
2020-12-10 14:33:34.414018	15660	door 3 closed
2020-12-10 14:33:34.414417	15661	opening door 0
2020-12-10 14:33:35.131689	15662	door 0 opened
2020-12-10 14:33:35.132108	15663	closing door 2
2020-12-10 14:33:36.199729	15664	door 2 closed
2020-12-10 14:33:36.200098	15665	opening door 1
2020-12-10 14:33:36.938754	15666	door 1 opened
2020-12-10 14:33:43.723494	15667	feeder 1 reached (27)
2020-12-10 14:33:43.723927	15668	closing door 1
2020-12-10 14:33:44.316103	15669	door 1 closed
2020-12-10 14:33:44.316527	15670	opening door 2
2020-12-10 14:33:45.026023	15671	door 2 opened
2020-12-10 14:33:45.026440	15672	closing door 0
2020-12-10 14:33:46.069273	15673	door 0 closed
2020-12-10 14:33:46.069708	15674	opening door 3
2020-12-10 14:33:46.815441	15675	door 3 opened
2020-12-10 14:34:04.709052	15676	feeder 2 reached (26)
2020-12-10 14:34:04.709454	15677	closing door 3
2020-12-10 14:34:05.405914	15678	door 3 closed
2020-12-10 14:34:05.406327	15679	opening door 0
2020-12-10 14:34:06.122579	15680	door 0 opened
2020-12-10 14:34:06.122993	15681	closing door 2
2020-12-10 14:34:07.339127	15682	door 2 closed
2020-12-10 14:34:07.339972	15683	opening door 1
2020-12-10 14:34:08.047911	15684	door 1 opened
2020-12-10 14:34:23.897820	15685	feeder 1 reached (28)
2020-12-10 14:34:23.898266	15686	closing door 1
2020-12-10 14:34:24.482477	15687	door 1 closed
2020-12-10 14:34:24.482846	15688	opening door 2
2020-12-10 14:34:25.177780	15689	door 2 opened
2020-12-10 14:34:25.178136	15690	closing door 0
2020-12-10 14:34:26.157225	15691	door 0 closed
2020-12-10 14:34:26.157590	15692	opening door 3
2020-12-10 14:34:26.891628	15693	door 3 opened
2020-12-10 14:34:34.603038	15694	feeder 2 reached (27)
2020-12-10 14:34:34.603451	15695	closing door 3
2020-12-10 14:34:35.301280	15696	door 3 closed
2020-12-10 14:34:35.301684	15697	opening door 0
2020-12-10 14:34:36.017578	15698	door 0 opened
2020-12-10 14:34:36.017995	15699	closing door 2
2020-12-10 14:34:36.818153	15700	door 2 closed
2020-12-10 14:34:36.818539	15701	opening door 1
2020-12-10 14:34:37.525340	15702	door 1 opened
2020-12-10 14:34:44.057404	15703	feeder 1 reached (29)
2020-12-10 14:34:44.057795	15704	closing door 1
2020-12-10 14:34:44.648726	15705	door 1 closed
2020-12-10 14:34:44.649116	15706	opening door 2
2020-12-10 14:34:45.344824	15707	door 2 opened
2020-12-10 14:34:45.345202	15708	closing door 0
2020-12-10 14:34:46.233835	15709	door 0 closed
2020-12-10 14:34:46.234218	15710	opening door 3
2020-12-10 14:34:46.968318	15711	door 3 opened
2020-12-10 14:35:33.727819	15712	feeder 2 reached (28)
2020-12-10 14:35:33.728412	15713	closing door 3
2020-12-10 14:35:34.421098	15714	door 3 closed
2020-12-10 14:35:34.421592	15715	opening door 0
2020-12-10 14:35:35.154078	15716	door 0 opened
2020-12-10 14:35:35.154420	15717	closing door 2
2020-12-10 14:35:36.209777	15718	door 2 closed
2020-12-10 14:35:36.210171	15719	opening door 1
2020-12-10 14:35:36.931226	15720	door 1 opened
2020-12-10 14:35:43.848468	15721	feeder 1 reached (30)
2020-12-10 14:35:43.848876	15722	closing door 1
2020-12-10 14:35:44.441273	15723	door 1 closed
2020-12-10 14:35:44.441691	15724	opening door 2
2020-12-10 14:35:45.136131	15725	door 2 opened
2020-12-10 14:35:45.136536	15726	closing door 0
2020-12-10 14:35:46.048053	15727	door 0 closed
2020-12-10 14:35:46.048718	15728	opening door 3
2020-12-10 14:35:46.779075	15729	door 3 opened
2020-12-10 14:35:52.275605	15730	feeder 2 reached (29)
2020-12-10 14:35:52.276024	15731	closing door 3
2020-12-10 14:35:52.971352	15732	door 3 closed
2020-12-10 14:35:52.971751	15733	opening door 0
2020-12-10 14:35:53.730053	15734	door 0 opened
2020-12-10 14:35:53.730419	15735	closing door 2
2020-12-10 14:35:54.670070	15736	door 2 closed
2020-12-10 14:35:54.670446	15737	opening door 1
2020-12-10 14:35:55.378457	15738	door 1 opened
2020-12-10 14:36:01.716453	15739	feeder 1 reached (31)
2020-12-10 14:36:01.716900	15740	closing door 1
2020-12-10 14:36:02.429690	15741	door 1 closed
2020-12-10 14:36:02.430079	15742	opening door 2
2020-12-10 14:36:03.126990	15743	door 2 opened
2020-12-10 14:36:03.127361	15744	closing door 0
2020-12-10 14:36:04.072992	15745	door 0 closed
2020-12-10 14:36:04.073398	15746	opening door 3
2020-12-10 14:36:04.818880	15747	door 3 opened
2020-12-10 14:36:18.852135	15748	feeder 2 reached (30)
2020-12-10 14:36:18.852520	15749	closing door 3
2020-12-10 14:36:19.548289	15750	door 3 closed
2020-12-10 14:36:19.548673	15751	opening door 0
2020-12-10 14:36:20.265092	15752	door 0 opened
2020-12-10 14:36:20.265500	15753	closing door 2
2020-12-10 14:36:21.267304	15754	door 2 closed
2020-12-10 14:36:21.267667	15755	opening door 1
2020-12-10 14:36:21.984788	15756	door 1 opened
2020-12-10 14:36:34.792732	15757	feeder 1 reached (32)
2020-12-10 14:36:34.793138	15758	closing door 1
2020-12-10 14:36:35.387943	15759	door 1 closed
2020-12-10 14:36:35.388354	15760	opening door 2
2020-12-10 14:36:36.083833	15761	door 2 opened
2020-12-10 14:36:36.084205	15762	closing door 0
2020-12-10 14:36:37.249268	15763	door 0 closed
2020-12-10 14:36:37.249675	15764	opening door 3
2020-12-10 14:36:37.998907	15765	door 3 opened
2020-12-10 14:36:50.141993	15766	feeder 2 reached (31)
2020-12-10 14:36:50.142334	15767	closing door 3
2020-12-10 14:36:50.839242	15768	door 3 closed
2020-12-10 14:36:50.839629	15769	opening door 0
2020-12-10 14:36:51.555291	15770	door 0 opened
2020-12-10 14:36:51.555706	15771	closing door 2
2020-12-10 14:36:52.399853	15772	door 2 closed
2020-12-10 14:36:52.400239	15773	opening door 1
2020-12-10 14:36:53.104201	15774	door 1 opened
2020-12-10 14:37:29.305908	15775	feeder 1 reached (33)
2020-12-10 14:37:29.306337	15776	closing door 1
2020-12-10 14:37:29.897869	15777	door 1 closed
2020-12-10 14:37:29.898262	15778	opening door 2
2020-12-10 14:37:30.593907	15779	door 2 opened
2020-12-10 14:37:30.594292	15780	closing door 0
2020-12-10 14:37:31.724330	15781	door 0 closed
2020-12-10 14:37:31.724633	15782	opening door 3
2020-12-10 14:37:32.455033	15783	door 3 opened
2020-12-10 14:38:06.152588	15784	feeder 2 reached (32)
2020-12-10 14:38:06.153011	15785	closing door 3
2020-12-10 14:38:06.850496	15786	door 3 closed
2020-12-10 14:38:06.850875	15787	opening door 0
2020-12-10 14:38:07.566847	15788	door 0 opened
2020-12-10 14:38:07.567242	15789	closing door 2
2020-12-10 14:38:08.595921	15790	door 2 closed
2020-12-10 14:38:08.596294	15791	opening door 1
2020-12-10 14:38:09.308464	15792	door 1 opened
2020-12-10 14:38:26.213075	15793	feeder 1 reached (34)
2020-12-10 14:38:26.213465	15794	closing door 1
2020-12-10 14:38:26.807639	15795	door 1 closed
2020-12-10 14:38:26.808035	15796	opening door 2
2020-12-10 14:38:27.503353	15797	door 2 opened
2020-12-10 14:38:27.503737	15798	closing door 0
2020-12-10 14:38:28.680925	15799	door 0 closed
2020-12-10 14:38:28.681358	15800	opening door 3
2020-12-10 14:38:29.414628	15801	door 3 opened
2020-12-10 14:38:34.898047	15802	feeder 2 reached (33)
2020-12-10 14:38:34.898414	15803	closing door 3
2020-12-10 14:38:35.594169	15804	door 3 closed
2020-12-10 14:38:35.594607	15805	opening door 0
2020-12-10 14:38:36.309764	15806	door 0 opened
2020-12-10 14:38:36.310157	15807	closing door 2
2020-12-10 14:38:37.245360	15808	door 2 closed
2020-12-10 14:38:37.245752	15809	opening door 1
2020-12-10 14:38:37.967842	15810	door 1 opened
2020-12-10 14:38:47.310931	15811	feeder 1 reached (35)
2020-12-10 14:38:47.311324	15812	closing door 1
2020-12-10 14:38:47.903368	15813	door 1 closed
2020-12-10 14:38:47.903870	15814	opening door 2
2020-12-10 14:38:48.606218	15815	door 2 opened
2020-12-10 14:38:48.606659	15816	closing door 0
2020-12-10 14:38:49.540677	15817	door 0 closed
2020-12-10 14:38:49.541093	15818	opening door 3
2020-12-10 14:38:50.284555	15819	door 3 opened
2020-12-10 14:39:10.069949	15820	feeder 2 reached (34)
2020-12-10 14:39:10.070350	15821	closing door 3
2020-12-10 14:39:10.767775	15822	door 3 closed
2020-12-10 14:39:10.768157	15823	opening door 0
2020-12-10 14:39:11.520117	15824	door 0 opened
2020-12-10 14:39:11.520493	15825	closing door 2
2020-12-10 14:39:12.492575	15826	door 2 closed
2020-12-10 14:39:12.492959	15827	opening door 1
2020-12-10 14:39:13.199150	15828	door 1 opened
2020-12-10 14:39:19.898325	15829	feeder 1 reached (36)
2020-12-10 14:39:19.898722	15830	closing door 1
2020-12-10 14:39:20.491009	15831	door 1 closed
2020-12-10 14:39:20.491418	15832	opening door 2
2020-12-10 14:39:21.186459	15833	door 2 opened
2020-12-10 14:39:21.186863	15834	closing door 0
2020-12-10 14:39:22.295920	15835	door 0 closed
2020-12-10 14:39:22.296309	15836	opening door 3
2020-12-10 14:39:23.031028	15837	door 3 opened
2020-12-10 14:39:39.931783	15838	feeder 2 reached (35)
2020-12-10 14:39:39.932162	15839	closing door 3
2020-12-10 14:39:40.628127	15840	door 3 closed
2020-12-10 14:39:40.628508	15841	opening door 0
2020-12-10 14:39:41.349909	15842	door 0 opened
2020-12-10 14:39:41.350310	15843	closing door 2
2020-12-10 14:39:42.417384	15844	door 2 closed
2020-12-10 14:39:42.417768	15845	opening door 1
2020-12-10 14:39:43.134918	15846	door 1 opened
2020-12-10 14:39:49.710284	15847	feeder 1 reached (37)
2020-12-10 14:39:49.710747	15848	closing door 1
2020-12-10 14:39:50.305952	15849	door 1 closed
2020-12-10 14:39:50.306372	15850	opening door 2
2020-12-10 14:39:51.047006	15851	door 2 opened
2020-12-10 14:39:51.047415	15852	closing door 0
2020-12-10 14:39:52.247419	15853	door 0 closed
2020-12-10 14:39:52.247806	15854	opening door 3
2020-12-10 14:39:52.979092	15855	door 3 opened
2020-12-10 14:39:56.762251	15856	feeder 2 reached (36)
2020-12-10 14:39:56.762640	15857	closing door 3
2020-12-10 14:39:57.458986	15858	door 3 closed
2020-12-10 14:39:57.459365	15859	opening door 0
2020-12-10 14:39:58.176565	15860	door 0 opened
2020-12-10 14:39:58.176937	15861	closing door 2
2020-12-10 14:39:59.205021	15862	door 2 closed
2020-12-10 14:39:59.205465	15863	opening door 1
2020-12-10 14:39:59.909172	15864	door 1 opened
2020-12-10 14:40:05.527538	15865	feeder 1 reached (38)
2020-12-10 14:40:05.528135	15866	closing door 1
2020-12-10 14:40:06.124617	15867	door 1 closed
2020-12-10 14:40:06.125042	15868	opening door 2
2020-12-10 14:40:06.821659	15869	door 2 opened
2020-12-10 14:40:06.822047	15870	closing door 0
2020-12-10 14:40:07.810615	15871	door 0 closed
2020-12-10 14:40:07.811030	15872	opening door 3
2020-12-10 14:40:08.557089	15873	door 3 opened
2020-12-10 14:40:13.657122	15874	feeder 2 reached (37)
2020-12-10 14:40:13.657526	15875	closing door 3
2020-12-10 14:40:14.355232	15876	door 3 closed
2020-12-10 14:40:14.355591	15877	opening door 0
2020-12-10 14:40:15.112483	15878	door 0 opened
2020-12-10 14:40:15.112790	15879	closing door 2
2020-12-10 14:40:15.988183	15880	door 2 closed
2020-12-10 14:40:15.988579	15881	opening door 1
2020-12-10 14:40:16.698655	15882	door 1 opened
2020-12-10 14:40:22.693037	15883	feeder 1 reached (39)
2020-12-10 14:40:22.693472	15884	closing door 1
2020-12-10 14:40:23.285992	15885	door 1 closed
2020-12-10 14:40:23.286374	15886	opening door 2
2020-12-10 14:40:23.981285	15887	door 2 opened
2020-12-10 14:40:23.981601	15888	closing door 0
2020-12-10 14:40:25.000807	15889	door 0 closed
2020-12-10 14:40:25.001226	15890	opening door 3
2020-12-10 14:40:25.748877	15891	door 3 opened
2020-12-10 14:40:31.649210	15892	feeder 2 reached (38)
2020-12-10 14:40:31.649694	15893	closing door 3
2020-12-10 14:40:32.346112	15894	door 3 closed
2020-12-10 14:40:32.346515	15895	opening door 0
2020-12-10 14:40:33.059449	15896	door 0 opened
2020-12-10 14:40:33.060150	15897	closing door 2
2020-12-10 14:40:33.996240	15898	door 2 closed
2020-12-10 14:40:33.996631	15899	opening door 1
2020-12-10 14:40:34.699632	15900	door 1 opened
2020-12-10 14:41:25.229889	15901	feeder 1 reached (40)
2020-12-10 14:41:25.230265	15902	closing door 1
2020-12-10 14:41:25.819657	15903	door 1 closed
2020-12-10 14:41:25.820029	15904	opening door 2
2020-12-10 14:41:26.523989	15905	door 2 opened
2020-12-10 14:41:26.524527	15906	closing door 0
2020-12-10 14:41:27.648636	15907	door 0 closed
2020-12-10 14:41:27.649039	15908	opening door 3
2020-12-10 14:41:28.367679	15909	door 3 opened
2020-12-10 14:41:37.224698	15910	feeder 2 reached (39)
2020-12-10 14:41:37.225087	15911	closing door 3
2020-12-10 14:41:37.923332	15912	door 3 closed
2020-12-10 14:41:37.923727	15913	opening door 0
2020-12-10 14:41:38.660695	15914	door 0 opened
2020-12-10 14:41:38.661159	15915	closing door 2
2020-12-10 14:41:39.549771	15916	door 2 closed
2020-12-10 14:41:39.550165	15917	opening door 1
2020-12-10 14:41:40.459603	15918	door 1 opened
2020-12-10 14:41:53.831063	15919	feeder 1 reached (41)
2020-12-10 14:41:53.831441	15920	closing door 1
2020-12-10 14:41:54.427017	15921	door 1 closed
2020-12-10 14:41:54.427374	15922	opening door 2
2020-12-10 14:41:55.126115	15923	door 2 opened
2020-12-10 14:41:55.126562	15924	closing door 0
2020-12-10 14:41:56.358915	15925	door 0 closed
2020-12-10 14:41:56.359383	15926	opening door 3
2020-12-10 14:41:57.120110	15927	door 3 opened
2020-12-10 14:42:04.560962	15928	feeder 2 reached (40)
2020-12-10 14:42:04.561350	15929	closing door 3
2020-12-10 14:42:05.260260	15930	door 3 closed
2020-12-10 14:42:05.260631	15931	opening door 0
2020-12-10 14:42:05.978324	15932	door 0 opened
2020-12-10 14:42:05.978915	15933	closing door 2
2020-12-10 14:42:06.989654	15934	door 2 closed
2020-12-10 14:42:06.990060	15935	opening door 1
2020-12-10 14:42:07.711847	15936	door 1 opened
2020-12-10 14:42:19.248759	15937	feeder 1 reached (42)
2020-12-10 14:42:19.249178	15938	closing door 1
2020-12-10 14:42:19.844339	15939	door 1 closed
2020-12-10 14:42:19.844756	15940	opening door 2
2020-12-10 14:42:20.547663	15941	door 2 opened
2020-12-10 14:42:20.548083	15942	closing door 0
2020-12-10 14:42:21.729684	15943	door 0 closed
2020-12-10 14:42:21.730350	15944	opening door 3
2020-12-10 14:42:22.516000	15945	door 3 opened
2020-12-10 14:42:27.125660	15946	feeder 2 reached (41)
2020-12-10 14:42:27.126003	15947	closing door 3
2020-12-10 14:42:27.823680	15948	door 3 closed
2020-12-10 14:42:27.824006	15949	opening door 0
2020-12-10 14:42:28.570977	15950	door 0 opened
2020-12-10 14:42:28.571379	15951	closing door 2
2020-12-10 14:42:29.531056	15952	door 2 closed
2020-12-10 14:42:29.531433	15953	opening door 1
2020-12-10 14:42:30.239629	15954	door 1 opened
2020-12-10 14:42:44.044037	15955	feeder 1 reached (43)
2020-12-10 14:42:44.044454	15956	closing door 1
2020-12-10 14:42:44.637231	15957	door 1 closed
2020-12-10 14:42:44.637667	15958	opening door 2
2020-12-10 14:42:45.335284	15959	door 2 opened
2020-12-10 14:42:45.335683	15960	closing door 0
2020-12-10 14:42:46.318144	15961	door 0 closed
2020-12-10 14:42:46.318566	15962	opening door 3
2020-12-10 14:42:47.071476	15963	door 3 opened
2020-12-10 14:42:55.209935	15964	feeder 2 reached (42)
2020-12-10 14:42:55.210323	15965	closing door 3
2020-12-10 14:42:55.906346	15966	door 3 closed
2020-12-10 14:42:55.906743	15967	opening door 0
2020-12-10 14:42:56.635389	15968	door 0 opened
2020-12-10 14:42:56.635765	15969	closing door 2
2020-12-10 14:42:57.786103	15970	door 2 closed
2020-12-10 14:42:57.786480	15971	opening door 1
2020-12-10 14:42:58.504951	15972	door 1 opened
2020-12-10 14:43:04.331907	15973	feeder 1 reached (44)
2020-12-10 14:43:04.332296	15974	closing door 1
2020-12-10 14:43:04.924457	15975	door 1 closed
2020-12-10 14:43:04.924803	15976	opening door 2
2020-12-10 14:43:05.619562	15977	door 2 opened
2020-12-10 14:43:05.619952	15978	closing door 0
2020-12-10 14:43:06.787771	15979	door 0 closed
2020-12-10 14:43:06.788133	15980	opening door 3
2020-12-10 14:43:07.547162	15981	door 3 opened
2020-12-10 14:43:45.813401	15982	feeder 2 reached (43)
2020-12-10 14:43:45.813807	15983	closing door 3
2020-12-10 14:43:46.501353	15984	door 3 closed
2020-12-10 14:43:46.501683	15985	opening door 0
2020-12-10 14:43:47.220287	15986	door 0 opened
2020-12-10 14:43:47.220623	15987	closing door 2
2020-12-10 14:43:48.167849	15988	door 2 closed
2020-12-10 14:43:48.168214	15989	opening door 1
2020-12-10 14:43:48.885904	15990	door 1 opened
2020-12-10 14:43:54.576854	15991	feeder 1 reached (45)
2020-12-10 14:43:54.577168	15992	closing door 1
2020-12-10 14:43:55.168657	15993	door 1 closed
2020-12-10 14:43:55.169325	15994	opening door 2
2020-12-10 14:43:55.869150	15995	door 2 opened
2020-12-10 14:43:55.869518	15996	closing door 0
2020-12-10 14:43:56.764834	15997	door 0 closed
2020-12-10 14:43:56.765137	15998	opening door 3
2020-12-10 14:43:57.506135	15999	door 3 opened
2020-12-10 14:44:01.815964	16000	feeder 2 reached (44)
2020-12-10 14:44:01.816395	16001	closing door 3
2020-12-10 14:44:02.512142	16002	door 3 closed
2020-12-10 14:44:02.512565	16003	opening door 0
2020-12-10 14:44:03.226765	16004	door 0 opened
2020-12-10 14:44:03.227164	16005	closing door 2
2020-12-10 14:44:04.137755	16006	door 2 closed
2020-12-10 14:44:04.138163	16007	opening door 1
2020-12-10 14:44:04.857064	16008	door 1 opened
2020-12-10 14:44:11.152481	16009	feeder 1 reached (46)
2020-12-10 14:44:11.152854	16010	closing door 1
2020-12-10 14:44:11.743379	16011	door 1 closed
2020-12-10 14:44:11.743794	16012	opening door 2
2020-12-10 14:44:12.437604	16013	door 2 opened
2020-12-10 14:44:12.438000	16014	closing door 0
2020-12-10 14:44:13.578122	16015	door 0 closed
2020-12-10 14:44:13.578506	16016	opening door 3
2020-12-10 14:44:14.330155	16017	door 3 opened
2020-12-10 14:44:18.708034	16018	feeder 2 reached (45)
2020-12-10 14:44:18.708403	16019	closing door 3
2020-12-10 14:44:19.406139	16020	door 3 closed
2020-12-10 14:44:19.406595	16021	opening door 0
2020-12-10 14:44:20.137914	16022	door 0 opened
2020-12-10 14:44:20.138320	16023	closing door 2
2020-12-10 14:44:21.339073	16024	door 2 closed
2020-12-10 14:44:21.339498	16025	opening door 1
2020-12-10 14:44:22.058015	16026	door 1 opened
2020-12-10 14:44:28.320092	16027	feeder 1 reached (47)
2020-12-10 14:44:28.320495	16028	closing door 1
2020-12-10 14:44:28.913184	16029	door 1 closed
2020-12-10 14:44:28.913581	16030	opening door 2
2020-12-10 14:44:29.609154	16031	door 2 opened
2020-12-10 14:44:29.609560	16032	closing door 0
2020-12-10 14:44:30.768103	16033	door 0 closed
2020-12-10 14:44:30.768513	16034	opening door 3
2020-12-10 14:44:31.501288	16035	door 3 opened
2020-12-10 14:44:35.809405	16036	feeder 2 reached (46)
2020-12-10 14:44:35.809746	16037	closing door 3
2020-12-10 14:44:36.506073	16038	door 3 closed
2020-12-10 14:44:36.506763	16039	opening door 0
2020-12-10 14:44:37.225549	16040	door 0 opened
2020-12-10 14:44:37.226024	16041	closing door 2
2020-12-10 14:44:38.129424	16042	door 2 closed
2020-12-10 14:44:38.129778	16043	opening door 1
2020-12-10 14:44:38.849898	16044	door 1 opened
2020-12-10 14:44:45.973622	16045	feeder 1 reached (48)
2020-12-10 14:44:45.974026	16046	closing door 1
2020-12-10 14:44:46.564710	16047	door 1 closed
2020-12-10 14:44:46.565091	16048	opening door 2
2020-12-10 14:44:47.256211	16049	door 2 opened
2020-12-10 14:44:47.256639	16050	closing door 0
2020-12-10 14:44:48.360656	16051	door 0 closed
2020-12-10 14:44:48.361067	16052	opening door 3
2020-12-10 14:44:49.111221	16053	door 3 opened
2020-12-10 14:44:53.985739	16054	feeder 2 reached (47)
2020-12-10 14:44:53.986149	16055	closing door 3
2020-12-10 14:44:54.683415	16056	door 3 closed
2020-12-10 14:44:54.683925	16057	opening door 0
2020-12-10 14:44:55.434814	16058	door 0 opened
2020-12-10 14:44:55.435225	16059	closing door 2
2020-12-10 14:44:56.558907	16060	door 2 closed
2020-12-10 14:44:56.559369	16061	opening door 1
2020-12-10 14:44:57.267995	16062	door 1 opened
2020-12-10 14:45:05.633198	16063	feeder 1 reached (49)
2020-12-10 14:45:05.633559	16064	closing door 1
2020-12-10 14:45:06.226571	16065	door 1 closed
2020-12-10 14:45:06.226942	16066	opening door 2
2020-12-10 14:45:06.923347	16067	door 2 opened
2020-12-10 14:45:06.923711	16068	closing door 0
2020-12-10 14:45:08.041835	16069	door 0 closed
2020-12-10 14:45:08.042241	16070	opening door 3
2020-12-10 14:45:08.789711	16071	door 3 opened
2020-12-10 14:45:12.423673	16072	feeder 2 reached (48)
2020-12-10 14:45:12.424072	16073	closing door 3
2020-12-10 14:45:13.120160	16074	door 3 closed
2020-12-10 14:45:13.120541	16075	opening door 0
2020-12-10 14:45:13.878424	16076	door 0 opened
2020-12-10 14:45:13.878855	16077	closing door 2
2020-12-10 14:45:14.999278	16078	door 2 closed
2020-12-10 14:45:14.999589	16079	opening door 1
2020-12-10 14:45:15.724506	16080	door 1 opened
2020-12-10 14:45:23.225347	16081	feeder 1 reached (50)
2020-12-10 14:45:23.225926	16082	closing door 1
2020-12-10 14:45:23.819965	16083	door 1 closed
2020-12-10 14:45:23.820341	16084	opening door 2
2020-12-10 14:45:24.516147	16085	door 2 opened
2020-12-10 14:45:24.516465	16086	closing door 0
2020-12-10 14:45:25.649882	16087	door 0 closed
2020-12-10 14:45:25.650169	16088	opening door 3
2020-12-10 14:45:26.399121	16089	door 3 opened
2020-12-10 14:45:31.352472	16090	feeder 2 reached (49)
2020-12-10 14:45:31.352908	16091	closing door 3
2020-12-10 14:45:32.049464	16092	door 3 closed
2020-12-10 14:45:32.049843	16093	opening door 0
2020-12-10 14:45:32.766376	16094	door 0 opened
2020-12-10 14:45:32.766692	16095	closing door 2
2020-12-10 14:45:33.848591	16096	door 2 closed
2020-12-10 14:45:33.849094	16097	opening door 1
2020-12-10 14:45:34.573938	16098	door 1 opened
2020-12-10 14:45:45.089534	16099	feeder 1 reached (51)
2020-12-10 14:45:45.089973	16100	closing door 1
2020-12-10 14:45:45.677093	16101	door 1 closed
2020-12-10 14:45:45.677501	16102	opening door 2
2020-12-10 14:45:46.374740	16103	door 2 opened
2020-12-10 14:45:46.375115	16104	closing door 0
2020-12-10 14:45:47.355080	16105	door 0 closed
2020-12-10 14:45:47.355532	16106	opening door 3
2020-12-10 14:45:48.092184	16107	door 3 opened
2020-12-10 14:45:51.892412	16108	feeder 2 reached (50)
2020-12-10 14:45:51.892800	16109	closing door 3
2020-12-10 14:45:52.592004	16110	door 3 closed
2020-12-10 14:45:52.592421	16111	opening door 0
2020-12-10 14:45:53.323541	16112	door 0 opened
2020-12-10 14:45:53.323911	16113	closing door 2
2020-12-10 14:45:54.326106	16114	door 2 closed
2020-12-10 14:45:54.326472	16115	opening door 1
2020-12-10 14:45:55.035190	16116	door 1 opened
2020-12-10 14:46:03.948698	16117	feeder 1 reached (52)
2020-12-10 14:46:03.949115	16118	closing door 1
2020-12-10 14:46:04.540886	16119	door 1 closed
2020-12-10 14:46:04.541392	16120	opening door 2
2020-12-10 14:46:05.238222	16121	door 2 opened
2020-12-10 14:46:05.238631	16122	closing door 0
2020-12-10 14:46:06.196893	16123	door 0 closed
2020-12-10 14:46:06.197257	16124	opening door 3
2020-12-10 14:46:06.939126	16125	door 3 opened
2020-12-10 14:46:11.512263	16126	feeder 2 reached (51)
2020-12-10 14:46:11.512621	16127	closing door 3
2020-12-10 14:46:12.210658	16128	door 3 closed
2020-12-10 14:46:12.211025	16129	opening door 0
2020-12-10 14:46:12.927827	16130	door 0 opened
2020-12-10 14:46:12.928235	16131	closing door 2
2020-12-10 14:46:13.985841	16132	door 2 closed
2020-12-10 14:46:13.986235	16133	opening door 1
2020-12-10 14:46:14.681110	16134	door 1 opened
2020-12-10 14:46:20.772411	16135	feeder 1 reached (53)
2020-12-10 14:46:20.772782	16136	closing door 1
2020-12-10 14:46:21.365923	16137	door 1 closed
2020-12-10 14:46:21.366270	16138	opening door 2
2020-12-10 14:46:22.088022	16139	door 2 opened
2020-12-10 14:46:22.088416	16140	closing door 0
2020-12-10 14:46:22.999694	16141	door 0 closed
2020-12-10 14:46:23.000106	16142	opening door 3
2020-12-10 14:46:23.745260	16143	door 3 opened
2020-12-10 14:46:26.443551	16144	feeder 2 reached (52)
2020-12-10 14:46:26.443940	16145	closing door 3
2020-12-10 14:46:27.142807	16146	door 3 closed
2020-12-10 14:46:27.143191	16147	opening door 0
2020-12-10 14:46:27.892214	16148	door 0 opened
2020-12-10 14:46:27.892564	16149	closing door 2
2020-12-10 14:46:28.729507	16150	door 2 closed
2020-12-10 14:46:28.729897	16151	opening door 1
2020-12-10 14:46:29.449452	16152	door 1 opened
2020-12-10 14:46:35.415920	16153	feeder 1 reached (54)
2020-12-10 14:46:35.416409	16154	closing door 1
2020-12-10 14:46:36.009391	16155	door 1 closed
2020-12-10 14:46:36.009861	16156	opening door 2
2020-12-10 14:46:36.731574	16157	door 2 opened
2020-12-10 14:46:36.732001	16158	closing door 0
2020-12-10 14:46:37.762760	16159	door 0 closed
2020-12-10 14:46:37.763141	16160	opening door 3
2020-12-10 14:46:38.510058	16161	door 3 opened
2020-12-10 14:46:44.243280	16162	feeder 2 reached (53)
2020-12-10 14:46:44.243699	16163	closing door 3
2020-12-10 14:46:44.939584	16164	door 3 closed
2020-12-10 14:46:44.939979	16165	opening door 0
2020-12-10 14:46:45.656733	16166	door 0 opened
2020-12-10 14:46:45.657133	16167	closing door 2
2020-12-10 14:46:46.749464	16168	door 2 closed
2020-12-10 14:46:46.749823	16169	opening door 1
2020-12-10 14:46:47.460644	16170	door 1 opened
2020-12-10 14:47:02.749445	16171	feeder 1 reached (55)
2020-12-10 14:47:02.749841	16172	closing door 1
2020-12-10 14:47:03.343987	16173	door 1 closed
2020-12-10 14:47:03.344416	16174	opening door 2
2020-12-10 14:47:04.038056	16175	door 2 opened
2020-12-10 14:47:04.038426	16176	closing door 0
2020-12-10 14:47:05.191805	16177	door 0 closed
2020-12-10 14:47:05.192169	16178	opening door 3
2020-12-10 14:47:05.906378	16179	door 3 opened
2020-12-10 14:47:24.116452	16180	feeder 2 reached (54)
2020-12-10 14:47:24.116875	16181	closing door 3
2020-12-10 14:47:24.809804	16182	door 3 closed
2020-12-10 14:47:24.810212	16183	opening door 0
2020-12-10 14:47:25.527210	16184	door 0 opened
2020-12-10 14:47:25.527594	16185	closing door 2
2020-12-10 14:47:26.469387	16186	door 2 closed
2020-12-10 14:47:26.469782	16187	opening door 1
2020-12-10 14:47:27.178520	16188	door 1 opened
2020-12-10 14:47:35.328708	16189	feeder 1 reached (56)
2020-12-10 14:47:35.329081	16190	closing door 1
2020-12-10 14:47:35.921893	16191	door 1 closed
2020-12-10 14:47:35.922272	16192	opening door 2
2020-12-10 14:47:36.631202	16193	door 2 opened
2020-12-10 14:47:36.631590	16194	closing door 0
2020-12-10 14:47:37.556607	16195	door 0 closed
2020-12-10 14:47:37.557205	16196	opening door 3
2020-12-10 14:47:38.299827	16197	door 3 opened
2020-12-10 14:47:41.781710	16198	feeder 2 reached (55)
2020-12-10 14:47:41.782211	16199	closing door 3
2020-12-10 14:47:42.477531	16200	door 3 closed
2020-12-10 14:47:42.477945	16201	opening door 0
2020-12-10 14:47:43.234335	16202	door 0 opened
2020-12-10 14:47:43.234832	16203	closing door 2
2020-12-10 14:47:44.071986	16204	door 2 closed
2020-12-10 14:47:44.072363	16205	opening door 1
2020-12-10 14:47:44.789466	16206	door 1 opened
2020-12-10 14:47:50.196774	16207	feeder 1 reached (57)
2020-12-10 14:47:50.197275	16208	closing door 1
2020-12-10 14:47:50.789591	16209	door 1 closed
2020-12-10 14:47:50.790004	16210	opening door 2
2020-12-10 14:47:51.484751	16211	door 2 opened
2020-12-10 14:47:51.485153	16212	closing door 0
2020-12-10 14:47:52.728161	16213	door 0 closed
2020-12-10 14:47:52.728575	16214	opening door 3
2020-12-10 14:47:53.468812	16215	door 3 opened
2020-12-10 14:47:56.742774	16216	feeder 2 reached (56)
2020-12-10 14:47:56.743201	16217	closing door 3
2020-12-10 14:47:57.436670	16218	door 3 closed
2020-12-10 14:47:57.437080	16219	opening door 0
2020-12-10 14:47:58.155987	16220	door 0 opened
2020-12-10 14:47:58.156352	16221	closing door 2
2020-12-10 14:47:59.255777	16222	door 2 closed
2020-12-10 14:47:59.256237	16223	opening door 1
2020-12-10 14:47:59.975606	16224	door 1 opened
2020-12-10 14:48:06.084162	16225	feeder 1 reached (58)
2020-12-10 14:48:06.084533	16226	closing door 1
2020-12-10 14:48:06.673778	16227	door 1 closed
2020-12-10 14:48:06.674184	16228	opening door 2
2020-12-10 14:48:07.369698	16229	door 2 opened
2020-12-10 14:48:07.370219	16230	closing door 0
2020-12-10 14:48:08.257638	16231	door 0 closed
2020-12-10 14:48:08.258040	16232	opening door 3
2020-12-10 14:48:08.996921	16233	door 3 opened
2020-12-10 14:48:33.163900	16234	feeder 2 reached (57)
2020-12-10 14:48:33.164273	16235	closing door 3
2020-12-10 14:48:33.858399	16236	door 3 closed
2020-12-10 14:48:33.858746	16237	opening door 0
2020-12-10 14:48:34.575853	16238	door 0 opened
2020-12-10 14:48:34.576252	16239	closing door 2
2020-12-10 14:48:35.719016	16240	door 2 closed
2020-12-10 14:48:35.719419	16241	opening door 1
2020-12-10 14:48:36.428259	16242	door 1 opened
2020-12-10 14:48:42.960477	16243	feeder 1 reached (59)
2020-12-10 14:48:42.960819	16244	closing door 1
2020-12-10 14:48:43.553638	16245	door 1 closed
2020-12-10 14:48:43.553969	16246	opening door 2
2020-12-10 14:48:44.250073	16247	door 2 opened
2020-12-10 14:48:44.250470	16248	closing door 0
2020-12-10 14:48:45.113785	16249	door 0 closed
2020-12-10 14:48:45.114195	16250	opening door 3
2020-12-10 14:48:45.851973	16251	door 3 opened
2020-12-10 14:49:41.318054	16252	feeder 2 reached (58)
2020-12-10 14:49:41.318449	16253	closing door 3
2020-12-10 14:49:42.012565	16254	door 3 closed
2020-12-10 14:49:42.013031	16255	opening door 0
2020-12-10 14:49:42.739306	16256	door 0 opened
2020-12-10 14:49:42.739674	16257	closing door 2
2020-12-10 14:49:43.691487	16258	door 2 closed
2020-12-10 14:49:43.691926	16259	opening door 1
2020-12-10 14:49:44.425965	16260	door 1 opened
2020-12-10 14:49:50.764417	16261	feeder 1 reached (60)
2020-12-10 14:49:50.764818	16262	closing door 1
2020-12-10 14:49:51.358039	16263	door 1 closed
2020-12-10 14:49:51.358399	16264	opening door 2
2020-12-10 14:49:52.053983	16265	door 2 opened
2020-12-10 14:49:52.054650	16266	closing door 0
2020-12-10 14:49:53.119835	16267	door 0 closed
2020-12-10 14:49:53.120186	16268	opening door 3
2020-12-10 14:49:53.847711	16269	door 3 opened
2020-12-10 14:50:03.723491	16270	feeder 2 reached (59)
2020-12-10 14:50:03.723791	16271	closing door 3
2020-12-10 14:50:04.415969	16272	door 3 closed
2020-12-10 14:50:04.416367	16273	opening door 0
2020-12-10 14:50:05.136570	16274	door 0 opened
2020-12-10 14:50:05.136998	16275	closing door 2
2020-12-10 14:50:06.231252	16276	door 2 closed
2020-12-10 14:50:06.231609	16277	opening door 1
2020-12-10 14:50:06.938999	16278	door 1 opened
2020-12-10 14:50:28.165060	16279	feeder 1 reached (61)
2020-12-10 14:50:28.165424	16280	closing door 1
2020-12-10 14:50:28.773385	16281	door 1 closed
2020-12-10 14:50:28.773798	16282	opening door 2
2020-12-10 14:50:29.643296	16283	door 2 opened
2020-12-10 14:50:29.643666	16284	closing door 0
2020-12-10 14:50:30.819965	16285	door 0 closed
2020-12-10 14:50:30.820345	16286	opening door 3
2020-12-10 14:50:31.564942	16287	door 3 opened
2020-12-10 14:50:43.540892	16288	feeder 2 reached (60)
2020-12-10 14:50:43.541300	16289	closing door 3
2020-12-10 14:50:44.238483	16290	door 3 closed
2020-12-10 14:50:44.239200	16291	opening door 0
2020-12-10 14:50:44.996874	16292	door 0 opened
2020-12-10 14:50:44.997291	16293	closing door 2
2020-12-10 14:50:45.961676	16294	door 2 closed
2020-12-10 14:50:45.962119	16295	opening door 1
2020-12-10 14:50:46.650494	16296	door 1 opened
2020-12-10 14:50:57.238787	16297	feeder 1 reached (62)
2020-12-10 14:50:57.239173	16298	closing door 1
2020-12-10 14:50:57.835321	16299	door 1 closed
2020-12-10 14:50:57.835693	16300	opening door 2
2020-12-10 14:50:58.532874	16301	door 2 opened
2020-12-10 14:50:58.533252	16302	closing door 0
2020-12-10 14:50:59.507929	16303	door 0 closed
2020-12-10 14:50:59.508270	16304	opening door 3
2020-12-10 14:51:00.271112	16305	door 3 opened
2020-12-10 14:51:20.381851	16306	feeder 2 reached (61)
2020-12-10 14:51:20.382635	16307	closing door 3
2020-12-10 14:51:21.078360	16308	door 3 closed
2020-12-10 14:51:21.078743	16309	opening door 0
2020-12-10 14:51:21.865252	16310	door 0 opened
2020-12-10 14:51:21.865625	16311	closing door 2
2020-12-10 14:51:22.830476	16312	door 2 closed
2020-12-10 14:51:22.830857	16313	opening door 1
2020-12-10 14:51:23.545950	16314	door 1 opened
2020-12-10 14:51:30.985453	16315	feeder 1 reached (63)
2020-12-10 14:51:30.985858	16316	closing door 1
2020-12-10 14:51:31.575543	16317	door 1 closed
2020-12-10 14:51:31.576063	16318	opening door 2
2020-12-10 14:51:32.276478	16319	door 2 opened
2020-12-10 14:51:32.276804	16320	closing door 0
2020-12-10 14:51:33.495047	16321	door 0 closed
2020-12-10 14:51:33.495427	16322	opening door 3
2020-12-10 14:51:34.219867	16323	door 3 opened
2020-12-10 14:51:40.251653	16324	feeder 2 reached (62)
2020-12-10 14:51:40.252043	16325	closing door 3
2020-12-10 14:51:40.947064	16326	door 3 closed
2020-12-10 14:51:40.947483	16327	opening door 0
2020-12-10 14:51:41.699100	16328	door 0 opened
2020-12-10 14:51:41.699492	16329	closing door 2
2020-12-10 14:51:42.918508	16330	door 2 closed
2020-12-10 14:51:42.918885	16331	opening door 1
2020-12-10 14:51:43.648295	16332	door 1 opened
2020-12-10 14:51:49.489030	16333	feeder 1 reached (64)
2020-12-10 14:51:49.489411	16334	closing door 1
2020-12-10 14:51:50.084898	16335	door 1 closed
2020-12-10 14:51:50.085304	16336	opening door 2
2020-12-10 14:51:50.780928	16337	door 2 opened
2020-12-10 14:51:50.781347	16338	closing door 0
2020-12-10 14:51:51.931432	16339	door 0 closed
2020-12-10 14:51:51.931782	16340	opening door 3
2020-12-10 14:51:52.697540	16341	door 3 opened
2020-12-10 14:51:55.851608	16342	feeder 2 reached (63)
2020-12-10 14:51:55.851999	16343	closing door 3
2020-12-10 14:51:56.544642	16344	door 3 closed
2020-12-10 14:51:56.545076	16345	opening door 0
2020-12-10 14:51:57.263192	16346	door 0 opened
2020-12-10 14:51:57.263592	16347	closing door 2
2020-12-10 14:51:58.479197	16348	door 2 closed
2020-12-10 14:51:58.479598	16349	opening door 1
2020-12-10 14:51:59.170874	16350	door 1 opened
2020-12-10 14:52:09.471539	16351	feeder 1 reached (65)
2020-12-10 14:52:09.471920	16352	closing door 1
2020-12-10 14:52:10.065712	16353	door 1 closed
2020-12-10 14:52:10.066159	16354	opening door 2
2020-12-10 14:52:10.761913	16355	door 2 opened
2020-12-10 14:52:10.762301	16356	closing door 0
2020-12-10 14:52:11.572490	16357	door 0 closed
2020-12-10 14:52:11.572879	16358	opening door 3
2020-12-10 14:52:12.336179	16359	door 3 opened
2020-12-10 14:52:34.918640	16360	feeder 2 reached (64)
2020-12-10 14:52:34.919029	16361	closing door 3
2020-12-10 14:52:35.612835	16362	door 3 closed
2020-12-10 14:52:35.613195	16363	opening door 0
2020-12-10 14:52:36.329890	16364	door 0 opened
2020-12-10 14:52:36.330304	16365	closing door 2
2020-12-10 14:52:37.388974	16366	door 2 closed
2020-12-10 14:52:37.389427	16367	opening door 1
2020-12-10 14:52:38.105320	16368	door 1 opened
2020-12-10 14:53:00.255053	16369	feeder 1 reached (66)
2020-12-10 14:53:00.255337	16370	closing door 1
2020-12-10 14:53:00.849212	16371	door 1 closed
2020-12-10 14:53:00.849577	16372	opening door 2
2020-12-10 14:53:01.577674	16373	door 2 opened
2020-12-10 14:53:01.578061	16374	closing door 0
2020-12-10 14:53:02.786747	16375	door 0 closed
2020-12-10 14:53:02.787214	16376	opening door 3
2020-12-10 14:53:03.549754	16377	door 3 opened
2020-12-10 14:53:28.145039	16378	feeder 2 reached (65)
2020-12-10 14:53:28.145478	16379	closing door 3
2020-12-10 14:53:28.829197	16380	door 3 closed
2020-12-10 14:53:28.829549	16381	opening door 0
2020-12-10 14:53:29.542913	16382	door 0 opened
2020-12-10 14:53:29.543227	16383	closing door 2
2020-12-10 14:53:30.634372	16384	door 2 closed
2020-12-10 14:53:30.634778	16385	opening door 1
2020-12-10 14:53:31.356233	16386	door 1 opened
2020-12-10 14:53:38.084145	16387	feeder 1 reached (67)
2020-12-10 14:53:38.084554	16388	closing door 1
2020-12-10 14:53:38.678712	16389	door 1 closed
2020-12-10 14:53:38.679083	16390	opening door 2
2020-12-10 14:53:39.378660	16391	door 2 opened
2020-12-10 14:53:39.379035	16392	closing door 0
2020-12-10 14:53:40.429079	16393	door 0 closed
2020-12-10 14:53:40.429430	16394	opening door 3
2020-12-10 14:53:41.174172	16395	door 3 opened
2020-12-10 14:53:47.889775	16396	feeder 2 reached (66)
2020-12-10 14:53:47.890075	16397	closing door 3
2020-12-10 14:53:48.583441	16398	door 3 closed
2020-12-10 14:53:48.583825	16399	opening door 0
2020-12-10 14:53:49.303725	16400	door 0 opened
2020-12-10 14:53:49.304128	16401	closing door 2
2020-12-10 14:53:50.305866	16402	door 2 closed
2020-12-10 14:53:50.306291	16403	opening door 1
2020-12-10 14:53:51.020621	16404	door 1 opened
2020-12-10 14:53:57.526717	16405	feeder 1 reached (68)
2020-12-10 14:53:57.527142	16406	closing door 1
2020-12-10 14:53:58.120888	16407	door 1 closed
2020-12-10 14:53:58.121278	16408	opening door 2
2020-12-10 14:53:58.816236	16409	door 2 opened
2020-12-10 14:53:58.816641	16410	closing door 0
2020-12-10 14:53:59.709596	16411	door 0 closed
2020-12-10 14:53:59.709991	16412	opening door 3
2020-12-10 14:54:00.473326	16413	door 3 opened
2020-12-10 14:54:32.653143	16414	feeder 2 reached (67)
2020-12-10 14:54:32.653626	16415	closing door 3
2020-12-10 14:54:33.347251	16416	door 3 closed
2020-12-10 14:54:33.347603	16417	opening door 0
2020-12-10 14:54:34.067543	16418	door 0 opened
2020-12-10 14:54:34.067950	16419	closing door 2
2020-12-10 14:54:34.941200	16420	door 2 closed
2020-12-10 14:54:34.941649	16421	opening door 1
2020-12-10 14:54:35.646340	16422	door 1 opened
2020-12-10 14:54:41.089379	16423	feeder 1 reached (69)
2020-12-10 14:54:41.089745	16424	closing door 1
2020-12-10 14:54:41.676997	16425	door 1 closed
2020-12-10 14:54:41.677423	16426	opening door 2
2020-12-10 14:54:42.372789	16427	door 2 opened
2020-12-10 14:54:42.373219	16428	closing door 0
2020-12-10 14:54:43.549703	16429	door 0 closed
2020-12-10 14:54:43.550104	16430	opening door 3
2020-12-10 14:54:44.308979	16431	door 3 opened
2020-12-10 14:54:50.966229	16432	feeder 2 reached (68)
2020-12-10 14:54:50.966611	16433	closing door 3
2020-12-10 14:54:51.658372	16434	door 3 closed
2020-12-10 14:54:51.658713	16435	opening door 0
2020-12-10 14:54:52.418139	16436	door 0 opened
2020-12-10 14:54:52.418572	16437	closing door 2
2020-12-10 14:54:53.379339	16438	door 2 closed
2020-12-10 14:54:53.379682	16439	opening door 1
2020-12-10 14:54:54.107632	16440	door 1 opened
2020-12-10 14:54:59.828487	16441	feeder 1 reached (70)
2020-12-10 14:54:59.828940	16442	closing door 1
2020-12-10 14:55:00.414520	16443	door 1 closed
2020-12-10 14:55:00.414859	16444	opening door 2
2020-12-10 14:55:01.148368	16445	door 2 opened
2020-12-10 14:55:01.148831	16446	closing door 0
2020-12-10 14:55:01.961745	16447	door 0 closed
2020-12-10 14:55:01.962119	16448	opening door 3
2020-12-10 14:55:02.718693	16449	door 3 opened
2020-12-10 14:55:14.597507	16450	feeder 2 reached (69)
2020-12-10 14:55:14.598082	16451	closing door 3
2020-12-10 14:55:15.291938	16452	door 3 closed
2020-12-10 14:55:15.292321	16453	opening door 0
2020-12-10 14:55:16.011412	16454	door 0 opened
2020-12-10 14:55:16.011855	16455	closing door 2
2020-12-10 14:55:17.096934	16456	door 2 closed
2020-12-10 14:55:17.097342	16457	opening door 1
2020-12-10 14:55:17.825985	16458	door 1 opened
2020-12-10 14:56:07.418106	16459	feeder 1 reached (71)
2020-12-10 14:56:07.418607	16460	closing door 1
2020-12-10 14:56:08.013258	16461	door 1 closed
2020-12-10 14:56:08.013654	16462	opening door 2
2020-12-10 14:56:08.709277	16463	door 2 opened
2020-12-10 14:56:08.709694	16464	closing door 0
2020-12-10 14:56:09.541228	16465	door 0 closed
2020-12-10 14:56:09.541587	16466	opening door 3
2020-12-10 14:56:10.296540	16467	door 3 opened
2020-12-10 14:57:16.712313	16468	feeder 2 reached (70)
2020-12-10 14:57:16.712687	16469	closing door 3
2020-12-10 14:57:17.406650	16470	door 3 closed
2020-12-10 14:57:17.407158	16471	opening door 0
2020-12-10 14:57:18.125838	16472	door 0 opened
2020-12-10 14:57:18.126373	16473	closing door 2
2020-12-10 14:57:19.196195	16474	door 2 closed
2020-12-10 14:57:19.196570	16475	opening door 1
2020-12-10 14:57:19.895647	16476	door 1 opened
2020-12-10 14:57:25.314874	16477	feeder 1 reached (72)
2020-12-10 14:57:25.315267	16478	closing door 1
2020-12-10 14:57:25.910842	16479	door 1 closed
2020-12-10 14:57:25.911745	16480	opening door 2
2020-12-10 14:57:26.610550	16481	door 2 opened
2020-12-10 14:57:26.610849	16482	closing door 0
2020-12-10 14:57:27.809758	16483	door 0 closed
2020-12-10 14:57:27.810131	16484	opening door 3
2020-12-10 14:57:28.556567	16485	door 3 opened
2020-12-10 14:57:35.658857	16486	feeder 2 reached (71)
2020-12-10 14:57:35.659230	16487	closing door 3
2020-12-10 14:57:36.354711	16488	door 3 closed
2020-12-10 14:57:36.355097	16489	opening door 0
2020-12-10 14:57:37.103439	16490	door 0 opened
2020-12-10 14:57:37.103834	16491	closing door 2
2020-12-10 14:57:38.040734	16492	door 2 closed
2020-12-10 14:57:38.041120	16493	opening door 1
2020-12-10 14:57:38.739267	16494	door 1 opened
2020-12-10 14:57:45.226045	16495	feeder 1 reached (73)
2020-12-10 14:57:45.226417	16496	closing door 1
2020-12-10 14:57:45.821926	16497	door 1 closed
2020-12-10 14:57:45.822247	16498	opening door 2
2020-12-10 14:57:46.518629	16499	door 2 opened
2020-12-10 14:57:46.519006	16500	closing door 0
2020-12-10 14:57:47.481581	16501	door 0 closed
2020-12-10 14:57:47.482543	16502	opening door 3
2020-12-10 14:57:48.226416	16503	door 3 opened
2020-12-10 14:57:53.675463	16504	feeder 2 reached (72)
2020-12-10 14:57:53.675848	16505	closing door 3
2020-12-10 14:57:54.371412	16506	door 3 closed
2020-12-10 14:57:54.371837	16507	opening door 0
2020-12-10 14:57:55.092152	16508	door 0 opened
2020-12-10 14:57:55.092573	16509	closing door 2
2020-12-10 14:57:56.074289	16510	door 2 closed
2020-12-10 14:57:56.074712	16511	opening door 1
2020-12-10 14:57:56.784540	16512	door 1 opened
2020-12-10 14:58:53.741945	16513	feeder 1 reached (74)
2020-12-10 14:58:53.742307	16514	closing door 1
2020-12-10 14:58:54.335551	16515	door 1 closed
2020-12-10 14:58:54.335899	16516	opening door 2
2020-12-10 14:58:55.033785	16517	door 2 opened
2020-12-10 14:58:55.034188	16518	closing door 0
2020-12-10 14:58:55.851369	16519	door 0 closed
2020-12-10 14:58:55.851720	16520	opening door 3
2020-12-10 14:58:56.616248	16521	door 3 opened
2020-12-10 14:59:12.433908	16522	feeder 2 reached (73)
2020-12-10 14:59:12.434265	16523	closing door 3
2020-12-10 14:59:13.129601	16524	door 3 closed
2020-12-10 14:59:13.129977	16525	opening door 0
2020-12-10 14:59:13.847881	16526	door 0 opened
2020-12-10 14:59:13.848213	16527	closing door 2
2020-12-10 14:59:14.699347	16528	door 2 closed
2020-12-10 14:59:14.699766	16529	opening door 1
2020-12-10 14:59:15.428352	16530	door 1 opened
2020-12-10 14:59:20.907030	16531	feeder 1 reached (75)
2020-12-10 14:59:20.907386	16532	closing door 1
2020-12-10 14:59:21.496107	16533	door 1 closed
2020-12-10 14:59:21.496463	16534	opening door 2
2020-12-10 14:59:22.189884	16535	door 2 opened
2020-12-10 14:59:22.190271	16536	closing door 0
2020-12-10 14:59:23.309633	16537	door 0 closed
2020-12-10 14:59:23.309992	16538	opening door 3
2020-12-10 14:59:24.046310	16539	door 3 opened
2020-12-10 14:59:36.036194	16540	feeder 2 reached (74)
2020-12-10 14:59:36.036577	16541	closing door 3
2020-12-10 14:59:36.729674	16542	door 3 closed
2020-12-10 14:59:36.730025	16543	opening door 0
2020-12-10 14:59:37.446095	16544	door 0 opened
2020-12-10 14:59:37.446535	16545	closing door 2
2020-12-10 14:59:38.446668	16546	door 2 closed
2020-12-10 14:59:38.447083	16547	opening door 1
2020-12-10 14:59:39.167306	16548	door 1 opened
2020-12-10 14:59:44.844628	16549	feeder 1 reached (76)
2020-12-10 14:59:44.845011	16550	closing door 1
2020-12-10 14:59:45.439448	16551	door 1 closed
2020-12-10 14:59:45.439835	16552	opening door 2
2020-12-10 14:59:46.138234	16553	door 2 opened
2020-12-10 14:59:46.138635	16554	closing door 0
2020-12-10 14:59:47.067235	16555	door 0 closed
2020-12-10 14:59:47.067619	16556	opening door 3
2020-12-10 14:59:47.816502	16557	door 3 opened
2020-12-10 14:59:52.109400	16558	feeder 2 reached (75)
2020-12-10 14:59:52.109693	16559	closing door 3
2020-12-10 14:59:52.803517	16560	door 3 closed
2020-12-10 14:59:52.803978	16561	opening door 0
2020-12-10 14:59:53.538155	16562	door 0 opened
2020-12-10 14:59:53.538563	16563	closing door 2
2020-12-10 14:59:54.433069	16564	door 2 closed
2020-12-10 14:59:54.433483	16565	opening door 1
2020-12-10 14:59:55.164256	16566	door 1 opened
2020-12-10 15:00:59.419962	16567	feeder 1 reached (77)
2020-12-10 15:00:59.420390	16568	closing door 1
2020-12-10 15:01:00.013238	16569	door 1 closed
2020-12-10 15:01:00.013571	16570	opening door 2
2020-12-10 15:01:00.706959	16571	door 2 opened
2020-12-10 15:01:00.707326	16572	closing door 0
2020-12-10 15:01:01.598816	16573	door 0 closed
2020-12-10 15:01:01.599240	16574	opening door 3
2020-12-10 15:01:02.358699	16575	door 3 opened
2020-12-10 15:01:15.781213	16576	feeder 2 reached (76)
2020-12-10 15:01:15.781613	16577	closing door 3
2020-12-10 15:01:16.474367	16578	door 3 closed
2020-12-10 15:01:16.474780	16579	opening door 0
2020-12-10 15:01:17.189727	16580	door 0 opened
2020-12-10 15:01:17.190070	16581	closing door 2
2020-12-10 15:01:17.997386	16582	door 2 closed
2020-12-10 15:01:17.997766	16583	opening door 1
2020-12-10 15:01:18.725257	16584	door 1 opened
2020-12-10 15:01:23.820410	16585	feeder 1 reached (78)
2020-12-10 15:01:23.821003	16586	closing door 1
2020-12-10 15:01:24.409514	16587	door 1 closed
2020-12-10 15:01:24.409897	16588	opening door 2
2020-12-10 15:01:25.106965	16589	door 2 opened
2020-12-10 15:01:25.107340	16590	closing door 0
2020-12-10 15:01:26.177457	16591	door 0 closed
2020-12-10 15:01:26.177859	16592	opening door 3
2020-12-10 15:01:26.925650	16593	door 3 opened
2020-12-10 15:01:30.726936	16594	feeder 2 reached (77)
2020-12-10 15:01:30.727322	16595	closing door 3
2020-12-10 15:01:31.423615	16596	door 3 closed
2020-12-10 15:01:31.423974	16597	opening door 0
2020-12-10 15:01:32.180786	16598	door 0 opened
2020-12-10 15:01:32.181179	16599	closing door 2
2020-12-10 15:01:33.139432	16600	door 2 closed
2020-12-10 15:01:33.139821	16601	opening door 1
2020-12-10 15:01:33.861317	16602	door 1 opened
2020-12-10 15:01:43.589221	16603	feeder 1 reached (79)
2020-12-10 15:01:43.589662	16604	closing door 1
2020-12-10 15:01:44.182811	16605	door 1 closed
2020-12-10 15:01:44.183215	16606	opening door 2
2020-12-10 15:01:44.905303	16607	door 2 opened
2020-12-10 15:01:44.905713	16608	closing door 0
2020-12-10 15:01:45.849756	16609	door 0 closed
2020-12-10 15:01:45.850129	16610	opening door 3
2020-12-10 15:01:46.595579	16611	door 3 opened
2020-12-10 15:01:50.555736	16612	feeder 2 reached (78)
2020-12-10 15:01:50.556053	16613	closing door 3
2020-12-10 15:01:51.254954	16614	door 3 closed
2020-12-10 15:01:51.255387	16615	opening door 0
2020-12-10 15:01:51.987362	16616	door 0 opened
2020-12-10 15:01:51.987770	16617	closing door 2
2020-12-10 15:01:52.802038	16618	door 2 closed
2020-12-10 15:01:52.802430	16619	opening door 1
2020-12-10 15:01:53.506615	16620	door 1 opened
2020-12-10 15:02:03.494993	16621	feeder 1 reached (80)
2020-12-10 15:02:03.495295	16622	closing door 1
2020-12-10 15:02:04.090601	16623	door 1 closed
2020-12-10 15:02:04.090966	16624	opening door 2
2020-12-10 15:02:04.815897	16625	door 2 opened
2020-12-10 15:02:04.816316	16626	closing door 0
2020-12-10 15:02:05.919679	16627	door 0 closed
2020-12-10 15:02:05.919966	16628	opening door 3
2020-12-10 15:02:06.688764	16629	door 3 opened
2020-12-10 15:02:11.441159	16630	feeder 2 reached (79)
2020-12-10 15:02:11.441510	16631	closing door 3
2020-12-10 15:02:12.136008	16632	door 3 closed
2020-12-10 15:02:12.136472	16633	opening door 0
2020-12-10 15:02:12.890174	16634	door 0 opened
2020-12-10 15:02:12.890598	16635	closing door 2
2020-12-10 15:02:13.716076	16636	door 2 closed
2020-12-10 15:02:13.716455	16637	opening door 1
2020-12-10 15:02:14.430617	16638	door 1 opened
2020-12-10 15:02:24.385377	16639	feeder 1 reached (81)
2020-12-10 15:02:24.385785	16640	closing door 1
2020-12-10 15:02:24.980444	16641	door 1 closed
2020-12-10 15:02:24.980831	16642	opening door 2
2020-12-10 15:02:25.713495	16643	door 2 opened
2020-12-10 15:02:25.713860	16644	closing door 0
2020-12-10 15:02:26.506492	16645	door 0 closed
2020-12-10 15:02:26.506897	16646	opening door 3
2020-12-10 15:02:27.246616	16647	door 3 opened
2020-12-10 15:03:01.652510	16648	feeder 2 reached (80)
2020-12-10 15:03:01.652889	16649	closing door 3
2020-12-10 15:03:02.344355	16650	door 3 closed
2020-12-10 15:03:02.344727	16651	opening door 0
2020-12-10 15:03:03.061811	16652	door 0 opened
2020-12-10 15:03:03.062422	16653	closing door 2
2020-12-10 15:03:04.080822	16654	door 2 closed
2020-12-10 15:03:04.081259	16655	opening door 1
2020-12-10 15:03:04.819476	16656	door 1 opened
2020-12-10 15:03:14.712733	16657	feeder 1 reached (82)
2020-12-10 15:03:14.713152	16658	closing door 1
2020-12-10 15:03:15.307641	16659	door 1 closed
2020-12-10 15:03:15.308081	16660	closing door 2
2020-12-10 15:03:15.401738	16661	door 2 closed
2020-12-10 15:03:15.402149	16662	closing door 0
2020-12-10 15:03:16.398358	16663	door 0 closed
2020-12-10 15:03:16.398779	16664	closing door 3
2020-12-10 15:03:16.779927	16665	door 3 closed
2020-12-10 15:03:16.780319	16666	ended experiment GE2_20_12_10_Open1_CrepLight
