2020-12-14 11:50:44.297754	18001	started experiment GE3_20_12_14_Open1_CrepLight
2020-12-14 11:50:44.298057	18002	closing door 0
2020-12-14 11:50:44.724438	18003	door 0 closed
2020-12-14 11:50:44.724820	18004	closing door 1
2020-12-14 11:50:45.130419	18005	door 1 closed
2020-12-14 11:50:45.130931	18006	closing door 2
2020-12-14 11:50:45.292646	18007	door 2 closed
2020-12-14 11:50:45.293114	18008	closing door 3
2020-12-14 11:50:45.489155	18009	door 3 closed
2020-12-14 11:51:14.875672	18010	feeder 1 reached (157)
2020-12-14 11:51:14.876119	18011	closing door 1
2020-12-14 11:51:14.964351	18012	door 1 closed
2020-12-14 11:51:14.964722	18013	opening door 2
2020-12-14 11:51:15.659027	18014	door 2 opened
2020-12-14 11:51:15.659418	18015	closing door 0
2020-12-14 11:51:15.858475	18016	door 0 closed
2020-12-14 11:51:15.858858	18017	opening door 3
2020-12-14 11:51:16.598591	18018	door 3 opened
2020-12-14 11:52:10.533901	18019	feeder 2 reached (153)
2020-12-14 11:52:10.534278	18020	closing door 3
2020-12-14 11:52:11.245958	18021	door 3 closed
2020-12-14 11:52:11.246364	18022	opening door 0
2020-12-14 11:52:11.997492	18023	door 0 opened
2020-12-14 11:52:11.997941	18024	closing door 2
2020-12-14 11:52:13.012399	18025	door 2 closed
2020-12-14 11:52:13.012828	18026	opening door 1
2020-12-14 11:52:13.729395	18027	door 1 opened
2020-12-14 11:52:31.021668	18028	feeder 1 reached (158)
2020-12-14 11:52:31.022075	18029	closing door 1
2020-12-14 11:52:31.619174	18030	door 1 closed
2020-12-14 11:52:31.619549	18031	opening door 2
2020-12-14 11:52:32.316766	18032	door 2 opened
2020-12-14 11:52:32.317269	18033	closing door 0
2020-12-14 11:52:33.486366	18034	door 0 closed
2020-12-14 11:52:33.486806	18035	opening door 3
2020-12-14 11:52:34.230831	18036	door 3 opened
2020-12-14 11:52:47.450293	18037	feeder 2 reached (154)
2020-12-14 11:52:47.450669	18038	closing door 3
2020-12-14 11:52:48.144456	18039	door 3 closed
2020-12-14 11:52:48.144847	18040	opening door 0
2020-12-14 11:52:48.877027	18041	door 0 opened
2020-12-14 11:52:48.877358	18042	closing door 2
2020-12-14 11:52:49.887464	18043	door 2 closed
2020-12-14 11:52:49.887846	18044	opening door 1
2020-12-14 11:52:50.590914	18045	door 1 opened
2020-12-14 11:52:58.508440	18046	feeder 1 reached (159)
2020-12-14 11:52:58.508820	18047	closing door 1
2020-12-14 11:52:59.095860	18048	door 1 closed
2020-12-14 11:52:59.096311	18049	opening door 2
2020-12-14 11:52:59.775865	18050	door 2 opened
2020-12-14 11:52:59.776219	18051	closing door 0
2020-12-14 11:53:00.927677	18052	door 0 closed
2020-12-14 11:53:00.928048	18053	opening door 3
2020-12-14 11:53:01.666300	18054	door 3 opened
2020-12-14 11:53:55.926771	18055	feeder 2 reached (155)
2020-12-14 11:53:55.927143	18056	closing door 3
2020-12-14 11:53:56.616567	18057	door 3 closed
2020-12-14 11:53:56.616966	18058	opening door 0
2020-12-14 11:53:57.349037	18059	door 0 opened
2020-12-14 11:53:57.349409	18060	closing door 2
2020-12-14 11:53:58.278503	18061	door 2 closed
2020-12-14 11:53:58.278888	18062	opening door 1
2020-12-14 11:53:59.011050	18063	door 1 opened
2020-12-14 11:54:16.761798	18064	feeder 1 reached (160)
2020-12-14 11:54:16.762181	18065	closing door 1
2020-12-14 11:54:17.349665	18066	door 1 closed
2020-12-14 11:54:17.349977	18067	opening door 2
2020-12-14 11:54:18.043243	18068	door 2 opened
2020-12-14 11:54:18.043649	18069	closing door 0
2020-12-14 11:54:19.169578	18070	door 0 closed
2020-12-14 11:54:19.169913	18071	opening door 3
2020-12-14 11:54:19.930820	18072	door 3 opened
2020-12-14 11:54:37.105487	18073	feeder 2 reached (156)
2020-12-14 11:54:37.105884	18074	closing door 3
2020-12-14 11:54:37.800096	18075	door 3 closed
2020-12-14 11:54:37.800448	18076	opening door 0
2020-12-14 11:54:38.513039	18077	door 0 opened
2020-12-14 11:54:38.513529	18078	closing door 2
2020-12-14 11:54:39.648870	18079	door 2 closed
2020-12-14 11:54:39.649253	18080	opening door 1
2020-12-14 11:54:40.352200	18081	door 1 opened
2020-12-14 11:54:57.144487	18082	feeder 1 reached (161)
2020-12-14 11:54:57.145074	18083	closing door 1
2020-12-14 11:54:57.735825	18084	door 1 closed
2020-12-14 11:54:57.736238	18085	opening door 2
2020-12-14 11:54:58.430975	18086	door 2 opened
2020-12-14 11:54:58.431400	18087	closing door 0
2020-12-14 11:54:59.309584	18088	door 0 closed
2020-12-14 11:54:59.310108	18089	opening door 3
2020-12-14 11:55:00.046616	18090	door 3 opened
2020-12-14 11:55:25.921187	18091	feeder 2 reached (157)
2020-12-14 11:55:25.921916	18092	closing door 3
2020-12-14 11:55:26.619834	18093	door 3 closed
2020-12-14 11:55:26.620188	18094	opening door 0
2020-12-14 11:55:27.376810	18095	door 0 opened
2020-12-14 11:55:27.377202	18096	closing door 2
2020-12-14 11:55:28.400125	18097	door 2 closed
2020-12-14 11:55:28.401003	18098	opening door 1
2020-12-14 11:55:29.325363	18099	door 1 opened
2020-12-14 11:55:38.355532	18100	feeder 1 reached (162)
2020-12-14 11:55:38.355895	18101	closing door 1
2020-12-14 11:55:38.949301	18102	door 1 closed
2020-12-14 11:55:38.949682	18103	opening door 2
2020-12-14 11:55:39.646614	18104	door 2 opened
2020-12-14 11:55:39.647062	18105	closing door 0
2020-12-14 11:55:40.688633	18106	door 0 closed
2020-12-14 11:55:40.689060	18107	opening door 3
2020-12-14 11:55:41.426306	18108	door 3 opened
2020-12-14 11:55:51.464299	18109	feeder 2 reached (158)
2020-12-14 11:55:51.464674	18110	closing door 3
2020-12-14 11:55:52.157324	18111	door 3 closed
2020-12-14 11:55:52.157794	18112	opening door 0
2020-12-14 11:55:52.906747	18113	door 0 opened
2020-12-14 11:55:52.907115	18114	closing door 2
2020-12-14 11:55:53.791449	18115	door 2 closed
2020-12-14 11:55:53.791904	18116	opening door 1
2020-12-14 11:55:54.504545	18117	door 1 opened
2020-12-14 11:56:42.927992	18118	feeder 1 reached (163)
2020-12-14 11:56:42.928372	18119	closing door 1
2020-12-14 11:56:43.516882	18120	door 1 closed
2020-12-14 11:56:43.517284	18121	opening door 2
2020-12-14 11:56:44.212588	18122	door 2 opened
2020-12-14 11:56:44.213031	18123	closing door 0
2020-12-14 11:56:45.398656	18124	door 0 closed
2020-12-14 11:56:45.399062	18125	opening door 3
2020-12-14 11:56:46.147367	18126	door 3 opened
2020-12-14 11:56:56.584256	18127	feeder 2 reached (159)
2020-12-14 11:56:56.584619	18128	closing door 3
2020-12-14 11:56:57.274140	18129	door 3 closed
2020-12-14 11:56:57.274491	18130	opening door 0
2020-12-14 11:56:58.026174	18131	door 0 opened
2020-12-14 11:56:58.026608	18132	closing door 2
2020-12-14 11:56:58.896290	18133	door 2 closed
2020-12-14 11:56:58.896710	18134	opening door 1
2020-12-14 11:56:59.602007	18135	door 1 opened
2020-12-14 11:57:21.284154	18136	feeder 1 reached (164)
2020-12-14 11:57:21.284801	18137	closing door 1
2020-12-14 11:57:21.880953	18138	door 1 closed
2020-12-14 11:57:21.881451	18139	opening door 2
2020-12-14 11:57:22.579381	18140	door 2 opened
2020-12-14 11:57:22.579784	18141	closing door 0
2020-12-14 11:57:23.482066	18142	door 0 closed
2020-12-14 11:57:23.482478	18143	opening door 3
2020-12-14 11:57:24.229907	18144	door 3 opened
2020-12-14 11:58:18.121904	18145	feeder 2 reached (160)
2020-12-14 11:58:18.122303	18146	closing door 3
2020-12-14 11:58:18.816462	18147	door 3 closed
2020-12-14 11:58:18.816864	18148	opening door 0
2020-12-14 11:58:19.528922	18149	door 0 opened
2020-12-14 11:58:19.529246	18150	closing door 2
2020-12-14 11:58:20.431064	18151	door 2 closed
2020-12-14 11:58:20.431438	18152	opening door 1
2020-12-14 11:58:21.146257	18153	door 1 opened
2020-12-14 11:58:43.342512	18154	feeder 1 reached (165)
2020-12-14 11:58:43.342855	18155	closing door 1
2020-12-14 11:58:43.922825	18156	door 1 closed
2020-12-14 11:58:43.923254	18157	opening door 2
2020-12-14 11:58:44.617774	18158	door 2 opened
2020-12-14 11:58:44.618393	18159	closing door 0
2020-12-14 11:58:45.812435	18160	door 0 closed
2020-12-14 11:58:45.812880	18161	opening door 3
2020-12-14 11:58:46.578167	18162	door 3 opened
2020-12-14 11:58:59.105229	18163	feeder 2 reached (161)
2020-12-14 11:58:59.105578	18164	closing door 3
2020-12-14 11:58:59.799826	18165	door 3 closed
2020-12-14 11:58:59.800226	18166	opening door 0
2020-12-14 11:59:00.534351	18167	door 0 opened
2020-12-14 11:59:00.534784	18168	closing door 2
2020-12-14 11:59:01.390481	18169	door 2 closed
2020-12-14 11:59:01.390896	18170	opening door 1
2020-12-14 11:59:02.102767	18171	door 1 opened
2020-12-14 11:59:17.894885	18172	feeder 1 reached (166)
2020-12-14 11:59:17.895292	18173	closing door 1
2020-12-14 11:59:18.486380	18174	door 1 closed
2020-12-14 11:59:18.486797	18175	opening door 2
2020-12-14 11:59:19.181643	18176	door 2 opened
2020-12-14 11:59:19.182076	18177	closing door 0
2020-12-14 11:59:20.239465	18178	door 0 closed
2020-12-14 11:59:20.239875	18179	opening door 3
2020-12-14 11:59:20.980901	18180	door 3 opened
2020-12-14 11:59:34.526969	18181	feeder 2 reached (162)
2020-12-14 11:59:34.527347	18182	closing door 3
2020-12-14 11:59:35.219979	18183	door 3 closed
2020-12-14 11:59:35.220379	18184	opening door 0
2020-12-14 11:59:35.947825	18185	door 0 opened
2020-12-14 11:59:35.948297	18186	closing door 2
2020-12-14 11:59:37.024009	18187	door 2 closed
2020-12-14 11:59:37.024453	18188	opening door 1
2020-12-14 11:59:37.731401	18189	door 1 opened
2020-12-14 11:59:47.911802	18190	feeder 1 reached (167)
2020-12-14 11:59:47.912196	18191	closing door 1
2020-12-14 11:59:48.500480	18192	door 1 closed
2020-12-14 11:59:48.500877	18193	opening door 2
2020-12-14 11:59:49.197748	18194	door 2 opened
2020-12-14 11:59:49.198114	18195	closing door 0
2020-12-14 11:59:50.144691	18196	door 0 closed
2020-12-14 11:59:50.145101	18197	opening door 3
2020-12-14 11:59:50.886445	18198	door 3 opened
2020-12-14 11:59:59.906399	18199	feeder 2 reached (163)
2020-12-14 11:59:59.906770	18200	closing door 3
2020-12-14 12:00:00.605735	18201	door 3 closed
2020-12-14 12:00:00.606132	18202	opening door 0
2020-12-14 12:00:01.345682	18203	door 0 opened
2020-12-14 12:00:01.356740	18204	closing door 2
2020-12-14 12:00:02.410414	18205	door 2 closed
2020-12-14 12:00:02.410805	18206	opening door 1
2020-12-14 12:00:03.127273	18207	door 1 opened
2020-12-14 12:00:09.998861	18208	feeder 1 reached (168)
2020-12-14 12:00:09.999316	18209	closing door 1
2020-12-14 12:00:10.586611	18210	door 1 closed
2020-12-14 12:00:10.586995	18211	opening door 2
2020-12-14 12:00:11.281515	18212	door 2 opened
2020-12-14 12:00:11.281966	18213	closing door 0
2020-12-14 12:00:12.271022	18214	door 0 closed
2020-12-14 12:00:12.271493	18215	opening door 3
2020-12-14 12:00:13.006730	18216	door 3 opened
2020-12-14 12:01:55.123070	18217	feeder 2 reached (164)
2020-12-14 12:01:55.123433	18218	closing door 3
2020-12-14 12:01:55.824418	18219	door 3 closed
2020-12-14 12:01:55.824867	18220	opening door 0
2020-12-14 12:01:56.661070	18221	door 0 opened
2020-12-14 12:01:56.661469	18222	closing door 2
2020-12-14 12:01:57.527158	18223	door 2 closed
2020-12-14 12:01:57.527565	18224	opening door 1
2020-12-14 12:01:58.219382	18225	door 1 opened
2020-12-14 12:02:19.472061	18226	feeder 1 reached (169)
2020-12-14 12:02:19.472443	18227	closing door 1
2020-12-14 12:02:20.064207	18228	door 1 closed
2020-12-14 12:02:20.064610	18229	opening door 2
2020-12-14 12:02:20.757924	18230	door 2 opened
2020-12-14 12:02:20.758248	18231	closing door 0
2020-12-14 12:02:21.699173	18232	door 0 closed
2020-12-14 12:02:21.699555	18233	opening door 3
2020-12-14 12:02:22.458647	18234	door 3 opened
2020-12-14 12:02:53.667929	18235	feeder 2 reached (165)
2020-12-14 12:02:53.668335	18236	closing door 3
2020-12-14 12:02:54.358790	18237	door 3 closed
2020-12-14 12:02:54.359142	18238	opening door 0
2020-12-14 12:02:55.079838	18239	door 0 opened
2020-12-14 12:02:55.080208	18240	closing door 2
2020-12-14 12:02:56.083002	18241	door 2 closed
2020-12-14 12:02:56.083380	18242	opening door 1
2020-12-14 12:02:56.801666	18243	door 1 opened
2020-12-14 12:03:07.203355	18244	feeder 1 reached (170)
2020-12-14 12:03:07.203743	18245	closing door 1
2020-12-14 12:03:07.797218	18246	door 1 closed
2020-12-14 12:03:07.797578	18247	opening door 2
2020-12-14 12:03:08.492246	18248	door 2 opened
2020-12-14 12:03:08.492711	18249	closing door 0
2020-12-14 12:03:09.625777	18250	door 0 closed
2020-12-14 12:03:09.626164	18251	opening door 3
2020-12-14 12:03:10.379696	18252	door 3 opened
2020-12-14 12:03:18.693792	18253	feeder 2 reached (166)
2020-12-14 12:03:18.694179	18254	closing door 3
2020-12-14 12:03:19.386969	18255	door 3 closed
2020-12-14 12:03:19.387349	18256	opening door 0
2020-12-14 12:03:20.108468	18257	door 0 opened
2020-12-14 12:03:20.108871	18258	closing door 2
2020-12-14 12:03:21.102842	18259	door 2 closed
2020-12-14 12:03:21.103212	18260	opening door 1
2020-12-14 12:03:21.800315	18261	door 1 opened
2020-12-14 12:03:35.454474	18262	feeder 1 reached (171)
2020-12-14 12:03:35.454860	18263	closing door 1
2020-12-14 12:03:36.050275	18264	door 1 closed
2020-12-14 12:03:36.050656	18265	opening door 2
2020-12-14 12:03:36.765679	18266	door 2 opened
2020-12-14 12:03:36.766116	18267	closing door 0
2020-12-14 12:03:37.872935	18268	door 0 closed
2020-12-14 12:03:37.873442	18269	opening door 3
2020-12-14 12:03:38.631670	18270	door 3 opened
2020-12-14 12:03:47.808391	18271	feeder 2 reached (167)
2020-12-14 12:03:47.808996	18272	closing door 3
2020-12-14 12:03:48.488039	18273	door 3 closed
2020-12-14 12:03:48.488434	18274	opening door 0
2020-12-14 12:03:49.217504	18275	door 0 opened
2020-12-14 12:03:49.217854	18276	closing door 2
2020-12-14 12:03:50.166597	18277	door 2 closed
2020-12-14 12:03:50.166976	18278	opening door 1
2020-12-14 12:03:50.879225	18279	door 1 opened
2020-12-14 12:04:02.135494	18280	feeder 1 reached (172)
2020-12-14 12:04:02.135879	18281	closing door 1
2020-12-14 12:04:02.726346	18282	door 1 closed
2020-12-14 12:04:02.726766	18283	opening door 2
2020-12-14 12:04:03.420625	18284	door 2 opened
2020-12-14 12:04:03.421104	18285	closing door 0
2020-12-14 12:04:04.516869	18286	door 0 closed
2020-12-14 12:04:04.517185	18287	opening door 3
2020-12-14 12:04:05.259643	18288	door 3 opened
2020-12-14 12:04:26.920721	18289	feeder 2 reached (168)
2020-12-14 12:04:26.921133	18290	closing door 3
2020-12-14 12:04:27.613677	18291	door 3 closed
2020-12-14 12:04:27.614076	18292	opening door 0
2020-12-14 12:04:28.327951	18293	door 0 opened
2020-12-14 12:04:28.328386	18294	closing door 2
2020-12-14 12:04:29.477347	18295	door 2 closed
2020-12-14 12:04:29.477751	18296	opening door 1
2020-12-14 12:04:30.205819	18297	door 1 opened
2020-12-14 12:04:53.098696	18298	feeder 1 reached (173)
2020-12-14 12:04:53.099105	18299	closing door 1
2020-12-14 12:04:53.689848	18300	door 1 closed
2020-12-14 12:04:53.690278	18301	opening door 2
2020-12-14 12:04:54.401518	18302	door 2 opened
2020-12-14 12:04:54.401922	18303	closing door 0
2020-12-14 12:04:55.285867	18304	door 0 closed
2020-12-14 12:04:55.286311	18305	opening door 3
2020-12-14 12:04:56.029878	18306	door 3 opened
2020-12-14 12:05:49.304540	18307	feeder 2 reached (169)
2020-12-14 12:05:49.305033	18308	closing door 3
2020-12-14 12:05:50.009193	18309	door 3 closed
2020-12-14 12:05:50.009708	18310	opening door 0
2020-12-14 12:05:50.763695	18311	door 0 opened
2020-12-14 12:05:50.764112	18312	closing door 2
2020-12-14 12:05:51.817920	18313	door 2 closed
2020-12-14 12:05:51.818304	18314	opening door 1
2020-12-14 12:05:52.530795	18315	door 1 opened
2020-12-14 12:06:10.657056	18316	feeder 1 reached (174)
2020-12-14 12:06:10.657664	18317	closing door 1
2020-12-14 12:06:11.248206	18318	door 1 closed
2020-12-14 12:06:11.248565	18319	opening door 2
2020-12-14 12:06:11.961814	18320	door 2 opened
2020-12-14 12:06:11.962206	18321	closing door 0
2020-12-14 12:06:13.111545	18322	door 0 closed
2020-12-14 12:06:13.111930	18323	opening door 3
2020-12-14 12:06:13.858089	18324	door 3 opened
2020-12-14 12:06:23.623129	18325	feeder 2 reached (170)
2020-12-14 12:06:23.623556	18326	closing door 3
2020-12-14 12:06:24.315006	18327	door 3 closed
2020-12-14 12:06:24.315488	18328	opening door 0
2020-12-14 12:06:25.025193	18329	door 0 opened
2020-12-14 12:06:25.025580	18330	closing door 2
2020-12-14 12:06:26.249179	18331	door 2 closed
2020-12-14 12:06:26.249504	18332	opening door 1
2020-12-14 12:06:26.952100	18333	door 1 opened
2020-12-14 12:06:37.230030	18334	feeder 1 reached (175)
2020-12-14 12:06:37.230428	18335	closing door 1
2020-12-14 12:06:37.821563	18336	door 1 closed
2020-12-14 12:06:37.822012	18337	opening door 2
2020-12-14 12:06:38.534952	18338	door 2 opened
2020-12-14 12:06:38.535595	18339	closing door 0
2020-12-14 12:06:39.731967	18340	door 0 closed
2020-12-14 12:06:39.732399	18341	opening door 3
2020-12-14 12:06:40.471822	18342	door 3 opened
2020-12-14 12:07:26.565919	18343	feeder 2 reached (171)
2020-12-14 12:07:26.566354	18344	closing door 3
2020-12-14 12:07:27.258474	18345	door 3 closed
2020-12-14 12:07:27.258855	18346	opening door 0
2020-12-14 12:07:28.010891	18347	door 0 opened
2020-12-14 12:07:28.011255	18348	closing door 2
2020-12-14 12:07:28.890645	18349	door 2 closed
2020-12-14 12:07:28.891065	18350	opening door 1
2020-12-14 12:07:29.613636	18351	door 1 opened
2020-12-14 12:07:41.732136	18352	feeder 1 reached (176)
2020-12-14 12:07:41.732504	18353	closing door 1
2020-12-14 12:07:42.321944	18354	door 1 closed
2020-12-14 12:07:42.322309	18355	opening door 2
2020-12-14 12:07:43.017431	18356	door 2 opened
2020-12-14 12:07:43.017960	18357	closing door 0
2020-12-14 12:07:44.052703	18358	door 0 closed
2020-12-14 12:07:44.053099	18359	opening door 3
2020-12-14 12:07:44.786753	18360	door 3 opened
2020-12-14 12:08:00.090267	18361	feeder 2 reached (172)
2020-12-14 12:08:00.090630	18362	closing door 3
2020-12-14 12:08:00.780778	18363	door 3 closed
2020-12-14 12:08:00.781249	18364	opening door 0
2020-12-14 12:08:01.499110	18365	door 0 opened
2020-12-14 12:08:01.499537	18366	closing door 2
2020-12-14 12:08:02.479260	18367	door 2 closed
2020-12-14 12:08:02.479653	18368	opening door 1
2020-12-14 12:08:03.190319	18369	door 1 opened
2020-12-14 12:08:11.558758	18370	feeder 1 reached (177)
2020-12-14 12:08:11.559469	18371	closing door 1
2020-12-14 12:08:12.152835	18372	door 1 closed
2020-12-14 12:08:12.153230	18373	opening door 2
2020-12-14 12:08:12.849455	18374	door 2 opened
2020-12-14 12:08:12.849823	18375	closing door 0
2020-12-14 12:08:13.960556	18376	door 0 closed
2020-12-14 12:08:13.960957	18377	opening door 3
2020-12-14 12:08:14.716292	18378	door 3 opened
2020-12-14 12:08:38.286511	18379	feeder 2 reached (173)
2020-12-14 12:08:38.286861	18380	closing door 3
2020-12-14 12:08:38.988391	18381	door 3 closed
2020-12-14 12:08:38.988760	18382	opening door 0
2020-12-14 12:08:39.733969	18383	door 0 opened
2020-12-14 12:08:39.734374	18384	closing door 2
2020-12-14 12:08:40.569980	18385	door 2 closed
2020-12-14 12:08:40.570391	18386	opening door 1
2020-12-14 12:08:41.283424	18387	door 1 opened
2020-12-14 12:08:51.825182	18388	feeder 1 reached (178)
2020-12-14 12:08:51.825563	18389	closing door 1
2020-12-14 12:08:52.405901	18390	door 1 closed
2020-12-14 12:08:52.406271	18391	opening door 2
2020-12-14 12:08:53.103907	18392	door 2 opened
2020-12-14 12:08:53.104321	18393	closing door 0
2020-12-14 12:08:54.087069	18394	door 0 closed
2020-12-14 12:08:54.104020	18395	opening door 3
2020-12-14 12:08:54.839706	18396	door 3 opened
2020-12-14 12:09:08.514618	18397	feeder 2 reached (174)
2020-12-14 12:09:08.514912	18398	closing door 3
2020-12-14 12:09:09.211519	18399	door 3 closed
2020-12-14 12:09:09.211918	18400	opening door 0
2020-12-14 12:09:09.951532	18401	door 0 opened
2020-12-14 12:09:09.952700	18402	closing door 2
2020-12-14 12:09:10.890113	18403	door 2 closed
2020-12-14 12:09:10.890533	18404	opening door 1
2020-12-14 12:09:11.590687	18405	door 1 opened
2020-12-14 12:09:21.906031	18406	feeder 1 reached (179)
2020-12-14 12:09:21.906458	18407	closing door 1
2020-12-14 12:09:22.498636	18408	door 1 closed
2020-12-14 12:09:22.499058	18409	opening door 2
2020-12-14 12:09:23.193515	18410	door 2 opened
2020-12-14 12:09:23.193914	18411	closing door 0
2020-12-14 12:09:24.406480	18412	door 0 closed
2020-12-14 12:09:24.406855	18413	opening door 3
2020-12-14 12:09:25.137435	18414	door 3 opened
2020-12-14 12:09:34.889271	18415	feeder 2 reached (175)
2020-12-14 12:09:34.889658	18416	closing door 3
2020-12-14 12:09:35.590390	18417	door 3 closed
2020-12-14 12:09:35.590748	18418	opening door 0
2020-12-14 12:09:36.309833	18419	door 0 opened
2020-12-14 12:09:36.310301	18420	closing door 2
2020-12-14 12:09:37.536835	18421	door 2 closed
2020-12-14 12:09:37.537261	18422	opening door 1
2020-12-14 12:09:38.240876	18423	door 1 opened
2020-12-14 12:09:53.993101	18424	feeder 1 reached (180)
2020-12-14 12:09:53.993503	18425	closing door 1
2020-12-14 12:09:54.587018	18426	door 1 closed
2020-12-14 12:09:54.587374	18427	opening door 2
2020-12-14 12:09:55.287348	18428	door 2 opened
2020-12-14 12:09:55.287830	18429	closing door 0
2020-12-14 12:09:56.356704	18430	door 0 closed
2020-12-14 12:09:56.357103	18431	opening door 3
2020-12-14 12:09:57.106874	18432	door 3 opened
2020-12-14 12:10:07.143733	18433	feeder 2 reached (176)
2020-12-14 12:10:07.144198	18434	closing door 3
2020-12-14 12:10:07.838966	18435	door 3 closed
2020-12-14 12:10:07.839339	18436	opening door 0
2020-12-14 12:10:08.573901	18437	door 0 opened
2020-12-14 12:10:08.574349	18438	closing door 2
2020-12-14 12:10:09.493450	18439	door 2 closed
2020-12-14 12:10:09.493853	18440	opening door 1
2020-12-14 12:10:10.209052	18441	door 1 opened
2020-12-14 12:10:18.430409	18442	feeder 1 reached (181)
2020-12-14 12:10:18.430824	18443	closing door 1
2020-12-14 12:10:19.022763	18444	door 1 closed
2020-12-14 12:10:19.023185	18445	opening door 2
2020-12-14 12:10:19.722323	18446	door 2 opened
2020-12-14 12:10:19.722659	18447	closing door 0
2020-12-14 12:10:20.937003	18448	door 0 closed
2020-12-14 12:10:20.937425	18449	opening door 3
2020-12-14 12:10:21.680119	18450	door 3 opened
2020-12-14 12:10:31.375375	18451	feeder 2 reached (177)
2020-12-14 12:10:31.375747	18452	closing door 3
2020-12-14 12:10:32.068248	18453	door 3 closed
2020-12-14 12:10:32.068721	18454	opening door 0
2020-12-14 12:10:32.782347	18455	door 0 opened
2020-12-14 12:10:32.782843	18456	closing door 2
2020-12-14 12:10:33.639125	18457	door 2 closed
2020-12-14 12:10:33.639468	18458	opening door 1
2020-12-14 12:10:34.341931	18459	door 1 opened
2020-12-14 12:10:42.992369	18460	feeder 1 reached (182)
2020-12-14 12:10:42.992902	18461	closing door 1
2020-12-14 12:10:43.599429	18462	door 1 closed
2020-12-14 12:10:43.599894	18463	opening door 2
2020-12-14 12:10:44.411397	18464	door 2 opened
2020-12-14 12:10:44.411790	18465	closing door 0
2020-12-14 12:10:45.494768	18466	door 0 closed
2020-12-14 12:10:45.495141	18467	opening door 3
2020-12-14 12:10:46.229263	18468	door 3 opened
2020-12-14 12:11:17.176020	18469	feeder 2 reached (178)
2020-12-14 12:11:17.176446	18470	closing door 3
2020-12-14 12:11:17.877451	18471	door 3 closed
2020-12-14 12:11:17.877932	18472	opening door 0
2020-12-14 12:11:18.629915	18473	door 0 opened
2020-12-14 12:11:18.630340	18474	closing door 2
2020-12-14 12:11:19.510008	18475	door 2 closed
2020-12-14 12:11:19.510398	18476	opening door 1
2020-12-14 12:11:20.213952	18477	door 1 opened
2020-12-14 12:11:28.917022	18478	feeder 1 reached (183)
2020-12-14 12:11:28.917404	18479	closing door 1
2020-12-14 12:11:29.512129	18480	door 1 closed
2020-12-14 12:11:29.512809	18481	opening door 2
2020-12-14 12:11:30.207513	18482	door 2 opened
2020-12-14 12:11:30.207853	18483	closing door 0
2020-12-14 12:11:31.384264	18484	door 0 closed
2020-12-14 12:11:31.384666	18485	opening door 3
2020-12-14 12:11:32.137243	18486	door 3 opened
2020-12-14 12:11:51.588705	18487	feeder 2 reached (179)
2020-12-14 12:11:51.589108	18488	closing door 3
2020-12-14 12:11:52.282642	18489	door 3 closed
2020-12-14 12:11:52.282992	18490	opening door 0
2020-12-14 12:11:53.029584	18491	door 0 opened
2020-12-14 12:11:53.029999	18492	closing door 2
2020-12-14 12:11:53.920424	18493	door 2 closed
2020-12-14 12:11:53.920859	18494	opening door 1
2020-12-14 12:11:54.644700	18495	door 1 opened
2020-12-14 12:12:02.552989	18496	feeder 1 reached (184)
2020-12-14 12:12:02.553391	18497	closing door 1
2020-12-14 12:12:03.144490	18498	door 1 closed
2020-12-14 12:12:03.145147	18499	opening door 2
2020-12-14 12:12:03.872108	18500	door 2 opened
2020-12-14 12:12:03.872481	18501	closing door 0
2020-12-14 12:12:04.964916	18502	door 0 closed
2020-12-14 12:12:04.965361	18503	opening door 3
2020-12-14 12:12:05.706116	18504	door 3 opened
2020-12-14 12:12:21.981328	18505	feeder 2 reached (180)
2020-12-14 12:12:21.981752	18506	closing door 3
2020-12-14 12:12:22.677051	18507	door 3 closed
2020-12-14 12:12:22.677461	18508	opening door 0
2020-12-14 12:12:23.420378	18509	door 0 opened
2020-12-14 12:12:23.420747	18510	closing door 2
2020-12-14 12:12:24.215591	18511	door 2 closed
2020-12-14 12:12:24.215971	18512	opening door 1
2020-12-14 12:12:24.943526	18513	door 1 opened
2020-12-14 12:12:40.379850	18514	feeder 1 reached (185)
2020-12-14 12:12:40.380260	18515	closing door 1
2020-12-14 12:12:40.972897	18516	door 1 closed
2020-12-14 12:12:40.973297	18517	opening door 2
2020-12-14 12:12:41.667575	18518	door 2 opened
2020-12-14 12:12:41.667978	18519	closing door 0
2020-12-14 12:12:42.660514	18520	door 0 closed
2020-12-14 12:12:42.660897	18521	opening door 3
2020-12-14 12:12:43.420618	18522	door 3 opened
2020-12-14 12:12:53.862764	18523	feeder 2 reached (181)
2020-12-14 12:12:53.863162	18524	closing door 3
2020-12-14 12:12:54.566435	18525	door 3 closed
2020-12-14 12:12:54.566830	18526	opening door 0
2020-12-14 12:12:55.280099	18527	door 0 opened
2020-12-14 12:12:55.280513	18528	closing door 2
2020-12-14 12:12:56.190078	18529	door 2 closed
2020-12-14 12:12:56.190473	18530	opening door 1
2020-12-14 12:12:56.920548	18531	door 1 opened
2020-12-14 12:13:05.228459	18532	feeder 1 reached (186)
2020-12-14 12:13:05.229483	18533	closing door 1
2020-12-14 12:13:05.826758	18534	door 1 closed
2020-12-14 12:13:05.827391	18535	opening door 2
2020-12-14 12:13:06.551050	18536	door 2 opened
2020-12-14 12:13:06.551457	18537	closing door 0
2020-12-14 12:13:07.661686	18538	door 0 closed
2020-12-14 12:13:07.662059	18539	opening door 3
2020-12-14 12:13:08.400533	18540	door 3 opened
2020-12-14 12:13:41.001517	18541	feeder 2 reached (182)
2020-12-14 12:13:41.001944	18542	closing door 3
2020-12-14 12:13:41.696992	18543	door 3 closed
2020-12-14 12:13:41.697424	18544	opening door 0
2020-12-14 12:13:42.417123	18545	door 0 opened
2020-12-14 12:13:42.417461	18546	closing door 2
2020-12-14 12:13:43.289223	18547	door 2 closed
2020-12-14 12:13:43.289612	18548	opening door 1
2020-12-14 12:13:43.997370	18549	door 1 opened
2020-12-14 12:13:51.733004	18550	feeder 1 reached (187)
2020-12-14 12:13:51.733380	18551	closing door 1
2020-12-14 12:13:52.326641	18552	door 1 closed
2020-12-14 12:13:52.327054	18553	opening door 2
2020-12-14 12:13:53.017372	18554	door 2 opened
2020-12-14 12:13:53.017807	18555	closing door 0
2020-12-14 12:13:53.935162	18556	door 0 closed
2020-12-14 12:13:53.935490	18557	opening door 3
2020-12-14 12:13:54.688716	18558	door 3 opened
2020-12-14 12:14:04.639393	18559	feeder 2 reached (183)
2020-12-14 12:14:04.639780	18560	closing door 3
2020-12-14 12:14:05.332418	18561	door 3 closed
2020-12-14 12:14:05.332774	18562	opening door 0
2020-12-14 12:14:06.051224	18563	door 0 opened
2020-12-14 12:14:06.051635	18564	closing door 2
2020-12-14 12:14:07.028617	18565	door 2 closed
2020-12-14 12:14:07.029096	18566	opening door 1
2020-12-14 12:14:07.750272	18567	door 1 opened
2020-12-14 12:14:16.169683	18568	feeder 1 reached (188)
2020-12-14 12:14:16.170092	18569	closing door 1
2020-12-14 12:14:16.762954	18570	door 1 closed
2020-12-14 12:14:16.763407	18571	opening door 2
2020-12-14 12:14:17.458378	18572	door 2 opened
2020-12-14 12:14:17.458800	18573	closing door 0
2020-12-14 12:14:18.241642	18574	door 0 closed
2020-12-14 12:14:18.242167	18575	opening door 3
2020-12-14 12:14:18.999842	18576	door 3 opened
2020-12-14 12:14:39.232735	18577	feeder 2 reached (184)
2020-12-14 12:14:39.233265	18578	closing door 3
2020-12-14 12:14:39.926818	18579	door 3 closed
2020-12-14 12:14:39.927218	18580	opening door 0
2020-12-14 12:14:40.691421	18581	door 0 opened
2020-12-14 12:14:40.691812	18582	closing door 2
2020-12-14 12:14:41.858146	18583	door 2 closed
2020-12-14 12:14:41.858562	18584	opening door 1
2020-12-14 12:14:42.551992	18585	door 1 opened
2020-12-14 12:14:53.772145	18586	feeder 1 reached (189)
2020-12-14 12:14:53.772508	18587	closing door 1
2020-12-14 12:14:54.362048	18588	door 1 closed
2020-12-14 12:14:54.363044	18589	opening door 2
2020-12-14 12:14:55.060379	18590	door 2 opened
2020-12-14 12:14:55.060696	18591	closing door 0
2020-12-14 12:14:56.188713	18592	door 0 closed
2020-12-14 12:14:56.189155	18593	opening door 3
2020-12-14 12:14:56.948439	18594	door 3 opened
2020-12-14 12:15:07.980944	18595	feeder 2 reached (185)
2020-12-14 12:15:07.981334	18596	closing door 3
2020-12-14 12:15:08.679195	18597	door 3 closed
2020-12-14 12:15:08.679762	18598	opening door 0
2020-12-14 12:15:09.401991	18599	door 0 opened
2020-12-14 12:15:09.402464	18600	closing door 2
2020-12-14 12:15:10.529237	18601	door 2 closed
2020-12-14 12:15:10.529628	18602	opening door 1
2020-12-14 12:15:11.264661	18603	door 1 opened
2020-12-14 12:16:18.570743	18604	feeder 1 reached (190)
2020-12-14 12:16:18.571165	18605	closing door 1
2020-12-14 12:16:19.166156	18606	door 1 closed
2020-12-14 12:16:19.166524	18607	opening door 2
2020-12-14 12:16:19.857798	18608	door 2 opened
2020-12-14 12:16:19.858199	18609	closing door 0
2020-12-14 12:16:20.635403	18610	door 0 closed
2020-12-14 12:16:20.635793	18611	opening door 3
2020-12-14 12:16:21.378495	18612	door 3 opened
2020-12-14 12:16:58.701376	18613	feeder 2 reached (186)
2020-12-14 12:16:58.701756	18614	closing door 3
2020-12-14 12:16:59.397650	18615	door 3 closed
2020-12-14 12:16:59.398001	18616	opening door 0
2020-12-14 12:17:00.162698	18617	door 0 opened
2020-12-14 12:17:00.163058	18618	closing door 2
2020-12-14 12:17:01.119227	18619	door 2 closed
2020-12-14 12:17:01.119592	18620	opening door 1
2020-12-14 12:17:01.998383	18621	door 1 opened
2020-12-14 12:17:11.229860	18622	feeder 1 reached (191)
2020-12-14 12:17:11.230214	18623	closing door 1
2020-12-14 12:17:11.820468	18624	door 1 closed
2020-12-14 12:17:11.820970	18625	opening door 2
2020-12-14 12:17:12.520817	18626	door 2 opened
2020-12-14 12:17:12.521211	18627	closing door 0
2020-12-14 12:17:13.432460	18628	door 0 closed
2020-12-14 12:17:13.432894	18629	opening door 3
2020-12-14 12:17:14.177064	18630	door 3 opened
2020-12-14 12:17:32.961538	18631	feeder 2 reached (187)
2020-12-14 12:17:32.962000	18632	closing door 3
2020-12-14 12:17:33.668514	18633	door 3 closed
2020-12-14 12:17:33.668929	18634	opening door 0
2020-12-14 12:17:34.423104	18635	door 0 opened
2020-12-14 12:17:34.423522	18636	closing door 2
2020-12-14 12:17:35.523834	18637	door 2 closed
2020-12-14 12:17:35.524318	18638	opening door 1
2020-12-14 12:17:36.228291	18639	door 1 opened
2020-12-14 12:17:45.123785	18640	feeder 1 reached (192)
2020-12-14 12:17:45.124204	18641	closing door 1
2020-12-14 12:17:45.714686	18642	door 1 closed
2020-12-14 12:17:45.714997	18643	opening door 2
2020-12-14 12:17:46.406033	18644	door 2 opened
2020-12-14 12:17:46.406408	18645	closing door 0
2020-12-14 12:17:47.415889	18646	door 0 closed
2020-12-14 12:17:47.416332	18647	opening door 3
2020-12-14 12:17:48.130446	18648	door 3 opened
2020-12-14 12:17:55.529898	18649	feeder 2 reached (188)
2020-12-14 12:17:55.530272	18650	closing door 3
2020-12-14 12:17:56.225689	18651	door 3 closed
2020-12-14 12:17:56.226098	18652	opening door 0
2020-12-14 12:17:56.974825	18653	door 0 opened
2020-12-14 12:17:56.975322	18654	closing door 2
2020-12-14 12:17:58.043465	18655	door 2 closed
2020-12-14 12:17:58.043834	18656	opening door 1
2020-12-14 12:17:58.754675	18657	door 1 opened
2020-12-14 12:18:15.172920	18658	feeder 1 reached (193)
2020-12-14 12:18:15.173307	18659	closing door 1
2020-12-14 12:18:15.766550	18660	door 1 closed
2020-12-14 12:18:15.767063	18661	opening door 2
2020-12-14 12:18:16.461034	18662	door 2 opened
2020-12-14 12:18:16.461407	18663	closing door 0
2020-12-14 12:18:17.313938	18664	door 0 closed
2020-12-14 12:18:17.314301	18665	opening door 3
2020-12-14 12:18:18.052880	18666	door 3 opened
2020-12-14 12:18:25.980502	18667	feeder 2 reached (189)
2020-12-14 12:18:25.980918	18668	closing door 3
2020-12-14 12:18:26.677983	18669	door 3 closed
2020-12-14 12:18:26.678360	18670	opening door 0
2020-12-14 12:18:27.407843	18671	door 0 opened
2020-12-14 12:18:27.408186	18672	closing door 2
2020-12-14 12:18:28.398616	18673	door 2 closed
2020-12-14 12:18:28.398951	18674	opening door 1
2020-12-14 12:18:29.102544	18675	door 1 opened
2020-12-14 12:18:36.514138	18676	feeder 1 reached (194)
2020-12-14 12:18:36.514440	18677	closing door 1
2020-12-14 12:18:37.108406	18678	door 1 closed
2020-12-14 12:18:37.108748	18679	opening door 2
2020-12-14 12:18:37.794622	18680	door 2 opened
2020-12-14 12:18:37.795019	18681	closing door 0
2020-12-14 12:18:38.623940	18682	door 0 closed
2020-12-14 12:18:38.624420	18683	opening door 3
2020-12-14 12:18:39.360930	18684	door 3 opened
2020-12-14 12:18:45.308454	18685	feeder 2 reached (190)
2020-12-14 12:18:45.308821	18686	closing door 3
2020-12-14 12:18:46.004276	18687	door 3 closed
2020-12-14 12:18:46.004714	18688	opening door 0
2020-12-14 12:18:46.728690	18689	door 0 opened
2020-12-14 12:18:46.729095	18690	closing door 2
2020-12-14 12:18:47.633872	18691	door 2 closed
2020-12-14 12:18:47.634236	18692	opening door 1
2020-12-14 12:18:48.343705	18693	door 1 opened
2020-12-14 12:18:57.333473	18694	feeder 1 reached (195)
2020-12-14 12:18:57.333859	18695	closing door 1
2020-12-14 12:18:57.923612	18696	door 1 closed
2020-12-14 12:18:57.924093	18697	opening door 2
2020-12-14 12:18:58.622554	18698	door 2 opened
2020-12-14 12:18:58.623205	18699	closing door 0
2020-12-14 12:18:59.498734	18700	door 0 closed
2020-12-14 12:18:59.499132	18701	opening door 3
2020-12-14 12:19:00.248746	18702	door 3 opened
2020-12-14 12:19:34.397015	18703	feeder 2 reached (191)
2020-12-14 12:19:34.397385	18704	closing door 3
2020-12-14 12:19:35.091066	18705	door 3 closed
2020-12-14 12:19:35.091448	18706	opening door 0
2020-12-14 12:19:35.802881	18707	door 0 opened
2020-12-14 12:19:35.803320	18708	closing door 2
2020-12-14 12:19:36.775209	18709	door 2 closed
2020-12-14 12:19:36.775655	18710	opening door 1
2020-12-14 12:19:37.481892	18711	door 1 opened
2020-12-14 12:19:44.403217	18712	feeder 1 reached (196)
2020-12-14 12:19:44.403795	18713	closing door 1
2020-12-14 12:19:45.007450	18714	door 1 closed
2020-12-14 12:19:45.007866	18715	opening door 2
2020-12-14 12:19:45.705090	18716	door 2 opened
2020-12-14 12:19:45.705507	18717	closing door 0
2020-12-14 12:19:46.614988	18718	door 0 closed
2020-12-14 12:19:46.615329	18719	opening door 3
2020-12-14 12:19:47.372712	18720	door 3 opened
2020-12-14 12:19:53.968774	18721	feeder 2 reached (192)
2020-12-14 12:19:53.969127	18722	closing door 3
2020-12-14 12:19:54.661033	18723	door 3 closed
2020-12-14 12:19:54.661499	18724	opening door 0
2020-12-14 12:19:55.379034	18725	door 0 opened
2020-12-14 12:19:55.379418	18726	closing door 2
2020-12-14 12:19:56.431982	18727	door 2 closed
2020-12-14 12:19:56.432369	18728	opening door 1
2020-12-14 12:19:57.129856	18729	door 1 opened
2020-12-14 12:20:31.938965	18730	feeder 1 reached (197)
2020-12-14 12:20:31.939403	18731	closing door 1
2020-12-14 12:20:32.520141	18732	door 1 closed
2020-12-14 12:20:32.520502	18733	opening door 2
2020-12-14 12:20:33.224246	18734	door 2 opened
2020-12-14 12:20:33.224667	18735	closing door 0
2020-12-14 12:20:34.114142	18736	door 0 closed
2020-12-14 12:20:34.115050	18737	opening door 3
2020-12-14 12:20:34.849958	18738	door 3 opened
2020-12-14 12:20:55.457153	18739	feeder 2 reached (193)
2020-12-14 12:20:55.457531	18740	closing door 3
2020-12-14 12:20:56.157119	18741	door 3 closed
2020-12-14 12:20:56.157517	18742	opening door 0
2020-12-14 12:20:56.914015	18743	door 0 opened
2020-12-14 12:20:56.914455	18744	closing door 2
2020-12-14 12:20:57.881577	18745	door 2 closed
2020-12-14 12:20:57.882002	18746	opening door 1
2020-12-14 12:20:58.576616	18747	door 1 opened
2020-12-14 12:22:07.548968	18748	feeder 1 reached (198)
2020-12-14 12:22:07.549399	18749	closing door 1
2020-12-14 12:22:08.133654	18750	door 1 closed
2020-12-14 12:22:08.134063	18751	opening door 2
2020-12-14 12:22:08.838267	18752	door 2 opened
2020-12-14 12:22:08.838619	18753	closing door 0
2020-12-14 12:22:09.968728	18754	door 0 closed
2020-12-14 12:22:09.969135	18755	opening door 3
2020-12-14 12:22:10.720216	18756	door 3 opened
2020-12-14 12:22:29.443504	18757	feeder 2 reached (194)
2020-12-14 12:22:29.443897	18758	closing door 3
2020-12-14 12:22:30.135679	18759	door 3 closed
2020-12-14 12:22:30.136085	18760	opening door 0
2020-12-14 12:22:30.866092	18761	door 0 opened
2020-12-14 12:22:30.866512	18762	closing door 2
2020-12-14 12:22:31.681081	18763	door 2 closed
2020-12-14 12:22:31.681483	18764	opening door 1
2020-12-14 12:22:32.400808	18765	door 1 opened
2020-12-14 12:22:48.290209	18766	feeder 1 reached (199)
2020-12-14 12:22:48.290604	18767	closing door 1
2020-12-14 12:22:48.906329	18768	door 1 closed
2020-12-14 12:22:48.906753	18769	opening door 2
2020-12-14 12:22:49.634514	18770	door 2 opened
2020-12-14 12:22:49.634866	18771	closing door 0
2020-12-14 12:22:50.550743	18772	door 0 closed
2020-12-14 12:22:50.551128	18773	opening door 3
2020-12-14 12:22:51.298760	18774	door 3 opened
2020-12-14 12:23:29.528978	18775	feeder 2 reached (195)
2020-12-14 12:23:29.529426	18776	closing door 3
2020-12-14 12:23:30.230224	18777	door 3 closed
2020-12-14 12:23:30.230614	18778	opening door 0
2020-12-14 12:23:30.943923	18779	door 0 opened
2020-12-14 12:23:30.944400	18780	closing door 2
2020-12-14 12:23:31.890988	18781	door 2 closed
2020-12-14 12:23:31.891322	18782	opening door 1
2020-12-14 12:23:32.592546	18783	door 1 opened
2020-12-14 12:23:49.950883	18784	feeder 1 reached (200)
2020-12-14 12:23:49.951248	18785	closing door 1
2020-12-14 12:23:50.543576	18786	door 1 closed
2020-12-14 12:23:50.543951	18787	opening door 2
2020-12-14 12:23:51.255537	18788	door 2 opened
2020-12-14 12:23:51.255900	18789	closing door 0
2020-12-14 12:23:52.389046	18790	door 0 closed
2020-12-14 12:23:52.389478	18791	opening door 3
2020-12-14 12:23:53.131100	18792	door 3 opened
2020-12-14 12:25:02.496006	18793	feeder 2 reached (196)
2020-12-14 12:25:02.496439	18794	closing door 3
2020-12-14 12:25:03.192482	18795	door 3 closed
2020-12-14 12:25:03.192905	18796	opening door 0
2020-12-14 12:25:03.910862	18797	door 0 opened
2020-12-14 12:25:03.911294	18798	closing door 2
2020-12-14 12:25:04.862696	18799	door 2 closed
2020-12-14 12:25:04.863089	18800	opening door 1
2020-12-14 12:25:05.555383	18801	door 1 opened
2020-12-14 12:26:17.925775	18802	feeder 1 reached (201)
2020-12-14 12:26:17.926186	18803	closing door 1
2020-12-14 12:26:18.518678	18804	door 1 closed
2020-12-14 12:26:18.519010	18805	opening door 2
2020-12-14 12:26:19.199708	18806	door 2 opened
2020-12-14 12:26:19.201214	18807	closing door 0
2020-12-14 12:26:20.252691	18808	door 0 closed
2020-12-14 12:26:20.253229	18809	opening door 3
2020-12-14 12:26:21.009045	18810	door 3 opened
2020-12-14 12:26:26.765989	18811	feeder 2 reached (197)
2020-12-14 12:26:26.766335	18812	closing door 3
2020-12-14 12:26:27.458197	18813	door 3 closed
2020-12-14 12:26:27.458573	18814	opening door 0
2020-12-14 12:26:28.176571	18815	door 0 opened
2020-12-14 12:26:28.176938	18816	closing door 2
2020-12-14 12:26:29.254774	18817	door 2 closed
2020-12-14 12:26:29.255152	18818	opening door 1
2020-12-14 12:26:29.980891	18819	door 1 opened
2020-12-14 12:27:22.771871	18820	feeder 1 reached (202)
2020-12-14 12:27:22.772331	18821	closing door 1
2020-12-14 12:27:23.361576	18822	door 1 closed
2020-12-14 12:27:23.362045	18823	opening door 2
2020-12-14 12:27:24.040980	18824	door 2 opened
2020-12-14 12:27:24.041348	18825	closing door 0
2020-12-14 12:27:24.961389	18826	door 0 closed
2020-12-14 12:27:24.961818	18827	opening door 3
2020-12-14 12:27:25.719385	18828	door 3 opened
2020-12-14 12:27:30.510068	18829	feeder 2 reached (198)
2020-12-14 12:27:30.510458	18830	closing door 3
2020-12-14 12:27:31.207018	18831	door 3 closed
2020-12-14 12:27:31.207409	18832	opening door 0
2020-12-14 12:27:31.945503	18833	door 0 opened
2020-12-14 12:27:31.946100	18834	closing door 2
2020-12-14 12:27:33.182903	18835	door 2 closed
2020-12-14 12:27:33.183338	18836	opening door 1
2020-12-14 12:27:33.920550	18837	door 1 opened
2020-12-14 12:27:52.198056	18838	feeder 1 reached (203)
2020-12-14 12:27:52.198663	18839	closing door 1
2020-12-14 12:27:52.789482	18840	door 1 closed
2020-12-14 12:27:52.789950	18841	opening door 2
2020-12-14 12:27:53.500245	18842	door 2 opened
2020-12-14 12:27:53.500631	18843	closing door 0
2020-12-14 12:27:54.456227	18844	door 0 closed
2020-12-14 12:27:54.456664	18845	opening door 3
2020-12-14 12:27:55.191074	18846	door 3 opened
2020-12-14 12:28:32.567478	18847	feeder 2 reached (199)
2020-12-14 12:28:32.567870	18848	closing door 3
2020-12-14 12:28:33.266382	18849	door 3 closed
2020-12-14 12:28:33.266782	18850	opening door 0
2020-12-14 12:28:33.985783	18851	door 0 opened
2020-12-14 12:28:33.986191	18852	closing door 2
2020-12-14 12:28:35.004633	18853	door 2 closed
2020-12-14 12:28:35.005037	18854	opening door 1
2020-12-14 12:28:35.730117	18855	door 1 opened
2020-12-14 12:28:57.569016	18856	feeder 1 reached (204)
2020-12-14 12:28:57.569423	18857	closing door 1
2020-12-14 12:28:58.161749	18858	door 1 closed
2020-12-14 12:28:58.162108	18859	opening door 2
2020-12-14 12:28:58.852577	18860	door 2 opened
2020-12-14 12:28:58.852963	18861	closing door 0
2020-12-14 12:28:59.976306	18862	door 0 closed
2020-12-14 12:28:59.976667	18863	opening door 3
2020-12-14 12:29:00.711194	18864	door 3 opened
2020-12-14 12:29:04.740546	18865	feeder 2 reached (200)
2020-12-14 12:29:04.740983	18866	closing door 3
2020-12-14 12:29:05.431041	18867	door 3 closed
2020-12-14 12:29:05.431408	18868	opening door 0
2020-12-14 12:29:06.149602	18869	door 0 opened
2020-12-14 12:29:06.149989	18870	closing door 2
2020-12-14 12:29:06.941921	18871	door 2 closed
2020-12-14 12:29:06.942369	18872	opening door 1
2020-12-14 12:29:07.653359	18873	door 1 opened
2020-12-14 12:29:38.501149	18874	feeder 1 reached (205)
2020-12-14 12:29:38.501837	18875	closing door 1
2020-12-14 12:29:39.089870	18876	door 1 closed
2020-12-14 12:29:39.090272	18877	opening door 2
2020-12-14 12:29:39.789055	18878	door 2 opened
2020-12-14 12:29:39.789473	18879	closing door 0
2020-12-14 12:29:40.962058	18880	door 0 closed
2020-12-14 12:29:40.962443	18881	opening door 3
2020-12-14 12:29:41.691952	18882	door 3 opened
2020-12-14 12:29:50.226108	18883	feeder 2 reached (201)
2020-12-14 12:29:50.226490	18884	closing door 3
2020-12-14 12:29:50.917398	18885	door 3 closed
2020-12-14 12:29:50.917761	18886	opening door 0
2020-12-14 12:29:51.647632	18887	door 0 opened
2020-12-14 12:29:51.648020	18888	closing door 2
2020-12-14 12:29:52.834307	18889	door 2 closed
2020-12-14 12:29:52.834713	18890	opening door 1
2020-12-14 12:29:53.541121	18891	door 1 opened
2020-12-14 12:37:47.914746	18892	feeder 1 reached (206)
2020-12-14 12:37:47.915547	18893	closing door 1
2020-12-14 12:37:48.491920	18894	door 1 closed
2020-12-14 12:37:48.492380	18895	closing door 2
2020-12-14 12:37:48.586990	18896	door 2 closed
2020-12-14 12:37:48.587346	18897	closing door 0
2020-12-14 12:37:49.631192	18898	door 0 closed
2020-12-14 12:37:49.631722	18899	closing door 3
2020-12-14 12:37:49.816561	18900	door 3 closed
2020-12-14 12:37:49.817025	18901	ended experiment GE3_20_12_14_Open1_CrepLight
