2020-11-17 16:54:48.244297	3616	started experiment GE3_20_11_17
2020-11-17 16:54:48.244701	3617	closing door 0
2020-11-17 16:54:48.830038	3618	door 0 closed
2020-11-17 16:54:48.830707	3619	closing door 1
2020-11-17 16:54:49.198341	3620	door 1 closed
2020-11-17 16:54:49.199025	3621	closing door 2
2020-11-17 16:54:49.372712	3622	door 2 closed
2020-11-17 16:54:49.373348	3623	closing door 3
2020-11-17 16:54:49.570370	3624	door 3 closed
2020-11-17 16:55:07.841849	3625	feeder 1 reached (58)
2020-11-17 16:55:07.842517	3626	closing door 1
2020-11-17 16:55:07.916596	3627	door 1 closed
2020-11-17 16:55:07.917187	3628	opening door 2
2020-11-17 16:55:08.597294	3629	door 2 opened
2020-11-17 16:55:08.597986	3630	closing door 0
2020-11-17 16:55:08.917763	3631	door 0 closed
2020-11-17 16:55:08.918438	3632	opening door 3
2020-11-17 16:55:09.944638	3633	door 3 opened
2020-11-17 16:55:14.124091	3634	feeder 2 reached (56)
2020-11-17 16:55:14.124579	3635	closing door 3
2020-11-17 16:55:14.831795	3636	door 3 closed
2020-11-17 16:55:14.832419	3637	opening door 0
2020-11-17 16:55:15.553849	3638	door 0 opened
2020-11-17 16:55:15.554518	3639	closing door 2
2020-11-17 16:55:16.463619	3640	door 2 closed
2020-11-17 16:55:16.464332	3641	opening door 1
2020-11-17 16:55:17.199965	3642	door 1 opened
2020-11-17 16:55:55.139163	3643	feeder 1 reached (59)
2020-11-17 16:55:55.139849	3644	closing door 1
2020-11-17 16:55:55.839624	3645	door 1 closed
2020-11-17 16:55:55.840368	3646	opening door 2
2020-11-17 16:55:56.551761	3647	door 2 opened
2020-11-17 16:55:56.552533	3648	closing door 0
2020-11-17 16:55:57.435163	3649	door 0 closed
2020-11-17 16:55:57.436109	3650	opening door 3
2020-11-17 16:55:58.223438	3651	door 3 opened
2020-11-17 16:55:58.626313	3652	feeder 2 reached (57)
2020-11-17 16:55:58.627004	3653	closing door 3
2020-11-17 16:55:59.329395	3654	door 3 closed
2020-11-17 16:55:59.330086	3655	opening door 0
2020-11-17 16:56:00.092996	3656	door 0 opened
2020-11-17 16:56:00.093719	3657	closing door 2
2020-11-17 16:56:00.903947	3658	door 2 closed
2020-11-17 16:56:00.904703	3659	opening door 1
2020-11-17 16:56:01.640923	3660	door 1 opened
2020-11-17 16:56:42.591479	3661	feeder 1 reached (60)
2020-11-17 16:56:42.592149	3662	closing door 1
2020-11-17 16:56:43.271896	3663	door 1 closed
2020-11-17 16:56:43.272675	3664	opening door 2
2020-11-17 16:56:43.988115	3665	door 2 opened
2020-11-17 16:56:43.988791	3666	closing door 0
2020-11-17 16:56:44.951624	3667	door 0 closed
2020-11-17 16:56:44.952357	3668	opening door 3
2020-11-17 16:56:45.720911	3669	door 3 opened
2020-11-17 16:56:56.020637	3670	feeder 2 reached (58)
2020-11-17 16:56:56.021331	3671	closing door 3
2020-11-17 16:56:56.720760	3672	door 3 closed
2020-11-17 16:56:56.721350	3673	opening door 0
2020-11-17 16:56:57.449227	3674	door 0 opened
2020-11-17 16:56:57.449935	3675	closing door 2
2020-11-17 16:56:58.426352	3676	door 2 closed
2020-11-17 16:56:58.427278	3677	opening door 1
2020-11-17 16:56:59.183595	3678	door 1 opened
2020-11-17 16:57:08.656592	3679	feeder 1 reached (61)
2020-11-17 16:57:08.657094	3680	closing door 1
2020-11-17 16:57:09.347069	3681	door 1 closed
2020-11-17 16:57:09.347766	3682	opening door 2
2020-11-17 16:57:10.028905	3683	door 2 opened
2020-11-17 16:57:10.029321	3684	closing door 0
2020-11-17 16:57:11.183251	3685	door 0 closed
2020-11-17 16:57:11.183952	3686	opening door 3
2020-11-17 16:57:11.941436	3687	door 3 opened
2020-11-17 16:57:13.480815	3688	feeder 2 reached (59)
2020-11-17 16:57:13.481455	3689	closing door 3
2020-11-17 16:57:14.177615	3690	door 3 closed
2020-11-17 16:57:14.178265	3691	opening door 0
2020-11-17 16:57:14.894773	3692	door 0 opened
2020-11-17 16:57:14.895436	3693	closing door 2
2020-11-17 16:57:16.063771	3694	door 2 closed
2020-11-17 16:57:16.064687	3695	opening door 1
2020-11-17 16:57:16.830184	3696	door 1 opened
2020-11-17 16:57:19.894186	3697	feeder 1 reached (62)
2020-11-17 16:57:19.895048	3698	closing door 1
2020-11-17 16:57:20.594055	3699	door 1 closed
2020-11-17 16:57:20.594741	3700	opening door 2
2020-11-17 16:57:21.275358	3701	door 2 opened
2020-11-17 16:57:21.276180	3702	closing door 0
2020-11-17 16:57:22.231941	3703	door 0 closed
2020-11-17 16:57:22.232722	3704	opening door 3
2020-11-17 16:57:23.006472	3705	door 3 opened
2020-11-17 16:57:23.381254	3706	feeder 2 reached (60)
2020-11-17 16:57:23.381883	3707	closing door 3
2020-11-17 16:57:24.076930	3708	door 3 closed
2020-11-17 16:57:24.077563	3709	opening door 0
2020-11-17 16:57:24.795117	3710	door 0 opened
2020-11-17 16:57:24.795707	3711	closing door 2
2020-11-17 16:57:25.602211	3712	door 2 closed
2020-11-17 16:57:25.602860	3713	opening door 1
2020-11-17 16:57:26.329654	3714	door 1 opened
2020-11-17 17:05:57.174347	3715	started experiment GE3_20_11_17
2020-11-17 17:05:57.174656	3716	closing door 0
2020-11-17 17:05:57.713916	3717	door 0 closed
2020-11-17 17:05:57.714625	3718	closing door 1
2020-11-17 17:05:58.094979	3719	door 1 closed
2020-11-17 17:05:58.095712	3720	closing door 2
2020-11-17 17:05:58.286043	3721	door 2 closed
2020-11-17 17:05:58.286707	3722	closing door 3
2020-11-17 17:05:58.481779	3723	door 3 closed
2020-11-17 17:06:01.455425	3724	feeder 1 reached (1)
2020-11-17 17:06:01.456134	3725	closing door 1
2020-11-17 17:06:01.537509	3726	door 1 closed
2020-11-17 17:06:01.538146	3727	opening door 2
2020-11-17 17:06:02.217450	3728	door 2 opened
2020-11-17 17:06:02.218041	3729	closing door 0
2020-11-17 17:06:02.622061	3730	door 0 closed
2020-11-17 17:06:02.622925	3731	opening door 3
2020-11-17 17:06:03.379086	3732	door 3 opened
2020-11-17 17:06:06.223706	3733	feeder 2 reached (1)
2020-11-17 17:06:06.224463	3734	closing door 3
2020-11-17 17:06:06.920014	3735	door 3 closed
2020-11-17 17:06:06.920770	3736	opening door 0
2020-11-17 17:06:07.639380	3737	door 0 opened
2020-11-17 17:06:07.640065	3738	closing door 2
2020-11-17 17:06:08.558459	3739	door 2 closed
2020-11-17 17:06:08.559218	3740	opening door 1
2020-11-17 17:06:09.318645	3741	door 1 opened
2020-11-17 17:06:22.015394	3742	feeder 1 reached (2)
2020-11-17 17:06:22.016026	3743	closing door 1
2020-11-17 17:06:22.707544	3744	door 1 closed
2020-11-17 17:06:22.708281	3745	opening door 2
2020-11-17 17:06:23.406103	3746	door 2 opened
2020-11-17 17:06:23.406915	3747	closing door 0
2020-11-17 17:06:24.552931	3748	door 0 closed
2020-11-17 17:06:24.553535	3749	opening door 3
2020-11-17 17:06:25.324978	3750	door 3 opened
2020-11-17 17:06:26.111114	3751	feeder 2 reached (2)
2020-11-17 17:06:26.111830	3752	closing door 3
2020-11-17 17:06:26.806293	3753	door 3 closed
2020-11-17 17:06:26.806935	3754	opening door 0
2020-11-17 17:06:27.521403	3755	door 0 opened
2020-11-17 17:06:27.522004	3756	closing door 2
2020-11-17 17:06:28.342483	3757	door 2 closed
2020-11-17 17:06:28.343071	3758	opening door 1
2020-11-17 17:06:29.109420	3759	door 1 opened
2020-11-17 17:06:35.210612	3760	feeder 1 reached (3)
2020-11-17 17:06:35.211254	3761	closing door 1
2020-11-17 17:06:35.896259	3762	door 1 closed
2020-11-17 17:06:35.896866	3763	opening door 2
2020-11-17 17:06:36.617611	3764	door 2 opened
2020-11-17 17:06:36.618288	3765	closing door 0
2020-11-17 17:06:37.643336	3766	door 0 closed
2020-11-17 17:06:37.643987	3767	opening door 3
2020-11-17 17:06:38.415231	3768	door 3 opened
2020-11-17 17:06:49.244452	3769	feeder 2 reached (3)
2020-11-17 17:06:49.245092	3770	closing door 3
2020-11-17 17:06:49.946007	3771	door 3 closed
2020-11-17 17:06:49.946685	3772	opening door 0
2020-11-17 17:06:50.678851	3773	door 0 opened
2020-11-17 17:06:50.679457	3774	closing door 2
2020-11-17 17:06:51.573622	3775	door 2 closed
2020-11-17 17:06:51.574250	3776	opening door 1
2020-11-17 17:06:52.322025	3777	door 1 opened
2020-11-17 17:07:14.135437	3778	feeder 1 reached (4)
2020-11-17 17:07:14.136156	3779	closing door 1
2020-11-17 17:07:14.814650	3780	door 1 closed
2020-11-17 17:07:14.815339	3781	opening door 2
2020-11-17 17:07:15.500401	3782	door 2 opened
2020-11-17 17:07:15.501133	3783	closing door 0
2020-11-17 17:07:16.572303	3784	door 0 closed
2020-11-17 17:07:16.572997	3785	opening door 3
2020-11-17 17:07:17.340875	3786	door 3 opened
2020-11-17 17:07:19.539053	3787	feeder 2 reached (4)
2020-11-17 17:07:19.539945	3788	closing door 3
2020-11-17 17:07:20.237002	3789	door 3 closed
2020-11-17 17:07:20.237711	3790	opening door 0
2020-11-17 17:07:20.976282	3791	door 0 opened
2020-11-17 17:07:20.976984	3792	closing door 2
2020-11-17 17:07:21.878724	3793	door 2 closed
2020-11-17 17:07:21.879383	3794	opening door 1
2020-11-17 17:07:22.621780	3795	door 1 opened
2020-11-17 17:07:22.865677	3796	feeder 1 reached (5)
2020-11-17 17:07:22.866310	3797	closing door 1
2020-11-17 17:07:23.556452	3798	door 1 closed
2020-11-17 17:07:23.557193	3799	opening door 2
2020-11-17 17:07:24.244067	3800	door 2 opened
2020-11-17 17:07:24.244690	3801	closing door 0
2020-11-17 17:07:25.067643	3802	door 0 closed
2020-11-17 17:07:25.068627	3803	opening door 3
2020-11-17 17:07:25.855498	3804	door 3 opened
2020-11-17 17:07:31.435938	3805	feeder 2 reached (5)
2020-11-17 17:07:31.436548	3806	closing door 3
2020-11-17 17:07:32.132189	3807	door 3 closed
2020-11-17 17:07:32.132772	3808	opening door 0
2020-11-17 17:07:32.884438	3809	door 0 opened
2020-11-17 17:07:32.885146	3810	closing door 2
2020-11-17 17:07:33.780830	3811	door 2 closed
2020-11-17 17:07:33.781457	3812	opening door 1
2020-11-17 17:07:34.526768	3813	door 1 opened
2020-11-17 17:07:39.759345	3814	feeder 1 reached (6)
2020-11-17 17:07:39.759978	3815	closing door 1
2020-11-17 17:07:40.450313	3816	door 1 closed
2020-11-17 17:07:40.450954	3817	opening door 2
2020-11-17 17:07:41.157952	3818	door 2 opened
2020-11-17 17:07:41.158559	3819	closing door 0
2020-11-17 17:07:42.390913	3820	door 0 closed
2020-11-17 17:07:42.391697	3821	opening door 3
2020-11-17 17:07:43.150554	3822	door 3 opened
