2020-11-23 13:25:59.654733	4376	started experiment GE3_20_11_23
2020-11-23 13:25:59.655004	4377	closing door 0
2020-11-23 13:25:59.830959	4378	door 0 closed
2020-11-23 13:25:59.831693	4379	closing door 1
2020-11-23 13:26:00.115366	4380	door 1 closed
2020-11-23 13:26:00.116089	4381	closing door 2
2020-11-23 13:26:00.289435	4382	door 2 closed
2020-11-23 13:26:00.290178	4383	closing door 3
2020-11-23 13:26:00.490685	4384	door 3 closed
2020-11-23 13:26:16.214156	4385	feeder 1 reached (7)
2020-11-23 13:26:16.214798	4386	closing door 1
2020-11-23 13:26:16.291826	4387	door 1 closed
2020-11-23 13:26:16.292247	4388	opening door 2
2020-11-23 13:26:16.973257	4389	door 2 opened
2020-11-23 13:26:16.973978	4390	closing door 0
2020-11-23 13:26:17.310946	4391	door 0 closed
2020-11-23 13:26:17.311594	4392	opening door 3
2020-11-23 13:26:18.054997	4393	door 3 opened
2020-11-23 13:26:41.987259	4394	feeder 2 reached (5)
2020-11-23 13:26:41.988011	4395	closing door 3
2020-11-23 13:26:42.676896	4396	door 3 closed
2020-11-23 13:26:42.677610	4397	opening door 0
2020-11-23 13:26:43.404655	4398	door 0 opened
2020-11-23 13:26:43.405256	4399	closing door 2
2020-11-23 13:26:44.558660	4400	door 2 closed
2020-11-23 13:26:44.559417	4401	opening door 1
2020-11-23 13:26:45.310659	4402	door 1 opened
2020-11-23 13:28:17.571820	4403	feeder 1 reached (8)
2020-11-23 13:28:17.572440	4404	closing door 1
2020-11-23 13:28:18.270304	4405	door 1 closed
2020-11-23 13:28:18.270695	4406	opening door 2
2020-11-23 13:28:19.010183	4407	door 2 opened
2020-11-23 13:28:19.010877	4408	closing door 0
2020-11-23 13:28:19.990930	4409	door 0 closed
2020-11-23 13:28:19.991613	4410	opening door 3
2020-11-23 13:28:20.755180	4411	door 3 opened
2020-11-23 13:28:39.083528	4412	feeder 2 reached (6)
2020-11-23 13:28:39.084200	4413	closing door 3
2020-11-23 13:28:39.760025	4414	door 3 closed
2020-11-23 13:28:39.760945	4415	opening door 0
2020-11-23 13:28:40.463749	4416	door 0 opened
2020-11-23 13:28:40.464555	4417	closing door 2
2020-11-23 13:28:41.327764	4418	door 2 closed
2020-11-23 13:28:41.328318	4419	opening door 1
2020-11-23 13:28:42.095926	4420	door 1 opened
2020-11-23 13:29:16.965047	4421	feeder 1 reached (9)
2020-11-23 13:29:16.965719	4422	closing door 1
2020-11-23 13:29:17.690064	4423	door 1 closed
2020-11-23 13:29:17.690766	4424	opening door 2
2020-11-23 13:29:18.375314	4425	door 2 opened
2020-11-23 13:29:18.375954	4426	closing door 0
2020-11-23 13:29:19.400513	4427	door 0 closed
2020-11-23 13:29:19.401578	4428	opening door 3
2020-11-23 13:29:20.162777	4429	door 3 opened
2020-11-23 13:30:11.009945	4430	feeder 2 reached (7)
2020-11-23 13:30:11.010474	4431	closing door 3
2020-11-23 13:30:11.719023	4432	door 3 closed
2020-11-23 13:30:11.719546	4433	opening door 0
2020-11-23 13:30:12.439817	4434	door 0 opened
2020-11-23 13:30:12.440813	4435	closing door 2
2020-11-23 13:30:13.476088	4436	door 2 closed
2020-11-23 13:30:13.476790	4437	opening door 1
2020-11-23 13:30:14.237461	4438	door 1 opened
2020-11-23 13:30:21.681799	4439	feeder 1 reached (10)
2020-11-23 13:30:21.682428	4440	closing door 1
2020-11-23 13:30:22.367855	4441	door 1 closed
2020-11-23 13:30:22.368661	4442	opening door 2
2020-11-23 13:30:23.079988	4443	door 2 opened
2020-11-23 13:30:23.080441	4444	closing door 0
2020-11-23 13:30:24.101072	4445	door 0 closed
2020-11-23 13:30:24.101725	4446	opening door 3
2020-11-23 13:30:24.848985	4447	door 3 opened
2020-11-23 13:31:15.915755	4448	feeder 2 reached (8)
2020-11-23 13:31:15.916025	4449	closing door 3
2020-11-23 13:31:16.592173	4450	door 3 closed
2020-11-23 13:31:16.592802	4451	opening door 0
2020-11-23 13:31:17.299060	4452	door 0 opened
2020-11-23 13:31:17.299729	4453	closing door 2
2020-11-23 13:31:18.177582	4454	door 2 closed
2020-11-23 13:31:18.177935	4455	opening door 1
2020-11-23 13:31:18.939529	4456	door 1 opened
2020-11-23 13:32:04.195451	4457	feeder 1 reached (11)
2020-11-23 13:32:04.196130	4458	closing door 1
2020-11-23 13:32:04.879554	4459	door 1 closed
2020-11-23 13:32:04.880087	4460	opening door 2
2020-11-23 13:32:05.577361	4461	door 2 opened
2020-11-23 13:32:05.577872	4462	closing door 0
2020-11-23 13:32:06.520977	4463	door 0 closed
2020-11-23 13:32:06.521582	4464	opening door 3
2020-11-23 13:32:07.262549	4465	door 3 opened
2020-11-23 13:32:18.531058	4466	feeder 2 reached (9)
2020-11-23 13:32:18.531782	4467	closing door 3
2020-11-23 13:32:19.226690	4468	door 3 closed
2020-11-23 13:32:19.227511	4469	opening door 0
2020-11-23 13:32:19.969566	4470	door 0 opened
2020-11-23 13:32:19.970631	4471	closing door 2
2020-11-23 13:32:20.846110	4472	door 2 closed
2020-11-23 13:32:20.846491	4473	opening door 1
2020-11-23 13:32:21.566893	4474	door 1 opened
2020-11-23 13:32:47.520100	4475	feeder 1 reached (12)
2020-11-23 13:32:47.520709	4476	closing door 1
2020-11-23 13:32:48.206393	4477	door 1 closed
2020-11-23 13:32:48.207007	4478	opening door 2
2020-11-23 13:32:48.904350	4479	door 2 opened
2020-11-23 13:32:48.904825	4480	closing door 0
2020-11-23 13:32:49.936548	4481	door 0 closed
2020-11-23 13:32:49.937139	4482	opening door 3
2020-11-23 13:32:50.672122	4483	door 3 opened
2020-11-23 13:33:01.549558	4484	feeder 2 reached (10)
2020-11-23 13:33:01.550099	4485	closing door 3
2020-11-23 13:33:02.251515	4486	door 3 closed
2020-11-23 13:33:02.252023	4487	opening door 0
2020-11-23 13:33:02.979869	4488	door 0 opened
2020-11-23 13:33:02.980143	4489	closing door 2
2020-11-23 13:33:03.845558	4490	door 2 closed
2020-11-23 13:33:03.846102	4491	opening door 1
2020-11-23 13:33:04.614292	4492	door 1 opened
2020-11-23 13:33:26.824937	4493	feeder 1 reached (13)
2020-11-23 13:33:26.825618	4494	closing door 1
2020-11-23 13:33:27.511293	4495	door 1 closed
2020-11-23 13:33:27.512032	4496	opening door 2
2020-11-23 13:33:28.194632	4497	door 2 opened
2020-11-23 13:33:28.195295	4498	closing door 0
2020-11-23 13:33:29.262852	4499	door 0 closed
2020-11-23 13:33:29.263589	4500	opening door 3
2020-11-23 13:33:30.009965	4501	door 3 opened
2020-11-23 13:34:24.389628	4502	feeder 2 reached (11)
2020-11-23 13:34:24.390113	4503	closing door 3
2020-11-23 13:34:25.084464	4504	door 3 closed
2020-11-23 13:34:25.084928	4505	opening door 0
2020-11-23 13:34:25.788941	4506	door 0 opened
2020-11-23 13:34:25.789529	4507	closing door 2
2020-11-23 13:34:26.990620	4508	door 2 closed
2020-11-23 13:34:26.991236	4509	opening door 1
2020-11-23 13:34:27.739194	4510	door 1 opened
2020-11-23 13:35:11.284314	4511	feeder 1 reached (14)
2020-11-23 13:35:11.284942	4512	closing door 1
2020-11-23 13:35:11.975291	4513	door 1 closed
2020-11-23 13:35:11.975908	4514	opening door 2
2020-11-23 13:35:12.679414	4515	door 2 opened
2020-11-23 13:35:12.680088	4516	closing door 0
2020-11-23 13:35:13.683271	4517	door 0 closed
2020-11-23 13:35:13.683753	4518	opening door 3
2020-11-23 13:35:14.425390	4519	door 3 opened
2020-11-23 13:35:19.020294	4520	feeder 2 reached (12)
2020-11-23 13:35:19.020836	4521	closing door 3
2020-11-23 13:35:19.720201	4522	door 3 closed
2020-11-23 13:35:19.720831	4523	opening door 0
2020-11-23 13:35:20.423981	4524	door 0 opened
2020-11-23 13:35:20.424628	4525	closing door 2
2020-11-23 13:35:21.506507	4526	door 2 closed
2020-11-23 13:35:21.506793	4527	opening door 1
2020-11-23 13:35:22.249083	4528	door 1 opened
2020-11-23 13:36:12.098380	4529	feeder 1 reached (15)
2020-11-23 13:36:12.098930	4530	closing door 1
2020-11-23 13:36:12.793346	4531	door 1 closed
2020-11-23 13:36:12.794073	4532	opening door 2
2020-11-23 13:36:13.486953	4533	door 2 opened
2020-11-23 13:36:13.487444	4534	closing door 0
2020-11-23 13:36:14.319397	4535	door 0 closed
2020-11-23 13:36:14.319995	4536	opening door 3
2020-11-23 13:36:15.062142	4537	door 3 opened
2020-11-23 13:36:50.401670	4538	feeder 2 reached (13)
2020-11-23 13:36:50.402099	4539	closing door 3
2020-11-23 13:36:51.092714	4540	door 3 closed
2020-11-23 13:36:51.093346	4541	opening door 0
2020-11-23 13:36:51.852723	4542	door 0 opened
2020-11-23 13:36:51.853717	4543	closing door 2
2020-11-23 13:36:52.850024	4544	door 2 closed
2020-11-23 13:36:52.850925	4545	opening door 1
2020-11-23 13:36:53.589977	4546	door 1 opened
2020-11-23 13:37:05.985934	4547	feeder 1 reached (16)
2020-11-23 13:37:05.986639	4548	closing door 1
2020-11-23 13:37:06.668548	4549	door 1 closed
2020-11-23 13:37:06.669195	4550	opening door 2
2020-11-23 13:37:07.350994	4551	door 2 opened
2020-11-23 13:37:07.351786	4552	closing door 0
2020-11-23 13:37:08.376603	4553	door 0 closed
2020-11-23 13:37:08.377255	4554	opening door 3
2020-11-23 13:37:09.115754	4555	door 3 opened
2020-11-23 13:37:13.320106	4556	feeder 2 reached (14)
2020-11-23 13:37:13.320761	4557	closing door 3
2020-11-23 13:37:14.018346	4558	door 3 closed
2020-11-23 13:37:14.018877	4559	opening door 0
2020-11-23 13:37:14.743618	4560	door 0 opened
2020-11-23 13:37:14.744278	4561	closing door 2
2020-11-23 13:37:15.773325	4562	door 2 closed
2020-11-23 13:37:15.774164	4563	opening door 1
2020-11-23 13:37:16.523417	4564	door 1 opened
2020-11-23 13:37:39.415138	4565	feeder 1 reached (17)
2020-11-23 13:37:39.415826	4566	closing door 1
2020-11-23 13:37:40.104024	4567	door 1 closed
2020-11-23 13:37:40.104631	4568	opening door 2
2020-11-23 13:37:40.786731	4569	door 2 opened
2020-11-23 13:37:40.787332	4570	closing door 0
2020-11-23 13:37:41.989712	4571	door 0 closed
2020-11-23 13:37:41.990498	4572	opening door 3
2020-11-23 13:37:42.747030	4573	door 3 opened
2020-11-23 13:37:46.110652	4574	feeder 2 reached (15)
2020-11-23 13:37:46.111365	4575	closing door 3
2020-11-23 13:37:46.809020	4576	door 3 closed
2020-11-23 13:37:46.809804	4577	opening door 0
2020-11-23 13:37:47.527663	4578	door 0 opened
2020-11-23 13:37:47.528378	4579	closing door 2
2020-11-23 13:37:48.533197	4580	door 2 closed
2020-11-23 13:37:48.533968	4581	opening door 1
2020-11-23 13:37:49.285648	4582	door 1 opened
2020-11-23 13:38:13.964359	4583	feeder 1 reached (18)
2020-11-23 13:38:13.965039	4584	closing door 1
2020-11-23 13:38:14.668369	4585	door 1 closed
2020-11-23 13:38:14.669023	4586	opening door 2
2020-11-23 13:38:15.388941	4587	door 2 opened
2020-11-23 13:38:15.389787	4588	closing door 0
2020-11-23 13:38:16.395760	4589	door 0 closed
2020-11-23 13:38:16.396681	4590	opening door 3
2020-11-23 13:38:17.158473	4591	door 3 opened
2020-11-23 13:38:23.996612	4592	feeder 2 reached (16)
2020-11-23 13:38:23.997246	4593	closing door 3
2020-11-23 13:38:24.692544	4594	door 3 closed
2020-11-23 13:38:24.693137	4595	opening door 0
2020-11-23 13:38:25.409551	4596	door 0 opened
2020-11-23 13:38:25.410142	4597	closing door 2
2020-11-23 13:38:26.214374	4598	door 2 closed
2020-11-23 13:38:26.214807	4599	opening door 1
2020-11-23 13:38:26.957442	4600	door 1 opened
2020-11-23 13:38:43.905238	4601	feeder 1 reached (19)
2020-11-23 13:38:43.905755	4602	closing door 1
2020-11-23 13:38:44.595478	4603	door 1 closed
2020-11-23 13:38:44.596152	4604	opening door 2
2020-11-23 13:38:45.279527	4605	door 2 opened
2020-11-23 13:38:45.280240	4606	closing door 0
2020-11-23 13:38:46.287758	4607	door 0 closed
2020-11-23 13:38:46.288352	4608	opening door 3
2020-11-23 13:38:47.027386	4609	door 3 opened
2020-11-23 13:38:50.159896	4610	feeder 2 reached (17)
2020-11-23 13:38:50.160533	4611	closing door 3
2020-11-23 13:38:50.857918	4612	door 3 closed
2020-11-23 13:38:50.858666	4613	opening door 0
2020-11-23 13:38:51.577452	4614	door 0 opened
2020-11-23 13:38:51.578264	4615	closing door 2
2020-11-23 13:38:52.430061	4616	door 2 closed
2020-11-23 13:38:52.430745	4617	opening door 1
2020-11-23 13:38:53.200840	4618	door 1 opened
2020-11-23 13:39:09.276912	4619	feeder 1 reached (20)
2020-11-23 13:39:09.277746	4620	closing door 1
2020-11-23 13:39:09.973461	4621	door 1 closed
2020-11-23 13:39:09.974221	4622	opening door 2
2020-11-23 13:39:10.702544	4623	door 2 opened
2020-11-23 13:39:10.703159	4624	closing door 0
2020-11-23 13:39:11.672281	4625	door 0 closed
2020-11-23 13:39:11.672864	4626	opening door 3
2020-11-23 13:39:12.421622	4627	door 3 opened
2020-11-23 13:39:17.410039	4628	feeder 2 reached (18)
2020-11-23 13:39:17.410755	4629	closing door 3
2020-11-23 13:39:18.100122	4630	door 3 closed
2020-11-23 13:39:18.100758	4631	opening door 0
2020-11-23 13:39:18.817804	4632	door 0 opened
2020-11-23 13:39:18.818361	4633	closing door 2
2020-11-23 13:39:19.893286	4634	door 2 closed
2020-11-23 13:39:19.894029	4635	opening door 1
2020-11-23 13:39:20.632823	4636	door 1 opened
2020-11-23 13:39:28.512754	4637	feeder 1 reached (21)
2020-11-23 13:39:28.513234	4638	closing door 1
2020-11-23 13:39:29.195133	4639	door 1 closed
2020-11-23 13:39:29.195801	4640	opening door 2
2020-11-23 13:39:29.903596	4641	door 2 opened
2020-11-23 13:39:29.904340	4642	closing door 0
2020-11-23 13:39:30.934212	4643	door 0 closed
2020-11-23 13:39:30.934706	4644	opening door 3
2020-11-23 13:39:31.694605	4645	door 3 opened
2020-11-23 13:39:39.304339	4646	feeder 2 reached (19)
2020-11-23 13:39:39.304994	4647	closing door 3
2020-11-23 13:39:39.999842	4648	door 3 closed
2020-11-23 13:39:40.000339	4649	opening door 0
2020-11-23 13:39:40.715795	4650	door 0 opened
2020-11-23 13:39:40.716535	4651	closing door 2
2020-11-23 13:39:41.599477	4652	door 2 closed
2020-11-23 13:39:41.600057	4653	opening door 1
2020-11-23 13:39:42.354881	4654	door 1 opened
2020-11-23 13:39:52.508995	4655	feeder 1 reached (22)
2020-11-23 13:39:52.509723	4656	closing door 1
2020-11-23 13:39:53.204983	4657	door 1 closed
2020-11-23 13:39:53.205796	4658	opening door 2
2020-11-23 13:39:53.899710	4659	door 2 opened
2020-11-23 13:39:53.900239	4660	closing door 0
2020-11-23 13:39:55.115446	4661	door 0 closed
2020-11-23 13:39:55.116096	4662	opening door 3
2020-11-23 13:39:55.854756	4663	door 3 opened
2020-11-23 13:40:22.813466	4664	feeder 2 reached (20)
2020-11-23 13:40:22.814153	4665	closing door 3
2020-11-23 13:40:23.509297	4666	door 3 closed
2020-11-23 13:40:23.509921	4667	opening door 0
2020-11-23 13:40:24.212327	4668	door 0 opened
2020-11-23 13:40:24.212984	4669	closing door 2
2020-11-23 13:40:25.402008	4670	door 2 closed
2020-11-23 13:40:25.402644	4671	opening door 1
2020-11-23 13:40:26.150141	4672	door 1 opened
2020-11-23 13:40:33.358348	4673	feeder 1 reached (23)
2020-11-23 13:40:33.359042	4674	closing door 1
2020-11-23 13:40:34.051932	4675	door 1 closed
2020-11-23 13:40:34.052926	4676	opening door 2
2020-11-23 13:40:34.758100	4677	door 2 opened
2020-11-23 13:40:34.758738	4678	closing door 0
2020-11-23 13:40:35.675768	4679	door 0 closed
2020-11-23 13:40:35.676465	4680	opening door 3
2020-11-23 13:40:36.431513	4681	door 3 opened
2020-11-23 13:41:26.369628	4682	feeder 2 reached (21)
2020-11-23 13:41:26.370137	4683	closing door 3
2020-11-23 13:41:27.051506	4684	door 3 closed
2020-11-23 13:41:27.052124	4685	opening door 0
2020-11-23 13:41:27.811762	4686	door 0 opened
2020-11-23 13:41:27.812448	4687	closing door 2
2020-11-23 13:41:28.883272	4688	door 2 closed
2020-11-23 13:41:28.884322	4689	opening door 1
2020-11-23 13:41:29.618162	4690	door 1 opened
2020-11-23 13:42:38.983098	4691	feeder 1 reached (24)
2020-11-23 13:42:38.983824	4692	closing door 1
2020-11-23 13:42:39.677809	4693	door 1 closed
2020-11-23 13:42:39.678554	4694	opening door 2
2020-11-23 13:42:40.361682	4695	door 2 opened
2020-11-23 13:42:40.362378	4696	closing door 0
2020-11-23 13:42:41.405228	4697	door 0 closed
2020-11-23 13:42:41.406104	4698	opening door 3
2020-11-23 13:42:42.133051	4699	door 3 opened
2020-11-23 13:42:54.659148	4700	feeder 2 reached (22)
2020-11-23 13:42:54.659726	4701	closing door 3
2020-11-23 13:42:55.354000	4702	door 3 closed
2020-11-23 13:42:55.354635	4703	opening door 0
2020-11-23 13:42:56.060557	4704	door 0 opened
2020-11-23 13:42:56.061446	4705	closing door 2
2020-11-23 13:42:56.971786	4706	door 2 closed
2020-11-23 13:42:56.972532	4707	opening door 1
2020-11-23 13:42:57.704637	4708	door 1 opened
2020-11-23 13:43:07.305061	4709	feeder 1 reached (25)
2020-11-23 13:43:07.305716	4710	closing door 1
2020-11-23 13:43:07.989854	4711	door 1 closed
2020-11-23 13:43:07.990422	4712	opening door 2
2020-11-23 13:43:08.698687	4713	door 2 opened
2020-11-23 13:43:08.699250	4714	closing door 0
2020-11-23 13:43:09.673295	4715	door 0 closed
2020-11-23 13:43:09.673842	4716	opening door 3
2020-11-23 13:43:10.434176	4717	door 3 opened
2020-11-23 13:43:30.863399	4718	feeder 2 reached (23)
2020-11-23 13:43:30.863975	4719	closing door 3
2020-11-23 13:43:31.557439	4720	door 3 closed
2020-11-23 13:43:31.558818	4721	opening door 0
2020-11-23 13:43:32.264580	4722	door 0 opened
2020-11-23 13:43:32.265215	4723	closing door 2
2020-11-23 13:43:33.427435	4724	door 2 closed
2020-11-23 13:43:33.427814	4725	opening door 1
2020-11-23 13:43:34.176259	4726	door 1 opened
2020-11-23 13:43:48.211709	4727	feeder 1 reached (26)
2020-11-23 13:43:48.212000	4728	closing door 1
2020-11-23 13:43:48.906639	4729	door 1 closed
2020-11-23 13:43:48.906995	4730	opening door 2
2020-11-23 13:43:49.625820	4731	door 2 opened
2020-11-23 13:43:49.626291	4732	closing door 0
2020-11-23 13:43:50.659464	4733	door 0 closed
2020-11-23 13:43:50.660096	4734	opening door 3
2020-11-23 13:43:51.401802	4735	door 3 opened
2020-11-23 13:44:03.352158	4736	feeder 2 reached (24)
2020-11-23 13:44:03.352768	4737	closing door 3
2020-11-23 13:44:04.046539	4738	door 3 closed
2020-11-23 13:44:04.047244	4739	opening door 0
2020-11-23 13:44:04.770718	4740	door 0 opened
2020-11-23 13:44:04.771425	4741	closing door 2
2020-11-23 13:44:05.775710	4742	door 2 closed
2020-11-23 13:44:05.776269	4743	opening door 1
2020-11-23 13:44:06.527457	4744	door 1 opened
2020-11-23 13:44:46.787223	4745	feeder 1 reached (27)
2020-11-23 13:44:46.787843	4746	closing door 1
2020-11-23 13:44:47.481767	4747	door 1 closed
2020-11-23 13:44:47.482095	4748	opening door 2
2020-11-23 13:44:48.177536	4749	door 2 opened
2020-11-23 13:44:48.178260	4750	closing door 0
2020-11-23 13:44:49.214990	4751	door 0 closed
2020-11-23 13:44:49.215701	4752	opening door 3
2020-11-23 13:44:49.974696	4753	door 3 opened
2020-11-23 13:44:56.783408	4754	feeder 2 reached (25)
2020-11-23 13:44:56.784005	4755	closing door 3
2020-11-23 13:44:57.479380	4756	door 3 closed
2020-11-23 13:44:57.480221	4757	opening door 0
2020-11-23 13:44:58.184634	4758	door 0 opened
2020-11-23 13:44:58.185328	4759	closing door 2
2020-11-23 13:44:59.019918	4760	door 2 closed
2020-11-23 13:44:59.020412	4761	opening door 1
2020-11-23 13:44:59.767949	4762	door 1 opened
2020-11-23 13:45:30.807623	4763	feeder 1 reached (28)
2020-11-23 13:45:30.808236	4764	closing door 1
2020-11-23 13:45:31.508298	4765	door 1 closed
2020-11-23 13:45:31.508863	4766	opening door 2
2020-11-23 13:45:32.221055	4767	door 2 opened
2020-11-23 13:45:32.221784	4768	closing door 0
2020-11-23 13:45:33.045430	4769	door 0 closed
2020-11-23 13:45:33.046201	4770	opening door 3
2020-11-23 13:45:33.791847	4771	door 3 opened
2020-11-23 13:45:48.163959	4772	feeder 2 reached (26)
2020-11-23 13:45:48.164616	4773	closing door 3
2020-11-23 13:45:48.862479	4774	door 3 closed
2020-11-23 13:45:48.862996	4775	opening door 0
2020-11-23 13:45:49.622204	4776	door 0 opened
2020-11-23 13:45:49.622793	4777	closing door 2
2020-11-23 13:45:50.667557	4778	door 2 closed
2020-11-23 13:45:50.668303	4779	opening door 1
2020-11-23 13:45:51.407032	4780	door 1 opened
2020-11-23 13:46:14.442856	4781	feeder 1 reached (29)
2020-11-23 13:46:14.443470	4782	closing door 1
2020-11-23 13:46:15.140686	4783	door 1 closed
2020-11-23 13:46:15.141169	4784	opening door 2
2020-11-23 13:46:15.847721	4785	door 2 opened
2020-11-23 13:46:15.848440	4786	closing door 0
2020-11-23 13:46:16.876345	4787	door 0 closed
2020-11-23 13:46:16.876841	4788	opening door 3
2020-11-23 13:46:17.617636	4789	door 3 opened
2020-11-23 13:46:21.404557	4790	feeder 2 reached (27)
2020-11-23 13:46:21.405032	4791	closing door 3
2020-11-23 13:46:22.097641	4792	door 3 closed
2020-11-23 13:46:22.098350	4793	opening door 0
2020-11-23 13:46:22.818353	4794	door 0 opened
2020-11-23 13:46:22.819134	4795	closing door 2
2020-11-23 13:46:23.823917	4796	door 2 closed
2020-11-23 13:46:23.824755	4797	opening door 1
2020-11-23 13:46:24.576001	4798	door 1 opened
2020-11-23 13:46:32.654111	4799	feeder 1 reached (30)
2020-11-23 13:46:32.654630	4800	closing door 1
2020-11-23 13:46:33.350767	4801	door 1 closed
2020-11-23 13:46:33.351187	4802	opening door 2
2020-11-23 13:46:34.034637	4803	door 2 opened
2020-11-23 13:46:34.035265	4804	closing door 0
2020-11-23 13:46:34.913700	4805	door 0 closed
2020-11-23 13:46:34.914424	4806	opening door 3
2020-11-23 13:46:35.677139	4807	door 3 opened
2020-11-23 13:47:05.233672	4808	feeder 2 reached (28)
2020-11-23 13:47:05.234366	4809	closing door 3
2020-11-23 13:47:05.920378	4810	door 3 closed
2020-11-23 13:47:05.921303	4811	opening door 0
2020-11-23 13:47:06.658800	4812	door 0 opened
2020-11-23 13:47:06.659523	4813	closing door 2
2020-11-23 13:47:07.651849	4814	door 2 closed
2020-11-23 13:47:07.652513	4815	opening door 1
2020-11-23 13:47:08.389095	4816	door 1 opened
2020-11-23 13:47:30.645502	4817	feeder 1 reached (31)
2020-11-23 13:47:30.646015	4818	closing door 1
2020-11-23 13:47:31.339871	4819	door 1 closed
2020-11-23 13:47:31.340506	4820	opening door 2
2020-11-23 13:47:32.023760	4821	door 2 opened
2020-11-23 13:47:32.024473	4822	closing door 0
2020-11-23 13:47:33.044470	4823	door 0 closed
2020-11-23 13:47:33.045099	4824	opening door 3
2020-11-23 13:47:33.787092	4825	door 3 opened
2020-11-23 13:48:12.941076	4826	feeder 2 reached (29)
2020-11-23 13:48:12.941687	4827	closing door 3
2020-11-23 13:48:13.623287	4828	door 3 closed
2020-11-23 13:48:13.624077	4829	opening door 0
2020-11-23 13:48:14.344315	4830	door 0 opened
2020-11-23 13:48:14.345005	4831	closing door 2
2020-11-23 13:48:15.237499	4832	door 2 closed
2020-11-23 13:48:15.238287	4833	opening door 1
2020-11-23 13:48:15.986898	4834	door 1 opened
2020-11-23 13:48:31.895360	4835	feeder 1 reached (32)
2020-11-23 13:48:31.895922	4836	closing door 1
2020-11-23 13:48:32.588691	4837	door 1 closed
2020-11-23 13:48:32.589314	4838	opening door 2
2020-11-23 13:48:33.280484	4839	door 2 opened
2020-11-23 13:48:33.281163	4840	closing door 0
2020-11-23 13:48:34.491867	4841	door 0 closed
2020-11-23 13:48:34.492505	4842	opening door 3
2020-11-23 13:48:35.236786	4843	door 3 opened
2020-11-23 13:48:51.582346	4844	feeder 2 reached (30)
2020-11-23 13:48:51.582744	4845	closing door 3
2020-11-23 13:48:52.275160	4846	door 3 closed
2020-11-23 13:48:52.275840	4847	opening door 0
2020-11-23 13:48:52.979029	4848	door 0 opened
2020-11-23 13:48:52.979747	4849	closing door 2
2020-11-23 13:48:54.139838	4850	door 2 closed
2020-11-23 13:48:54.140618	4851	opening door 1
2020-11-23 13:48:54.897869	4852	door 1 opened
2020-11-23 13:49:05.347108	4853	feeder 1 reached (33)
2020-11-23 13:49:05.347502	4854	closing door 1
2020-11-23 13:49:06.038881	4855	door 1 closed
2020-11-23 13:49:06.039572	4856	opening door 2
2020-11-23 13:49:06.742781	4857	door 2 opened
2020-11-23 13:49:06.743590	4858	closing door 0
2020-11-23 13:49:07.667045	4859	door 0 closed
2020-11-23 13:49:07.667851	4860	opening door 3
2020-11-23 13:49:08.419299	4861	door 3 opened
2020-11-23 13:49:19.994687	4862	feeder 2 reached (31)
2020-11-23 13:49:19.995373	4863	closing door 3
2020-11-23 13:49:20.700811	4864	door 3 closed
2020-11-23 13:49:20.701739	4865	opening door 0
2020-11-23 13:49:21.463322	4866	door 0 opened
2020-11-23 13:49:21.463863	4867	closing door 2
2020-11-23 13:49:22.412644	4868	door 2 closed
2020-11-23 13:49:22.413364	4869	opening door 1
2020-11-23 13:49:23.160584	4870	door 1 opened
2020-11-23 13:49:46.107306	4871	feeder 1 reached (34)
2020-11-23 13:49:46.107917	4872	closing door 1
2020-11-23 13:49:46.802258	4873	door 1 closed
2020-11-23 13:49:46.803141	4874	opening door 2
2020-11-23 13:49:47.509605	4875	door 2 opened
2020-11-23 13:49:47.510190	4876	closing door 0
2020-11-23 13:49:48.615399	4877	door 0 closed
2020-11-23 13:49:48.615908	4878	opening door 3
2020-11-23 13:49:49.345618	4879	door 3 opened
2020-11-23 13:50:44.676688	4880	feeder 2 reached (32)
2020-11-23 13:50:44.677218	4881	closing door 3
2020-11-23 13:50:45.372853	4882	door 3 closed
2020-11-23 13:50:45.373533	4883	opening door 0
2020-11-23 13:50:46.092700	4884	door 0 opened
2020-11-23 13:50:46.093325	4885	closing door 2
2020-11-23 13:50:47.212638	4886	door 2 closed
2020-11-23 13:50:47.213193	4887	opening door 1
2020-11-23 13:50:47.954589	4888	door 1 opened
2020-11-23 13:51:04.032526	4889	feeder 1 reached (35)
2020-11-23 13:51:04.033009	4890	closing door 1
2020-11-23 13:51:04.726110	4891	door 1 closed
2020-11-23 13:51:04.726779	4892	opening door 2
2020-11-23 13:51:05.445171	4893	door 2 opened
2020-11-23 13:51:05.445923	4894	closing door 0
2020-11-23 13:51:06.462079	4895	door 0 closed
2020-11-23 13:51:06.462779	4896	opening door 3
2020-11-23 13:51:07.209896	4897	door 3 opened
2020-11-23 13:51:36.804183	4898	feeder 2 reached (33)
2020-11-23 13:51:36.804855	4899	closing door 3
2020-11-23 13:51:37.508710	4900	door 3 closed
2020-11-23 13:51:37.509339	4901	opening door 0
2020-11-23 13:51:38.262489	4902	door 0 opened
2020-11-23 13:51:38.263423	4903	closing door 2
2020-11-23 13:51:39.225458	4904	door 2 closed
2020-11-23 13:51:39.226178	4905	opening door 1
2020-11-23 13:51:39.967614	4906	door 1 opened
2020-11-23 13:51:59.332776	4907	feeder 1 reached (36)
2020-11-23 13:51:59.333348	4908	closing door 1
2020-11-23 13:52:00.031855	4909	door 1 closed
2020-11-23 13:52:00.032607	4910	opening door 2
2020-11-23 13:52:00.756277	4911	door 2 opened
2020-11-23 13:52:00.756952	4912	closing door 0
2020-11-23 13:52:01.755812	4913	door 0 closed
2020-11-23 13:52:01.756502	4914	opening door 3
2020-11-23 13:52:02.516167	4915	door 3 opened
2020-11-23 13:52:15.489797	4916	feeder 2 reached (34)
2020-11-23 13:52:15.490430	4917	closing door 3
2020-11-23 13:52:16.189966	4918	door 3 closed
2020-11-23 13:52:16.190617	4919	opening door 0
2020-11-23 13:52:16.914236	4920	door 0 opened
2020-11-23 13:52:16.914841	4921	closing door 2
2020-11-23 13:52:17.717044	4922	door 2 closed
2020-11-23 13:52:17.717732	4923	opening door 1
2020-11-23 13:52:18.462204	4924	door 1 opened
2020-11-23 13:54:09.538778	4925	feeder 1 reached (37)
2020-11-23 13:54:09.539611	4926	closing door 1
2020-11-23 13:54:10.237461	4927	door 1 closed
2020-11-23 13:54:10.238165	4928	opening door 2
2020-11-23 13:54:10.940630	4929	door 2 opened
2020-11-23 13:54:10.941340	4930	closing door 0
2020-11-23 13:54:12.034942	4931	door 0 closed
2020-11-23 13:54:12.035607	4932	opening door 3
2020-11-23 13:54:12.799753	4933	door 3 opened
2020-11-23 13:54:26.018232	4934	feeder 2 reached (35)
2020-11-23 13:54:26.018833	4935	closing door 3
2020-11-23 13:54:26.711556	4936	door 3 closed
2020-11-23 13:54:26.712211	4937	opening door 0
2020-11-23 13:54:27.434276	4938	door 0 opened
2020-11-23 13:54:27.434882	4939	closing door 2
2020-11-23 13:54:28.380767	4940	door 2 closed
2020-11-23 13:54:28.381387	4941	opening door 1
2020-11-23 13:54:29.124755	4942	door 1 opened
2020-11-23 13:55:40.064292	4943	feeder 1 reached (38)
2020-11-23 13:55:40.064893	4944	closing door 1
2020-11-23 13:55:40.757493	4945	door 1 closed
2020-11-23 13:55:40.758020	4946	opening door 2
2020-11-23 13:55:41.488874	4947	door 2 opened
2020-11-23 13:55:41.489600	4948	closing door 0
2020-11-23 13:55:42.515528	4949	door 0 closed
2020-11-23 13:55:42.516006	4950	opening door 3
2020-11-23 13:55:43.256136	4951	door 3 opened
2020-11-23 13:55:53.768415	4952	feeder 2 reached (36)
2020-11-23 13:55:53.769006	4953	closing door 3
2020-11-23 13:55:54.470815	4954	door 3 closed
2020-11-23 13:55:54.471486	4955	opening door 0
2020-11-23 13:55:55.209810	4956	door 0 opened
2020-11-23 13:55:55.210520	4957	closing door 2
2020-11-23 13:55:56.036976	4958	door 2 closed
2020-11-23 13:55:56.037667	4959	opening door 1
2020-11-23 13:55:56.773299	4960	door 1 opened
2020-11-23 13:56:17.030554	4961	feeder 1 reached (39)
2020-11-23 13:56:17.031204	4962	closing door 1
2020-11-23 13:56:17.726923	4963	door 1 closed
2020-11-23 13:56:17.727614	4964	opening door 2
2020-11-23 13:56:18.431182	4965	door 2 opened
2020-11-23 13:56:18.431896	4966	closing door 0
2020-11-23 13:56:19.411393	4967	door 0 closed
2020-11-23 13:56:19.412356	4968	opening door 3
2020-11-23 13:56:20.168525	4969	door 3 opened
2020-11-23 13:56:32.551156	4970	feeder 2 reached (37)
2020-11-23 13:56:32.551793	4971	closing door 3
2020-11-23 13:56:33.253719	4972	door 3 closed
2020-11-23 13:56:33.254422	4973	opening door 0
2020-11-23 13:56:34.010166	4974	door 0 opened
2020-11-23 13:56:34.010860	4975	closing door 2
2020-11-23 13:56:34.943981	4976	door 2 closed
2020-11-23 13:56:34.944506	4977	opening door 1
2020-11-23 13:56:35.680594	4978	door 1 opened
2020-11-23 13:56:52.182678	4979	feeder 1 reached (40)
2020-11-23 13:56:52.183044	4980	closing door 1
2020-11-23 13:56:52.874442	4981	door 1 closed
2020-11-23 13:56:52.875148	4982	opening door 2
2020-11-23 13:56:53.572710	4983	door 2 opened
2020-11-23 13:56:53.573382	4984	closing door 0
2020-11-23 13:56:54.633531	4985	door 0 closed
2020-11-23 13:56:54.633954	4986	opening door 3
2020-11-23 13:56:55.389846	4987	door 3 opened
2020-11-23 13:57:05.643661	4988	feeder 2 reached (38)
2020-11-23 13:57:05.644193	4989	closing door 3
2020-11-23 13:57:06.342092	4990	door 3 closed
2020-11-23 13:57:06.342755	4991	opening door 0
2020-11-23 13:57:07.072648	4992	door 0 opened
2020-11-23 13:57:07.073338	4993	closing door 2
2020-11-23 13:57:08.144702	4994	door 2 closed
2020-11-23 13:57:08.145411	4995	opening door 1
2020-11-23 13:57:08.893698	4996	door 1 opened
2020-11-23 13:57:19.198662	4997	feeder 1 reached (41)
2020-11-23 13:57:19.199200	4998	closing door 1
2020-11-23 13:57:19.894083	4999	door 1 closed
2020-11-23 13:57:19.894729	5000	opening door 2
2020-11-23 13:57:20.608539	5001	door 2 opened
2020-11-23 13:57:20.609176	5002	closing door 0
2020-11-23 13:57:21.665212	5003	door 0 closed
2020-11-23 13:57:21.665854	5004	opening door 3
2020-11-23 13:57:22.419748	5005	door 3 opened
2020-11-23 13:57:32.915601	5006	feeder 2 reached (39)
2020-11-23 13:57:32.916081	5007	closing door 3
2020-11-23 13:57:33.607095	5008	door 3 closed
2020-11-23 13:57:33.607768	5009	opening door 0
2020-11-23 13:57:34.329921	5010	door 0 opened
2020-11-23 13:57:34.330612	5011	closing door 2
2020-11-23 13:57:35.166009	5012	door 2 closed
2020-11-23 13:57:35.166689	5013	opening door 1
2020-11-23 13:57:35.912820	5014	door 1 opened
2020-11-23 13:57:42.316633	5015	feeder 1 reached (42)
2020-11-23 13:57:42.317132	5016	closing door 1
2020-11-23 13:57:43.016385	5017	door 1 closed
2020-11-23 13:57:43.017061	5018	opening door 2
2020-11-23 13:57:43.721628	5019	door 2 opened
2020-11-23 13:57:43.722426	5020	closing door 0
2020-11-23 13:57:44.591257	5021	door 0 closed
2020-11-23 13:57:44.592304	5022	opening door 3
2020-11-23 13:57:45.323051	5023	door 3 opened
2020-11-23 13:58:02.233027	5024	feeder 2 reached (40)
2020-11-23 13:58:02.233435	5025	closing door 3
2020-11-23 13:58:02.924863	5026	door 3 closed
2020-11-23 13:58:02.925243	5027	opening door 0
2020-11-23 13:58:03.640403	5028	door 0 opened
2020-11-23 13:58:03.641009	5029	closing door 2
2020-11-23 13:58:04.656061	5030	door 2 closed
2020-11-23 13:58:04.656741	5031	opening door 1
2020-11-23 13:58:05.403621	5032	door 1 opened
2020-11-23 13:58:14.309827	5033	feeder 1 reached (43)
2020-11-23 13:58:14.310271	5034	closing door 1
2020-11-23 13:58:15.005209	5035	door 1 closed
2020-11-23 13:58:15.005888	5036	opening door 2
2020-11-23 13:58:15.696718	5037	door 2 opened
2020-11-23 13:58:15.697400	5038	closing door 0
2020-11-23 13:58:16.545390	5039	door 0 closed
2020-11-23 13:58:16.546152	5040	opening door 3
2020-11-23 13:58:17.282700	5041	door 3 opened
2020-11-23 13:58:25.950579	5042	feeder 2 reached (41)
2020-11-23 13:58:25.950997	5043	closing door 3
2020-11-23 13:58:26.641851	5044	door 3 closed
2020-11-23 13:58:26.642166	5045	opening door 0
2020-11-23 13:58:27.366180	5046	door 0 opened
2020-11-23 13:58:27.367015	5047	closing door 2
2020-11-23 13:58:28.407395	5048	door 2 closed
2020-11-23 13:58:28.407972	5049	opening door 1
2020-11-23 13:58:29.153990	5050	door 1 opened
2020-11-23 13:58:36.242487	5051	feeder 1 reached (44)
2020-11-23 13:58:36.243145	5052	closing door 1
2020-11-23 13:58:36.942555	5053	door 1 closed
2020-11-23 13:58:36.943095	5054	opening door 2
2020-11-23 13:58:37.680047	5055	door 2 opened
2020-11-23 13:58:37.680744	5056	closing door 0
2020-11-23 13:58:38.644747	5057	door 0 closed
2020-11-23 13:58:38.645205	5058	opening door 3
2020-11-23 13:58:39.405987	5059	door 3 opened
2020-11-23 13:58:47.699513	5060	feeder 2 reached (42)
2020-11-23 13:58:47.700051	5061	closing door 3
2020-11-23 13:58:48.393994	5062	door 3 closed
2020-11-23 13:58:48.394710	5063	opening door 0
2020-11-23 13:58:49.111721	5064	door 0 opened
2020-11-23 13:58:49.112433	5065	closing door 2
2020-11-23 13:58:49.909550	5066	door 2 closed
2020-11-23 13:58:49.910232	5067	opening door 1
2020-11-23 13:58:50.650433	5068	door 1 opened
2020-11-23 13:58:59.152722	5069	feeder 1 reached (45)
2020-11-23 13:58:59.153355	5070	closing door 1
2020-11-23 13:58:59.845509	5071	door 1 closed
2020-11-23 13:58:59.846099	5072	opening door 2
2020-11-23 13:59:00.550350	5073	door 2 opened
2020-11-23 13:59:00.551063	5074	closing door 0
2020-11-23 13:59:01.589147	5075	door 0 closed
2020-11-23 13:59:01.589854	5076	opening door 3
2020-11-23 13:59:02.331249	5077	door 3 opened
2020-11-23 13:59:12.222275	5078	feeder 2 reached (43)
2020-11-23 13:59:12.222710	5079	closing door 3
2020-11-23 13:59:12.921809	5080	door 3 closed
2020-11-23 13:59:12.922483	5081	opening door 0
2020-11-23 13:59:13.654541	5082	door 0 opened
2020-11-23 13:59:13.655211	5083	closing door 2
2020-11-23 13:59:14.729191	5084	door 2 closed
2020-11-23 13:59:14.729730	5085	opening door 1
2020-11-23 13:59:15.475423	5086	door 1 opened
2020-11-23 13:59:26.723619	5087	feeder 1 reached (46)
2020-11-23 13:59:26.724429	5088	closing door 1
2020-11-23 13:59:27.426927	5089	door 1 closed
2020-11-23 13:59:27.427623	5090	opening door 2
2020-11-23 13:59:28.139156	5091	door 2 opened
2020-11-23 13:59:28.139879	5092	closing door 0
2020-11-23 13:59:29.061260	5093	door 0 closed
2020-11-23 13:59:29.062068	5094	opening door 3
2020-11-23 13:59:29.833044	5095	door 3 opened
2020-11-23 13:59:36.865550	5096	feeder 2 reached (44)
2020-11-23 13:59:36.866285	5097	closing door 3
2020-11-23 13:59:37.560416	5098	door 3 closed
2020-11-23 13:59:37.561122	5099	opening door 0
2020-11-23 13:59:38.292257	5100	door 0 opened
2020-11-23 13:59:38.292775	5101	closing door 2
2020-11-23 13:59:39.283710	5102	door 2 closed
2020-11-23 13:59:39.284199	5103	opening door 1
2020-11-23 13:59:40.023261	5104	door 1 opened
2020-11-23 13:59:54.920201	5105	feeder 1 reached (47)
2020-11-23 13:59:54.920899	5106	closing door 1
2020-11-23 13:59:55.618155	5107	door 1 closed
2020-11-23 13:59:55.618940	5108	opening door 2
2020-11-23 13:59:56.339723	5109	door 2 opened
2020-11-23 13:59:56.340199	5110	closing door 0
2020-11-23 13:59:57.317339	5111	door 0 closed
2020-11-23 13:59:57.318004	5112	opening door 3
2020-11-23 13:59:58.066508	5113	door 3 opened
2020-11-23 14:00:07.995930	5114	feeder 2 reached (45)
2020-11-23 14:00:07.996584	5115	closing door 3
2020-11-23 14:00:08.684165	5116	door 3 closed
2020-11-23 14:00:08.684551	5117	opening door 0
2020-11-23 14:00:09.441059	5118	door 0 opened
2020-11-23 14:00:09.442004	5119	closing door 2
2020-11-23 14:00:10.393228	5120	door 2 closed
2020-11-23 14:00:10.394157	5121	opening door 1
2020-11-23 14:00:11.113248	5122	door 1 opened
2020-11-23 14:00:18.241127	5123	feeder 1 reached (48)
2020-11-23 14:00:18.241764	5124	closing door 1
2020-11-23 14:00:18.939500	5125	door 1 closed
2020-11-23 14:00:18.940217	5126	opening door 2
2020-11-23 14:00:19.655288	5127	door 2 opened
2020-11-23 14:00:19.656039	5128	closing door 0
2020-11-23 14:00:20.654098	5129	door 0 closed
2020-11-23 14:00:20.654784	5130	opening door 3
2020-11-23 14:00:21.393145	5131	door 3 opened
2020-11-23 14:00:35.902688	5132	feeder 2 reached (46)
2020-11-23 14:00:35.903299	5133	closing door 3
2020-11-23 14:00:36.594677	5134	door 3 closed
2020-11-23 14:00:36.595268	5135	opening door 0
2020-11-23 14:00:37.317540	5136	door 0 opened
2020-11-23 14:00:37.318332	5137	closing door 2
2020-11-23 14:00:38.282081	5138	door 2 closed
2020-11-23 14:00:38.282462	5139	opening door 1
2020-11-23 14:00:39.025895	5140	door 1 opened
2020-11-23 14:00:47.701952	5141	feeder 1 reached (49)
2020-11-23 14:00:47.702618	5142	closing door 1
2020-11-23 14:00:48.402337	5143	door 1 closed
2020-11-23 14:00:48.403365	5144	opening door 2
2020-11-23 14:00:49.105358	5145	door 2 opened
2020-11-23 14:00:49.106085	5146	closing door 0
2020-11-23 14:00:49.882925	5147	door 0 closed
2020-11-23 14:00:49.883469	5148	opening door 3
2020-11-23 14:00:50.632649	5149	door 3 opened
2020-11-23 14:00:59.312765	5150	feeder 2 reached (47)
2020-11-23 14:00:59.313416	5151	closing door 3
2020-11-23 14:01:00.011611	5152	door 3 closed
2020-11-23 14:01:00.011987	5153	opening door 0
2020-11-23 14:01:00.746351	5154	door 0 opened
2020-11-23 14:01:00.746871	5155	closing door 2
2020-11-23 14:01:01.624221	5156	door 2 closed
2020-11-23 14:01:01.624901	5157	opening door 1
2020-11-23 14:01:02.380453	5158	door 1 opened
2020-11-23 14:01:10.589626	5159	feeder 1 reached (50)
2020-11-23 14:01:10.590343	5160	closing door 1
2020-11-23 14:01:11.286529	5161	door 1 closed
2020-11-23 14:01:11.287388	5162	opening door 2
2020-11-23 14:01:11.987257	5163	door 2 opened
2020-11-23 14:01:11.987915	5164	closing door 0
2020-11-23 14:01:13.095801	5165	door 0 closed
2020-11-23 14:01:13.096511	5166	opening door 3
2020-11-23 14:01:13.838158	5167	door 3 opened
2020-11-23 14:01:18.425627	5168	feeder 2 reached (48)
2020-11-23 14:01:18.426372	5169	closing door 3
2020-11-23 14:01:19.128160	5170	door 3 closed
2020-11-23 14:01:19.128900	5171	opening door 0
2020-11-23 14:01:19.855834	5172	door 0 opened
2020-11-23 14:01:19.856417	5173	closing door 2
2020-11-23 14:01:20.870514	5174	door 2 closed
2020-11-23 14:01:20.871228	5175	opening door 1
2020-11-23 14:01:21.609746	5176	door 1 opened
2020-11-23 14:01:29.924928	5177	feeder 1 reached (51)
2020-11-23 14:01:29.926012	5178	closing door 1
2020-11-23 14:01:30.632187	5179	door 1 closed
2020-11-23 14:01:30.632628	5180	opening door 2
2020-11-23 14:01:31.355472	5181	door 2 opened
2020-11-23 14:01:31.356241	5182	closing door 0
2020-11-23 14:01:32.344343	5183	door 0 closed
2020-11-23 14:01:32.345064	5184	opening door 3
2020-11-23 14:01:33.091913	5185	door 3 opened
2020-11-23 14:01:49.805718	5186	feeder 2 reached (49)
2020-11-23 14:01:49.806159	5187	closing door 3
2020-11-23 14:01:50.500781	5188	door 3 closed
2020-11-23 14:01:50.501389	5189	opening door 0
2020-11-23 14:01:51.224581	5190	door 0 opened
2020-11-23 14:01:51.225289	5191	closing door 2
2020-11-23 14:01:52.009486	5192	door 2 closed
2020-11-23 14:01:52.009900	5193	opening door 1
2020-11-23 14:01:52.751281	5194	door 1 opened
2020-11-23 14:01:59.222368	5195	feeder 1 reached (52)
2020-11-23 14:01:59.223062	5196	closing door 1
2020-11-23 14:01:59.916404	5197	door 1 closed
2020-11-23 14:01:59.917029	5198	opening door 2
2020-11-23 14:02:00.619158	5199	door 2 opened
2020-11-23 14:02:00.619829	5200	closing door 0
2020-11-23 14:02:01.838945	5201	door 0 closed
2020-11-23 14:02:01.839571	5202	opening door 3
2020-11-23 14:02:02.606633	5203	door 3 opened
2020-11-23 14:02:05.558320	5204	feeder 2 reached (50)
2020-11-23 14:02:05.559014	5205	closing door 3
2020-11-23 14:02:06.251253	5206	door 3 closed
2020-11-23 14:02:06.251971	5207	opening door 0
2020-11-23 14:02:06.958038	5208	door 0 opened
2020-11-23 14:02:06.958761	5209	closing door 2
2020-11-23 14:02:07.978632	5210	door 2 closed
2020-11-23 14:02:07.979268	5211	opening door 1
2020-11-23 14:02:08.727671	5212	door 1 opened
2020-11-23 14:02:16.174188	5213	feeder 1 reached (53)
2020-11-23 14:02:16.174839	5214	closing door 1
2020-11-23 14:02:16.878100	5215	door 1 closed
2020-11-23 14:02:16.878743	5216	opening door 2
2020-11-23 14:02:17.602450	5217	door 2 opened
2020-11-23 14:02:17.603374	5218	closing door 0
2020-11-23 14:02:18.618914	5219	door 0 closed
2020-11-23 14:02:18.619687	5220	opening door 3
2020-11-23 14:02:19.382382	5221	door 3 opened
2020-11-23 14:02:26.170625	5222	feeder 2 reached (51)
2020-11-23 14:02:26.171345	5223	closing door 3
2020-11-23 14:02:26.871661	5224	door 3 closed
2020-11-23 14:02:26.872382	5225	opening door 0
2020-11-23 14:02:27.604543	5226	door 0 opened
2020-11-23 14:02:27.605266	5227	closing door 2
2020-11-23 14:02:28.473723	5228	door 2 closed
2020-11-23 14:02:28.474405	5229	opening door 1
2020-11-23 14:02:29.235290	5230	door 1 opened
2020-11-23 14:02:37.341867	5231	feeder 1 reached (54)
2020-11-23 14:02:37.342527	5232	closing door 1
2020-11-23 14:02:38.040149	5233	door 1 closed
2020-11-23 14:02:38.040807	5234	opening door 2
2020-11-23 14:02:38.763044	5235	door 2 opened
2020-11-23 14:02:38.763764	5236	closing door 0
2020-11-23 14:02:39.925717	5237	door 0 closed
2020-11-23 14:02:39.926151	5238	opening door 3
2020-11-23 14:02:40.694669	5239	door 3 opened
2020-11-23 14:02:46.512798	5240	feeder 2 reached (52)
2020-11-23 14:02:46.513329	5241	closing door 3
2020-11-23 14:02:47.208547	5242	door 3 closed
2020-11-23 14:02:47.208825	5243	opening door 0
2020-11-23 14:02:47.925745	5244	door 0 opened
2020-11-23 14:02:47.926186	5245	closing door 2
2020-11-23 14:02:48.938164	5246	door 2 closed
2020-11-23 14:02:48.938760	5247	opening door 1
2020-11-23 14:02:49.689972	5248	door 1 opened
2020-11-23 14:02:54.783991	5249	feeder 1 reached (55)
2020-11-23 14:02:54.784567	5250	closing door 1
2020-11-23 14:02:55.485163	5251	door 1 closed
2020-11-23 14:02:55.485797	5252	opening door 2
2020-11-23 14:02:56.197357	5253	door 2 opened
2020-11-23 14:02:56.198105	5254	closing door 0
2020-11-23 14:02:57.119196	5255	door 0 closed
2020-11-23 14:02:57.119913	5256	opening door 3
2020-11-23 14:02:57.885728	5257	door 3 opened
2020-11-23 14:03:03.130894	5258	feeder 2 reached (53)
2020-11-23 14:03:03.131578	5259	closing door 3
2020-11-23 14:03:03.825364	5260	door 3 closed
2020-11-23 14:03:03.826055	5261	opening door 0
2020-11-23 14:03:04.550841	5262	door 0 opened
2020-11-23 14:03:04.551482	5263	closing door 2
2020-11-23 14:03:05.711601	5264	door 2 closed
2020-11-23 14:03:05.712294	5265	opening door 1
2020-11-23 14:03:06.447298	5266	door 1 opened
2020-11-23 14:03:15.190139	5267	feeder 1 reached (56)
2020-11-23 14:03:15.190812	5268	closing door 1
2020-11-23 14:03:15.878221	5269	door 1 closed
2020-11-23 14:03:15.879001	5270	opening door 2
2020-11-23 14:03:16.613521	5271	door 2 opened
2020-11-23 14:03:16.614576	5272	closing door 0
2020-11-23 14:03:17.612850	5273	door 0 closed
2020-11-23 14:03:17.613567	5274	opening door 3
2020-11-23 14:03:18.345741	5275	door 3 opened
2020-11-23 14:03:24.611299	5276	feeder 2 reached (54)
2020-11-23 14:03:24.611987	5277	closing door 3
2020-11-23 14:03:25.309268	5278	door 3 closed
2020-11-23 14:03:25.310033	5279	opening door 0
2020-11-23 14:03:26.033277	5280	door 0 opened
2020-11-23 14:03:26.033854	5281	closing door 2
2020-11-23 14:03:27.058833	5282	door 2 closed
2020-11-23 14:03:27.059529	5283	opening door 1
2020-11-23 14:03:27.794632	5284	door 1 opened
2020-11-23 14:03:47.483895	5285	feeder 1 reached (57)
2020-11-23 14:03:47.484459	5286	closing door 1
2020-11-23 14:03:48.179342	5287	door 1 closed
2020-11-23 14:03:48.180057	5288	opening door 2
2020-11-23 14:03:48.868935	5289	door 2 opened
2020-11-23 14:03:48.869701	5290	closing door 0
2020-11-23 14:03:49.981899	5291	door 0 closed
2020-11-23 14:03:49.982217	5292	opening door 3
2020-11-23 14:03:50.735870	5293	door 3 opened
2020-11-23 14:03:54.836911	5294	feeder 2 reached (55)
2020-11-23 14:03:54.837628	5295	closing door 3
2020-11-23 14:03:55.531884	5296	door 3 closed
2020-11-23 14:03:55.532378	5297	opening door 0
2020-11-23 14:03:56.257102	5298	door 0 opened
2020-11-23 14:03:56.258064	5299	closing door 2
2020-11-23 14:03:57.333719	5300	door 2 closed
2020-11-23 14:03:57.334335	5301	opening door 1
2020-11-23 14:03:58.091101	5302	door 1 opened
2020-11-23 14:04:05.573989	5303	feeder 1 reached (58)
2020-11-23 14:04:05.574339	5304	closing door 1
2020-11-23 14:04:06.267240	5305	door 1 closed
2020-11-23 14:04:06.267751	5306	opening door 2
2020-11-23 14:04:06.962999	5307	door 2 opened
2020-11-23 14:04:06.963952	5308	closing door 0
2020-11-23 14:04:08.013969	5309	door 0 closed
2020-11-23 14:04:08.014741	5310	opening door 3
2020-11-23 14:04:08.772316	5311	door 3 opened
2020-11-23 14:04:29.639171	5312	feeder 2 reached (56)
2020-11-23 14:04:29.639880	5313	closing door 3
2020-11-23 14:04:30.337663	5314	door 3 closed
2020-11-23 14:04:30.338416	5315	opening door 0
2020-11-23 14:04:31.089602	5316	door 0 opened
2020-11-23 14:04:31.090517	5317	closing door 2
2020-11-23 14:04:32.147221	5318	door 2 closed
2020-11-23 14:04:32.147754	5319	opening door 1
2020-11-23 14:04:32.875769	5320	door 1 opened
2020-11-23 14:04:42.300296	5321	feeder 1 reached (59)
2020-11-23 14:04:42.300699	5322	closing door 1
2020-11-23 14:04:42.998749	5323	door 1 closed
2020-11-23 14:04:42.999550	5324	opening door 2
2020-11-23 14:04:43.733569	5325	door 2 opened
2020-11-23 14:04:43.734111	5326	closing door 0
2020-11-23 14:04:44.878989	5327	door 0 closed
2020-11-23 14:04:44.879605	5328	opening door 3
2020-11-23 14:04:45.635735	5329	door 3 opened
2020-11-23 14:05:06.640640	5330	feeder 2 reached (57)
2020-11-23 14:05:06.641201	5331	closing door 3
2020-11-23 14:05:07.336644	5332	door 3 closed
2020-11-23 14:05:07.337315	5333	opening door 0
2020-11-23 14:05:08.059420	5334	door 0 opened
2020-11-23 14:05:08.060124	5335	closing door 2
2020-11-23 14:05:09.021019	5336	door 2 closed
2020-11-23 14:05:09.021753	5337	opening door 1
2020-11-23 14:05:09.756823	5338	door 1 opened
2020-11-23 14:05:20.939997	5339	feeder 1 reached (60)
2020-11-23 14:05:20.940600	5340	closing door 1
2020-11-23 14:05:21.637552	5341	door 1 closed
2020-11-23 14:05:21.638233	5342	opening door 2
2020-11-23 14:05:22.347107	5343	door 2 opened
2020-11-23 14:05:22.348317	5344	closing door 0
2020-11-23 14:05:23.368055	5345	door 0 closed
2020-11-23 14:05:23.369233	5346	opening door 3
2020-11-23 14:05:24.116664	5347	door 3 opened
2020-11-23 14:05:27.901362	5348	feeder 2 reached (58)
2020-11-23 14:05:27.901863	5349	closing door 3
2020-11-23 14:05:28.596823	5350	door 3 closed
2020-11-23 14:05:28.597197	5351	opening door 0
2020-11-23 14:05:29.338904	5352	door 0 opened
2020-11-23 14:05:29.339548	5353	closing door 2
2020-11-23 14:05:30.325970	5354	door 2 closed
2020-11-23 14:05:30.326735	5355	opening door 1
2020-11-23 14:05:31.069574	5356	door 1 opened
2020-11-23 14:05:48.384983	5357	feeder 1 reached (61)
2020-11-23 14:05:48.385696	5358	closing door 1
2020-11-23 14:05:49.081405	5359	door 1 closed
2020-11-23 14:05:49.082278	5360	opening door 2
2020-11-23 14:05:49.784916	5361	door 2 opened
2020-11-23 14:05:49.785539	5362	closing door 0
2020-11-23 14:05:50.821217	5363	door 0 closed
2020-11-23 14:05:50.821901	5364	opening door 3
2020-11-23 14:05:51.565725	5365	door 3 opened
2020-11-23 14:05:58.624718	5366	feeder 2 reached (59)
2020-11-23 14:05:58.625356	5367	closing door 3
2020-11-23 14:05:59.318599	5368	door 3 closed
2020-11-23 14:05:59.319235	5369	opening door 0
2020-11-23 14:06:00.048469	5370	door 0 opened
2020-11-23 14:06:00.049129	5371	closing door 2
2020-11-23 14:06:01.034050	5372	door 2 closed
2020-11-23 14:06:01.034742	5373	opening door 1
2020-11-23 14:06:01.766692	5374	door 1 opened
2020-11-23 14:06:09.918626	5375	feeder 1 reached (62)
2020-11-23 14:06:09.919175	5376	closing door 1
2020-11-23 14:06:10.612457	5377	door 1 closed
2020-11-23 14:06:10.613131	5378	opening door 2
2020-11-23 14:06:11.315645	5379	door 2 opened
2020-11-23 14:06:11.316250	5380	closing door 0
2020-11-23 14:06:12.519635	5381	door 0 closed
2020-11-23 14:06:12.521245	5382	opening door 3
2020-11-23 14:06:13.267974	5383	door 3 opened
2020-11-23 14:06:20.137799	5384	feeder 2 reached (60)
2020-11-23 14:06:20.138224	5385	closing door 3
2020-11-23 14:06:20.832892	5386	door 3 closed
2020-11-23 14:06:20.833504	5387	opening door 0
2020-11-23 14:06:21.557618	5388	door 0 opened
2020-11-23 14:06:21.558325	5389	closing door 2
2020-11-23 14:06:22.755526	5390	door 2 closed
2020-11-23 14:06:22.756275	5391	opening door 1
2020-11-23 14:06:23.504570	5392	door 1 opened
2020-11-23 14:07:17.398866	5393	feeder 1 reached (63)
2020-11-23 14:07:17.399377	5394	closing door 1
2020-11-23 14:07:18.093819	5395	door 1 closed
2020-11-23 14:07:18.094453	5396	opening door 2
2020-11-23 14:07:18.796924	5397	door 2 opened
2020-11-23 14:07:18.797763	5398	closing door 0
2020-11-23 14:07:19.679998	5399	door 0 closed
2020-11-23 14:07:19.680723	5400	opening door 3
2020-11-23 14:07:20.426258	5401	door 3 opened
2020-11-23 14:07:30.378291	5402	feeder 2 reached (61)
2020-11-23 14:07:30.378773	5403	closing door 3
2020-11-23 14:07:31.072272	5404	door 3 closed
2020-11-23 14:07:31.072870	5405	opening door 0
2020-11-23 14:07:31.794633	5406	door 0 opened
2020-11-23 14:07:31.794923	5407	closing door 2
2020-11-23 14:07:32.787621	5408	door 2 closed
2020-11-23 14:07:32.788180	5409	opening door 1
2020-11-23 14:07:33.510756	5410	door 1 opened
2020-11-23 14:07:47.111534	5411	feeder 1 reached (64)
2020-11-23 14:07:47.112342	5412	closing door 1
2020-11-23 14:07:47.814053	5413	door 1 closed
2020-11-23 14:07:47.814437	5414	opening door 2
2020-11-23 14:07:48.509484	5415	door 2 opened
2020-11-23 14:07:48.509934	5416	closing door 0
2020-11-23 14:07:49.597596	5417	door 0 closed
2020-11-23 14:07:49.598221	5418	opening door 3
2020-11-23 14:07:50.348174	5419	door 3 opened
2020-11-23 14:07:54.279493	5420	feeder 2 reached (62)
2020-11-23 14:07:54.280031	5421	closing door 3
2020-11-23 14:07:54.978166	5422	door 3 closed
2020-11-23 14:07:54.978898	5423	opening door 0
2020-11-23 14:07:55.728104	5424	door 0 opened
2020-11-23 14:07:55.728780	5425	closing door 2
2020-11-23 14:07:56.542522	5426	door 2 closed
2020-11-23 14:07:56.542978	5427	opening door 1
2020-11-23 14:07:57.316788	5428	door 1 opened
2020-11-23 14:08:04.787888	5429	feeder 1 reached (65)
2020-11-23 14:08:04.788626	5430	closing door 1
2020-11-23 14:08:05.486462	5431	door 1 closed
2020-11-23 14:08:05.487178	5432	opening door 2
2020-11-23 14:08:06.223798	5433	door 2 opened
2020-11-23 14:08:06.224278	5434	closing door 0
2020-11-23 14:08:07.182964	5435	door 0 closed
2020-11-23 14:08:07.183245	5436	opening door 3
2020-11-23 14:08:07.911367	5437	door 3 opened
2020-11-23 14:08:11.337971	5438	feeder 2 reached (63)
2020-11-23 14:08:11.338490	5439	closing door 3
2020-11-23 14:08:12.040701	5440	door 3 closed
2020-11-23 14:08:12.041170	5441	opening door 0
2020-11-23 14:08:12.764106	5442	door 0 opened
2020-11-23 14:08:12.764795	5443	closing door 2
2020-11-23 14:08:13.737238	5444	door 2 closed
2020-11-23 14:08:13.738030	5445	opening door 1
2020-11-23 14:08:14.476315	5446	door 1 opened
2020-11-23 14:08:23.731520	5447	feeder 1 reached (66)
2020-11-23 14:08:23.731801	5448	closing door 1
2020-11-23 14:08:24.422235	5449	door 1 closed
2020-11-23 14:08:24.422537	5450	opening door 2
2020-11-23 14:08:25.158499	5451	door 2 opened
2020-11-23 14:08:25.159109	5452	closing door 0
2020-11-23 14:08:26.056698	5453	door 0 closed
2020-11-23 14:08:26.057535	5454	opening door 3
2020-11-23 14:08:26.804085	5455	door 3 opened
2020-11-23 14:08:32.677128	5456	feeder 2 reached (64)
2020-11-23 14:08:32.677828	5457	closing door 3
2020-11-23 14:08:33.378595	5458	door 3 closed
2020-11-23 14:08:33.379281	5459	opening door 0
2020-11-23 14:08:34.138248	5460	door 0 opened
2020-11-23 14:08:34.138606	5461	closing door 2
2020-11-23 14:08:35.061281	5462	door 2 closed
2020-11-23 14:08:35.061639	5463	opening door 1
2020-11-23 14:08:35.806441	5464	door 1 opened
2020-11-23 14:08:43.288036	5465	feeder 1 reached (67)
2020-11-23 14:08:43.288408	5466	closing door 1
2020-11-23 14:08:43.975272	5467	door 1 closed
2020-11-23 14:08:43.975555	5468	opening door 2
2020-11-23 14:08:44.684032	5469	door 2 opened
2020-11-23 14:08:44.685059	5470	closing door 0
2020-11-23 14:08:45.730787	5471	door 0 closed
2020-11-23 14:08:45.731147	5472	opening door 3
2020-11-23 14:08:46.489963	5473	door 3 opened
2020-11-23 14:08:50.030198	5474	feeder 2 reached (65)
2020-11-23 14:08:50.030638	5475	closing door 3
2020-11-23 14:08:50.724495	5476	door 3 closed
2020-11-23 14:08:50.725054	5477	opening door 0
2020-11-23 14:08:51.445011	5478	door 0 opened
2020-11-23 14:08:51.445451	5479	closing door 2
2020-11-23 14:08:52.250653	5480	door 2 closed
2020-11-23 14:08:52.251373	5481	opening door 1
2020-11-23 14:08:52.995581	5482	door 1 opened
2020-11-23 14:09:00.626457	5483	feeder 1 reached (68)
2020-11-23 14:09:00.627115	5484	closing door 1
2020-11-23 14:09:01.320631	5485	door 1 closed
2020-11-23 14:09:01.321327	5486	opening door 2
2020-11-23 14:09:02.004186	5487	door 2 opened
2020-11-23 14:09:02.005406	5488	closing door 0
2020-11-23 14:09:02.921592	5489	door 0 closed
2020-11-23 14:09:02.922540	5490	opening door 3
2020-11-23 14:09:03.669812	5491	door 3 opened
2020-11-23 14:09:09.729459	5492	feeder 2 reached (66)
2020-11-23 14:09:09.730110	5493	closing door 3
2020-11-23 14:09:10.429660	5494	door 3 closed
2020-11-23 14:09:10.430317	5495	opening door 0
2020-11-23 14:09:11.172888	5496	door 0 opened
2020-11-23 14:09:11.173601	5497	closing door 2
2020-11-23 14:09:12.331251	5498	door 2 closed
2020-11-23 14:09:12.332406	5499	opening door 1
2020-11-23 14:09:13.077371	5500	door 1 opened
2020-11-23 14:09:37.214124	5501	feeder 1 reached (69)
2020-11-23 14:09:37.214419	5502	closing door 1
2020-11-23 14:09:37.906143	5503	door 1 closed
2020-11-23 14:09:37.906491	5504	opening door 2
2020-11-23 14:09:38.626200	5505	door 2 opened
2020-11-23 14:09:38.626879	5506	closing door 0
2020-11-23 14:09:39.790862	5507	door 0 closed
2020-11-23 14:09:39.791534	5508	opening door 3
2020-11-23 14:09:40.538938	5509	door 3 opened
2020-11-23 14:09:51.004642	5510	feeder 2 reached (67)
2020-11-23 14:09:51.004959	5511	closing door 3
2020-11-23 14:09:51.697740	5512	door 3 closed
2020-11-23 14:09:51.698440	5513	opening door 0
2020-11-23 14:09:52.422815	5514	door 0 opened
2020-11-23 14:09:52.423497	5515	closing door 2
2020-11-23 14:09:53.307641	5516	door 2 closed
2020-11-23 14:09:53.308148	5517	opening door 1
2020-11-23 14:09:54.034883	5518	door 1 opened
2020-11-23 14:10:06.448392	5519	feeder 1 reached (70)
2020-11-23 14:10:06.449158	5520	closing door 1
2020-11-23 14:10:07.146006	5521	door 1 closed
2020-11-23 14:10:07.146924	5522	opening door 2
2020-11-23 14:10:07.841158	5523	door 2 opened
2020-11-23 14:10:07.842040	5524	closing door 0
2020-11-23 14:10:08.890942	5525	door 0 closed
2020-11-23 14:10:08.891628	5526	opening door 3
2020-11-23 14:10:09.632653	5527	door 3 opened
2020-11-23 14:10:14.081006	5528	feeder 2 reached (68)
2020-11-23 14:10:14.081654	5529	closing door 3
2020-11-23 14:10:14.783226	5530	door 3 closed
2020-11-23 14:10:14.784391	5531	opening door 0
2020-11-23 14:10:15.538050	5532	door 0 opened
2020-11-23 14:10:15.538704	5533	closing door 2
2020-11-23 14:10:16.646940	5534	door 2 closed
2020-11-23 14:10:16.647626	5535	opening door 1
2020-11-23 14:10:17.379895	5536	door 1 opened
2020-11-23 14:10:34.704948	5537	feeder 1 reached (71)
2020-11-23 14:10:34.705556	5538	closing door 1
2020-11-23 14:10:35.389439	5539	door 1 closed
2020-11-23 14:10:35.390151	5540	opening door 2
2020-11-23 14:10:36.093713	5541	door 2 opened
2020-11-23 14:10:36.094447	5542	closing door 0
2020-11-23 14:10:37.130179	5543	door 0 closed
2020-11-23 14:10:37.130561	5544	opening door 3
2020-11-23 14:10:37.859334	5545	door 3 opened
2020-11-23 14:10:42.154033	5546	feeder 2 reached (69)
2020-11-23 14:10:42.154680	5547	closing door 3
2020-11-23 14:10:42.848094	5548	door 3 closed
2020-11-23 14:10:42.848766	5549	opening door 0
2020-11-23 14:10:43.570161	5550	door 0 opened
2020-11-23 14:10:43.570848	5551	closing door 2
2020-11-23 14:10:44.494067	5552	door 2 closed
2020-11-23 14:10:44.495102	5553	opening door 1
2020-11-23 14:10:45.241435	5554	door 1 opened
2020-11-23 14:11:00.921418	5555	feeder 1 reached (72)
2020-11-23 14:11:00.922113	5556	closing door 1
2020-11-23 14:11:01.622691	5557	door 1 closed
2020-11-23 14:11:01.623365	5558	closing door 2
2020-11-23 14:11:01.755436	5559	door 2 closed
2020-11-23 14:11:01.755907	5560	closing door 0
2020-11-23 14:11:02.928801	5561	door 0 closed
2020-11-23 14:11:02.929228	5562	closing door 3
2020-11-23 14:11:03.108895	5563	door 3 closed
2020-11-23 14:11:03.109527	5564	ended experiment GE3_20_11_23
