2020-12-01 16:00:38.714116	10541	started experiment GE3_20_12_1
2020-12-01 16:00:38.714438	10542	closing door 0
2020-12-01 16:00:39.095473	10543	door 0 closed
2020-12-01 16:00:39.096221	10544	closing door 1
2020-12-01 16:00:39.503593	10545	door 1 closed
2020-12-01 16:00:39.504316	10546	closing door 2
2020-12-01 16:00:39.706730	10547	door 2 closed
2020-12-01 16:00:39.707282	10548	closing door 3
2020-12-01 16:00:39.906627	10549	door 3 closed
2020-12-01 16:00:54.224421	10550	feeder 1 reached (277)
2020-12-01 16:00:54.225191	10551	closing door 1
2020-12-01 16:00:54.314527	10552	door 1 closed
2020-12-01 16:00:54.315068	10553	opening door 2
2020-12-01 16:00:55.016724	10554	door 2 opened
2020-12-01 16:00:55.017278	10555	closing door 0
2020-12-01 16:00:55.461028	10556	door 0 closed
2020-12-01 16:00:55.461737	10557	opening door 3
2020-12-01 16:00:56.193030	10558	door 3 opened
2020-12-01 16:01:12.090929	10559	feeder 2 reached (269)
2020-12-01 16:01:12.091786	10560	closing door 3
2020-12-01 16:01:12.818019	10561	door 3 closed
2020-12-01 16:01:12.818954	10562	opening door 0
2020-12-01 16:01:13.548888	10563	door 0 opened
2020-12-01 16:01:13.549223	10564	closing door 2
2020-12-01 16:01:14.537193	10565	door 2 closed
2020-12-01 16:01:14.537830	10566	opening door 1
2020-12-01 16:01:15.252937	10567	door 1 opened
2020-12-01 16:02:19.984104	10568	feeder 1 reached (278)
2020-12-01 16:02:19.984558	10569	closing door 1
2020-12-01 16:02:20.580519	10570	door 1 closed
2020-12-01 16:02:20.582116	10571	opening door 2
2020-12-01 16:02:21.293424	10572	door 2 opened
2020-12-01 16:02:21.294357	10573	closing door 0
2020-12-01 16:02:22.520595	10574	door 0 closed
2020-12-01 16:02:22.521294	10575	opening door 3
2020-12-01 16:02:23.249155	10576	door 3 opened
2020-12-01 16:02:38.278580	10577	feeder 2 reached (270)
2020-12-01 16:02:38.278999	10578	closing door 3
2020-12-01 16:02:38.968334	10579	door 3 closed
2020-12-01 16:02:38.968695	10580	opening door 0
2020-12-01 16:02:39.729497	10581	door 0 opened
2020-12-01 16:02:39.729791	10582	closing door 2
2020-12-01 16:02:40.935018	10583	door 2 closed
2020-12-01 16:02:40.935340	10584	opening door 1
2020-12-01 16:02:41.666077	10585	door 1 opened
2020-12-01 16:03:10.318240	10586	feeder 1 reached (279)
2020-12-01 16:03:10.318536	10587	closing door 1
2020-12-01 16:03:10.909594	10588	door 1 closed
2020-12-01 16:03:10.909924	10589	opening door 2
2020-12-01 16:03:11.609403	10590	door 2 opened
2020-12-01 16:03:11.609716	10591	closing door 0
2020-12-01 16:03:12.496457	10592	door 0 closed
2020-12-01 16:03:12.496755	10593	opening door 3
2020-12-01 16:03:13.255519	10594	door 3 opened
2020-12-01 16:04:00.025415	10595	feeder 2 reached (271)
2020-12-01 16:04:00.025743	10596	closing door 3
2020-12-01 16:04:00.718903	10597	door 3 closed
2020-12-01 16:04:00.719211	10598	opening door 0
2020-12-01 16:04:01.427082	10599	door 0 opened
2020-12-01 16:04:01.427384	10600	closing door 2
2020-12-01 16:04:02.223333	10601	door 2 closed
2020-12-01 16:04:02.223993	10602	opening door 1
2020-12-01 16:04:02.943660	10603	door 1 opened
2020-12-01 16:05:12.080584	10604	feeder 1 reached (280)
2020-12-01 16:05:12.081243	10605	closing door 1
2020-12-01 16:05:12.676458	10606	door 1 closed
2020-12-01 16:05:12.677079	10607	opening door 2
2020-12-01 16:05:13.379972	10608	door 2 opened
2020-12-01 16:05:13.380639	10609	closing door 0
2020-12-01 16:05:14.572177	10610	door 0 closed
2020-12-01 16:05:14.572753	10611	opening door 3
2020-12-01 16:05:15.315255	10612	door 3 opened
2020-12-01 16:05:25.919895	10613	feeder 2 reached (272)
2020-12-01 16:05:25.920538	10614	closing door 3
2020-12-01 16:05:26.614935	10615	door 3 closed
2020-12-01 16:05:26.615779	10616	opening door 0
2020-12-01 16:05:27.325435	10617	door 0 opened
2020-12-01 16:05:27.326167	10618	closing door 2
2020-12-01 16:05:28.480983	10619	door 2 closed
2020-12-01 16:05:28.481800	10620	opening door 1
2020-12-01 16:05:29.196702	10621	door 1 opened
2020-12-01 16:05:40.999245	10622	feeder 1 reached (281)
2020-12-01 16:05:40.999969	10623	closing door 1
2020-12-01 16:05:41.604837	10624	door 1 closed
2020-12-01 16:05:41.605634	10625	opening door 2
2020-12-01 16:05:42.291749	10626	door 2 opened
2020-12-01 16:05:42.292389	10627	closing door 0
2020-12-01 16:05:43.199967	10628	door 0 closed
2020-12-01 16:05:43.201081	10629	opening door 3
2020-12-01 16:05:43.964502	10630	door 3 opened
2020-12-01 16:06:02.738284	10631	feeder 2 reached (273)
2020-12-01 16:06:02.738947	10632	closing door 3
2020-12-01 16:06:03.429405	10633	door 3 closed
2020-12-01 16:06:03.430046	10634	opening door 0
2020-12-01 16:06:04.148176	10635	door 0 opened
2020-12-01 16:06:04.148876	10636	closing door 2
2020-12-01 16:06:05.324839	10637	door 2 closed
2020-12-01 16:06:05.325649	10638	opening door 1
2020-12-01 16:06:06.045616	10639	door 1 opened
2020-12-01 16:06:47.940418	10640	feeder 1 reached (282)
2020-12-01 16:06:47.940707	10641	closing door 1
2020-12-01 16:06:48.532518	10642	door 1 closed
2020-12-01 16:06:48.532967	10643	opening door 2
2020-12-01 16:06:49.237333	10644	door 2 opened
2020-12-01 16:06:49.237751	10645	closing door 0
2020-12-01 16:06:50.394406	10646	door 0 closed
2020-12-01 16:06:50.394692	10647	opening door 3
2020-12-01 16:06:51.134994	10648	door 3 opened
2020-12-01 16:07:20.288841	10649	feeder 2 reached (274)
2020-12-01 16:07:20.289284	10650	closing door 3
2020-12-01 16:07:20.981817	10651	door 3 closed
2020-12-01 16:07:20.982201	10652	opening door 0
2020-12-01 16:07:21.713615	10653	door 0 opened
2020-12-01 16:07:21.713897	10654	closing door 2
2020-12-01 16:07:22.754795	10655	door 2 closed
2020-12-01 16:07:22.755093	10656	opening door 1
2020-12-01 16:07:23.476662	10657	door 1 opened
2020-12-01 16:07:30.285402	10658	feeder 1 reached (283)
2020-12-01 16:07:30.285687	10659	closing door 1
2020-12-01 16:07:30.880454	10660	door 1 closed
2020-12-01 16:07:30.880785	10661	opening door 2
2020-12-01 16:07:31.585168	10662	door 2 opened
2020-12-01 16:07:31.585777	10663	closing door 0
2020-12-01 16:07:32.592825	10664	door 0 closed
2020-12-01 16:07:32.593137	10665	opening door 3
2020-12-01 16:07:33.344805	10666	door 3 opened
2020-12-01 16:07:49.772684	10667	feeder 2 reached (275)
2020-12-01 16:07:49.772977	10668	closing door 3
2020-12-01 16:07:50.462226	10669	door 3 closed
2020-12-01 16:07:50.463000	10670	opening door 0
2020-12-01 16:07:51.189208	10671	door 0 opened
2020-12-01 16:07:51.189516	10672	closing door 2
2020-12-01 16:07:52.259759	10673	door 2 closed
2020-12-01 16:07:52.260062	10674	opening door 1
2020-12-01 16:07:53.022091	10675	door 1 opened
2020-12-01 16:09:16.730177	10676	feeder 1 reached (284)
2020-12-01 16:09:16.730463	10677	closing door 1
2020-12-01 16:09:17.322160	10678	door 1 closed
2020-12-01 16:09:17.322453	10679	opening door 2
2020-12-01 16:09:18.028336	10680	door 2 opened
2020-12-01 16:09:18.028637	10681	closing door 0
2020-12-01 16:09:19.098517	10682	door 0 closed
2020-12-01 16:09:19.098829	10683	opening door 3
2020-12-01 16:09:19.862925	10684	door 3 opened
2020-12-01 16:09:32.628226	10685	feeder 2 reached (276)
2020-12-01 16:09:32.628527	10686	closing door 3
2020-12-01 16:09:33.316737	10687	door 3 closed
2020-12-01 16:09:33.317016	10688	opening door 0
2020-12-01 16:09:34.025362	10689	door 0 opened
2020-12-01 16:09:34.025681	10690	closing door 2
2020-12-01 16:09:35.042044	10691	door 2 closed
2020-12-01 16:09:35.042491	10692	opening door 1
2020-12-01 16:09:35.767360	10693	door 1 opened
2020-12-01 16:10:10.420148	10694	feeder 1 reached (285)
2020-12-01 16:10:10.420444	10695	closing door 1
2020-12-01 16:10:11.008036	10696	door 1 closed
2020-12-01 16:10:11.008864	10697	opening door 2
2020-12-01 16:10:11.719237	10698	door 2 opened
2020-12-01 16:10:11.719780	10699	closing door 0
2020-12-01 16:10:12.752718	10700	door 0 closed
2020-12-01 16:10:12.753287	10701	opening door 3
2020-12-01 16:10:13.512006	10702	door 3 opened
2020-12-01 16:10:46.364005	10703	feeder 2 reached (277)
2020-12-01 16:10:46.364728	10704	closing door 3
2020-12-01 16:10:47.067538	10705	door 3 closed
2020-12-01 16:10:47.068204	10706	opening door 0
2020-12-01 16:10:47.806147	10707	door 0 opened
2020-12-01 16:10:47.806941	10708	closing door 2
2020-12-01 16:10:48.786962	10709	door 2 closed
2020-12-01 16:10:48.787367	10710	opening door 1
2020-12-01 16:10:49.514269	10711	door 1 opened
2020-12-01 16:11:04.948711	10712	feeder 1 reached (286)
2020-12-01 16:11:04.949522	10713	closing door 1
2020-12-01 16:11:05.553241	10714	door 1 closed
2020-12-01 16:11:05.553877	10715	opening door 2
2020-12-01 16:11:06.291795	10716	door 2 opened
2020-12-01 16:11:06.292259	10717	closing door 0
2020-12-01 16:11:07.088891	10718	door 0 closed
2020-12-01 16:11:07.089191	10719	opening door 3
2020-12-01 16:11:07.858743	10720	door 3 opened
2020-12-01 16:11:32.153732	10721	feeder 2 reached (278)
2020-12-01 16:11:32.154293	10722	closing door 3
2020-12-01 16:11:32.849990	10723	door 3 closed
2020-12-01 16:11:32.850664	10724	opening door 0
2020-12-01 16:11:33.594889	10725	door 0 opened
2020-12-01 16:11:33.595264	10726	closing door 2
2020-12-01 16:11:34.648009	10727	door 2 closed
2020-12-01 16:11:34.648489	10728	opening door 1
2020-12-01 16:11:35.356133	10729	door 1 opened
2020-12-01 16:11:50.767190	10730	feeder 1 reached (287)
2020-12-01 16:11:50.768012	10731	closing door 1
2020-12-01 16:11:51.372750	10732	door 1 closed
2020-12-01 16:11:51.373316	10733	opening door 2
2020-12-01 16:11:52.107773	10734	door 2 opened
2020-12-01 16:11:52.108495	10735	closing door 0
2020-12-01 16:11:53.105405	10736	door 0 closed
2020-12-01 16:11:53.106328	10737	opening door 3
2020-12-01 16:11:53.865970	10738	door 3 opened
2020-12-01 16:12:11.971266	10739	feeder 2 reached (279)
2020-12-01 16:12:11.971702	10740	closing door 3
2020-12-01 16:12:12.670078	10741	door 3 closed
2020-12-01 16:12:12.670439	10742	opening door 0
2020-12-01 16:12:13.401310	10743	door 0 opened
2020-12-01 16:12:13.401594	10744	closing door 2
2020-12-01 16:12:14.399399	10745	door 2 closed
2020-12-01 16:12:14.399680	10746	opening door 1
2020-12-01 16:12:15.105061	10747	door 1 opened
2020-12-01 16:12:31.187990	10748	feeder 1 reached (288)
2020-12-01 16:12:31.188317	10749	closing door 1
2020-12-01 16:12:31.781393	10750	door 1 closed
2020-12-01 16:12:31.781683	10751	opening door 2
2020-12-01 16:12:32.484073	10752	door 2 opened
2020-12-01 16:12:32.484455	10753	closing door 0
2020-12-01 16:12:33.650837	10754	door 0 closed
2020-12-01 16:12:33.651202	10755	opening door 3
2020-12-01 16:12:34.412908	10756	door 3 opened
2020-12-01 16:12:45.500536	10757	feeder 2 reached (280)
2020-12-01 16:12:45.501717	10758	closing door 3
2020-12-01 16:12:46.199073	10759	door 3 closed
2020-12-01 16:12:46.199471	10760	opening door 0
2020-12-01 16:12:46.925607	10761	door 0 opened
2020-12-01 16:12:46.925939	10762	closing door 2
2020-12-01 16:12:47.998180	10763	door 2 closed
2020-12-01 16:12:47.998474	10764	opening door 1
2020-12-01 16:12:48.741764	10765	door 1 opened
2020-12-01 16:13:15.433687	10766	feeder 1 reached (289)
2020-12-01 16:13:15.433977	10767	closing door 1
2020-12-01 16:13:16.029823	10768	door 1 closed
2020-12-01 16:13:16.030120	10769	opening door 2
2020-12-01 16:13:16.745821	10770	door 2 opened
2020-12-01 16:13:16.746204	10771	closing door 0
2020-12-01 16:13:17.868336	10772	door 0 closed
2020-12-01 16:13:17.868610	10773	opening door 3
2020-12-01 16:13:18.610189	10774	door 3 opened
2020-12-01 16:14:19.737538	10775	feeder 2 reached (281)
2020-12-01 16:14:19.737821	10776	closing door 3
2020-12-01 16:14:20.440548	10777	door 3 closed
2020-12-01 16:14:20.440952	10778	opening door 0
2020-12-01 16:14:21.176953	10779	door 0 opened
2020-12-01 16:14:21.177342	10780	closing door 2
2020-12-01 16:14:22.176027	10781	door 2 closed
2020-12-01 16:14:22.176319	10782	opening door 1
2020-12-01 16:14:22.887234	10783	door 1 opened
2020-12-01 16:14:34.013883	10784	feeder 1 reached (290)
2020-12-01 16:14:34.014166	10785	closing door 1
2020-12-01 16:14:34.613521	10786	door 1 closed
2020-12-01 16:14:34.613819	10787	opening door 2
2020-12-01 16:14:35.329617	10788	door 2 opened
2020-12-01 16:14:35.329915	10789	closing door 0
2020-12-01 16:14:36.534839	10790	door 0 closed
2020-12-01 16:14:36.535336	10791	opening door 3
2020-12-01 16:14:37.280135	10792	door 3 opened
2020-12-01 16:14:55.790285	10793	feeder 2 reached (282)
2020-12-01 16:14:55.790640	10794	closing door 3
2020-12-01 16:14:56.493490	10795	door 3 closed
2020-12-01 16:14:56.493858	10796	opening door 0
2020-12-01 16:14:57.233131	10797	door 0 opened
2020-12-01 16:14:57.233425	10798	closing door 2
2020-12-01 16:14:58.246165	10799	door 2 closed
2020-12-01 16:14:58.246519	10800	opening door 1
2020-12-01 16:14:58.957758	10801	door 1 opened
2020-12-01 16:15:13.766801	10802	feeder 1 reached (291)
2020-12-01 16:15:13.767102	10803	closing door 1
2020-12-01 16:15:14.364812	10804	door 1 closed
2020-12-01 16:15:14.365100	10805	opening door 2
2020-12-01 16:15:15.056180	10806	door 2 opened
2020-12-01 16:15:15.056466	10807	closing door 0
2020-12-01 16:15:16.208978	10808	door 0 closed
2020-12-01 16:15:16.209288	10809	opening door 3
2020-12-01 16:15:16.929768	10810	door 3 opened
2020-12-01 16:16:09.587294	10811	feeder 2 reached (283)
2020-12-01 16:16:09.587709	10812	closing door 3
2020-12-01 16:16:10.284270	10813	door 3 closed
2020-12-01 16:16:10.284722	10814	opening door 0
2020-12-01 16:16:11.010601	10815	door 0 opened
2020-12-01 16:16:11.011253	10816	closing door 2
2020-12-01 16:16:11.958006	10817	door 2 closed
2020-12-01 16:16:11.958548	10818	opening door 1
2020-12-01 16:16:12.675561	10819	door 1 opened
2020-12-01 16:16:25.925171	10820	feeder 1 reached (292)
2020-12-01 16:16:25.925451	10821	closing door 1
2020-12-01 16:16:26.517254	10822	door 1 closed
2020-12-01 16:16:26.517541	10823	opening door 2
2020-12-01 16:16:27.234556	10824	door 2 opened
2020-12-01 16:16:27.234849	10825	closing door 0
2020-12-01 16:16:28.375254	10826	door 0 closed
2020-12-01 16:16:28.375553	10827	opening door 3
2020-12-01 16:16:29.132714	10828	door 3 opened
2020-12-01 16:17:11.682113	10829	feeder 2 reached (284)
2020-12-01 16:17:11.682409	10830	closing door 3
2020-12-01 16:17:12.381060	10831	door 3 closed
2020-12-01 16:17:12.381346	10832	opening door 0
2020-12-01 16:17:13.121824	10833	door 0 opened
2020-12-01 16:17:13.122111	10834	closing door 2
2020-12-01 16:17:14.233546	10835	door 2 closed
2020-12-01 16:17:14.233830	10836	opening door 1
2020-12-01 16:17:14.963127	10837	door 1 opened
2020-12-01 16:17:55.603111	10838	feeder 1 reached (293)
2020-12-01 16:17:55.603974	10839	closing door 1
2020-12-01 16:17:56.215138	10840	door 1 closed
2020-12-01 16:17:56.215835	10841	opening door 2
2020-12-01 16:17:56.948407	10842	door 2 opened
2020-12-01 16:17:56.949254	10843	closing door 0
2020-12-01 16:17:58.036781	10844	door 0 closed
2020-12-01 16:17:58.037100	10845	opening door 3
2020-12-01 16:17:58.792362	10846	door 3 opened
2020-12-01 16:18:06.824912	10847	feeder 2 reached (285)
2020-12-01 16:18:06.825580	10848	closing door 3
2020-12-01 16:18:07.523703	10849	door 3 closed
2020-12-01 16:18:07.524408	10850	opening door 0
2020-12-01 16:18:08.248964	10851	door 0 opened
2020-12-01 16:18:08.249591	10852	closing door 2
2020-12-01 16:18:09.135337	10853	door 2 closed
2020-12-01 16:18:09.136092	10854	opening door 1
2020-12-01 16:18:09.867149	10855	door 1 opened
2020-12-01 16:18:41.920395	10856	feeder 1 reached (294)
2020-12-01 16:18:41.920998	10857	closing door 1
2020-12-01 16:18:42.517508	10858	door 1 closed
2020-12-01 16:18:42.518219	10859	opening door 2
2020-12-01 16:18:43.214641	10860	door 2 opened
2020-12-01 16:18:43.215298	10861	closing door 0
2020-12-01 16:18:44.367313	10862	door 0 closed
2020-12-01 16:18:44.368353	10863	opening door 3
2020-12-01 16:18:45.125722	10864	door 3 opened
2020-12-01 16:18:55.846487	10865	feeder 2 reached (286)
2020-12-01 16:18:55.847177	10866	closing door 3
2020-12-01 16:18:56.552171	10867	door 3 closed
2020-12-01 16:18:56.552469	10868	opening door 0
2020-12-01 16:18:57.314583	10869	door 0 opened
2020-12-01 16:18:57.314889	10870	closing door 2
2020-12-01 16:18:58.279108	10871	door 2 closed
2020-12-01 16:18:58.279677	10872	opening door 1
2020-12-01 16:18:59.010762	10873	door 1 opened
2020-12-01 16:19:23.226275	10874	feeder 1 reached (295)
2020-12-01 16:19:23.226978	10875	closing door 1
2020-12-01 16:19:23.823847	10876	door 1 closed
2020-12-01 16:19:23.824314	10877	opening door 2
2020-12-01 16:19:24.527763	10878	door 2 opened
2020-12-01 16:19:24.528235	10879	closing door 0
2020-12-01 16:19:25.730073	10880	door 0 closed
2020-12-01 16:19:25.730700	10881	opening door 3
2020-12-01 16:19:26.496489	10882	door 3 opened
2020-12-01 16:19:46.174247	10883	feeder 2 reached (287)
2020-12-01 16:19:46.175054	10884	closing door 3
2020-12-01 16:19:46.871445	10885	door 3 closed
2020-12-01 16:19:46.871929	10886	opening door 0
2020-12-01 16:19:47.631871	10887	door 0 opened
2020-12-01 16:19:47.632346	10888	closing door 2
2020-12-01 16:19:48.655111	10889	door 2 closed
2020-12-01 16:19:48.655399	10890	opening door 1
2020-12-01 16:19:49.387733	10891	door 1 opened
2020-12-01 16:20:06.029540	10892	feeder 1 reached (296)
2020-12-01 16:20:06.030123	10893	closing door 1
2020-12-01 16:20:06.625916	10894	door 1 closed
2020-12-01 16:20:06.626436	10895	opening door 2
2020-12-01 16:20:07.333461	10896	door 2 opened
2020-12-01 16:20:07.334025	10897	closing door 0
2020-12-01 16:20:08.316930	10898	door 0 closed
2020-12-01 16:20:08.317989	10899	opening door 3
2020-12-01 16:20:09.057811	10900	door 3 opened
2020-12-01 16:20:24.382218	10901	feeder 2 reached (288)
2020-12-01 16:20:24.382589	10902	closing door 3
2020-12-01 16:20:25.082728	10903	door 3 closed
2020-12-01 16:20:25.083461	10904	opening door 0
2020-12-01 16:20:25.846154	10905	door 0 opened
2020-12-01 16:20:25.846835	10906	closing door 2
2020-12-01 16:20:26.749000	10907	door 2 closed
2020-12-01 16:20:26.749663	10908	opening door 1
2020-12-01 16:20:27.443790	10909	door 1 opened
2020-12-01 16:20:46.608341	10910	feeder 1 reached (297)
2020-12-01 16:20:46.608835	10911	closing door 1
2020-12-01 16:20:47.203888	10912	door 1 closed
2020-12-01 16:20:47.204502	10913	opening door 2
2020-12-01 16:20:47.907129	10914	door 2 opened
2020-12-01 16:20:47.907426	10915	closing door 0
2020-12-01 16:20:48.880034	10916	door 0 closed
2020-12-01 16:20:48.880761	10917	opening door 3
2020-12-01 16:20:49.621014	10918	door 3 opened
2020-12-01 16:21:00.772966	10919	feeder 2 reached (289)
2020-12-01 16:21:00.773248	10920	closing door 3
2020-12-01 16:21:01.466933	10921	door 3 closed
2020-12-01 16:21:01.467217	10922	opening door 0
2020-12-01 16:21:02.190534	10923	door 0 opened
2020-12-01 16:21:02.190848	10924	closing door 2
2020-12-01 16:21:03.198336	10925	door 2 closed
2020-12-01 16:21:03.198638	10926	opening door 1
2020-12-01 16:21:03.912729	10927	door 1 opened
2020-12-01 16:21:14.701676	10928	feeder 1 reached (298)
2020-12-01 16:21:14.701959	10929	closing door 1
2020-12-01 16:21:15.305566	10930	door 1 closed
2020-12-01 16:21:15.306076	10931	opening door 2
2020-12-01 16:21:16.032983	10932	door 2 opened
2020-12-01 16:21:16.033284	10933	closing door 0
2020-12-01 16:21:17.109773	10934	door 0 closed
2020-12-01 16:21:17.110126	10935	opening door 3
2020-12-01 16:21:17.873173	10936	door 3 opened
2020-12-01 16:21:24.940062	10937	feeder 2 reached (290)
2020-12-01 16:21:24.940360	10938	closing door 3
2020-12-01 16:21:25.633179	10939	door 3 closed
2020-12-01 16:21:25.633488	10940	opening door 0
2020-12-01 16:21:26.375545	10941	door 0 opened
2020-12-01 16:21:26.375851	10942	closing door 2
2020-12-01 16:21:27.365218	10943	door 2 closed
2020-12-01 16:21:27.365711	10944	opening door 1
2020-12-01 16:21:28.069196	10945	door 1 opened
2020-12-01 16:21:44.135554	10946	feeder 1 reached (299)
2020-12-01 16:21:44.135981	10947	closing door 1
2020-12-01 16:21:44.733639	10948	door 1 closed
2020-12-01 16:21:44.734252	10949	opening door 2
2020-12-01 16:21:45.435741	10950	door 2 opened
2020-12-01 16:21:45.436111	10951	closing door 0
2020-12-01 16:21:46.613088	10952	door 0 closed
2020-12-01 16:21:46.613398	10953	opening door 3
2020-12-01 16:21:47.342115	10954	door 3 opened
2020-12-01 16:22:18.600318	10955	feeder 2 reached (291)
2020-12-01 16:22:18.600689	10956	closing door 3
2020-12-01 16:22:19.295516	10957	door 3 closed
2020-12-01 16:22:19.295898	10958	opening door 0
2020-12-01 16:22:20.038469	10959	door 0 opened
2020-12-01 16:22:20.038834	10960	closing door 2
2020-12-01 16:22:21.020642	10961	door 2 closed
2020-12-01 16:22:21.021009	10962	opening door 1
2020-12-01 16:22:21.765291	10963	door 1 opened
2020-12-01 16:22:41.142874	10964	feeder 1 reached (300)
2020-12-01 16:22:41.143553	10965	closing door 1
2020-12-01 16:22:41.737497	10966	door 1 closed
2020-12-01 16:22:41.738232	10967	opening door 2
2020-12-01 16:22:42.458888	10968	door 2 opened
2020-12-01 16:22:42.459574	10969	closing door 0
2020-12-01 16:22:43.574887	10970	door 0 closed
2020-12-01 16:22:43.575548	10971	opening door 3
2020-12-01 16:22:44.326623	10972	door 3 opened
2020-12-01 16:22:51.883179	10973	feeder 2 reached (292)
2020-12-01 16:22:51.883889	10974	closing door 3
2020-12-01 16:22:52.585590	10975	door 3 closed
2020-12-01 16:22:52.586215	10976	opening door 0
2020-12-01 16:22:53.336351	10977	door 0 opened
2020-12-01 16:22:53.337066	10978	closing door 2
2020-12-01 16:22:54.218938	10979	door 2 closed
2020-12-01 16:22:54.219438	10980	opening door 1
2020-12-01 16:22:54.935683	10981	door 1 opened
2020-12-01 16:23:33.971099	10982	feeder 1 reached (301)
2020-12-01 16:23:33.971843	10983	closing door 1
2020-12-01 16:23:34.577812	10984	door 1 closed
2020-12-01 16:23:34.578517	10985	opening door 2
2020-12-01 16:23:35.292471	10986	door 2 opened
2020-12-01 16:23:35.293214	10987	closing door 0
2020-12-01 16:23:36.380368	10988	door 0 closed
2020-12-01 16:23:36.381141	10989	opening door 3
2020-12-01 16:23:37.125063	10990	door 3 opened
2020-12-01 16:24:00.390809	10991	feeder 2 reached (293)
2020-12-01 16:24:00.391507	10992	closing door 3
2020-12-01 16:24:01.097127	10993	door 3 closed
2020-12-01 16:24:01.097829	10994	opening door 0
2020-12-01 16:24:01.845390	10995	door 0 opened
2020-12-01 16:24:01.846094	10996	closing door 2
2020-12-01 16:24:03.026751	10997	door 2 closed
2020-12-01 16:24:03.027437	10998	opening door 1
2020-12-01 16:24:03.749611	10999	door 1 opened
2020-12-01 16:24:13.029266	11000	feeder 1 reached (302)
2020-12-01 16:24:13.030248	11001	closing door 1
2020-12-01 16:24:13.639585	11002	door 1 closed
2020-12-01 16:24:13.640328	11003	opening door 2
2020-12-01 16:24:14.371062	11004	door 2 opened
2020-12-01 16:24:14.371799	11005	closing door 0
2020-12-01 16:24:15.165270	11006	door 0 closed
2020-12-01 16:24:15.165934	11007	opening door 3
2020-12-01 16:24:15.916699	11008	door 3 opened
2020-12-01 16:24:23.124273	11009	feeder 2 reached (294)
2020-12-01 16:24:23.124974	11010	closing door 3
2020-12-01 16:24:23.820185	11011	door 3 closed
2020-12-01 16:24:23.820882	11012	opening door 0
2020-12-01 16:24:24.546969	11013	door 0 opened
2020-12-01 16:24:24.547633	11014	closing door 2
2020-12-01 16:24:25.563480	11015	door 2 closed
2020-12-01 16:24:25.564168	11016	opening door 1
2020-12-01 16:24:26.268355	11017	door 1 opened
2020-12-01 16:24:36.820198	11018	feeder 1 reached (303)
2020-12-01 16:24:36.820869	11019	closing door 1
2020-12-01 16:24:37.425537	11020	door 1 closed
2020-12-01 16:24:37.426213	11021	opening door 2
2020-12-01 16:24:38.153050	11022	door 2 opened
2020-12-01 16:24:38.154102	11023	closing door 0
2020-12-01 16:24:39.062400	11024	door 0 closed
2020-12-01 16:24:39.063115	11025	opening door 3
2020-12-01 16:24:39.815095	11026	door 3 opened
2020-12-01 16:24:47.700842	11027	feeder 2 reached (295)
2020-12-01 16:24:47.701571	11028	closing door 3
2020-12-01 16:24:48.398114	11029	door 3 closed
2020-12-01 16:24:48.399072	11030	opening door 0
2020-12-01 16:24:49.156130	11031	door 0 opened
2020-12-01 16:24:49.156786	11032	closing door 2
2020-12-01 16:24:50.104796	11033	door 2 closed
2020-12-01 16:24:50.105470	11034	opening door 1
2020-12-01 16:24:50.811142	11035	door 1 opened
2020-12-01 16:24:56.856633	11036	feeder 1 reached (304)
2020-12-01 16:24:56.857131	11037	closing door 1
2020-12-01 16:24:57.454010	11038	door 1 closed
2020-12-01 16:24:57.454690	11039	opening door 2
2020-12-01 16:24:58.156414	11040	door 2 opened
2020-12-01 16:24:58.157167	11041	closing door 0
2020-12-01 16:24:59.134626	11042	door 0 closed
2020-12-01 16:24:59.135542	11043	opening door 3
2020-12-01 16:24:59.883390	11044	door 3 opened
2020-12-01 16:25:26.204330	11045	feeder 2 reached (296)
2020-12-01 16:25:26.205047	11046	closing door 3
2020-12-01 16:25:26.907901	11047	door 3 closed
2020-12-01 16:25:26.908661	11048	opening door 0
2020-12-01 16:25:27.642245	11049	door 0 opened
2020-12-01 16:25:27.642986	11050	closing door 2
2020-12-01 16:25:28.611151	11051	door 2 closed
2020-12-01 16:25:28.611896	11052	opening door 1
2020-12-01 16:25:29.331369	11053	door 1 opened
2020-12-01 16:25:34.536448	11054	feeder 1 reached (305)
2020-12-01 16:25:34.536749	11055	closing door 1
2020-12-01 16:25:35.136385	11056	door 1 closed
2020-12-01 16:25:35.137048	11057	opening door 2
2020-12-01 16:25:35.841735	11058	door 2 opened
2020-12-01 16:25:35.842414	11059	closing door 0
2020-12-01 16:25:36.801381	11060	door 0 closed
2020-12-01 16:25:36.802110	11061	opening door 3
2020-12-01 16:25:37.554509	11062	door 3 opened
2020-12-01 16:26:47.103484	11063	feeder 2 reached (297)
2020-12-01 16:26:47.104206	11064	closing door 3
2020-12-01 16:26:47.796135	11065	door 3 closed
2020-12-01 16:26:47.796856	11066	opening door 0
2020-12-01 16:26:48.521064	11067	door 0 opened
2020-12-01 16:26:48.521920	11068	closing door 2
2020-12-01 16:26:49.720822	11069	door 2 closed
2020-12-01 16:26:49.721501	11070	opening door 1
2020-12-01 16:26:50.445981	11071	door 1 opened
2020-12-01 16:27:09.428933	11072	feeder 1 reached (306)
2020-12-01 16:27:09.429502	11073	closing door 1
2020-12-01 16:27:10.029622	11074	door 1 closed
2020-12-01 16:27:10.030208	11075	opening door 2
2020-12-01 16:27:10.764102	11076	door 2 opened
2020-12-01 16:27:10.764779	11077	closing door 0
2020-12-01 16:27:11.844398	11078	door 0 closed
2020-12-01 16:27:11.845082	11079	opening door 3
2020-12-01 16:27:12.594341	11080	door 3 opened
2020-12-01 16:27:21.929492	11081	feeder 2 reached (298)
2020-12-01 16:27:21.930142	11082	closing door 3
2020-12-01 16:27:22.628923	11083	door 3 closed
2020-12-01 16:27:22.629636	11084	opening door 0
2020-12-01 16:27:23.354241	11085	door 0 opened
2020-12-01 16:27:23.354992	11086	closing door 2
2020-12-01 16:27:24.544475	11087	door 2 closed
2020-12-01 16:27:24.545191	11088	opening door 1
2020-12-01 16:27:25.246646	11089	door 1 opened
2020-12-01 16:27:37.745626	11090	feeder 1 reached (307)
2020-12-01 16:27:37.746270	11091	closing door 1
2020-12-01 16:27:38.342226	11092	door 1 closed
2020-12-01 16:27:38.342926	11093	opening door 2
2020-12-01 16:27:39.086902	11094	door 2 opened
2020-12-01 16:27:39.087594	11095	closing door 0
2020-12-01 16:27:40.121754	11096	door 0 closed
2020-12-01 16:27:40.122450	11097	opening door 3
2020-12-01 16:27:40.870149	11098	door 3 opened
2020-12-01 16:28:34.536423	11099	feeder 2 reached (299)
2020-12-01 16:28:34.536698	11100	closing door 3
2020-12-01 16:28:35.235420	11101	door 3 closed
2020-12-01 16:28:35.235727	11102	opening door 0
2020-12-01 16:28:35.972610	11103	door 0 opened
2020-12-01 16:28:35.973182	11104	closing door 2
2020-12-01 16:28:37.049220	11105	door 2 closed
2020-12-01 16:28:37.049837	11106	opening door 1
2020-12-01 16:28:37.762610	11107	door 1 opened
2020-12-01 16:28:54.614412	11108	feeder 1 reached (308)
2020-12-01 16:28:54.615030	11109	closing door 1
2020-12-01 16:28:55.212516	11110	door 1 closed
2020-12-01 16:28:55.213106	11111	opening door 2
2020-12-01 16:28:55.918862	11112	door 2 opened
2020-12-01 16:28:55.919506	11113	closing door 0
2020-12-01 16:28:57.107910	11114	door 0 closed
2020-12-01 16:28:57.108566	11115	opening door 3
2020-12-01 16:28:57.866469	11116	door 3 opened
2020-12-01 16:29:03.782049	11117	feeder 2 reached (300)
2020-12-01 16:29:03.782458	11118	closing door 3
2020-12-01 16:29:04.480515	11119	door 3 closed
2020-12-01 16:29:04.480810	11120	opening door 0
2020-12-01 16:29:05.206248	11121	door 0 opened
2020-12-01 16:29:05.206650	11122	closing door 2
2020-12-01 16:29:06.122922	11123	door 2 closed
2020-12-01 16:29:06.123258	11124	opening door 1
2020-12-01 16:29:06.836474	11125	door 1 opened
2020-12-01 16:29:19.109339	11126	feeder 1 reached (309)
2020-12-01 16:29:19.109635	11127	closing door 1
2020-12-01 16:29:19.709598	11128	door 1 closed
2020-12-01 16:29:19.709891	11129	opening door 2
2020-12-01 16:29:20.444189	11130	door 2 opened
2020-12-01 16:29:20.444673	11131	closing door 0
2020-12-01 16:29:21.268644	11132	door 0 closed
2020-12-01 16:29:21.268938	11133	opening door 3
2020-12-01 16:29:22.026406	11134	door 3 opened
2020-12-01 16:29:49.580651	11135	feeder 2 reached (301)
2020-12-01 16:29:49.580952	11136	closing door 3
2020-12-01 16:29:50.274749	11137	door 3 closed
2020-12-01 16:29:50.275054	11138	opening door 0
2020-12-01 16:29:51.026472	11139	door 0 opened
2020-12-01 16:29:51.026907	11140	closing door 2
2020-12-01 16:29:52.025306	11141	door 2 closed
2020-12-01 16:29:52.025598	11142	opening door 1
2020-12-01 16:29:52.739238	11143	door 1 opened
2020-12-01 16:30:01.456183	11144	feeder 1 reached (310)
2020-12-01 16:30:01.456482	11145	closing door 1
2020-12-01 16:30:02.050428	11146	door 1 closed
2020-12-01 16:30:02.050732	11147	opening door 2
2020-12-01 16:30:02.756351	11148	door 2 opened
2020-12-01 16:30:02.756654	11149	closing door 0
2020-12-01 16:30:03.877777	11150	door 0 closed
2020-12-01 16:30:03.878061	11151	opening door 3
2020-12-01 16:30:04.633165	11152	door 3 opened
2020-12-01 16:30:14.494737	11153	feeder 2 reached (302)
2020-12-01 16:30:14.495237	11154	closing door 3
2020-12-01 16:30:15.196479	11155	door 3 closed
2020-12-01 16:30:15.197003	11156	opening door 0
2020-12-01 16:30:15.924068	11157	door 0 opened
2020-12-01 16:30:15.924776	11158	closing door 2
2020-12-01 16:30:17.030709	11159	door 2 closed
2020-12-01 16:30:17.031194	11160	opening door 1
2020-12-01 16:30:17.746449	11161	door 1 opened
2020-12-01 16:30:28.520884	11162	feeder 1 reached (311)
2020-12-01 16:30:28.521310	11163	closing door 1
2020-12-01 16:30:29.121814	11164	door 1 closed
2020-12-01 16:30:29.122106	11165	opening door 2
2020-12-01 16:30:29.829391	11166	door 2 opened
2020-12-01 16:30:29.829684	11167	closing door 0
2020-12-01 16:30:30.930914	11168	door 0 closed
2020-12-01 16:30:30.931188	11169	opening door 3
2020-12-01 16:30:31.674110	11170	door 3 opened
2020-12-01 16:30:43.021471	11171	feeder 2 reached (303)
2020-12-01 16:30:43.021760	11172	closing door 3
2020-12-01 16:30:43.713084	11173	door 3 closed
2020-12-01 16:30:43.713376	11174	opening door 0
2020-12-01 16:30:44.437439	11175	door 0 opened
2020-12-01 16:30:44.437724	11176	closing door 2
2020-12-01 16:30:45.275523	11177	door 2 closed
2020-12-01 16:30:45.275827	11178	opening door 1
2020-12-01 16:30:45.974286	11179	door 1 opened
2020-12-01 16:30:55.165054	11180	feeder 1 reached (312)
2020-12-01 16:30:55.165331	11181	closing door 1
2020-12-01 16:30:55.759558	11182	door 1 closed
2020-12-01 16:30:55.759951	11183	opening door 2
2020-12-01 16:30:56.465811	11184	door 2 opened
2020-12-01 16:30:56.466147	11185	closing door 0
2020-12-01 16:30:57.563493	11186	door 0 closed
2020-12-01 16:30:57.563879	11187	opening door 3
2020-12-01 16:30:58.315486	11188	door 3 opened
2020-12-01 16:31:05.305994	11189	feeder 2 reached (304)
2020-12-01 16:31:05.306332	11190	closing door 3
2020-12-01 16:31:06.001861	11191	door 3 closed
2020-12-01 16:31:06.002279	11192	opening door 0
2020-12-01 16:31:06.731093	11193	door 0 opened
2020-12-01 16:31:06.731645	11194	closing door 2
2020-12-01 16:31:07.801545	11195	door 2 closed
2020-12-01 16:31:07.801891	11196	opening door 1
2020-12-01 16:31:08.515858	11197	door 1 opened
2020-12-01 16:31:15.560303	11198	feeder 1 reached (313)
2020-12-01 16:31:15.560693	11199	closing door 1
2020-12-01 16:31:16.154862	11200	door 1 closed
2020-12-01 16:31:16.155323	11201	opening door 2
2020-12-01 16:31:16.858736	11202	door 2 opened
2020-12-01 16:31:16.859139	11203	closing door 0
2020-12-01 16:31:17.656403	11204	door 0 closed
2020-12-01 16:31:17.656742	11205	opening door 3
2020-12-01 16:31:18.380729	11206	door 3 opened
2020-12-01 16:31:29.103020	11207	feeder 2 reached (305)
2020-12-01 16:31:29.103315	11208	closing door 3
2020-12-01 16:31:29.791966	11209	door 3 closed
2020-12-01 16:31:29.792252	11210	opening door 0
2020-12-01 16:31:30.522048	11211	door 0 opened
2020-12-01 16:31:30.522347	11212	closing door 2
2020-12-01 16:31:31.509955	11213	door 2 closed
2020-12-01 16:31:31.510250	11214	opening door 1
2020-12-01 16:31:32.232352	11215	door 1 opened
2020-12-01 16:31:38.826715	11216	feeder 1 reached (314)
2020-12-01 16:31:38.827004	11217	closing door 1
2020-12-01 16:31:39.417800	11218	door 1 closed
2020-12-01 16:31:39.418153	11219	opening door 2
2020-12-01 16:31:40.123463	11220	door 2 opened
2020-12-01 16:31:40.123761	11221	closing door 0
2020-12-01 16:31:40.940053	11222	door 0 closed
2020-12-01 16:31:40.940338	11223	opening door 3
2020-12-01 16:31:41.689657	11224	door 3 opened
2020-12-01 16:31:51.886339	11225	feeder 2 reached (306)
2020-12-01 16:31:51.886644	11226	closing door 3
2020-12-01 16:31:52.574364	11227	door 3 closed
2020-12-01 16:31:52.574804	11228	opening door 0
2020-12-01 16:31:53.299566	11229	door 0 opened
2020-12-01 16:31:53.300118	11230	closing door 2
2020-12-01 16:31:54.486828	11231	door 2 closed
2020-12-01 16:31:54.487247	11232	opening door 1
2020-12-01 16:31:55.195287	11233	door 1 opened
2020-12-01 16:32:05.977071	11234	feeder 1 reached (315)
2020-12-01 16:32:05.977658	11235	closing door 1
2020-12-01 16:32:06.572029	11236	door 1 closed
2020-12-01 16:32:06.572310	11237	opening door 2
2020-12-01 16:32:07.279073	11238	door 2 opened
2020-12-01 16:32:07.279356	11239	closing door 0
2020-12-01 16:32:08.397526	11240	door 0 closed
2020-12-01 16:32:08.397871	11241	opening door 3
2020-12-01 16:32:09.131912	11242	door 3 opened
2020-12-01 16:32:17.271124	11243	feeder 2 reached (307)
2020-12-01 16:32:17.271463	11244	closing door 3
2020-12-01 16:32:17.973175	11245	door 3 closed
2020-12-01 16:32:17.973780	11246	opening door 0
2020-12-01 16:32:18.722725	11247	door 0 opened
2020-12-01 16:32:18.723292	11248	closing door 2
2020-12-01 16:32:19.505585	11249	door 2 closed
2020-12-01 16:32:19.506269	11250	opening door 1
2020-12-01 16:32:20.235707	11251	door 1 opened
2020-12-01 16:33:18.641956	11252	feeder 1 reached (316)
2020-12-01 16:33:18.642238	11253	closing door 1
2020-12-01 16:33:19.236543	11254	door 1 closed
2020-12-01 16:33:19.236986	11255	opening door 2
2020-12-01 16:33:19.943125	11256	door 2 opened
2020-12-01 16:33:19.943419	11257	closing door 0
2020-12-01 16:33:20.736094	11258	door 0 closed
2020-12-01 16:33:20.736414	11259	opening door 3
2020-12-01 16:33:21.506958	11260	door 3 opened
2020-12-01 16:33:56.434632	11261	feeder 2 reached (308)
2020-12-01 16:33:56.434921	11262	closing door 3
2020-12-01 16:33:57.121746	11263	door 3 closed
2020-12-01 16:33:57.122051	11264	opening door 0
2020-12-01 16:33:57.850150	11265	door 0 opened
2020-12-01 16:33:57.850531	11266	closing door 2
2020-12-01 16:33:59.019071	11267	door 2 closed
2020-12-01 16:33:59.019400	11268	opening door 1
2020-12-01 16:33:59.731526	11269	door 1 opened
2020-12-01 16:34:06.884441	11270	feeder 1 reached (317)
2020-12-01 16:34:06.884811	11271	closing door 1
2020-12-01 16:34:07.481454	11272	door 1 closed
2020-12-01 16:34:07.481767	11273	opening door 2
2020-12-01 16:34:08.186104	11274	door 2 opened
2020-12-01 16:34:08.186397	11275	closing door 0
2020-12-01 16:34:09.251154	11276	door 0 closed
2020-12-01 16:34:09.251454	11277	opening door 3
2020-12-01 16:34:10.014222	11278	door 3 opened
2020-12-01 16:34:16.660764	11279	feeder 2 reached (309)
2020-12-01 16:34:16.661054	11280	closing door 3
2020-12-01 16:34:17.356793	11281	door 3 closed
2020-12-01 16:34:17.357092	11282	opening door 0
2020-12-01 16:34:18.102127	11283	door 0 opened
2020-12-01 16:34:18.102469	11284	closing door 2
2020-12-01 16:34:19.076812	11285	door 2 closed
2020-12-01 16:34:19.077098	11286	opening door 1
2020-12-01 16:34:19.803264	11287	door 1 opened
2020-12-01 16:34:27.964606	11288	feeder 1 reached (318)
2020-12-01 16:34:27.965068	11289	closing door 1
2020-12-01 16:34:28.557035	11290	door 1 closed
2020-12-01 16:34:28.557441	11291	opening door 2
2020-12-01 16:34:29.260290	11292	door 2 opened
2020-12-01 16:34:29.260619	11293	closing door 0
2020-12-01 16:34:30.136372	11294	door 0 closed
2020-12-01 16:34:30.136669	11295	opening door 3
2020-12-01 16:34:30.874450	11296	door 3 opened
2020-12-01 16:34:39.176181	11297	feeder 2 reached (310)
2020-12-01 16:34:39.176534	11298	closing door 3
2020-12-01 16:34:39.874042	11299	door 3 closed
2020-12-01 16:34:39.874332	11300	opening door 0
2020-12-01 16:34:40.616811	11301	door 0 opened
2020-12-01 16:34:40.617124	11302	closing door 2
2020-12-01 16:34:41.597310	11303	door 2 closed
2020-12-01 16:34:41.597602	11304	opening door 1
2020-12-01 16:34:42.316067	11305	door 1 opened
2020-12-01 16:34:55.475649	11306	feeder 1 reached (319)
2020-12-01 16:34:55.475955	11307	closing door 1
2020-12-01 16:34:56.066761	11308	door 1 closed
2020-12-01 16:34:56.067054	11309	opening door 2
2020-12-01 16:34:56.764878	11310	door 2 opened
2020-12-01 16:34:56.765187	11311	closing door 0
2020-12-01 16:34:57.568026	11312	door 0 closed
2020-12-01 16:34:57.568329	11313	opening door 3
2020-12-01 16:34:58.331583	11314	door 3 opened
2020-12-01 16:35:04.571750	11315	feeder 2 reached (311)
2020-12-01 16:35:04.572059	11316	closing door 3
2020-12-01 16:35:05.273612	11317	door 3 closed
2020-12-01 16:35:05.273920	11318	opening door 0
2020-12-01 16:35:06.009972	11319	door 0 opened
2020-12-01 16:35:06.010409	11320	closing door 2
2020-12-01 16:35:06.816395	11321	door 2 closed
2020-12-01 16:35:06.817390	11322	opening door 1
2020-12-01 16:35:07.533774	11323	door 1 opened
2020-12-01 16:35:35.321771	11324	feeder 1 reached (320)
2020-12-01 16:35:35.322059	11325	closing door 1
2020-12-01 16:35:35.913719	11326	door 1 closed
2020-12-01 16:35:35.914044	11327	opening door 2
2020-12-01 16:35:36.621278	11328	door 2 opened
2020-12-01 16:35:36.621819	11329	closing door 0
2020-12-01 16:35:37.731492	11330	door 0 closed
2020-12-01 16:35:37.731770	11331	opening door 3
2020-12-01 16:35:38.480853	11332	door 3 opened
2020-12-01 16:36:58.992675	11333	feeder 2 reached (312)
2020-12-01 16:36:58.992991	11334	closing door 3
2020-12-01 16:36:59.682911	11335	door 3 closed
2020-12-01 16:36:59.683205	11336	opening door 0
2020-12-01 16:37:00.404139	11337	door 0 opened
2020-12-01 16:37:00.404449	11338	closing door 2
2020-12-01 16:37:01.295197	11339	door 2 closed
2020-12-01 16:37:01.295632	11340	opening door 1
2020-12-01 16:37:02.018040	11341	door 1 opened
2020-12-01 16:37:33.059417	11342	feeder 1 reached (321)
2020-12-01 16:37:33.059705	11343	closing door 1
2020-12-01 16:37:33.651854	11344	door 1 closed
2020-12-01 16:37:33.652428	11345	opening door 2
2020-12-01 16:37:34.382218	11346	door 2 opened
2020-12-01 16:37:34.382606	11347	closing door 0
2020-12-01 16:37:35.264972	11348	door 0 closed
2020-12-01 16:37:35.265310	11349	opening door 3
2020-12-01 16:37:36.019891	11350	door 3 opened
2020-12-01 16:37:44.521673	11351	feeder 2 reached (313)
2020-12-01 16:37:44.521950	11352	closing door 3
2020-12-01 16:37:45.212365	11353	door 3 closed
2020-12-01 16:37:45.212651	11354	opening door 0
2020-12-01 16:37:45.937357	11355	door 0 opened
2020-12-01 16:37:45.937649	11356	closing door 2
2020-12-01 16:37:46.748763	11357	door 2 closed
2020-12-01 16:37:46.749053	11358	opening door 1
2020-12-01 16:37:47.454580	11359	door 1 opened
2020-12-01 16:37:55.172504	11360	feeder 1 reached (322)
2020-12-01 16:37:55.172832	11361	closing door 1
2020-12-01 16:37:55.765538	11362	door 1 closed
2020-12-01 16:37:55.766155	11363	opening door 2
2020-12-01 16:37:56.471686	11364	door 2 opened
2020-12-01 16:37:56.472027	11365	closing door 0
2020-12-01 16:37:57.401080	11366	door 0 closed
2020-12-01 16:37:57.401366	11367	opening door 3
2020-12-01 16:37:58.139796	11368	door 3 opened
2020-12-01 16:38:18.318056	11369	feeder 2 reached (314)
2020-12-01 16:38:18.318354	11370	closing door 3
2020-12-01 16:38:19.020324	11371	door 3 closed
2020-12-01 16:38:19.020650	11372	opening door 0
2020-12-01 16:38:19.753155	11373	door 0 opened
2020-12-01 16:38:19.753557	11374	closing door 2
2020-12-01 16:38:20.752948	11375	door 2 closed
2020-12-01 16:38:20.753332	11376	opening door 1
2020-12-01 16:38:21.471738	11377	door 1 opened
2020-12-01 16:38:29.871061	11378	feeder 1 reached (323)
2020-12-01 16:38:29.871500	11379	closing door 1
2020-12-01 16:38:30.465206	11380	door 1 closed
2020-12-01 16:38:30.465818	11381	opening door 2
2020-12-01 16:38:31.167522	11382	door 2 opened
2020-12-01 16:38:31.168350	11383	closing door 0
2020-12-01 16:38:32.213394	11384	door 0 closed
2020-12-01 16:38:32.213810	11385	opening door 3
2020-12-01 16:38:32.976618	11386	door 3 opened
2020-12-01 16:38:38.550246	11387	feeder 2 reached (315)
2020-12-01 16:38:38.550544	11388	closing door 3
2020-12-01 16:38:39.246662	11389	door 3 closed
2020-12-01 16:38:39.246959	11390	opening door 0
2020-12-01 16:38:39.971160	11391	door 0 opened
2020-12-01 16:38:39.971466	11392	closing door 2
2020-12-01 16:38:40.795382	11393	door 2 closed
2020-12-01 16:38:40.795682	11394	opening door 1
2020-12-01 16:38:41.520818	11395	door 1 opened
2020-12-01 16:38:49.190713	11396	feeder 1 reached (324)
2020-12-01 16:38:49.191039	11397	closing door 1
2020-12-01 16:38:49.784048	11398	door 1 closed
2020-12-01 16:38:49.784342	11399	opening door 2
2020-12-01 16:38:50.486193	11400	door 2 opened
2020-12-01 16:38:50.486492	11401	closing door 0
2020-12-01 16:38:51.445268	11402	door 0 closed
2020-12-01 16:38:51.445667	11403	opening door 3
2020-12-01 16:38:52.167707	11404	door 3 opened
2020-12-01 16:39:52.057015	11405	feeder 2 reached (316)
2020-12-01 16:39:52.057610	11406	closing door 3
2020-12-01 16:39:52.753461	11407	door 3 closed
2020-12-01 16:39:52.754034	11408	opening door 0
2020-12-01 16:39:53.477968	11409	door 0 opened
2020-12-01 16:39:53.478365	11410	closing door 2
2020-12-01 16:39:54.557507	11411	door 2 closed
2020-12-01 16:39:54.557903	11412	opening door 1
2020-12-01 16:39:55.257069	11413	door 1 opened
2020-12-01 16:40:04.405955	11414	feeder 1 reached (325)
2020-12-01 16:40:04.406232	11415	closing door 1
2020-12-01 16:40:05.004398	11416	door 1 closed
2020-12-01 16:40:05.005031	11417	opening door 2
2020-12-01 16:40:05.736596	11418	door 2 opened
2020-12-01 16:40:05.737071	11419	closing door 0
2020-12-01 16:40:06.838083	11420	door 0 closed
2020-12-01 16:40:06.838488	11421	opening door 3
2020-12-01 16:40:07.592151	11422	door 3 opened
2020-12-01 16:40:13.499289	11423	feeder 2 reached (317)
2020-12-01 16:40:13.499666	11424	closing door 3
2020-12-01 16:40:14.193639	11425	door 3 closed
2020-12-01 16:40:14.194327	11426	opening door 0
2020-12-01 16:40:14.911753	11427	door 0 opened
2020-12-01 16:40:14.912666	11428	closing door 2
2020-12-01 16:40:15.856552	11429	door 2 closed
2020-12-01 16:40:15.857106	11430	opening door 1
2020-12-01 16:40:16.576014	11431	door 1 opened
2020-12-01 16:40:23.429635	11432	feeder 1 reached (326)
2020-12-01 16:40:23.429925	11433	closing door 1
2020-12-01 16:40:24.021189	11434	door 1 closed
2020-12-01 16:40:24.021654	11435	opening door 2
2020-12-01 16:40:24.723161	11436	door 2 opened
2020-12-01 16:40:24.723943	11437	closing door 0
2020-12-01 16:40:25.661481	11438	door 0 closed
2020-12-01 16:40:25.661781	11439	opening door 3
2020-12-01 16:40:26.408441	11440	door 3 opened
2020-12-01 16:40:31.897617	11441	feeder 2 reached (318)
2020-12-01 16:40:31.898119	11442	closing door 3
2020-12-01 16:40:32.598287	11443	door 3 closed
2020-12-01 16:40:32.598927	11444	opening door 0
2020-12-01 16:40:33.350179	11445	door 0 opened
2020-12-01 16:40:33.350525	11446	closing door 2
2020-12-01 16:40:34.282912	11447	door 2 closed
2020-12-01 16:40:34.283214	11448	opening door 1
2020-12-01 16:40:35.004501	11449	door 1 opened
2020-12-01 16:40:43.316251	11450	feeder 1 reached (327)
2020-12-01 16:40:43.316529	11451	closing door 1
2020-12-01 16:40:43.906836	11452	door 1 closed
2020-12-01 16:40:43.907122	11453	opening door 2
2020-12-01 16:40:44.606956	11454	door 2 opened
2020-12-01 16:40:44.607250	11455	closing door 0
2020-12-01 16:40:45.726320	11456	door 0 closed
2020-12-01 16:40:45.726818	11457	opening door 3
2020-12-01 16:40:46.469300	11458	door 3 opened
2020-12-01 16:41:13.090314	11459	feeder 2 reached (319)
2020-12-01 16:41:13.090961	11460	closing door 3
2020-12-01 16:41:13.787672	11461	door 3 closed
2020-12-01 16:41:13.788028	11462	opening door 0
2020-12-01 16:41:14.504988	11463	door 0 opened
2020-12-01 16:41:14.505657	11464	closing door 2
2020-12-01 16:41:15.656210	11465	door 2 closed
2020-12-01 16:41:15.656758	11466	opening door 1
2020-12-01 16:41:16.376803	11467	door 1 opened
2020-12-01 16:41:23.128942	11468	feeder 1 reached (328)
2020-12-01 16:41:23.129359	11469	closing door 1
2020-12-01 16:41:23.722554	11470	door 1 closed
2020-12-01 16:41:23.722852	11471	opening door 2
2020-12-01 16:41:24.423396	11472	door 2 opened
2020-12-01 16:41:24.424149	11473	closing door 0
2020-12-01 16:41:25.236388	11474	door 0 closed
2020-12-01 16:41:25.236900	11475	opening door 3
2020-12-01 16:41:25.991437	11476	door 3 opened
2020-12-01 16:41:32.654166	11477	feeder 2 reached (320)
2020-12-01 16:41:32.654845	11478	closing door 3
2020-12-01 16:41:33.350326	11479	door 3 closed
2020-12-01 16:41:33.351091	11480	opening door 0
2020-12-01 16:41:34.076929	11481	door 0 opened
2020-12-01 16:41:34.077236	11482	closing door 2
2020-12-01 16:41:34.895135	11483	door 2 closed
2020-12-01 16:41:34.895993	11484	opening door 1
2020-12-01 16:41:35.642826	11485	door 1 opened
2020-12-01 16:41:44.351345	11486	feeder 1 reached (329)
2020-12-01 16:41:44.351949	11487	closing door 1
2020-12-01 16:41:44.945170	11488	door 1 closed
2020-12-01 16:41:44.945560	11489	opening door 2
2020-12-01 16:41:45.653432	11490	door 2 opened
2020-12-01 16:41:45.654067	11491	closing door 0
2020-12-01 16:41:46.785244	11492	door 0 closed
2020-12-01 16:41:46.785926	11493	opening door 3
2020-12-01 16:41:47.539858	11494	door 3 opened
2020-12-01 16:41:52.953910	11495	feeder 2 reached (321)
2020-12-01 16:41:52.954399	11496	closing door 3
2020-12-01 16:41:53.656273	11497	door 3 closed
2020-12-01 16:41:53.656718	11498	opening door 0
2020-12-01 16:41:54.402352	11499	door 0 opened
2020-12-01 16:41:54.402795	11500	closing door 2
2020-12-01 16:41:55.382022	11501	door 2 closed
2020-12-01 16:41:55.382923	11502	opening door 1
2020-12-01 16:41:56.096748	11503	door 1 opened
2020-12-01 16:42:08.588462	11504	feeder 1 reached (330)
2020-12-01 16:42:08.588739	11505	closing door 1
2020-12-01 16:42:09.182402	11506	door 1 closed
2020-12-01 16:42:09.182687	11507	opening door 2
2020-12-01 16:42:09.882548	11508	door 2 opened
2020-12-01 16:42:09.882943	11509	closing door 0
2020-12-01 16:42:10.943692	11510	door 0 closed
2020-12-01 16:42:10.944003	11511	opening door 3
2020-12-01 16:42:11.693179	11512	door 3 opened
2020-12-01 16:42:17.702087	11513	feeder 2 reached (322)
2020-12-01 16:42:17.702385	11514	closing door 3
2020-12-01 16:42:18.402943	11515	door 3 closed
2020-12-01 16:42:18.403258	11516	opening door 0
2020-12-01 16:42:19.162289	11517	door 0 opened
2020-12-01 16:42:19.162584	11518	closing door 2
2020-12-01 16:42:20.352095	11519	door 2 closed
2020-12-01 16:42:20.352396	11520	opening door 1
2020-12-01 16:42:21.063145	11521	door 1 opened
2020-12-01 16:42:27.631927	11522	feeder 1 reached (331)
2020-12-01 16:42:27.632238	11523	closing door 1
2020-12-01 16:42:28.224302	11524	door 1 closed
2020-12-01 16:42:28.224711	11525	opening door 2
2020-12-01 16:42:28.966927	11526	door 2 opened
2020-12-01 16:42:28.967301	11527	closing door 0
2020-12-01 16:42:29.776550	11528	door 0 closed
2020-12-01 16:42:29.777145	11529	opening door 3
2020-12-01 16:42:30.532472	11530	door 3 opened
2020-12-01 16:43:21.398667	11531	feeder 2 reached (323)
2020-12-01 16:43:21.398954	11532	closing door 3
2020-12-01 16:43:22.098115	11533	door 3 closed
2020-12-01 16:43:22.098417	11534	opening door 0
2020-12-01 16:43:22.836293	11535	door 0 opened
2020-12-01 16:43:22.836578	11536	closing door 2
2020-12-01 16:43:23.856518	11537	door 2 closed
2020-12-01 16:43:23.857317	11538	opening door 1
2020-12-01 16:43:24.585198	11539	door 1 opened
2020-12-01 16:43:32.897494	11540	feeder 1 reached (332)
2020-12-01 16:43:32.897861	11541	closing door 1
2020-12-01 16:43:33.492112	11542	door 1 closed
2020-12-01 16:43:33.492960	11543	opening door 2
2020-12-01 16:43:34.201384	11544	door 2 opened
2020-12-01 16:43:34.201942	11545	closing door 0
2020-12-01 16:43:35.333380	11546	door 0 closed
2020-12-01 16:43:35.333838	11547	opening door 3
2020-12-01 16:43:36.071396	11548	door 3 opened
2020-12-01 16:43:56.656956	11549	feeder 2 reached (324)
2020-12-01 16:43:56.657652	11550	closing door 3
2020-12-01 16:43:57.359206	11551	door 3 closed
2020-12-01 16:43:57.359608	11552	opening door 0
2020-12-01 16:43:58.086050	11553	door 0 opened
2020-12-01 16:43:58.087332	11554	closing door 2
2020-12-01 16:43:59.071633	11555	door 2 closed
2020-12-01 16:43:59.072525	11556	opening door 1
2020-12-01 16:43:59.776014	11557	door 1 opened
2020-12-01 16:44:11.904548	11558	feeder 1 reached (333)
2020-12-01 16:44:11.904835	11559	closing door 1
2020-12-01 16:44:12.497621	11560	door 1 closed
2020-12-01 16:44:12.498161	11561	opening door 2
2020-12-01 16:44:13.225232	11562	door 2 opened
2020-12-01 16:44:13.225864	11563	closing door 0
2020-12-01 16:44:14.246201	11564	door 0 closed
2020-12-01 16:44:14.247123	11565	opening door 3
2020-12-01 16:44:15.003940	11566	door 3 opened
2020-12-01 16:44:23.493056	11567	feeder 2 reached (325)
2020-12-01 16:44:23.493536	11568	closing door 3
2020-12-01 16:44:24.195193	11569	door 3 closed
2020-12-01 16:44:24.195985	11570	opening door 0
2020-12-01 16:44:24.945065	11571	door 0 opened
2020-12-01 16:44:24.945469	11572	closing door 2
2020-12-01 16:44:25.750523	11573	door 2 closed
2020-12-01 16:44:25.751149	11574	opening door 1
2020-12-01 16:44:26.473466	11575	door 1 opened
2020-12-01 16:44:47.999403	11576	feeder 1 reached (334)
2020-12-01 16:44:48.000019	11577	closing door 1
2020-12-01 16:44:48.604400	11578	door 1 closed
2020-12-01 16:44:48.605138	11579	opening door 2
2020-12-01 16:44:49.334726	11580	door 2 opened
2020-12-01 16:44:49.335421	11581	closing door 0
2020-12-01 16:44:50.288489	11582	door 0 closed
2020-12-01 16:44:50.289211	11583	opening door 3
2020-12-01 16:44:51.026007	11584	door 3 opened
2020-12-01 16:45:00.835608	11585	feeder 2 reached (326)
2020-12-01 16:45:00.836209	11586	closing door 3
2020-12-01 16:45:01.536512	11587	door 3 closed
2020-12-01 16:45:01.536935	11588	opening door 0
2020-12-01 16:45:02.274954	11589	door 0 opened
2020-12-01 16:45:02.275432	11590	closing door 2
2020-12-01 16:45:03.386817	11591	door 2 closed
2020-12-01 16:45:03.387450	11592	opening door 1
2020-12-01 16:45:04.109956	11593	door 1 opened
2020-12-01 16:45:19.402972	11594	feeder 1 reached (335)
2020-12-01 16:45:19.403360	11595	closing door 1
2020-12-01 16:45:20.002023	11596	door 1 closed
2020-12-01 16:45:20.002411	11597	opening door 2
2020-12-01 16:45:20.708779	11598	door 2 opened
2020-12-01 16:45:20.709166	11599	closing door 0
2020-12-01 16:45:21.831603	11600	door 0 closed
2020-12-01 16:45:21.831967	11601	opening door 3
2020-12-01 16:45:22.578810	11602	door 3 opened
2020-12-01 16:45:34.358228	11603	feeder 2 reached (327)
2020-12-01 16:45:34.358896	11604	closing door 3
2020-12-01 16:45:35.052718	11605	door 3 closed
2020-12-01 16:45:35.053115	11606	opening door 0
2020-12-01 16:45:35.777847	11607	door 0 opened
2020-12-01 16:45:35.778155	11608	closing door 2
2020-12-01 16:45:36.962587	11609	door 2 closed
2020-12-01 16:45:36.963111	11610	opening door 1
2020-12-01 16:45:37.687260	11611	door 1 opened
2020-12-01 16:45:46.396170	11612	feeder 1 reached (336)
2020-12-01 16:45:46.397588	11613	closing door 1
2020-12-01 16:45:47.004924	11614	door 1 closed
2020-12-01 16:45:47.005599	11615	closing door 2
2020-12-01 16:45:47.115990	11616	door 2 closed
2020-12-01 16:45:47.116439	11617	closing door 0
2020-12-01 16:45:48.039672	11618	door 0 closed
2020-12-01 16:45:48.040416	11619	closing door 3
2020-12-01 16:45:48.234459	11620	door 3 closed
2020-12-01 16:45:48.235173	11621	ended experiment GE3_20_12_1
